#
# A fatal error has been detected by the Java Runtime Environment:
#
#  SIGSEGV (0xb) at pc=0x00007ff4d818c473, pid=168520, tid=168524
#
# JRE version: OpenJDK Runtime Environment (21.0+35) (build 21+35-2513)
# Java VM: OpenJDK 64-Bit Server VM (21+35-2513, mixed mode, sharing, tiered, compressed oops, compressed class ptrs, g1 gc, linux-amd64)
# Problematic frame:
# V  [libjvm.so+0x58c473]  AccessInternal::PostRuntimeDispatch<G1BarrierSet::AccessBarrier<548964ul, G1BarrierSet>, (AccessInternal::BarrierType)0, 548964ul>::oop_access_barrier(void*, oopDesc*)+0x53
#
# Core dump will be written. Default location: Core dumps may be processed with "/usr/share/apport/apport -p%p -s%s -c%c -d%d -P%P -u%u -g%g -- %E" (or dumping to /home/mindspice/code/Java/game/mspice-engine/core.168520)
#
# If you would like to submit a bug report, please visit:
#   https://bugreport.java.com/bugreport/crash.jsp
#

---------------  S U M M A R Y ------------

Command Line: -javaagent:/home/mindspice/.local/share/JetBrains/Toolbox/apps/IDEA-U/ch-0/222.4345.14/lib/idea_rt.jar=38821:/home/mindspice/.local/share/JetBrains/Toolbox/apps/IDEA-U/ch-0/222.4345.14/bin -Dfile.encoding=UTF-8 -Dsun.stdout.encoding=UTF-8 -Dsun.stderr.encoding=UTF-8 io.mindspice.mspice.game.Main

Host: AMD Ryzen 9 5900X 12-Core Processor, 24 cores, 62G, Pop!_OS 22.04 LTS
Time: Mon Sep 25 17:57:23 2023 EDT elapsed time: 10.765526 seconds (0d 0h 0m 10s)

---------------  T H R E A D  ---------------

Current thread (0x00007ff4d002b110):  JavaThread "main"             [_thread_in_vm, id=168524, stack(0x00007ff4d7b00000,0x00007ff4d7c00000) (1024K)]

Stack: [0x00007ff4d7b00000,0x00007ff4d7c00000],  sp=0x00007ff4d7bfe4e0,  free space=1017k
Native frames: (J=compiled Java code, j=interpreted, Vv=VM code, C=native code)
V  [libjvm.so+0x58c473]  AccessInternal::PostRuntimeDispatch<G1BarrierSet::AccessBarrier<548964ul, G1BarrierSet>, (AccessInternal::BarrierType)0, 548964ul>::oop_access_barrier(void*, oopDesc*)+0x53
V  [libjvm.so+0x9a9cfe]  JNIHandles::destroy_global(_jobject*)+0x1e
V  [libjvm.so+0x9725cf]  jni_DeleteGlobalRef+0x6f
j  org.lwjgl.system.jni.JNINativeInterface.nDeleteGlobalRef(J)V+0
j  org.lwjgl.system.jni.JNINativeInterface.DeleteGlobalRef(J)V+12
j  org.lwjgl.system.Callback.free(J)V+25
j  org.lwjgl.system.Callback.free()V+4
j  io.mindspice.mspice.core.GameInput.cleanup()V+4
j  io.mindspice.mspice.core.GameEngine.cleanup()V+11
j  io.mindspice.mspice.core.GameEngine.run()V+316
j  io.mindspice.mspice.game.Main.main([Ljava/lang/String;)V+93
v  ~StubRoutines::call_stub 0x00007ff4bfe5fcc6
V  [libjvm.so+0x8dd585]  JavaCalls::call_helper(JavaValue*, methodHandle const&, JavaCallArguments*, JavaThread*)+0x2e5
V  [libjvm.so+0x983b40]  jni_invoke_static(JNIEnv_*, JavaValue*, _jobject*, JNICallType, _jmethodID*, JNI_ArgumentPusher*, JavaThread*) [clone .constprop.1]+0x390
V  [libjvm.so+0x98643b]  jni_CallStaticVoidMethod+0x12b
C  [libjli.so+0x5294]  JavaMain+0x1054
C  [libjli.so+0x7e49]  ThreadJavaMain+0x9
Java frames: (J=compiled Java code, j=interpreted, Vv=VM code)
j  org.lwjgl.system.jni.JNINativeInterface.nDeleteGlobalRef(J)V+0
j  org.lwjgl.system.jni.JNINativeInterface.DeleteGlobalRef(J)V+12
j  org.lwjgl.system.Callback.free(J)V+25
j  org.lwjgl.system.Callback.free()V+4
j  io.mindspice.mspice.core.GameInput.cleanup()V+4
j  io.mindspice.mspice.core.GameEngine.cleanup()V+11
j  io.mindspice.mspice.core.GameEngine.run()V+316
j  io.mindspice.mspice.game.Main.main([Ljava/lang/String;)V+93
v  ~StubRoutines::call_stub 0x00007ff4bfe5fcc6

siginfo: si_signo: 11 (SIGSEGV), si_code: 1 (SEGV_MAPERR), si_addr: 0x000000000000003e

Registers:
RAX=0x00007ff4d900b450, RBX=0x000000000000003e, RCX=0x0000000000000010, RDX=0x0000000000000040
RSP=0x00007ff4d7bfe4e0, RBP=0x00007ff4d7bfe500, RSI=0x0000000000000000, RDI=0x000000000000003e
R8 =0x00007ff44040f030, R9 =0x0000000000000002, R10=0x00007ff4bfe6b951, R11=0x0000000452803f58
R12=0x0000000000000000, R13=0x00007ff4d0049ce0, R14=0x00007ff4d7bfe5d0, R15=0x00007ff4d002b110
RIP=0x00007ff4d818c473, EFLAGS=0x0000000000010246, CSGSFS=0x002b000000000033, ERR=0x0000000000000006
  TRAPNO=0x000000000000000e


Register to memory mapping:

RAX=0x00007ff4d900b450: <offset 0x000000000140b450> in /home/mindspice/code/jdk/openjdk-21-rc/lib/server/libjvm.so at 0x00007ff4d7c00000
RBX=0x000000000000003e is an unknown value
RCX=0x0000000000000010 is an unknown value
RDX=0x0000000000000040 is an unknown value
RSP=0x00007ff4d7bfe4e0 is pointing into the stack for thread: 0x00007ff4d002b110
RBP=0x00007ff4d7bfe500 is pointing into the stack for thread: 0x00007ff4d002b110
RSI=0x0 is null
RDI=0x000000000000003e is an unknown value
R8 ={method} {0x00007ff44040f030} 'free' '()V' in 'org/lwjgl/system/Callback'
R9 =0x0000000000000002 is an unknown value
R10=0x00007ff4bfe6b951 is at code_begin+1009 in an Interpreter codelet
native method entry point (kind = native)  [0x00007ff4bfe6b560, 0x00007ff4bfe6bfd0]  2672 bytes
R11=0x0000000452803f58 is an oop: java.lang.Class 
{0x0000000452803f58} - klass: 'java/lang/Class'
 - ---- fields (total size 27 words):
 - private volatile transient 'classRedefinedCount' 'I' @12  0 (0x00000000)
 - injected 'klass' 'J' @16  140687223885344 (0x00007ff44c010e20)
 - injected 'array_klass' 'J' @24  0 (0x0000000000000000)
 - injected 'oop_size' 'I' @32  27 (0x0000001b)
 - injected 'static_oop_field_count' 'I' @36  0 (0x00000000)
 - private volatile transient 'cachedConstructor' 'Ljava/lang/reflect/Constructor;' @40  null (0x00000000)
 - private transient 'name' 'Ljava/lang/String;' @44  "org.lwjgl.system.jni.JNINativeInterface"{0x0000000452804030} (0x8a500806)
 - private transient 'module' 'Ljava/lang/Module;' @48  a 'java/lang/Module'{0x0000000453015290} (0x8a602a52)
 - private final 'classLoader' 'Ljava/lang/ClassLoader;' @52  a 'jdk/internal/loader/ClassLoaders$AppClassLoader'{0x0000000453015100} (0x8a602a20)
 - private transient 'classData' 'Ljava/lang/Object;' @56  null (0x00000000)
 - private transient 'packageName' 'Ljava/lang/String;' @60  "org.lwjgl.system.jni"{0x00000004537a4bb8} (0x8a6f4977)
 - private final 'componentType' 'Ljava/lang/Class;' @64  null (0x00000000)
 - private volatile transient 'reflectionData' 'Ljava/lang/ref/SoftReference;' @68  null (0x00000000)
 - private volatile transient 'genericInfo' 'Lsun/reflect/generics/repository/ClassRepository;' @72  null (0x00000000)
 - private volatile transient 'enumConstants' '[Ljava/lang/Object;' @76  null (0x00000000)
 - private volatile transient 'enumConstantDirectory' 'Ljava/util/Map;' @80  null (0x00000000)
 - private volatile transient 'annotationData' 'Ljava/lang/Class$AnnotationData;' @84  null (0x00000000)
 - private volatile transient 'annotationType' 'Lsun/reflect/annotation/AnnotationType;' @88  null (0x00000000)
 - transient 'classValueMap' 'Ljava/lang/ClassValue$ClassValueMap;' @92  null (0x00000000)
 - injected 'protection_domain' 'Ljava/lang/Object;' @96  a 'java/security/ProtectionDomain'{0x0000000453527fc8} (0x8a6a4ff9)
 - injected 'signers_name' 'Ljava/lang/Object;' @100  null (0x00000000)
 - injected 'source_file' 'Ljava/lang/Object;' @104  null (0x00000000)
 - signature: Lorg/lwjgl/system/jni/JNINativeInterface;
 - ---- static fields (0):
 - public static final 'JNI_VERSION_1_1' 'I' @112  65537 (0x00010001)
 - public static final 'JNI_VERSION_1_2' 'I' @116  65538 (0x00010002)
 - public static final 'JNI_VERSION_1_4' 'I' @120  65540 (0x00010004)
 - public static final 'JNI_VERSION_1_6' 'I' @124  65542 (0x00010006)
 - public static final 'JNI_VERSION_1_8' 'I' @128  65544 (0x00010008)
 - public static final 'JNI_VERSION_9' 'I' @132  589824 (0x00090000)
 - public static final 'JNI_VERSION_10' 'I' @136  655360 (0x000a0000)
 - public static final 'JNI_VERSION_19' 'I' @140  1245184 (0x00130000)
 - public static final 'JNI_VERSION_20' 'I' @144  1310720 (0x00140000)
 - public static final 'JNI_VERSION_21' 'I' @148  1376256 (0x00150000)
 - public static final 'JNIInvalidRefType' 'I' @152  0 (0x00000000)
 - public static final 'JNILocalRefType' 'I' @156  1 (0x00000001)
 - public static final 'JNIGlobalRefType' 'I' @160  2 (0x00000002)
 - public static final 'JNIWeakGlobalRefType' 'I' @164  3 (0x00000003)
 - public static final 'JNI_FALSE' 'I' @168  0 (0x00000000)
 - public static final 'JNI_TRUE' 'I' @172  1 (0x00000001)
 - public static final 'JNI_OK' 'I' @176  0 (0x00000000)
 - public static final 'JNI_ERR' 'I' @180  -1 (0xffffffff)
 - public static final 'JNI_EDETACHED' 'I' @184  -2 (0xfffffffe)
 - public static final 'JNI_EVERSION' 'I' @188  -3 (0xfffffffd)
 - public static final 'JNI_ENOMEM' 'I' @192  -4 (0xfffffffc)
 - public static final 'JNI_EEXIST' 'I' @196  -5 (0xfffffffb)
 - public static final 'JNI_EINVAL' 'I' @200  -6 (0xfffffffa)
 - public static final 'JNI_COMMIT' 'I' @204  1 (0x00000001)
 - public static final 'JNI_ABORT' 'I' @208  2 (0x00000002)
R12=0x0 is null
R13=0x00007ff4d0049ce0 points into unknown readable memory: 0x00007ff4d8fcaa68 | 68 aa fc d8 f4 7f 00 00
R14=0x00007ff4d7bfe5d0 is pointing into the stack for thread: 0x00007ff4d002b110
R15=0x00007ff4d002b110 is a thread

Top of Stack: (sp=0x00007ff4d7bfe4e0)
0x00007ff4d7bfe4e0:   00007ff4d002b110 000000000000003e
0x00007ff4d7bfe4f0:   00007ff440467c90 00007ff4d7bfe5d0
0x00007ff4d7bfe500:   00007ff4d7bfe520 00007ff4d85a9cfe
0x00007ff4d7bfe510:   0000000000000000 0000000000000040
0x00007ff4d7bfe520:   00007ff4d7bfe540 00007ff4d85725cf
0x00007ff4d7bfe530:   00007ff440467c90 0000000000000000
0x00007ff4d7bfe540:   00007ff4d7bfe5a8 00007ff4bfe6b980
0x00007ff4d7bfe550:   00007ff4d7bfe5c0 00007ff4bfe67244
0x00007ff4d7bfe560:   00007ff4d7bfe560 0000000000000000
0x00007ff4d7bfe570:   0000000000000005 00007ff440473d48
0x00007ff4d7bfe580:   0000000000000000 0000000452803f58
0x00007ff4d7bfe590:   00007ff440467c90 0000000000000000
0x00007ff4d7bfe5a0:   00007ff4d7bfe5c8 00007ff4d7bfe620
0x00007ff4d7bfe5b0:   00007ff4bfe67166 0000000452803f58
0x00007ff4d7bfe5c0:   00007ff4bfe68f97 0000000000000040
0x00007ff4d7bfe5d0:   0000000000000000 00007ff4d7bfe5d8
0x00007ff4d7bfe5e0:   00007ff440467d3c 0000000000000003
0x00007ff4d7bfe5f0:   00007ff440473d48 0000000000000000
0x00007ff4d7bfe600:   0000000452803f58 00007ff440467d60
0x00007ff4d7bfe610:   00007ff4d7bfe5c8 00007ff4d7bfe630
0x00007ff4d7bfe620:   00007ff4d7bfe688 00007ff4bfe67166
0x00007ff4d7bfe630:   0000000000000040 0000000000000000
0x00007ff4d7bfe640:   00007ff4d7bfe640 00007ff44040f5c9
0x00007ff4d7bfe650:   0000000000000004 00007ff4404182d0
0x00007ff4d7bfe660:   00007ff4405de2e0 000000045352fd60
0x00007ff4d7bfe670:   00007ff44040f5f8 00007ff4d7bfe630
0x00007ff4d7bfe680:   00007ff4d7bfe6a0 00007ff4d7bfe6f8
0x00007ff4d7bfe690:   00007ff4bfe67166 00000004528cda70
0x00007ff4d7bfe6a0:   00007ff4d94c1fe0 0000000000000000
0x00007ff4d7bfe6b0:   00007ff4d7bfe6b0 00007ff44040f014
0x00007ff4d7bfe6c0:   0000000000000002 00007ff4404182d0
0x00007ff4d7bfe6d0:   00007ff4405de0b8 000000045352fd60 

Instructions: (pc=0x00007ff4d818c473)
0x00007ff4d818c373:   80 00 00 00 00 48 8d 05 41 00 00 00 e9 53 ff ff
0x00007ff4d818c383:   ff 0f 1f 40 00 48 8d 05 d1 fe ff ff e9 43 ff ff
0x00007ff4d818c393:   ff 48 8d 05 95 fc e4 00 48 8d 0d c6 c2 ad 00 ba
0x00007ff4d818c3a3:   e2 00 00 00 48 8d 35 f2 c2 ad 00 bf 00 00 00 e0
0x00007ff4d818c3b3:   48 8b 00 c6 00 58 31 c0 e8 30 14 10 00 55 48 8d
0x00007ff4d818c3c3:   05 88 f0 e7 00 48 89 e5 41 56 41 55 41 54 49 89
0x00007ff4d818c3d3:   f4 53 4c 8b 28 48 89 fb 41 80 bd 18 06 00 00 00
0x00007ff4d818c3e3:   74 2e 4c 8b 37 4d 85 f6 74 26 66 48 8d 3d db 9f
0x00007ff4d818c3f3:   e4 00 66 66 48 e8 a3 00 d0 ff 49 8d bd f0 04 00
0x00007ff4d818c403:   00 4c 89 f2 48 8b 30 48 83 c6 28 e8 fd 39 7e 00
0x00007ff4d818c413:   4c 89 23 5b 41 5c 41 5d 41 5e 5d c3 90 55 48 8d
0x00007ff4d818c423:   05 28 f0 e7 00 48 89 e5 41 56 41 55 41 54 49 89
0x00007ff4d818c433:   f4 53 4c 8b 28 48 89 fb 41 80 bd 18 06 00 00 00
0x00007ff4d818c443:   74 2e 4c 8b 37 4d 85 f6 74 26 66 48 8d 3d 7b 9f
0x00007ff4d818c453:   e4 00 66 66 48 e8 43 00 d0 ff 49 8d bd f0 04 00
0x00007ff4d818c463:   00 4c 89 f2 48 8b 30 48 83 c6 28 e8 9d 39 7e 00
0x00007ff4d818c473:   4c 89 23 5b 41 5c 41 5d 41 5e 5d c3 90 55 48 89
0x00007ff4d818c483:   e5 41 55 4c 8d 2d 93 21 b5 00 41 54 49 89 fc 53
0x00007ff4d818c493:   48 89 f3 48 83 ec 08 48 8b 07 48 8d 15 1c a6 ed
0x00007ff4d818c4a3:   00 48 89 c1 48 23 0a 75 34 48 8d 05 15 a6 ed 00
0x00007ff4d818c4b3:   48 8b 10 48 89 d0 48 c1 e8 0c 83 e0 0f 41 8b 4c
0x00007ff4d818c4c3:   85 00 48 d3 e3 48 09 d3 49 89 1c 24 48 83 c4 08
0x00007ff4d818c4d3:   5b 41 5c 41 5d 5d c3 66 0f 1f 44 00 00 48 89 c7
0x00007ff4d818c4e3:   48 81 e7 0f 00 ff ff 74 24 48 89 c2 48 89 c7 48
0x00007ff4d818c4f3:   89 c6 48 c1 ea 0c 83 e2 0f 41 8b 4c 95 00 48 8d
0x00007ff4d818c503:   15 d8 a5 ed 00 48 d3 ef 48 23 32 75 10 e8 1b 81
0x00007ff4d818c513:   a1 00 eb 95 66 0f 1f 84 00 00 00 00 00 48 8d 0d
0x00007ff4d818c523:   e9 a5 ed 00 48 89 c2 81 e2 00 f0 00 00 48 89 d6
0x00007ff4d818c533:   48 23 31 75 58 48 8d 0d d9 a5 ed 00 48 23 11 75
0x00007ff4d818c543:   5c 83 e0 30 48 83 f8 30 74 53 48 8d 05 d4 a7 ed
0x00007ff4d818c553:   00 48 8b 30 48 8d 05 d2 a5 ed 00 48 8b 08 48 8b
0x00007ff4d818c563:   56 28 48 21 f9 48 89 c8 48 c1 e8 15 48 8d 04 c2 


Stack slot to memory mapping:

stack at sp + 0 slots: 0x00007ff4d002b110 is a thread
stack at sp + 1 slots: 0x000000000000003e is an unknown value
stack at sp + 2 slots: {method} {0x00007ff440467c90} 'nDeleteGlobalRef' '(J)V' in 'org/lwjgl/system/jni/JNINativeInterface'
stack at sp + 3 slots: 0x00007ff4d7bfe5d0 is pointing into the stack for thread: 0x00007ff4d002b110
stack at sp + 4 slots: 0x00007ff4d7bfe520 is pointing into the stack for thread: 0x00007ff4d002b110
stack at sp + 5 slots: 0x00007ff4d85a9cfe: <offset 0x00000000009a9cfe> in /home/mindspice/code/jdk/openjdk-21-rc/lib/server/libjvm.so at 0x00007ff4d7c00000
stack at sp + 6 slots: 0x0 is null
stack at sp + 7 slots: 0x0000000000000040 is an unknown value


---------------  P R O C E S S  ---------------

Threads class SMR info:
_java_thread_list=0x00007ff41c000b70, length=12, elements={
0x00007ff4d002b110, 0x00007ff4d015cdd0, 0x00007ff4d015e420, 0x00007ff4d015ff00,
0x00007ff4d0161540, 0x00007ff4d0162ae0, 0x00007ff4d01646a0, 0x00007ff4d0165d60,
0x00007ff4d017f970, 0x00007ff4d03362f0, 0x00007ff4d0336bd0, 0x00007ff434000ff0
}

Java Threads: ( => current thread )
=>0x00007ff4d002b110 JavaThread "main"                              [_thread_in_vm, id=168524, stack(0x00007ff4d7b00000,0x00007ff4d7c00000) (1024K)]
  0x00007ff4d015cdd0 JavaThread "Reference Handler"          daemon [_thread_blocked, id=168534, stack(0x00007ff497b7c000,0x00007ff497c7c000) (1024K)]
  0x00007ff4d015e420 JavaThread "Finalizer"                  daemon [_thread_blocked, id=168535, stack(0x00007ff496b00000,0x00007ff496c00000) (1024K)]
  0x00007ff4d015ff00 JavaThread "Signal Dispatcher"          daemon [_thread_blocked, id=168536, stack(0x00007ff496a00000,0x00007ff496b00000) (1024K)]
  0x00007ff4d0161540 JavaThread "Service Thread"             daemon [_thread_blocked, id=168537, stack(0x00007ff496900000,0x00007ff496a00000) (1024K)]
  0x00007ff4d0162ae0 JavaThread "Monitor Deflation Thread"   daemon [_thread_blocked, id=168538, stack(0x00007ff496800000,0x00007ff496900000) (1024K)]
  0x00007ff4d01646a0 JavaThread "C2 CompilerThread0"         daemon [_thread_blocked, id=168539, stack(0x00007ff496700000,0x00007ff496800000) (1024K)]
  0x00007ff4d0165d60 JavaThread "C1 CompilerThread0"         daemon [_thread_blocked, id=168540, stack(0x00007ff496600000,0x00007ff496700000) (1024K)]
  0x00007ff4d017f970 JavaThread "Common-Cleaner"             daemon [_thread_blocked, id=168544, stack(0x00007ff496430000,0x00007ff496530000) (1024K)]
  0x00007ff4d03362f0 JavaThread "Monitor Ctrl-Break"         daemon [_thread_in_native, id=168555, stack(0x00007ff496030000,0x00007ff496130000) (1024K)]
  0x00007ff4d0336bd0 JavaThread "Notification Thread"        daemon [_thread_blocked, id=168556, stack(0x00007ff495f30000,0x00007ff496030000) (1024K)]
  0x00007ff434000ff0 JavaThread "Attach Listener"            daemon [_thread_blocked, id=168594, stack(0x00007ff44aea7000,0x00007ff44afa7000) (1024K)]
Total: 12

Other Threads:
  0x00007ff4d014f730 VMThread "VM Thread"                           [id=168533, stack(0x00007ff497c7d000,0x00007ff497d7d000) (1024K)]
  0x00007ff4d0134b90 WatcherThread "VM Periodic Task Thread"        [id=168532, stack(0x00007ff497d7e000,0x00007ff497e7e000) (1024K)]
  0x00007ff4d0058f50 WorkerThread "GC Thread#0"                     [id=168525, stack(0x00007ff4d4582000,0x00007ff4d4682000) (1024K)]
  0x00007ff4d0069f90 ConcurrentGCThread "G1 Main Marker"            [id=168526, stack(0x00007ff4d4481000,0x00007ff4d4581000) (1024K)]
  0x00007ff4d006ae70 WorkerThread "G1 Conc#0"                       [id=168527, stack(0x00007ff4d4380000,0x00007ff4d4480000) (1024K)]
  0x00007ff4d0122560 ConcurrentGCThread "G1 Refine#0"               [id=168528, stack(0x00007ff4a40b6000,0x00007ff4a41b6000) (1024K)]
  0x00007ff4d0123510 ConcurrentGCThread "G1 Service"                [id=168529, stack(0x00007ff497f00000,0x00007ff498000000) (1024K)]
Total: 7

Threads with active compile tasks:
Total: 0

VM state: not at safepoint (normal execution)

VM Mutex/Monitor currently owned by a thread: None

Heap address: 0x0000000414800000, size: 16056 MB, Compressed Oops mode: Zero based, Oop shift amount: 3

CDS archive(s) mapped at: [0x00007ff44b000000-0x00007ff44bca5000-0x00007ff44bca5000), size 13258752, SharedBaseAddress: 0x00007ff44b000000, ArchiveRelocationMode: 1.
Compressed class space mapped at: 0x00007ff44c000000-0x00007ff48c000000, reserved size: 1073741824
Narrow klass base: 0x00007ff44b000000, Narrow klass shift: 0, Narrow klass range: 0x100000000

GC Precious Log:
 CardTable entry size: 512
 Card Set container configuration: InlinePtr #cards 4 size 8 Array Of Cards #cards 64 size 144 Howl #buckets 8 coarsen threshold 14745 Howl Bitmap #cards 2048 size 272 coarsen threshold 1843 Card regions per heap region 1 cards per card region 16384
 CPUs: 24 total, 24 available
 Memory: 64212M
 Large Page Support: Disabled
 NUMA Support: Disabled
 Compressed Oops: Enabled (Zero based)
 Heap Region Size: 8M
 Heap Min Capacity: 8M
 Heap Initial Capacity: 1008M
 Heap Max Capacity: 16056M
 Pre-touch: Disabled
 Parallel Workers: 18
 Concurrent Workers: 5
 Concurrent Refinement Workers: 18
 Periodic GC: Disabled

Heap:
 garbage-first heap   total 1040384K, used 9245K [0x0000000414800000, 0x0000000800000000)
  region size 8192K, 2 young (16384K), 0 survivors (0K)
 Metaspace       used 4366K, committed 4544K, reserved 1114112K
  class space    used 294K, committed 384K, reserved 1048576K

Heap Regions: E=young(eden), S=young(survivor), O=old, HS=humongous(starts), HC=humongous(continues), CS=collection set, F=free, TAMS=top-at-mark-start, PB=parsable bottom
|   0|0x0000000414800000, 0x0000000414800000, 0x0000000415000000|  0%| F|  |TAMS 0x0000000414800000| PB 0x0000000414800000| Untracked 
|   1|0x0000000415000000, 0x0000000415000000, 0x0000000415800000|  0%| F|  |TAMS 0x0000000415000000| PB 0x0000000415000000| Untracked 
|   2|0x0000000415800000, 0x0000000415800000, 0x0000000416000000|  0%| F|  |TAMS 0x0000000415800000| PB 0x0000000415800000| Untracked 
|   3|0x0000000416000000, 0x0000000416000000, 0x0000000416800000|  0%| F|  |TAMS 0x0000000416000000| PB 0x0000000416000000| Untracked 
|   4|0x0000000416800000, 0x0000000416800000, 0x0000000417000000|  0%| F|  |TAMS 0x0000000416800000| PB 0x0000000416800000| Untracked 
|   5|0x0000000417000000, 0x0000000417000000, 0x0000000417800000|  0%| F|  |TAMS 0x0000000417000000| PB 0x0000000417000000| Untracked 
|   6|0x0000000417800000, 0x0000000417800000, 0x0000000418000000|  0%| F|  |TAMS 0x0000000417800000| PB 0x0000000417800000| Untracked 
|   7|0x0000000418000000, 0x0000000418000000, 0x0000000418800000|  0%| F|  |TAMS 0x0000000418000000| PB 0x0000000418000000| Untracked 
|   8|0x0000000418800000, 0x0000000418800000, 0x0000000419000000|  0%| F|  |TAMS 0x0000000418800000| PB 0x0000000418800000| Untracked 
|   9|0x0000000419000000, 0x0000000419000000, 0x0000000419800000|  0%| F|  |TAMS 0x0000000419000000| PB 0x0000000419000000| Untracked 
|  10|0x0000000419800000, 0x0000000419800000, 0x000000041a000000|  0%| F|  |TAMS 0x0000000419800000| PB 0x0000000419800000| Untracked 
|  11|0x000000041a000000, 0x000000041a000000, 0x000000041a800000|  0%| F|  |TAMS 0x000000041a000000| PB 0x000000041a000000| Untracked 
|  12|0x000000041a800000, 0x000000041a800000, 0x000000041b000000|  0%| F|  |TAMS 0x000000041a800000| PB 0x000000041a800000| Untracked 
|  13|0x000000041b000000, 0x000000041b000000, 0x000000041b800000|  0%| F|  |TAMS 0x000000041b000000| PB 0x000000041b000000| Untracked 
|  14|0x000000041b800000, 0x000000041b800000, 0x000000041c000000|  0%| F|  |TAMS 0x000000041b800000| PB 0x000000041b800000| Untracked 
|  15|0x000000041c000000, 0x000000041c000000, 0x000000041c800000|  0%| F|  |TAMS 0x000000041c000000| PB 0x000000041c000000| Untracked 
|  16|0x000000041c800000, 0x000000041c800000, 0x000000041d000000|  0%| F|  |TAMS 0x000000041c800000| PB 0x000000041c800000| Untracked 
|  17|0x000000041d000000, 0x000000041d000000, 0x000000041d800000|  0%| F|  |TAMS 0x000000041d000000| PB 0x000000041d000000| Untracked 
|  18|0x000000041d800000, 0x000000041d800000, 0x000000041e000000|  0%| F|  |TAMS 0x000000041d800000| PB 0x000000041d800000| Untracked 
|  19|0x000000041e000000, 0x000000041e000000, 0x000000041e800000|  0%| F|  |TAMS 0x000000041e000000| PB 0x000000041e000000| Untracked 
|  20|0x000000041e800000, 0x000000041e800000, 0x000000041f000000|  0%| F|  |TAMS 0x000000041e800000| PB 0x000000041e800000| Untracked 
|  21|0x000000041f000000, 0x000000041f000000, 0x000000041f800000|  0%| F|  |TAMS 0x000000041f000000| PB 0x000000041f000000| Untracked 
|  22|0x000000041f800000, 0x000000041f800000, 0x0000000420000000|  0%| F|  |TAMS 0x000000041f800000| PB 0x000000041f800000| Untracked 
|  23|0x0000000420000000, 0x0000000420000000, 0x0000000420800000|  0%| F|  |TAMS 0x0000000420000000| PB 0x0000000420000000| Untracked 
|  24|0x0000000420800000, 0x0000000420800000, 0x0000000421000000|  0%| F|  |TAMS 0x0000000420800000| PB 0x0000000420800000| Untracked 
|  25|0x0000000421000000, 0x0000000421000000, 0x0000000421800000|  0%| F|  |TAMS 0x0000000421000000| PB 0x0000000421000000| Untracked 
|  26|0x0000000421800000, 0x0000000421800000, 0x0000000422000000|  0%| F|  |TAMS 0x0000000421800000| PB 0x0000000421800000| Untracked 
|  27|0x0000000422000000, 0x0000000422000000, 0x0000000422800000|  0%| F|  |TAMS 0x0000000422000000| PB 0x0000000422000000| Untracked 
|  28|0x0000000422800000, 0x0000000422800000, 0x0000000423000000|  0%| F|  |TAMS 0x0000000422800000| PB 0x0000000422800000| Untracked 
|  29|0x0000000423000000, 0x0000000423000000, 0x0000000423800000|  0%| F|  |TAMS 0x0000000423000000| PB 0x0000000423000000| Untracked 
|  30|0x0000000423800000, 0x0000000423800000, 0x0000000424000000|  0%| F|  |TAMS 0x0000000423800000| PB 0x0000000423800000| Untracked 
|  31|0x0000000424000000, 0x0000000424000000, 0x0000000424800000|  0%| F|  |TAMS 0x0000000424000000| PB 0x0000000424000000| Untracked 
|  32|0x0000000424800000, 0x0000000424800000, 0x0000000425000000|  0%| F|  |TAMS 0x0000000424800000| PB 0x0000000424800000| Untracked 
|  33|0x0000000425000000, 0x0000000425000000, 0x0000000425800000|  0%| F|  |TAMS 0x0000000425000000| PB 0x0000000425000000| Untracked 
|  34|0x0000000425800000, 0x0000000425800000, 0x0000000426000000|  0%| F|  |TAMS 0x0000000425800000| PB 0x0000000425800000| Untracked 
|  35|0x0000000426000000, 0x0000000426000000, 0x0000000426800000|  0%| F|  |TAMS 0x0000000426000000| PB 0x0000000426000000| Untracked 
|  36|0x0000000426800000, 0x0000000426800000, 0x0000000427000000|  0%| F|  |TAMS 0x0000000426800000| PB 0x0000000426800000| Untracked 
|  37|0x0000000427000000, 0x0000000427000000, 0x0000000427800000|  0%| F|  |TAMS 0x0000000427000000| PB 0x0000000427000000| Untracked 
|  38|0x0000000427800000, 0x0000000427800000, 0x0000000428000000|  0%| F|  |TAMS 0x0000000427800000| PB 0x0000000427800000| Untracked 
|  39|0x0000000428000000, 0x0000000428000000, 0x0000000428800000|  0%| F|  |TAMS 0x0000000428000000| PB 0x0000000428000000| Untracked 
|  40|0x0000000428800000, 0x0000000428800000, 0x0000000429000000|  0%| F|  |TAMS 0x0000000428800000| PB 0x0000000428800000| Untracked 
|  41|0x0000000429000000, 0x0000000429000000, 0x0000000429800000|  0%| F|  |TAMS 0x0000000429000000| PB 0x0000000429000000| Untracked 
|  42|0x0000000429800000, 0x0000000429800000, 0x000000042a000000|  0%| F|  |TAMS 0x0000000429800000| PB 0x0000000429800000| Untracked 
|  43|0x000000042a000000, 0x000000042a000000, 0x000000042a800000|  0%| F|  |TAMS 0x000000042a000000| PB 0x000000042a000000| Untracked 
|  44|0x000000042a800000, 0x000000042a800000, 0x000000042b000000|  0%| F|  |TAMS 0x000000042a800000| PB 0x000000042a800000| Untracked 
|  45|0x000000042b000000, 0x000000042b000000, 0x000000042b800000|  0%| F|  |TAMS 0x000000042b000000| PB 0x000000042b000000| Untracked 
|  46|0x000000042b800000, 0x000000042b800000, 0x000000042c000000|  0%| F|  |TAMS 0x000000042b800000| PB 0x000000042b800000| Untracked 
|  47|0x000000042c000000, 0x000000042c000000, 0x000000042c800000|  0%| F|  |TAMS 0x000000042c000000| PB 0x000000042c000000| Untracked 
|  48|0x000000042c800000, 0x000000042c800000, 0x000000042d000000|  0%| F|  |TAMS 0x000000042c800000| PB 0x000000042c800000| Untracked 
|  49|0x000000042d000000, 0x000000042d000000, 0x000000042d800000|  0%| F|  |TAMS 0x000000042d000000| PB 0x000000042d000000| Untracked 
|  50|0x000000042d800000, 0x000000042d800000, 0x000000042e000000|  0%| F|  |TAMS 0x000000042d800000| PB 0x000000042d800000| Untracked 
|  51|0x000000042e000000, 0x000000042e000000, 0x000000042e800000|  0%| F|  |TAMS 0x000000042e000000| PB 0x000000042e000000| Untracked 
|  52|0x000000042e800000, 0x000000042e800000, 0x000000042f000000|  0%| F|  |TAMS 0x000000042e800000| PB 0x000000042e800000| Untracked 
|  53|0x000000042f000000, 0x000000042f000000, 0x000000042f800000|  0%| F|  |TAMS 0x000000042f000000| PB 0x000000042f000000| Untracked 
|  54|0x000000042f800000, 0x000000042f800000, 0x0000000430000000|  0%| F|  |TAMS 0x000000042f800000| PB 0x000000042f800000| Untracked 
|  55|0x0000000430000000, 0x0000000430000000, 0x0000000430800000|  0%| F|  |TAMS 0x0000000430000000| PB 0x0000000430000000| Untracked 
|  56|0x0000000430800000, 0x0000000430800000, 0x0000000431000000|  0%| F|  |TAMS 0x0000000430800000| PB 0x0000000430800000| Untracked 
|  57|0x0000000431000000, 0x0000000431000000, 0x0000000431800000|  0%| F|  |TAMS 0x0000000431000000| PB 0x0000000431000000| Untracked 
|  58|0x0000000431800000, 0x0000000431800000, 0x0000000432000000|  0%| F|  |TAMS 0x0000000431800000| PB 0x0000000431800000| Untracked 
|  59|0x0000000432000000, 0x0000000432000000, 0x0000000432800000|  0%| F|  |TAMS 0x0000000432000000| PB 0x0000000432000000| Untracked 
|  60|0x0000000432800000, 0x0000000432800000, 0x0000000433000000|  0%| F|  |TAMS 0x0000000432800000| PB 0x0000000432800000| Untracked 
|  61|0x0000000433000000, 0x0000000433000000, 0x0000000433800000|  0%| F|  |TAMS 0x0000000433000000| PB 0x0000000433000000| Untracked 
|  62|0x0000000433800000, 0x0000000433800000, 0x0000000434000000|  0%| F|  |TAMS 0x0000000433800000| PB 0x0000000433800000| Untracked 
|  63|0x0000000434000000, 0x0000000434000000, 0x0000000434800000|  0%| F|  |TAMS 0x0000000434000000| PB 0x0000000434000000| Untracked 
|  64|0x0000000434800000, 0x0000000434800000, 0x0000000435000000|  0%| F|  |TAMS 0x0000000434800000| PB 0x0000000434800000| Untracked 
|  65|0x0000000435000000, 0x0000000435000000, 0x0000000435800000|  0%| F|  |TAMS 0x0000000435000000| PB 0x0000000435000000| Untracked 
|  66|0x0000000435800000, 0x0000000435800000, 0x0000000436000000|  0%| F|  |TAMS 0x0000000435800000| PB 0x0000000435800000| Untracked 
|  67|0x0000000436000000, 0x0000000436000000, 0x0000000436800000|  0%| F|  |TAMS 0x0000000436000000| PB 0x0000000436000000| Untracked 
|  68|0x0000000436800000, 0x0000000436800000, 0x0000000437000000|  0%| F|  |TAMS 0x0000000436800000| PB 0x0000000436800000| Untracked 
|  69|0x0000000437000000, 0x0000000437000000, 0x0000000437800000|  0%| F|  |TAMS 0x0000000437000000| PB 0x0000000437000000| Untracked 
|  70|0x0000000437800000, 0x0000000437800000, 0x0000000438000000|  0%| F|  |TAMS 0x0000000437800000| PB 0x0000000437800000| Untracked 
|  71|0x0000000438000000, 0x0000000438000000, 0x0000000438800000|  0%| F|  |TAMS 0x0000000438000000| PB 0x0000000438000000| Untracked 
|  72|0x0000000438800000, 0x0000000438800000, 0x0000000439000000|  0%| F|  |TAMS 0x0000000438800000| PB 0x0000000438800000| Untracked 
|  73|0x0000000439000000, 0x0000000439000000, 0x0000000439800000|  0%| F|  |TAMS 0x0000000439000000| PB 0x0000000439000000| Untracked 
|  74|0x0000000439800000, 0x0000000439800000, 0x000000043a000000|  0%| F|  |TAMS 0x0000000439800000| PB 0x0000000439800000| Untracked 
|  75|0x000000043a000000, 0x000000043a000000, 0x000000043a800000|  0%| F|  |TAMS 0x000000043a000000| PB 0x000000043a000000| Untracked 
|  76|0x000000043a800000, 0x000000043a800000, 0x000000043b000000|  0%| F|  |TAMS 0x000000043a800000| PB 0x000000043a800000| Untracked 
|  77|0x000000043b000000, 0x000000043b000000, 0x000000043b800000|  0%| F|  |TAMS 0x000000043b000000| PB 0x000000043b000000| Untracked 
|  78|0x000000043b800000, 0x000000043b800000, 0x000000043c000000|  0%| F|  |TAMS 0x000000043b800000| PB 0x000000043b800000| Untracked 
|  79|0x000000043c000000, 0x000000043c000000, 0x000000043c800000|  0%| F|  |TAMS 0x000000043c000000| PB 0x000000043c000000| Untracked 
|  80|0x000000043c800000, 0x000000043c800000, 0x000000043d000000|  0%| F|  |TAMS 0x000000043c800000| PB 0x000000043c800000| Untracked 
|  81|0x000000043d000000, 0x000000043d000000, 0x000000043d800000|  0%| F|  |TAMS 0x000000043d000000| PB 0x000000043d000000| Untracked 
|  82|0x000000043d800000, 0x000000043d800000, 0x000000043e000000|  0%| F|  |TAMS 0x000000043d800000| PB 0x000000043d800000| Untracked 
|  83|0x000000043e000000, 0x000000043e000000, 0x000000043e800000|  0%| F|  |TAMS 0x000000043e000000| PB 0x000000043e000000| Untracked 
|  84|0x000000043e800000, 0x000000043e800000, 0x000000043f000000|  0%| F|  |TAMS 0x000000043e800000| PB 0x000000043e800000| Untracked 
|  85|0x000000043f000000, 0x000000043f000000, 0x000000043f800000|  0%| F|  |TAMS 0x000000043f000000| PB 0x000000043f000000| Untracked 
|  86|0x000000043f800000, 0x000000043f800000, 0x0000000440000000|  0%| F|  |TAMS 0x000000043f800000| PB 0x000000043f800000| Untracked 
|  87|0x0000000440000000, 0x0000000440000000, 0x0000000440800000|  0%| F|  |TAMS 0x0000000440000000| PB 0x0000000440000000| Untracked 
|  88|0x0000000440800000, 0x0000000440800000, 0x0000000441000000|  0%| F|  |TAMS 0x0000000440800000| PB 0x0000000440800000| Untracked 
|  89|0x0000000441000000, 0x0000000441000000, 0x0000000441800000|  0%| F|  |TAMS 0x0000000441000000| PB 0x0000000441000000| Untracked 
|  90|0x0000000441800000, 0x0000000441800000, 0x0000000442000000|  0%| F|  |TAMS 0x0000000441800000| PB 0x0000000441800000| Untracked 
|  91|0x0000000442000000, 0x0000000442000000, 0x0000000442800000|  0%| F|  |TAMS 0x0000000442000000| PB 0x0000000442000000| Untracked 
|  92|0x0000000442800000, 0x0000000442800000, 0x0000000443000000|  0%| F|  |TAMS 0x0000000442800000| PB 0x0000000442800000| Untracked 
|  93|0x0000000443000000, 0x0000000443000000, 0x0000000443800000|  0%| F|  |TAMS 0x0000000443000000| PB 0x0000000443000000| Untracked 
|  94|0x0000000443800000, 0x0000000443800000, 0x0000000444000000|  0%| F|  |TAMS 0x0000000443800000| PB 0x0000000443800000| Untracked 
|  95|0x0000000444000000, 0x0000000444000000, 0x0000000444800000|  0%| F|  |TAMS 0x0000000444000000| PB 0x0000000444000000| Untracked 
|  96|0x0000000444800000, 0x0000000444800000, 0x0000000445000000|  0%| F|  |TAMS 0x0000000444800000| PB 0x0000000444800000| Untracked 
|  97|0x0000000445000000, 0x0000000445000000, 0x0000000445800000|  0%| F|  |TAMS 0x0000000445000000| PB 0x0000000445000000| Untracked 
|  98|0x0000000445800000, 0x0000000445800000, 0x0000000446000000|  0%| F|  |TAMS 0x0000000445800000| PB 0x0000000445800000| Untracked 
|  99|0x0000000446000000, 0x0000000446000000, 0x0000000446800000|  0%| F|  |TAMS 0x0000000446000000| PB 0x0000000446000000| Untracked 
| 100|0x0000000446800000, 0x0000000446800000, 0x0000000447000000|  0%| F|  |TAMS 0x0000000446800000| PB 0x0000000446800000| Untracked 
| 101|0x0000000447000000, 0x0000000447000000, 0x0000000447800000|  0%| F|  |TAMS 0x0000000447000000| PB 0x0000000447000000| Untracked 
| 102|0x0000000447800000, 0x0000000447800000, 0x0000000448000000|  0%| F|  |TAMS 0x0000000447800000| PB 0x0000000447800000| Untracked 
| 103|0x0000000448000000, 0x0000000448000000, 0x0000000448800000|  0%| F|  |TAMS 0x0000000448000000| PB 0x0000000448000000| Untracked 
| 104|0x0000000448800000, 0x0000000448800000, 0x0000000449000000|  0%| F|  |TAMS 0x0000000448800000| PB 0x0000000448800000| Untracked 
| 105|0x0000000449000000, 0x0000000449000000, 0x0000000449800000|  0%| F|  |TAMS 0x0000000449000000| PB 0x0000000449000000| Untracked 
| 106|0x0000000449800000, 0x0000000449800000, 0x000000044a000000|  0%| F|  |TAMS 0x0000000449800000| PB 0x0000000449800000| Untracked 
| 107|0x000000044a000000, 0x000000044a000000, 0x000000044a800000|  0%| F|  |TAMS 0x000000044a000000| PB 0x000000044a000000| Untracked 
| 108|0x000000044a800000, 0x000000044a800000, 0x000000044b000000|  0%| F|  |TAMS 0x000000044a800000| PB 0x000000044a800000| Untracked 
| 109|0x000000044b000000, 0x000000044b000000, 0x000000044b800000|  0%| F|  |TAMS 0x000000044b000000| PB 0x000000044b000000| Untracked 
| 110|0x000000044b800000, 0x000000044b800000, 0x000000044c000000|  0%| F|  |TAMS 0x000000044b800000| PB 0x000000044b800000| Untracked 
| 111|0x000000044c000000, 0x000000044c000000, 0x000000044c800000|  0%| F|  |TAMS 0x000000044c000000| PB 0x000000044c000000| Untracked 
| 112|0x000000044c800000, 0x000000044c800000, 0x000000044d000000|  0%| F|  |TAMS 0x000000044c800000| PB 0x000000044c800000| Untracked 
| 113|0x000000044d000000, 0x000000044d000000, 0x000000044d800000|  0%| F|  |TAMS 0x000000044d000000| PB 0x000000044d000000| Untracked 
| 114|0x000000044d800000, 0x000000044d800000, 0x000000044e000000|  0%| F|  |TAMS 0x000000044d800000| PB 0x000000044d800000| Untracked 
| 115|0x000000044e000000, 0x000000044e000000, 0x000000044e800000|  0%| F|  |TAMS 0x000000044e000000| PB 0x000000044e000000| Untracked 
| 116|0x000000044e800000, 0x000000044e800000, 0x000000044f000000|  0%| F|  |TAMS 0x000000044e800000| PB 0x000000044e800000| Untracked 
| 117|0x000000044f000000, 0x000000044f000000, 0x000000044f800000|  0%| F|  |TAMS 0x000000044f000000| PB 0x000000044f000000| Untracked 
| 118|0x000000044f800000, 0x000000044f800000, 0x0000000450000000|  0%| F|  |TAMS 0x000000044f800000| PB 0x000000044f800000| Untracked 
| 119|0x0000000450000000, 0x0000000450000000, 0x0000000450800000|  0%| F|  |TAMS 0x0000000450000000| PB 0x0000000450000000| Untracked 
| 120|0x0000000450800000, 0x0000000450800000, 0x0000000451000000|  0%| F|  |TAMS 0x0000000450800000| PB 0x0000000450800000| Untracked 
| 121|0x0000000451000000, 0x0000000451000000, 0x0000000451800000|  0%| F|  |TAMS 0x0000000451000000| PB 0x0000000451000000| Untracked 
| 122|0x0000000451800000, 0x0000000451800000, 0x0000000452000000|  0%| F|  |TAMS 0x0000000451800000| PB 0x0000000451800000| Untracked 
| 123|0x0000000452000000, 0x0000000452000000, 0x0000000452800000|  0%| F|  |TAMS 0x0000000452000000| PB 0x0000000452000000| Untracked 
| 124|0x0000000452800000, 0x0000000452f09cb8, 0x0000000453000000| 87%| E|  |TAMS 0x0000000452800000| PB 0x0000000452800000| Complete 
| 125|0x0000000453000000, 0x0000000453800000, 0x0000000453800000|100%| E|CS|TAMS 0x0000000453000000| PB 0x0000000453000000| Complete 
|2006|0x00000007ff800000, 0x00000007ff907430, 0x0000000800000000| 12%| O|  |TAMS 0x00000007ff800000| PB 0x00000007ff800000| Untracked 

Card table byte_map: [0x00007ff4b6aa4000,0x00007ff4b8a00000] _byte_map_base: 0x00007ff4b4a00000

Marking Bits: (CMBitMap*) 0x00007ff4d0059980
 Bits: [0x00007ff4a6fc4000, 0x00007ff4b6aa4000)

Polling page: 0x00007ff4d94dc000

Metaspace:

Usage:
  Non-class:      3.98 MB used.
      Class:    294.95 KB used.
       Both:      4.26 MB used.

Virtual space:
  Non-class space:       64.00 MB reserved,       4.06 MB (  6%) committed,  1 nodes.
      Class space:        1.00 GB reserved,     384.00 KB ( <1%) committed,  1 nodes.
             Both:        1.06 GB reserved,       4.44 MB ( <1%) committed. 

Chunk freelists:
   Non-Class:  10.13 MB
       Class:  15.58 MB
        Both:  25.71 MB

MaxMetaspaceSize: unlimited
CompressedClassSpaceSize: 1.00 GB
Initial GC threshold: 21.00 MB
Current GC threshold: 21.00 MB
CDS: on
 - commit_granule_bytes: 65536.
 - commit_granule_words: 8192.
 - virtual_space_node_default_size: 8388608.
 - enlarge_chunks_in_place: 1.
 - use_allocation_guard: 0.


Internal statistics:

num_allocs_failed_limit: 0.
num_arena_births: 130.
num_arena_deaths: 0.
num_vsnodes_births: 2.
num_vsnodes_deaths: 0.
num_space_committed: 69.
num_space_uncommitted: 0.
num_chunks_returned_to_freelist: 0.
num_chunks_taken_from_freelist: 217.
num_chunk_merges: 0.
num_chunk_splits: 151.
num_chunks_enlarged: 97.
num_inconsistent_stats: 0.

CodeHeap 'non-profiled nmethods': size=119168Kb used=365Kb max_used=365Kb free=118802Kb
 bounds [0x00007ff4c05a0000, 0x00007ff4c0810000, 0x00007ff4c7a00000]
CodeHeap 'profiled nmethods': size=119164Kb used=1732Kb max_used=1732Kb free=117431Kb
 bounds [0x00007ff4b8a00000, 0x00007ff4b8c70000, 0x00007ff4bfe5f000]
CodeHeap 'non-nmethods': size=7428Kb used=2031Kb max_used=3735Kb free=5396Kb
 bounds [0x00007ff4bfe5f000, 0x00007ff4c020f000, 0x00007ff4c05a0000]
 total_blobs=2115 nmethods=1067 adapters=954
 compilation: enabled
              stopped_count=0, restarted_count=0
 full_count=0

Compilation events (20 events):
Event: 3.993 Thread 0x00007ff4d01646a0 1059       4       org.lwjgl.glfw.GLFW::glfwWindowShouldClose (29 bytes)
Event: 3.994 Thread 0x00007ff4d01646a0 nmethod 1059 0x00007ff4c05e8290 code [0x00007ff4c05e8420, 0x00007ff4c05e8508]
Event: 4.992 Thread 0x00007ff42405de30 1060       1       io.mindspice.mspice.input.KeyListener::isListening (5 bytes)
Event: 4.993 Thread 0x00007ff42405de30 nmethod 1060 0x00007ff4c05e8610 code [0x00007ff4c05e87a0, 0x00007ff4c05e8868]
Event: 6.126 Thread 0x00007ff4d01646a0 1061 %     4       io.mindspice.mspice.core.GameEngine::run @ 157 (320 bytes)
Event: 6.250 Thread 0x00007ff4d01646a0 nmethod 1061% 0x00007ff4c05e8910 code [0x00007ff4c05e91e0, 0x00007ff4c05f4d30]
Event: 6.250 Thread 0x00007ff4d01646a0 1062       4       java.nio.CharBuffer::arrayOffset (35 bytes)
Event: 6.250 Thread 0x00007ff4d01646a0 nmethod 1062 0x00007ff4c05fa410 code [0x00007ff4c05fa5a0, 0x00007ff4c05fa668]
Event: 6.281 Thread 0x00007ff4d0165d60 1063       3       sun.misc.Unsafe::getInt (9 bytes)
Event: 6.281 Thread 0x00007ff4d0165d60 nmethod 1063 0x00007ff4b8bb0c10 code [0x00007ff4b8bb0da0, 0x00007ff4b8bb0ea8]
Event: 6.573 Thread 0x00007ff4d0165d60 1064       3       org.lwjgl.system.MemoryUtil::memGetInt (9 bytes)
Event: 6.573 Thread 0x00007ff4d0165d60 nmethod 1064 0x00007ff4b8bb0f10 code [0x00007ff4b8bb10c0, 0x00007ff4b8bb1288]
Event: 7.409 Thread 0x00007ff4d01646a0 1065       4       java.util.concurrent.locks.ReentrantLock$Sync::lock (13 bytes)
Event: 7.410 Thread 0x00007ff4d01646a0 nmethod 1065 0x00007ff4c05fa710 code [0x00007ff4c05fa8a0, 0x00007ff4c05faae0]
Event: 7.426 Thread 0x00007ff4d01646a0 1066       4       java.nio.ByteBuffer::arrayOffset (35 bytes)
Event: 7.427 Thread 0x00007ff4d01646a0 nmethod 1066 0x00007ff4c05fab90 code [0x00007ff4c05fad20, 0x00007ff4c05fade8]
Event: 7.447 Thread 0x00007ff4d01646a0 1067       4       java.util.concurrent.locks.AbstractQueuedSynchronizer::release (19 bytes)
Event: 7.448 Thread 0x00007ff4d01646a0 nmethod 1067 0x00007ff4c05fae90 code [0x00007ff4c05fb020, 0x00007ff4c05fb1e8]
Event: 9.145 Thread 0x00007ff4d01646a0 1068       4       java.nio.CharBuffer::position (6 bytes)
Event: 9.146 Thread 0x00007ff4d01646a0 nmethod 1068 0x00007ff4c05fb310 code [0x00007ff4c05fb4a0, 0x00007ff4c05fb5a0]

GC Heap History (0 events):
No events

Dll operation events (11 events):
Event: 0.001 Loaded shared library /home/mindspice/code/jdk/openjdk-21-rc/lib/libjava.so
Event: 0.013 Loaded shared library /home/mindspice/code/jdk/openjdk-21-rc/lib/libjsvml.so
Event: 0.031 Loaded shared library /home/mindspice/code/jdk/openjdk-21-rc/lib/libzip.so
Event: 0.032 Loaded shared library /home/mindspice/code/jdk/openjdk-21-rc/lib/libinstrument.so
Event: 0.033 Loaded shared library /home/mindspice/code/jdk/openjdk-21-rc/lib/libnio.so
Event: 0.035 Loaded shared library /home/mindspice/code/jdk/openjdk-21-rc/lib/libzip.so
Event: 0.048 Loaded shared library /home/mindspice/code/jdk/openjdk-21-rc/lib/libnet.so
Event: 0.050 Loaded shared library /home/mindspice/code/jdk/openjdk-21-rc/lib/libextnet.so
Event: 0.065 Loaded shared library /home/mindspice/code/jdk/openjdk-21-rc/lib/libjimage.so
Event: 0.071 Loaded shared library /tmp/lwjgl_mindspice/3.3.3+5/x64/liblwjgl.so
Event: 0.270 Loaded shared library /tmp/lwjgl_mindspice/3.3.3+5/x64/liblwjgl_opengl.so

Deoptimization events (20 events):
Event: 0.084 Thread 0x00007ff4d002b110 DEOPT PACKING pc=0x00007ff4c05af7e4 sp=0x00007ff4d7bfb990
Event: 0.084 Thread 0x00007ff4d002b110 DEOPT UNPACKING pc=0x00007ff4bfeb2f99 sp=0x00007ff4d7bfb950 mode 2
Event: 0.097 Thread 0x00007ff4d002b110 DEOPT PACKING pc=0x00007ff4b8a11915 sp=0x00007ff4d7bfb500
Event: 0.097 Thread 0x00007ff4d002b110 DEOPT UNPACKING pc=0x00007ff4bfeb372f sp=0x00007ff4d7bfa940 mode 0
Event: 0.105 Thread 0x00007ff4d002b110 DEOPT PACKING pc=0x00007ff4b8a02a5e sp=0x00007ff4d7bf7bd0
Event: 0.105 Thread 0x00007ff4d002b110 DEOPT UNPACKING pc=0x00007ff4bfeb372f sp=0x00007ff4d7bf7058 mode 0
Event: 1.177 Thread 0x00007ff434000ff0 Uncommon trap: trap_request=0xffffff45 fr.pc=0x00007ff4c05c64f4 relative=0x00000000000001b4
Event: 1.177 Thread 0x00007ff434000ff0 Uncommon trap: reason=unstable_if action=reinterpret pc=0x00007ff4c05c64f4 method=java.lang.invoke.VarHandle.checkAccessModeThenIsDirect(Ljava/lang/invoke/VarHandle$AccessDescriptor;)Z @ 4 c2
Event: 1.177 Thread 0x00007ff434000ff0 DEOPT PACKING pc=0x00007ff4c05c64f4 sp=0x00007ff44afa4500
Event: 1.177 Thread 0x00007ff434000ff0 DEOPT UNPACKING pc=0x00007ff4bfeb2f99 sp=0x00007ff44afa4458 mode 2
Event: 1.209 Thread 0x00007ff434000ff0 Uncommon trap: trap_request=0xffffff45 fr.pc=0x00007ff4c05dc4e4 relative=0x00000000000002a4
Event: 1.209 Thread 0x00007ff434000ff0 Uncommon trap: reason=unstable_if action=reinterpret pc=0x00007ff4c05dc4e4 method=java.util.regex.Pattern$BmpCharPropertyGreedy.match(Ljava/util/regex/Matcher;ILjava/lang/CharSequence;)Z @ 12 c2
Event: 1.209 Thread 0x00007ff434000ff0 DEOPT PACKING pc=0x00007ff4c05dc4e4 sp=0x00007ff44afa4a90
Event: 1.209 Thread 0x00007ff434000ff0 DEOPT UNPACKING pc=0x00007ff4bfeb2f99 sp=0x00007ff44afa4a48 mode 2
Event: 6.573 Thread 0x00007ff4d002b110 DEOPT PACKING pc=0x00007ff4b8ba961f sp=0x00007ff4d7bfe660
Event: 6.573 Thread 0x00007ff4d002b110 DEOPT UNPACKING pc=0x00007ff4bfeb372f sp=0x00007ff4d7bfdcb0 mode 0
Event: 10.756 Thread 0x00007ff4d002b110 Uncommon trap: trap_request=0xffffff45 fr.pc=0x00007ff4c05ebe3c relative=0x0000000000002c5c
Event: 10.756 Thread 0x00007ff4d002b110 Uncommon trap: reason=unstable_if action=reinterpret pc=0x00007ff4c05ebe3c method=org.lwjgl.glfw.GLFW.glfwWindowShouldClose(J)Z @ 20 c2
Event: 10.756 Thread 0x00007ff4d002b110 DEOPT PACKING pc=0x00007ff4c05ebe3c sp=0x00007ff4d7bfe7c0
Event: 10.756 Thread 0x00007ff4d002b110 DEOPT UNPACKING pc=0x00007ff4bfeb2f99 sp=0x00007ff4d7bfe6e0 mode 2

Classes loaded (20 events):
Event: 1.194 Loading class jdk/internal/module/ModulePatcher$PatchedModuleReader
Event: 1.195 Loading class jdk/internal/module/ModulePatcher$PatchedModuleReader done
Event: 1.195 Loading class sun/net/www/protocol/jrt/Handler
Event: 1.195 Loading class sun/net/www/protocol/jrt/Handler done
Event: 1.196 Loading class sun/util/cldr/CLDRTimeZoneNameProviderImpl
Event: 1.196 Loading class sun/util/locale/provider/TimeZoneNameProviderImpl
Event: 1.196 Loading class sun/util/locale/provider/TimeZoneNameProviderImpl done
Event: 1.196 Loading class sun/util/cldr/CLDRTimeZoneNameProviderImpl done
Event: 1.208 Loading class sun/util/locale/provider/BaseLocaleDataMetaInfo
Event: 1.208 Loading class sun/util/locale/provider/BaseLocaleDataMetaInfo done
Event: 1.209 Loading class sun/util/resources/cldr/TimeZoneNames
Event: 1.209 Loading class sun/util/resources/TimeZoneNamesBundle
Event: 1.209 Loading class sun/util/resources/OpenListResourceBundle
Event: 1.209 Loading class sun/util/resources/OpenListResourceBundle done
Event: 1.209 Loading class sun/util/resources/TimeZoneNamesBundle done
Event: 1.209 Loading class sun/util/resources/cldr/TimeZoneNames done
Event: 1.210 Loading class sun/util/resources/cldr/TimeZoneNames_en
Event: 1.210 Loading class sun/util/resources/cldr/TimeZoneNames_en done
Event: 1.210 Loading class sun/util/resources/cldr/TimeZoneNames_en_US
Event: 1.210 Loading class sun/util/resources/cldr/TimeZoneNames_en_US done

Classes unloaded (0 events):
No events

Classes redefined (0 events):
No events

Internal exceptions (20 events):
Event: 0.062 Thread 0x00007ff4d002b110 Exception <a 'java/lang/NoSuchMethodError'{0x00000004536f1ce0}: 'int java.lang.invoke.DirectMethodHandle$Holder.invokeSpecial(java.lang.Object, java.lang.Object, java.lang.Object)'> (0x00000004536f1ce0) 
thrown [open/src/hotspot/share/interpreter/linkResolver.cpp, line 772]
Event: 0.064 Thread 0x00007ff4d002b110 Exception <a 'java/lang/NoSuchMethodError'{0x000000045370ac20}: 'void java.lang.System.loadLibrary(java.lang.String, java.lang.Class)'> (0x000000045370ac20) 
thrown [open/src/hotspot/share/interpreter/linkResolver.cpp, line 772]
Event: 0.071 Thread 0x00007ff4d002b110 Exception <a 'sun/nio/fs/UnixException'{0x0000000453736278}> (0x0000000453736278) 
thrown [open/src/hotspot/share/prims/jni.cpp, line 520]
Event: 0.096 Thread 0x00007ff4d002b110 Exception <a 'java/lang/NoSuchMethodError'{0x00000004528166f8}: 'int java.lang.invoke.DirectMethodHandle$Holder.invokeStaticInit(java.lang.Object, java.lang.Object, int, long)'> (0x00000004528166f8) 
thrown [open/src/hotspot/share/interpreter/linkResolver.cpp, line 772]
Event: 0.096 Thread 0x00007ff4d002b110 Exception <a 'java/lang/NoSuchMethodError'{0x000000045281b720}: 'java.lang.Object java.lang.invoke.DirectMethodHandle$Holder.newInvokeSpecial(java.lang.Object, java.lang.Object, int)'> (0x000000045281b720) 
thrown [open/src/hotspot/share/interpreter/linkResolver.cpp, line 772]
Event: 0.097 Thread 0x00007ff4d002b110 Exception <a 'java/lang/NoSuchMethodError'{0x0000000452829990}: 'int java.lang.invoke.DirectMethodHandle$Holder.invokeStaticInit(java.lang.Object, java.lang.Object, long, long)'> (0x0000000452829990) 
thrown [open/src/hotspot/share/interpreter/linkResolver.cpp, line 772]
Event: 0.097 Thread 0x00007ff4d002b110 Exception <a 'java/lang/NoSuchMethodError'{0x000000045282f1f8}: 'java.lang.Object java.lang.invoke.DirectMethodHandle$Holder.newInvokeSpecial(java.lang.Object, java.lang.Object, long)'> (0x000000045282f1f8) 
thrown [open/src/hotspot/share/interpreter/linkResolver.cpp, line 772]
Event: 0.097 Thread 0x00007ff4d002b110 Exception <a 'java/lang/NoSuchMethodError'{0x0000000452832fb0}: 'java.lang.Object java.lang.invoke.Invokers$Holder.linkToTargetMethod(java.lang.Object, long, java.lang.Object)'> (0x0000000452832fb0) 
thrown [open/src/hotspot/share/interpreter/linkResolver.cpp, line 772]
Event: 0.098 Thread 0x00007ff4d002b110 Exception <a 'java/lang/NoSuchMethodError'{0x000000045283a038}: 'int java.lang.invoke.DirectMethodHandle$Holder.invokeStaticInit(java.lang.Object, java.lang.Object, java.lang.Object, long)'> (0x000000045283a038) 
thrown [open/src/hotspot/share/interpreter/linkResolver.cpp, line 772]
Event: 0.105 Thread 0x00007ff4d002b110 Exception <a 'sun/nio/fs/UnixException'{0x0000000452896850}> (0x0000000452896850) 
thrown [open/src/hotspot/share/prims/jni.cpp, line 520]
Event: 0.116 Thread 0x00007ff4d002b110 Exception <a 'sun/nio/fs/UnixException'{0x000000045291cea0}> (0x000000045291cea0) 
thrown [open/src/hotspot/share/prims/jni.cpp, line 520]
Event: 0.264 Thread 0x00007ff4d002b110 Exception <a 'java/lang/NoSuchMethodError'{0x00000004529381d0}: 'void java.lang.invoke.DirectMethodHandle$Holder.invokeStatic(java.lang.Object, int, long)'> (0x00000004529381d0) 
thrown [open/src/hotspot/share/interpreter/linkResolver.cpp, line 772]
Event: 0.268 Thread 0x00007ff4d002b110 Exception <a 'java/lang/NoSuchMethodError'{0x0000000452974120}: 'void java.lang.System.load(java.lang.String, java.lang.Class)'> (0x0000000452974120) 
thrown [open/src/hotspot/share/interpreter/linkResolver.cpp, line 772]
Event: 0.268 Thread 0x00007ff4d002b110 Exception <a 'java/lang/NoSuchMethodError'{0x0000000452976ac0}: 'void java.lang.System.loadLibrary(java.lang.String, java.lang.Class)'> (0x0000000452976ac0) 
thrown [open/src/hotspot/share/interpreter/linkResolver.cpp, line 772]
Event: 0.270 Thread 0x00007ff4d002b110 Exception <a 'sun/nio/fs/UnixException'{0x00000004529866d8}> (0x00000004529866d8) 
thrown [open/src/hotspot/share/prims/jni.cpp, line 520]
Event: 0.271 Thread 0x00007ff4d002b110 Exception <a 'sun/nio/fs/UnixException'{0x000000045298f9d0}> (0x000000045298f9d0) 
thrown [open/src/hotspot/share/prims/jni.cpp, line 520]
Event: 0.408 Thread 0x00007ff4d002b110 Exception <a 'java/lang/NoSuchMethodError'{0x0000000452ae0a20}: 'void java.lang.invoke.DirectMethodHandle$Holder.invokeVirtual(java.lang.Object, java.lang.Object, int)'> (0x0000000452ae0a20) 
thrown [open/src/hotspot/share/interpreter/linkResolver.cpp, line 772]
Event: 0.409 Thread 0x00007ff4d002b110 Exception <a 'java/lang/NoSuchMethodError'{0x0000000452ae7888}: 'void java.lang.invoke.DirectMethodHandle$Holder.invokeStatic(java.lang.Object, java.lang.Object, int)'> (0x0000000452ae7888) 
thrown [open/src/hotspot/share/interpreter/linkResolver.cpp, line 772]
Event: 0.410 Thread 0x00007ff4d002b110 Exception <a 'java/lang/NoSuchMethodError'{0x0000000452af3028}: 'void java.lang.invoke.DirectMethodHandle$Holder.invokeStatic(java.lang.Object, int, double)'> (0x0000000452af3028) 
thrown [open/src/hotspot/share/interpreter/linkResolver.cpp, line 772]
Event: 1.212 Thread 0x00007ff434000ff0 Exception <a 'java/lang/NoSuchMethodError'{0x0000000452d9b390}: 'java.lang.Object java.lang.invoke.Invokers$Holder.invokeExact_MT(java.lang.Object, java.lang.Object, java.lang.Object, java.lang.Object, java.lang.Object, java.lang.Object)'> (0x0000000452d9b390) 
thrown [open/src/hotspot/share/interpreter/linkResolver.cpp, line 772]

ZGC Phase Switch (0 events):
No events

VM Operations (12 events):
Event: 0.053 Executing VM operation: HandshakeAllThreads (Deoptimize)
Event: 0.053 Executing VM operation: HandshakeAllThreads (Deoptimize) done
Event: 1.053 Executing VM operation: Cleanup
Event: 1.053 Executing VM operation: Cleanup done
Event: 2.053 Executing VM operation: Cleanup
Event: 2.053 Executing VM operation: Cleanup done
Event: 3.053 Executing VM operation: Cleanup
Event: 3.053 Executing VM operation: Cleanup done
Event: 8.054 Executing VM operation: Cleanup
Event: 8.054 Executing VM operation: Cleanup done
Event: 10.054 Executing VM operation: Cleanup
Event: 10.054 Executing VM operation: Cleanup done

Events (20 events):
Event: 0.025 Protecting memory [0x00007ff496330000,0x00007ff496334000] with protection modes 0
Event: 0.025 Thread 0x00007ff41c0011d0 Thread added: 0x00007ff41c0011d0
Event: 0.025 Protecting memory [0x00007ff496230000,0x00007ff496234000] with protection modes 0
Event: 0.029 Thread 0x00007ff420088660 Thread added: 0x00007ff420088660
Event: 0.029 Protecting memory [0x00007ff496130000,0x00007ff496134000] with protection modes 0
Event: 0.047 Thread 0x00007ff4d03362f0 Thread added: 0x00007ff4d03362f0
Event: 0.047 Protecting memory [0x00007ff496030000,0x00007ff496034000] with protection modes 0
Event: 0.047 Thread 0x00007ff4d0336bd0 Thread added: 0x00007ff4d0336bd0
Event: 0.047 Protecting memory [0x00007ff495f30000,0x00007ff495f34000] with protection modes 0
Event: 0.263 Thread 0x00007ff420088660 Thread exited: 0x00007ff420088660
Event: 0.270 Thread 0x00007ff42409b0b0 Thread added: 0x00007ff42409b0b0
Event: 0.270 Protecting memory [0x00007ff496130000,0x00007ff496134000] with protection modes 0
Event: 0.274 Thread 0x00007ff41007c230 Thread added: 0x00007ff41007c230
Event: 0.274 Protecting memory [0x00007ff44aea7000,0x00007ff44aeab000] with protection modes 0
Event: 0.492 Thread 0x00007ff41007c230 Thread exited: 0x00007ff41007c230
Event: 1.075 Thread 0x00007ff434000ff0 Thread added: 0x00007ff434000ff0
Event: 1.075 Protecting memory [0x00007ff44aea7000,0x00007ff44aeab000] with protection modes 0
Event: 2.767 Thread 0x00007ff42409b0b0 Thread exited: 0x00007ff42409b0b0
Event: 4.992 Thread 0x00007ff41c0011d0 Thread exited: 0x00007ff41c0011d0
Event: 6.126 Thread 0x00007ff42405de30 Thread exited: 0x00007ff42405de30


Dynamic libraries:
414800000-453800000 rw-p 00000000 00:00 0 
453800000-7ff800000 ---p 00000000 00:00 0 
7ff800000-7ff908000 rw-p 00ce4000 103:07 26949071                        /home/mindspice/code/jdk/openjdk-21-rc/lib/server/classes.jsa
7ff908000-800000000 rw-p 00000000 00:00 0 
55a3bc726000-55a3bc727000 r-xp 00000000 103:07 26943862                  /home/mindspice/code/jdk/openjdk-21-rc/bin/java
55a3bc728000-55a3bc729000 r--p 00001000 103:07 26943862                  /home/mindspice/code/jdk/openjdk-21-rc/bin/java
55a3bc729000-55a3bc72a000 rw-p 00002000 103:07 26943862                  /home/mindspice/code/jdk/openjdk-21-rc/bin/java
55a3bcb3d000-55a3bcb84000 rw-p 00000000 00:00 0                          [heap]
7ff3f8000000-7ff3f8021000 rw-p 00000000 00:00 0 
7ff3f8021000-7ff3fc000000 ---p 00000000 00:00 0 
7ff400000000-7ff4001d1000 rw-p 00000000 00:00 0 
7ff4001d1000-7ff404000000 ---p 00000000 00:00 0 
7ff404a67000-7ff405600000 rw-p 00000000 00:00 0 
7ff405600000-7ff407638000 r-xp 00000000 103:07 23333760                  /usr/lib/x86_64-linux-gnu/libnvidia-glvkspirv.so.535.104.05
7ff407638000-7ff407838000 ---p 02038000 103:07 23333760                  /usr/lib/x86_64-linux-gnu/libnvidia-glvkspirv.so.535.104.05
7ff407838000-7ff407e54000 r--p 02038000 103:07 23333760                  /usr/lib/x86_64-linux-gnu/libnvidia-glvkspirv.so.535.104.05
7ff407e54000-7ff407ee3000 rw-p 02654000 103:07 23333760                  /usr/lib/x86_64-linux-gnu/libnvidia-glvkspirv.so.535.104.05
7ff407ee3000-7ff407f36000 rw-p 00000000 00:00 0 
7ff408000000-7ff408021000 rw-p 00000000 00:00 0 
7ff408021000-7ff40c000000 ---p 00000000 00:00 0 
7ff40c000000-7ff40c021000 rw-p 00000000 00:00 0 
7ff40c021000-7ff410000000 ---p 00000000 00:00 0 
7ff410000000-7ff410096000 rw-p 00000000 00:00 0 
7ff410096000-7ff414000000 ---p 00000000 00:00 0 
7ff414000000-7ff4140cc000 rw-p 00000000 00:00 0 
7ff4140cc000-7ff418000000 ---p 00000000 00:00 0 
7ff418000000-7ff418021000 rw-p 00000000 00:00 0 
7ff418021000-7ff41c000000 ---p 00000000 00:00 0 
7ff41c000000-7ff41c0be000 rw-p 00000000 00:00 0 
7ff41c0be000-7ff420000000 ---p 00000000 00:00 0 
7ff420000000-7ff4219b9000 rw-p 00000000 00:00 0 
7ff4219b9000-7ff424000000 ---p 00000000 00:00 0 
7ff424000000-7ff4240ab000 rw-p 00000000 00:00 0 
7ff4240ab000-7ff428000000 ---p 00000000 00:00 0 
7ff428000000-7ff428021000 rw-p 00000000 00:00 0 
7ff428021000-7ff42c000000 ---p 00000000 00:00 0 
7ff42c000000-7ff42c021000 rw-p 00000000 00:00 0 
7ff42c021000-7ff430000000 ---p 00000000 00:00 0 
7ff430000000-7ff430021000 rw-p 00000000 00:00 0 
7ff430021000-7ff434000000 ---p 00000000 00:00 0 
7ff434000000-7ff434021000 rw-p 00000000 00:00 0 
7ff434021000-7ff438000000 ---p 00000000 00:00 0 
7ff438000000-7ff438021000 rw-p 00000000 00:00 0 
7ff438021000-7ff43c000000 ---p 00000000 00:00 0 
7ff43c000000-7ff43c021000 rw-p 00000000 00:00 0 
7ff43c021000-7ff440000000 ---p 00000000 00:00 0 
7ff440000000-7ff440230000 rw-p 00000000 00:00 0 
7ff440230000-7ff440400000 ---p 00000000 00:00 0 
7ff440400000-7ff440530000 rw-p 00000000 00:00 0 
7ff440530000-7ff440570000 rw-p 00000000 00:00 0 
7ff440570000-7ff4405e0000 rw-p 00000000 00:00 0 
7ff4405e0000-7ff444000000 ---p 00000000 00:00 0 
7ff444000000-7ff444021000 rw-p 00000000 00:00 0 
7ff444021000-7ff448000000 ---p 00000000 00:00 0 
7ff448180000-7ff448200000 rw-s 00000000 00:05 1028                       /dev/nvidiactl
7ff448200000-7ff4484d8000 r-xp 00000000 103:07 23333644                  /usr/lib/x86_64-linux-gnu/libnvidia-glcore.so.535.104.05
7ff4484d8000-7ff4484f9000 rwxp 002d8000 103:07 23333644                  /usr/lib/x86_64-linux-gnu/libnvidia-glcore.so.535.104.05
7ff4484f9000-7ff44ab96000 r-xp 002f9000 103:07 23333644                  /usr/lib/x86_64-linux-gnu/libnvidia-glcore.so.535.104.05
7ff44ab96000-7ff44ad69000 r--p 02995000 103:07 23333644                  /usr/lib/x86_64-linux-gnu/libnvidia-glcore.so.535.104.05
7ff44ad69000-7ff44add2000 rw-p 02b68000 103:07 23333644                  /usr/lib/x86_64-linux-gnu/libnvidia-glcore.so.535.104.05
7ff44add2000-7ff44ae0f000 rw-p 00000000 00:00 0 
7ff44ae27000-7ff44aea7000 rw-s 00000000 00:05 1028                       /dev/nvidiactl
7ff44aea7000-7ff44aeab000 ---p 00000000 00:00 0 
7ff44aeab000-7ff44afa7000 rw-p 00000000 00:00 0 
7ff44afa7000-7ff44afda000 r--p 00000000 103:07 9175154                   /tmp/lwjgl_mindspice/3.3.3+5/x64/liblwjgl_opengl.so
7ff44afda000-7ff44afee000 r-xp 00033000 103:07 9175154                   /tmp/lwjgl_mindspice/3.3.3+5/x64/liblwjgl_opengl.so
7ff44afee000-7ff44affe000 r--p 00047000 103:07 9175154                   /tmp/lwjgl_mindspice/3.3.3+5/x64/liblwjgl_opengl.so
7ff44affe000-7ff44afff000 r--p 00056000 103:07 9175154                   /tmp/lwjgl_mindspice/3.3.3+5/x64/liblwjgl_opengl.so
7ff44afff000-7ff44b000000 rw-p 00057000 103:07 9175154                   /tmp/lwjgl_mindspice/3.3.3+5/x64/liblwjgl_opengl.so
7ff44b000000-7ff44bca5000 rw-p 00001000 103:07 26949071                  /home/mindspice/code/jdk/openjdk-21-rc/lib/server/classes.jsa
7ff44bca5000-7ff44c000000 ---p 00000000 00:00 0 
7ff44c000000-7ff44c030000 rw-p 00000000 00:00 0 
7ff44c030000-7ff44c040000 ---p 00000000 00:00 0 
7ff44c040000-7ff44c070000 rw-p 00000000 00:00 0 
7ff44c070000-7ff48c000000 ---p 00000000 00:00 0 
7ff48c000000-7ff48c021000 rw-p 00000000 00:00 0 
7ff48c021000-7ff490000000 ---p 00000000 00:00 0 
7ff490000000-7ff490021000 rw-p 00000000 00:00 0 
7ff490021000-7ff494000000 ---p 00000000 00:00 0 
7ff49404a000-7ff49414a000 rw-s 00000000 00:05 1028                       /dev/nvidiactl
7ff49414a000-7ff4941ca000 rw-s 00000000 00:05 1028                       /dev/nvidiactl
7ff4941ca000-7ff49420a000 rw-s 00000000 00:05 1028                       /dev/nvidiactl
7ff49420a000-7ff49422a000 rw-s 00000000 00:05 1028                       /dev/nvidiactl
7ff49422a000-7ff49426a000 rw-s 00000000 00:05 1028                       /dev/nvidiactl
7ff49426a000-7ff49428a000 rw-s 00000000 00:05 1028                       /dev/nvidiactl
7ff49428a000-7ff49430a000 rw-s 00000000 00:05 1043                       /dev/nvidia0
7ff49430a000-7ff49434a000 rw-s 00000000 00:05 1028                       /dev/nvidiactl
7ff49436a000-7ff4945af000 rw-s 00000000 00:01 15368                      /memfd:/.nvidia_drv.XXXXXX (deleted)
7ff4945af000-7ff4945b4000 r--p 00000000 103:07 23331149                  /usr/lib/x86_64-linux-gnu/libdrm.so.2.4.0
7ff4945b4000-7ff4945bf000 r-xp 00005000 103:07 23331149                  /usr/lib/x86_64-linux-gnu/libdrm.so.2.4.0
7ff4945bf000-7ff4945c3000 r--p 00010000 103:07 23331149                  /usr/lib/x86_64-linux-gnu/libdrm.so.2.4.0
7ff4945c3000-7ff4945c4000 r--p 00013000 103:07 23331149                  /usr/lib/x86_64-linux-gnu/libdrm.so.2.4.0
7ff4945c4000-7ff4945c5000 rw-p 00014000 103:07 23331149                  /usr/lib/x86_64-linux-gnu/libdrm.so.2.4.0
7ff4945e2000-7ff4945ed000 r--p 00000000 103:07 23335615                  /usr/lib/x86_64-linux-gnu/libxcb-glx.so.0.0.0
7ff4945ed000-7ff4945f6000 r-xp 0000b000 103:07 23335615                  /usr/lib/x86_64-linux-gnu/libxcb-glx.so.0.0.0
7ff4945f6000-7ff4945fb000 r--p 00014000 103:07 23335615                  /usr/lib/x86_64-linux-gnu/libxcb-glx.so.0.0.0
7ff4945fb000-7ff4945fc000 ---p 00019000 103:07 23335615                  /usr/lib/x86_64-linux-gnu/libxcb-glx.so.0.0.0
7ff4945fc000-7ff4945fe000 r--p 00019000 103:07 23335615                  /usr/lib/x86_64-linux-gnu/libxcb-glx.so.0.0.0
7ff4945fe000-7ff4945ff000 rw-p 0001b000 103:07 23335615                  /usr/lib/x86_64-linux-gnu/libxcb-glx.so.0.0.0
7ff4945ff000-7ff494600000 ---p 00000000 00:00 0 
7ff494600000-7ff494e00000 rw-p 00000000 00:00 0 
7ff494e00000-7ff494e76000 r-xp 00000000 103:07 23333651                  /usr/lib/x86_64-linux-gnu/libnvidia-glsi.so.535.104.05
7ff494e76000-7ff495075000 ---p 00076000 103:07 23333651                  /usr/lib/x86_64-linux-gnu/libnvidia-glsi.so.535.104.05
7ff495075000-7ff49509f000 r--p 00075000 103:07 23333651                  /usr/lib/x86_64-linux-gnu/libnvidia-glsi.so.535.104.05
7ff49509f000-7ff4950a0000 rw-p 0009f000 103:07 23333651                  /usr/lib/x86_64-linux-gnu/libnvidia-glsi.so.535.104.05
7ff4950a0000-7ff4950a8000 rw-p 00000000 00:00 0 
7ff4950ad000-7ff4950fe000 r--p 00000000 103:07 23331931                  /usr/lib/x86_64-linux-gnu/libGLX_nvidia.so.535.104.05
7ff4950fe000-7ff495158000 r-xp 00051000 103:07 23331931                  /usr/lib/x86_64-linux-gnu/libGLX_nvidia.so.535.104.05
7ff495158000-7ff49518d000 rwxp 000ab000 103:07 23331931                  /usr/lib/x86_64-linux-gnu/libGLX_nvidia.so.535.104.05
7ff49518d000-7ff49518e000 r-xp 000e0000 103:07 23331931                  /usr/lib/x86_64-linux-gnu/libGLX_nvidia.so.535.104.05
7ff49518e000-7ff4951ad000 r--p 000e1000 103:07 23331931                  /usr/lib/x86_64-linux-gnu/libGLX_nvidia.so.535.104.05
7ff4951ad000-7ff4951cd000 r--p 000ff000 103:07 23331931                  /usr/lib/x86_64-linux-gnu/libGLX_nvidia.so.535.104.05
7ff4951cd000-7ff4951d2000 rw-p 0011f000 103:07 23331931                  /usr/lib/x86_64-linux-gnu/libGLX_nvidia.so.535.104.05
7ff4951d2000-7ff4951d4000 rw-p 00000000 00:00 0 
7ff4951d4000-7ff495214000 r--p 00000000 103:07 23333765                  /usr/lib/x86_64-linux-gnu/libGLdispatch.so.0.0.0
7ff495214000-7ff495217000 r-xp 00040000 103:07 23333765                  /usr/lib/x86_64-linux-gnu/libGLdispatch.so.0.0.0
7ff495217000-7ff495252000 r-xp 00043000 103:07 23333765                  /usr/lib/x86_64-linux-gnu/libGLdispatch.so.0.0.0
7ff495252000-7ff495253000 r-xp 0007e000 103:07 23333765                  /usr/lib/x86_64-linux-gnu/libGLdispatch.so.0.0.0
7ff495253000-7ff495266000 r--p 0007f000 103:07 23333765                  /usr/lib/x86_64-linux-gnu/libGLdispatch.so.0.0.0
7ff495266000-7ff495267000 ---p 00092000 103:07 23333765                  /usr/lib/x86_64-linux-gnu/libGLdispatch.so.0.0.0
7ff495267000-7ff495283000 r--p 00092000 103:07 23333765                  /usr/lib/x86_64-linux-gnu/libGLdispatch.so.0.0.0
7ff495283000-7ff495284000 rw-p 000ae000 103:07 23333765                  /usr/lib/x86_64-linux-gnu/libGLdispatch.so.0.0.0
7ff495284000-7ff49528c000 rw-p 00000000 00:00 0 
7ff49528c000-7ff49528f000 r--p 00000000 103:07 23333758                  /usr/lib/x86_64-linux-gnu/libGLX.so.0.0.0
7ff49528f000-7ff4952aa000 r-xp 00003000 103:07 23333758                  /usr/lib/x86_64-linux-gnu/libGLX.so.0.0.0
7ff4952aa000-7ff4952ad000 r--p 0001e000 103:07 23333758                  /usr/lib/x86_64-linux-gnu/libGLX.so.0.0.0
7ff4952ad000-7ff4952ae000 ---p 00021000 103:07 23333758                  /usr/lib/x86_64-linux-gnu/libGLX.so.0.0.0
7ff4952ae000-7ff4952af000 r--p 00021000 103:07 23333758                  /usr/lib/x86_64-linux-gnu/libGLX.so.0.0.0
7ff4952af000-7ff4952b0000 rw-p 00022000 103:07 23333758                  /usr/lib/x86_64-linux-gnu/libGLX.so.0.0.0
7ff4952b0000-7ff4952c0000 rw-p 00000000 00:00 0 
7ff4952c0000-7ff4952d9000 r--p 00000000 103:07 23334788                  /usr/lib/x86_64-linux-gnu/libX11.so.6.4.0
7ff4952d9000-7ff495365000 r-xp 00019000 103:07 23334788                  /usr/lib/x86_64-linux-gnu/libX11.so.6.4.0
7ff495365000-7ff4953fa000 r--p 000a5000 103:07 23334788                  /usr/lib/x86_64-linux-gnu/libX11.so.6.4.0
7ff4953fa000-7ff4953fb000 ---p 0013a000 103:07 23334788                  /usr/lib/x86_64-linux-gnu/libX11.so.6.4.0
7ff4953fb000-7ff4953fc000 r--p 0013a000 103:07 23334788                  /usr/lib/x86_64-linux-gnu/libX11.so.6.4.0
7ff4953fc000-7ff495400000 rw-p 0013b000 103:07 23334788                  /usr/lib/x86_64-linux-gnu/libX11.so.6.4.0
7ff495400000-7ff495c00000 rw-p 00000000 00:00 0 
7ff495c00000-7ff495c08000 r--p 00000000 103:07 9175118                   /tmp/lwjgl_mindspice/3.3.3+5/x64/libjemalloc.so
7ff495c08000-7ff495c5d000 r-xp 00008000 103:07 9175118                   /tmp/lwjgl_mindspice/3.3.3+5/x64/libjemalloc.so
7ff495c5d000-7ff495c6d000 r--p 0005d000 103:07 9175118                   /tmp/lwjgl_mindspice/3.3.3+5/x64/libjemalloc.so
7ff495c6d000-7ff495c6e000 ---p 0006d000 103:07 9175118                   /tmp/lwjgl_mindspice/3.3.3+5/x64/libjemalloc.so
7ff495c6e000-7ff495c74000 r--p 0006d000 103:07 9175118                   /tmp/lwjgl_mindspice/3.3.3+5/x64/libjemalloc.so
7ff495c74000-7ff495c75000 rw-p 00073000 103:07 9175118                   /tmp/lwjgl_mindspice/3.3.3+5/x64/libjemalloc.so
7ff495c75000-7ff495e7f000 rw-p 00000000 00:00 0 
7ff495e80000-7ff495e93000 rw-s 00000000 00:05 1028                       /dev/nvidiactl
7ff495e93000-7ff495e94000 r--p 00000000 103:07 23334069                  /usr/lib/x86_64-linux-gnu/libnvidia-tls.so.535.104.05
7ff495e94000-7ff495e96000 r-xp 00001000 103:07 23334069                  /usr/lib/x86_64-linux-gnu/libnvidia-tls.so.535.104.05
7ff495e96000-7ff495e97000 r--p 00003000 103:07 23334069                  /usr/lib/x86_64-linux-gnu/libnvidia-tls.so.535.104.05
7ff495e97000-7ff495e98000 r--p 00003000 103:07 23334069                  /usr/lib/x86_64-linux-gnu/libnvidia-tls.so.535.104.05
7ff495e98000-7ff495e99000 rw-p 00004000 103:07 23334069                  /usr/lib/x86_64-linux-gnu/libnvidia-tls.so.535.104.05
7ff495ea6000-7ff495eb4000 r--p 00000000 103:07 9175136                   /tmp/lwjgl_mindspice/3.3.3+5/x64/libglfw.so
7ff495eb4000-7ff495ed3000 r-xp 0000e000 103:07 9175136                   /tmp/lwjgl_mindspice/3.3.3+5/x64/libglfw.so
7ff495ed3000-7ff495f06000 r--p 0002d000 103:07 9175136                   /tmp/lwjgl_mindspice/3.3.3+5/x64/libglfw.so
7ff495f06000-7ff495f07000 ---p 00060000 103:07 9175136                   /tmp/lwjgl_mindspice/3.3.3+5/x64/libglfw.so
7ff495f07000-7ff495f0a000 r--p 00060000 103:07 9175136                   /tmp/lwjgl_mindspice/3.3.3+5/x64/libglfw.so
7ff495f0a000-7ff495f0d000 rw-p 00063000 103:07 9175136                   /tmp/lwjgl_mindspice/3.3.3+5/x64/libglfw.so
7ff495f0d000-7ff495f30000 rw-p 00000000 00:00 0 
7ff495f30000-7ff495f34000 ---p 00000000 00:00 0 
7ff495f34000-7ff496030000 rw-p 00000000 00:00 0 
7ff496030000-7ff496034000 ---p 00000000 00:00 0 
7ff496034000-7ff496130000 rw-p 00000000 00:00 0 
7ff496130000-7ff496134000 ---p 00000000 00:00 0 
7ff496134000-7ff496230000 rw-p 00000000 00:00 0 
7ff496230000-7ff496234000 ---p 00000000 00:00 0 
7ff496234000-7ff496330000 rw-p 00000000 00:00 0 
7ff496330000-7ff496334000 ---p 00000000 00:00 0 
7ff496334000-7ff496430000 rw-p 00000000 00:00 0 
7ff496430000-7ff496434000 ---p 00000000 00:00 0 
7ff496434000-7ff496530000 rw-p 00000000 00:00 0 
7ff496530000-7ff4965fe000 r-xp 00000000 103:07 26949047                  /home/mindspice/code/jdk/openjdk-21-rc/lib/libjsvml.so
7ff4965fe000-7ff4965ff000 r--p 000cd000 103:07 26949047                  /home/mindspice/code/jdk/openjdk-21-rc/lib/libjsvml.so
7ff4965ff000-7ff496600000 rw-p 000ce000 103:07 26949047                  /home/mindspice/code/jdk/openjdk-21-rc/lib/libjsvml.so
7ff496600000-7ff496604000 ---p 00000000 00:00 0 
7ff496604000-7ff496700000 rw-p 00000000 00:00 0 
7ff496700000-7ff496704000 ---p 00000000 00:00 0 
7ff496704000-7ff496800000 rw-p 00000000 00:00 0 
7ff496800000-7ff496804000 ---p 00000000 00:00 0 
7ff496804000-7ff496900000 rw-p 00000000 00:00 0 
7ff496900000-7ff496904000 ---p 00000000 00:00 0 
7ff496904000-7ff496a00000 rw-p 00000000 00:00 0 
7ff496a00000-7ff496a04000 ---p 00000000 00:00 0 
7ff496a04000-7ff496b00000 rw-p 00000000 00:00 0 
7ff496b00000-7ff496b04000 ---p 00000000 00:00 0 
7ff496b04000-7ff496c00000 rw-p 00000000 00:00 0 
7ff496c00000-7ff497b06000 r--p 00000000 103:07 22806593                  /usr/lib/locale/locale-archive
7ff497b06000-7ff497b2f000 r--p 00000000 103:07 9175153                   /tmp/lwjgl_mindspice/3.3.3+5/x64/liblwjgl.so
7ff497b2f000-7ff497b61000 r-xp 00029000 103:07 9175153                   /tmp/lwjgl_mindspice/3.3.3+5/x64/liblwjgl.so
7ff497b61000-7ff497b7a000 r--p 0005b000 103:07 9175153                   /tmp/lwjgl_mindspice/3.3.3+5/x64/liblwjgl.so
7ff497b7a000-7ff497b7b000 r--p 00073000 103:07 9175153                   /tmp/lwjgl_mindspice/3.3.3+5/x64/liblwjgl.so
7ff497b7b000-7ff497b7c000 rw-p 00074000 103:07 9175153                   /tmp/lwjgl_mindspice/3.3.3+5/x64/liblwjgl.so
7ff497b7c000-7ff497b80000 ---p 00000000 00:00 0 
7ff497b80000-7ff497c7c000 rw-p 00000000 00:00 0 
7ff497c7c000-7ff497c7d000 ---p 00000000 00:00 0 
7ff497c7d000-7ff497d7d000 rw-p 00000000 00:00 0 
7ff497d7d000-7ff497d7e000 ---p 00000000 00:00 0 
7ff497d7e000-7ff497eff000 rw-p 00000000 00:00 0 
7ff497eff000-7ff497f00000 ---p 00000000 00:00 0 
7ff497f00000-7ff498000000 rw-p 00000000 00:00 0 
7ff498000000-7ff498021000 rw-p 00000000 00:00 0 
7ff498021000-7ff49c000000 ---p 00000000 00:00 0 
7ff49c000000-7ff49c021000 rw-p 00000000 00:00 0 
7ff49c021000-7ff4a0000000 ---p 00000000 00:00 0 
7ff4a0000000-7ff4a0021000 rw-p 00000000 00:00 0 
7ff4a0021000-7ff4a4000000 ---p 00000000 00:00 0 
7ff4a402d000-7ff4a4031000 r--p 00000000 103:07 23333806                  /usr/lib/x86_64-linux-gnu/libXext.so.6.4.0
7ff4a4031000-7ff4a403c000 r-xp 00004000 103:07 23333806                  /usr/lib/x86_64-linux-gnu/libXext.so.6.4.0
7ff4a403c000-7ff4a4040000 r--p 0000f000 103:07 23333806                  /usr/lib/x86_64-linux-gnu/libXext.so.6.4.0
7ff4a4040000-7ff4a4041000 r--p 00012000 103:07 23333806                  /usr/lib/x86_64-linux-gnu/libXext.so.6.4.0
7ff4a4041000-7ff4a4042000 rw-p 00013000 103:07 23333806                  /usr/lib/x86_64-linux-gnu/libXext.so.6.4.0
7ff4a4042000-7ff4a4046000 r--p 00000000 103:07 23334094                  /usr/lib/x86_64-linux-gnu/libbsd.so.0.11.5
7ff4a4046000-7ff4a4053000 r-xp 00004000 103:07 23334094                  /usr/lib/x86_64-linux-gnu/libbsd.so.0.11.5
7ff4a4053000-7ff4a4056000 r--p 00011000 103:07 23334094                  /usr/lib/x86_64-linux-gnu/libbsd.so.0.11.5
7ff4a4056000-7ff4a4057000 ---p 00014000 103:07 23334094                  /usr/lib/x86_64-linux-gnu/libbsd.so.0.11.5
7ff4a4057000-7ff4a4058000 r--p 00014000 103:07 23334094                  /usr/lib/x86_64-linux-gnu/libbsd.so.0.11.5
7ff4a4058000-7ff4a4059000 rw-p 00015000 103:07 23334094                  /usr/lib/x86_64-linux-gnu/libbsd.so.0.11.5
7ff4a4059000-7ff4a40b5000 rw-p 00000000 00:00 0 
7ff4a40b5000-7ff4a40b6000 ---p 00000000 00:00 0 
7ff4a40b6000-7ff4a7f84000 rw-p 00000000 00:00 0 
7ff4a7f84000-7ff4b6a84000 ---p 00000000 00:00 0 
7ff4b6a84000-7ff4b6c9c000 rw-p 00000000 00:00 0 
7ff4b6c9c000-7ff4b89fc000 ---p 00000000 00:00 0 
7ff4b89fc000-7ff4b8a00000 rw-p 00000000 00:00 0 
7ff4b8a00000-7ff4b8c70000 rwxp 00000000 00:00 0 
7ff4b8c70000-7ff4bfe5f000 ---p 00000000 00:00 0 
7ff4bfe5f000-7ff4c020f000 rwxp 00000000 00:00 0 
7ff4c020f000-7ff4c05a0000 ---p 00000000 00:00 0 
7ff4c05a0000-7ff4c0810000 rwxp 00000000 00:00 0 
7ff4c0810000-7ff4c7a00000 ---p 00000000 00:00 0 
7ff4c7a00000-7ff4cfec1000 r--s 00000000 103:07 26949064                  /home/mindspice/code/jdk/openjdk-21-rc/lib/modules
7ff4cfed5000-7ff4cfee0000 r--p 00000000 103:07 23335647                  /usr/lib/x86_64-linux-gnu/libxcb.so.1.1.0
7ff4cfee0000-7ff4cfef4000 r-xp 0000b000 103:07 23335647                  /usr/lib/x86_64-linux-gnu/libxcb.so.1.1.0
7ff4cfef4000-7ff4cfefd000 r--p 0001f000 103:07 23335647                  /usr/lib/x86_64-linux-gnu/libxcb.so.1.1.0
7ff4cfefd000-7ff4cfefe000 r--p 00027000 103:07 23335647                  /usr/lib/x86_64-linux-gnu/libxcb.so.1.1.0
7ff4cfefe000-7ff4cfeff000 rw-p 00028000 103:07 23335647                  /usr/lib/x86_64-linux-gnu/libxcb.so.1.1.0
7ff4cfeff000-7ff4d0000000 rw-p 00000000 00:00 0 
7ff4d0000000-7ff4d0922000 rw-p 00000000 00:00 0 
7ff4d0922000-7ff4d4000000 ---p 00000000 00:00 0 
7ff4d4002000-7ff4d4009000 r--s 00000000 103:07 23337321                  /usr/lib/x86_64-linux-gnu/gconv/gconv-modules.cache
7ff4d4009000-7ff4d400b000 r--p 00000000 103:07 23334908                  /usr/lib/x86_64-linux-gnu/libmd.so.0.0.5
7ff4d400b000-7ff4d4012000 r-xp 00002000 103:07 23334908                  /usr/lib/x86_64-linux-gnu/libmd.so.0.0.5
7ff4d4012000-7ff4d4014000 r--p 00009000 103:07 23334908                  /usr/lib/x86_64-linux-gnu/libmd.so.0.0.5
7ff4d4014000-7ff4d4015000 r--p 0000a000 103:07 23334908                  /usr/lib/x86_64-linux-gnu/libmd.so.0.0.5
7ff4d4015000-7ff4d4016000 rw-p 0000b000 103:07 23334908                  /usr/lib/x86_64-linux-gnu/libmd.so.0.0.5
7ff4d4016000-7ff4d4018000 r--p 00000000 103:07 23333804                  /usr/lib/x86_64-linux-gnu/libXdmcp.so.6.0.0
7ff4d4018000-7ff4d401a000 r-xp 00002000 103:07 23333804                  /usr/lib/x86_64-linux-gnu/libXdmcp.so.6.0.0
7ff4d401a000-7ff4d401c000 r--p 00004000 103:07 23333804                  /usr/lib/x86_64-linux-gnu/libXdmcp.so.6.0.0
7ff4d401c000-7ff4d401d000 r--p 00005000 103:07 23333804                  /usr/lib/x86_64-linux-gnu/libXdmcp.so.6.0.0
7ff4d401d000-7ff4d401e000 rw-p 00006000 103:07 23333804                  /usr/lib/x86_64-linux-gnu/libXdmcp.so.6.0.0
7ff4d401e000-7ff4d4022000 rw-s 00000000 00:05 1028                       /dev/nvidiactl
7ff4d4022000-7ff4d4023000 rw-s 00000000 00:05 1043                       /dev/nvidia0
7ff4d4023000-7ff4d4025000 rw-s 00000000 00:05 1028                       /dev/nvidiactl
7ff4d4025000-7ff4d4029000 rw-s 00000000 00:05 1028                       /dev/nvidiactl
7ff4d4029000-7ff4d402a000 rw-s 00000000 00:05 1028                       /dev/nvidiactl
7ff4d402a000-7ff4d402b000 rw-s 00000000 00:05 1028                       /dev/nvidiactl
7ff4d402b000-7ff4d403b000 rw-s 00000000 00:05 1043                       /dev/nvidia0
7ff4d403b000-7ff4d437f000 rw-p 00000000 00:00 0 
7ff4d437f000-7ff4d4380000 ---p 00000000 00:00 0 
7ff4d4380000-7ff4d4480000 rw-p 00000000 00:00 0 
7ff4d4480000-7ff4d4481000 ---p 00000000 00:00 0 
7ff4d4481000-7ff4d4581000 rw-p 00000000 00:00 0 
7ff4d4581000-7ff4d4582000 ---p 00000000 00:00 0 
7ff4d4582000-7ff4d49b8000 rw-p 00000000 00:00 0 
7ff4d49b8000-7ff4d6718000 ---p 00000000 00:00 0 
7ff4d6718000-7ff4d7933000 rw-p 00000000 00:00 0 
7ff4d7933000-7ff4d7a17000 ---p 00000000 00:00 0 
7ff4d7a17000-7ff4d7a1c000 rw-p 00000000 00:00 0 
7ff4d7a1c000-7ff4d7b00000 ---p 00000000 00:00 0 
7ff4d7b00000-7ff4d7b04000 ---p 00000000 00:00 0 
7ff4d7b04000-7ff4d7c00000 rw-p 00000000 00:00 0 
7ff4d7c00000-7ff4d8f0a000 r-xp 00000000 103:07 26949074                  /home/mindspice/code/jdk/openjdk-21-rc/lib/server/libjvm.so
7ff4d8f0a000-7ff4d8fd7000 r--p 01309000 103:07 26949074                  /home/mindspice/code/jdk/openjdk-21-rc/lib/server/libjvm.so
7ff4d8fd7000-7ff4d9005000 rw-p 013d6000 103:07 26949074                  /home/mindspice/code/jdk/openjdk-21-rc/lib/server/libjvm.so
7ff4d9005000-7ff4d906a000 rw-p 00000000 00:00 0 
7ff4d906a000-7ff4d906b000 rw-s 00000000 00:05 1028                       /dev/nvidiactl
7ff4d906b000-7ff4d906c000 rw-s 00044000 00:01 15368                      /memfd:/.nvidia_drv.XXXXXX (deleted)
7ff4d906c000-7ff4d906d000 r-xp 00000000 00:00 0 
7ff4d906d000-7ff4d9079000 r-xp 00000000 103:07 26949054                  /home/mindspice/code/jdk/openjdk-21-rc/lib/libnet.so
7ff4d9079000-7ff4d907a000 r--p 0000b000 103:07 26949054                  /home/mindspice/code/jdk/openjdk-21-rc/lib/libnet.so
7ff4d907a000-7ff4d907b000 rw-p 0000c000 103:07 26949054                  /home/mindspice/code/jdk/openjdk-21-rc/lib/libnet.so
7ff4d907b000-7ff4d908e000 r-xp 00000000 103:07 26949055                  /home/mindspice/code/jdk/openjdk-21-rc/lib/libnio.so
7ff4d908e000-7ff4d908f000 ---p 00013000 103:07 26949055                  /home/mindspice/code/jdk/openjdk-21-rc/lib/libnio.so
7ff4d908f000-7ff4d9090000 r--p 00013000 103:07 26949055                  /home/mindspice/code/jdk/openjdk-21-rc/lib/libnio.so
7ff4d9090000-7ff4d9091000 rw-p 00014000 103:07 26949055                  /home/mindspice/code/jdk/openjdk-21-rc/lib/libnio.so
7ff4d9091000-7ff4d9098000 r-xp 00000000 103:07 26949063                  /home/mindspice/code/jdk/openjdk-21-rc/lib/libzip.so
7ff4d9098000-7ff4d9099000 ---p 00007000 103:07 26949063                  /home/mindspice/code/jdk/openjdk-21-rc/lib/libzip.so
7ff4d9099000-7ff4d909a000 r--p 00007000 103:07 26949063                  /home/mindspice/code/jdk/openjdk-21-rc/lib/libzip.so
7ff4d909a000-7ff4d909b000 rw-p 00008000 103:07 26949063                  /home/mindspice/code/jdk/openjdk-21-rc/lib/libzip.so
7ff4d909b000-7ff4d9119000 rw-p 00000000 00:00 0 
7ff4d9119000-7ff4d9127000 r--p 00000000 103:07 23333324                  /usr/lib/x86_64-linux-gnu/libm.so.6
7ff4d9127000-7ff4d91a3000 r-xp 0000e000 103:07 23333324                  /usr/lib/x86_64-linux-gnu/libm.so.6
7ff4d91a3000-7ff4d91fe000 r--p 0008a000 103:07 23333324                  /usr/lib/x86_64-linux-gnu/libm.so.6
7ff4d91fe000-7ff4d91ff000 r--p 000e4000 103:07 23333324                  /usr/lib/x86_64-linux-gnu/libm.so.6
7ff4d91ff000-7ff4d9200000 rw-p 000e5000 103:07 23333324                  /usr/lib/x86_64-linux-gnu/libm.so.6
7ff4d9200000-7ff4d9228000 r--p 00000000 103:07 23332177                  /usr/lib/x86_64-linux-gnu/libc.so.6
7ff4d9228000-7ff4d93bd000 r-xp 00028000 103:07 23332177                  /usr/lib/x86_64-linux-gnu/libc.so.6
7ff4d93bd000-7ff4d9415000 r--p 001bd000 103:07 23332177                  /usr/lib/x86_64-linux-gnu/libc.so.6
7ff4d9415000-7ff4d9419000 r--p 00214000 103:07 23332177                  /usr/lib/x86_64-linux-gnu/libc.so.6
7ff4d9419000-7ff4d941b000 rw-p 00218000 103:07 23332177                  /usr/lib/x86_64-linux-gnu/libc.so.6
7ff4d941b000-7ff4d9428000 rw-p 00000000 00:00 0 
7ff4d9428000-7ff4d9429000 r--p 00000000 103:07 23333793                  /usr/lib/x86_64-linux-gnu/libXau.so.6.0.0
7ff4d9429000-7ff4d942b000 r-xp 00001000 103:07 23333793                  /usr/lib/x86_64-linux-gnu/libXau.so.6.0.0
7ff4d942b000-7ff4d942c000 r--p 00003000 103:07 23333793                  /usr/lib/x86_64-linux-gnu/libXau.so.6.0.0
7ff4d942c000-7ff4d942d000 r--p 00003000 103:07 23333793                  /usr/lib/x86_64-linux-gnu/libXau.so.6.0.0
7ff4d942d000-7ff4d942e000 rw-p 00004000 103:07 23333793                  /usr/lib/x86_64-linux-gnu/libXau.so.6.0.0
7ff4d942e000-7ff4d9437000 rw-p 00000000 00:00 0 
7ff4d9437000-7ff4d943e000 ---p 00000000 00:00 0 
7ff4d943e000-7ff4d945e000 r-xp 00000000 103:07 26949039                  /home/mindspice/code/jdk/openjdk-21-rc/lib/libjava.so
7ff4d945e000-7ff4d945f000 ---p 00020000 103:07 26949039                  /home/mindspice/code/jdk/openjdk-21-rc/lib/libjava.so
7ff4d945f000-7ff4d9460000 r--p 00020000 103:07 26949039                  /home/mindspice/code/jdk/openjdk-21-rc/lib/libjava.so
7ff4d9460000-7ff4d9461000 rw-p 00021000 103:07 26949039                  /home/mindspice/code/jdk/openjdk-21-rc/lib/libjava.so
7ff4d9461000-7ff4d9462000 rw-p 00000000 00:00 0 
7ff4d9462000-7ff4d947d000 r-xp 00000000 103:07 26949043                  /home/mindspice/code/jdk/openjdk-21-rc/lib/libjimage.so
7ff4d947d000-7ff4d947e000 ---p 0001b000 103:07 26949043                  /home/mindspice/code/jdk/openjdk-21-rc/lib/libjimage.so
7ff4d947e000-7ff4d9480000 r--p 0001b000 103:07 26949043                  /home/mindspice/code/jdk/openjdk-21-rc/lib/libjimage.so
7ff4d9480000-7ff4d9481000 rw-p 0001d000 103:07 26949043                  /home/mindspice/code/jdk/openjdk-21-rc/lib/libjimage.so
7ff4d9481000-7ff4d9482000 r--p 00000000 103:07 23334891                  /usr/lib/x86_64-linux-gnu/librt.so.1
7ff4d9482000-7ff4d9483000 r-xp 00001000 103:07 23334891                  /usr/lib/x86_64-linux-gnu/librt.so.1
7ff4d9483000-7ff4d9484000 r--p 00002000 103:07 23334891                  /usr/lib/x86_64-linux-gnu/librt.so.1
7ff4d9484000-7ff4d9485000 r--p 00002000 103:07 23334891                  /usr/lib/x86_64-linux-gnu/librt.so.1
7ff4d9485000-7ff4d9486000 rw-p 00003000 103:07 23334891                  /usr/lib/x86_64-linux-gnu/librt.so.1
7ff4d9486000-7ff4d948a000 rw-p 00000000 00:00 0 
7ff4d948a000-7ff4d948b000 r--p 00000000 103:07 23333056                  /usr/lib/x86_64-linux-gnu/libdl.so.2
7ff4d948b000-7ff4d948c000 r-xp 00001000 103:07 23333056                  /usr/lib/x86_64-linux-gnu/libdl.so.2
7ff4d948c000-7ff4d948d000 r--p 00002000 103:07 23333056                  /usr/lib/x86_64-linux-gnu/libdl.so.2
7ff4d948d000-7ff4d948e000 r--p 00002000 103:07 23333056                  /usr/lib/x86_64-linux-gnu/libdl.so.2
7ff4d948e000-7ff4d948f000 rw-p 00003000 103:07 23333056                  /usr/lib/x86_64-linux-gnu/libdl.so.2
7ff4d948f000-7ff4d9490000 r--p 00000000 103:07 23334258                  /usr/lib/x86_64-linux-gnu/libpthread.so.0
7ff4d9490000-7ff4d9491000 r-xp 00001000 103:07 23334258                  /usr/lib/x86_64-linux-gnu/libpthread.so.0
7ff4d9491000-7ff4d9492000 r--p 00002000 103:07 23334258                  /usr/lib/x86_64-linux-gnu/libpthread.so.0
7ff4d9492000-7ff4d9493000 r--p 00002000 103:07 23334258                  /usr/lib/x86_64-linux-gnu/libpthread.so.0
7ff4d9493000-7ff4d9494000 rw-p 00003000 103:07 23334258                  /usr/lib/x86_64-linux-gnu/libpthread.so.0
7ff4d9494000-7ff4d94a2000 r-xp 00000000 103:07 26949044                  /home/mindspice/code/jdk/openjdk-21-rc/lib/libjli.so
7ff4d94a2000-7ff4d94a3000 ---p 0000e000 103:07 26949044                  /home/mindspice/code/jdk/openjdk-21-rc/lib/libjli.so
7ff4d94a3000-7ff4d94a4000 r--p 0000e000 103:07 26949044                  /home/mindspice/code/jdk/openjdk-21-rc/lib/libjli.so
7ff4d94a4000-7ff4d94a5000 rw-p 0000f000 103:07 26949044                  /home/mindspice/code/jdk/openjdk-21-rc/lib/libjli.so
7ff4d94a5000-7ff4d94a7000 r--p 00000000 103:07 23331309                  /usr/lib/x86_64-linux-gnu/libz.so.1.2.11
7ff4d94a7000-7ff4d94b8000 r-xp 00002000 103:07 23331309                  /usr/lib/x86_64-linux-gnu/libz.so.1.2.11
7ff4d94b8000-7ff4d94be000 r--p 00013000 103:07 23331309                  /usr/lib/x86_64-linux-gnu/libz.so.1.2.11
7ff4d94be000-7ff4d94bf000 ---p 00019000 103:07 23331309                  /usr/lib/x86_64-linux-gnu/libz.so.1.2.11
7ff4d94bf000-7ff4d94c0000 r--p 00019000 103:07 23331309                  /usr/lib/x86_64-linux-gnu/libz.so.1.2.11
7ff4d94c0000-7ff4d94c1000 rw-p 0001a000 103:07 23331309                  /usr/lib/x86_64-linux-gnu/libz.so.1.2.11
7ff4d94c1000-7ff4d94c2000 r-xp 00059000 103:07 9175153                   /tmp/lwjgl_mindspice/3.3.3+5/x64/liblwjgl.so
7ff4d94c2000-7ff4d94c3000 rw-p 00000000 00:00 0 
7ff4d94c3000-7ff4d94c5000 r-xp 00000000 103:07 26949032                  /home/mindspice/code/jdk/openjdk-21-rc/lib/libextnet.so
7ff4d94c5000-7ff4d94c6000 r--p 00001000 103:07 26949032                  /home/mindspice/code/jdk/openjdk-21-rc/lib/libextnet.so
7ff4d94c6000-7ff4d94c7000 rw-p 00002000 103:07 26949032                  /home/mindspice/code/jdk/openjdk-21-rc/lib/libextnet.so
7ff4d94c7000-7ff4d94cf000 rw-s 00000000 103:07 9175097                   /tmp/hsperfdata_mindspice/168520
7ff4d94cf000-7ff4d94d9000 r-xp 00000000 103:07 26949034                  /home/mindspice/code/jdk/openjdk-21-rc/lib/libinstrument.so
7ff4d94d9000-7ff4d94da000 ---p 0000a000 103:07 26949034                  /home/mindspice/code/jdk/openjdk-21-rc/lib/libinstrument.so
7ff4d94da000-7ff4d94db000 r--p 0000a000 103:07 26949034                  /home/mindspice/code/jdk/openjdk-21-rc/lib/libinstrument.so
7ff4d94db000-7ff4d94dc000 rw-p 0000b000 103:07 26949034                  /home/mindspice/code/jdk/openjdk-21-rc/lib/libinstrument.so
7ff4d94dc000-7ff4d94dd000 ---p 00000000 00:00 0 
7ff4d94dd000-7ff4d94de000 r--p 00000000 00:00 0 
7ff4d94de000-7ff4d94e0000 rw-p 00000000 00:00 0 
7ff4d94e0000-7ff4d94e2000 r--p 00000000 103:07 23332035                  /usr/lib/x86_64-linux-gnu/ld-linux-x86-64.so.2
7ff4d94e2000-7ff4d950c000 r-xp 00002000 103:07 23332035                  /usr/lib/x86_64-linux-gnu/ld-linux-x86-64.so.2
7ff4d950c000-7ff4d9517000 r--p 0002c000 103:07 23332035                  /usr/lib/x86_64-linux-gnu/ld-linux-x86-64.so.2
7ff4d9517000-7ff4d9518000 ---p 00000000 00:00 0 
7ff4d9518000-7ff4d951a000 r--p 00037000 103:07 23332035                  /usr/lib/x86_64-linux-gnu/ld-linux-x86-64.so.2
7ff4d951a000-7ff4d951c000 rw-p 00039000 103:07 23332035                  /usr/lib/x86_64-linux-gnu/ld-linux-x86-64.so.2
7ffe4044c000-7ffe4046e000 rw-p 00000000 00:00 0                          [stack]
7ffe4056d000-7ffe40571000 r--p 00000000 00:00 0                          [vvar]
7ffe40571000-7ffe40573000 r-xp 00000000 00:00 0                          [vdso]
ffffffffff600000-ffffffffff601000 --xp 00000000 00:00 0                  [vsyscall]
Total number of mappings: 364


VM Arguments:
jvm_args: -javaagent:/home/mindspice/.local/share/JetBrains/Toolbox/apps/IDEA-U/ch-0/222.4345.14/lib/idea_rt.jar=38821:/home/mindspice/.local/share/JetBrains/Toolbox/apps/IDEA-U/ch-0/222.4345.14/bin -Dfile.encoding=UTF-8 -Dsun.stdout.encoding=UTF-8 -Dsun.stderr.encoding=UTF-8 
java_command: io.mindspice.mspice.game.Main
java_class_path (initial): /home/mindspice/code/Java/game/mspice-engine/target/classes:/home/mindspice/.m2/repository/org/lwjgl/lwjgl/3.3.3/lwjgl-3.3.3.jar:/home/mindspice/.m2/repository/org/lwjgl/lwjgl-assimp/3.3.3/lwjgl-assimp-3.3.3.jar:/home/mindspice/.m2/repository/org/lwjgl/lwjgl-glfw/3.3.3/lwjgl-glfw-3.3.3.jar:/home/mindspice/.m2/repository/org/lwjgl/lwjgl-harfbuzz/3.3.3/lwjgl-harfbuzz-3.3.3.jar:/home/mindspice/.m2/repository/org/lwjgl/lwjgl-hwloc/3.3.3/lwjgl-hwloc-3.3.3.jar:/home/mindspice/.m2/repository/org/lwjgl/lwjgl-jemalloc/3.3.3/lwjgl-jemalloc-3.3.3.jar:/home/mindspice/.m2/repository/org/lwjgl/lwjgl-ktx/3.3.3/lwjgl-ktx-3.3.3.jar:/home/mindspice/.m2/repository/org/lwjgl/lwjgl-libdivide/3.3.3/lwjgl-libdivide-3.3.3.jar:/home/mindspice/.m2/repository/org/lwjgl/lwjgl-lz4/3.3.3/lwjgl-lz4-3.3.3.jar:/home/mindspice/.m2/repository/org/lwjgl/lwjgl-meshoptimizer/3.3.3/lwjgl-meshoptimizer-3.3.3.jar:/home/mindspice/.m2/repository/org/lwjgl/lwjgl-openal/3.3.3/lwjgl-openal-3.3.3.jar:/home/mindspice/.m2/repository/org/lwjgl/lwjgl-opengl/3.3.3/lwjgl-opengl-3.3.3.jar:/home/mindspice/.m2/repository/org/lwjgl/lwjgl-remotery/3.3.3/lwjgl-remotery-3.3.3.jar:/home/mindspice/.m2/repository/org/lwjgl/lwjgl-rpmalloc/3.3.3/lwjgl-rpmalloc-3.3.3.jar:/home/mindspice/.m2/repository/org/lwjgl/lwjgl-sse/3.3.3/lwjgl-sse-3.3.3.jar:/home/mindspice/.m2/repository/org/lwjgl/lwjgl-stb/3.3.3/lwjgl-stb-3.3.3.jar:/home/mindspice/.m2/repository/org/lwjgl/lwjgl-vma/3.3.3/lwjgl-vma-3.3.3.jar:/home/mindspice/.m2/repository/org/lwjgl/lwjgl-vulkan/3.3.3/lwjgl-vulkan-3.3.3.jar:/home/mindspice/.m2/repository/org/lwjgl/lwjgl/3.3.3/lwjgl-3.3.3-natives-linux.jar:/home/mindspice/.m2/repository/org/lwjgl/lwjgl-assimp/3.3.3/lwjgl-assimp-3.3.3-natives-linux.jar:/home/mindspice/.m2/repository/org/lwjgl/lwjgl-glfw/3.3.3/lwjgl-glfw-3.3.3-natives-linux.jar:/home/mindspice/.m2/repository/org/lwjgl/lwjgl-harfbuzz/3.3.3/lwjgl-harfbuzz-3.3.3-natives-linux.jar:/home/mindspice/.m2/repository/org/lwjgl/lwjgl-hwloc/3.3.3/lwjgl-hwloc-3.3.3-natives-linux.jar:/home/mindspice/.m2/repository/org/lwjgl/lwjgl-jemalloc/3.3.3/lwjgl-jemalloc-3.3.3-natives-linux.jar:/home/mindspice/.m2/repository/org/lwjgl/lwjgl-ktx/3.3.3/lwjgl-ktx-3.3.3-natives-linux.jar:/home/mindspice/.m2/repository/org/lwjgl/lwjgl-libdivide/3.3.3/lwjgl-libdivide-3.3.3-natives-linux.jar:/home/mindspice/.m2/repository/org/lwjgl/lwjgl-lz4/3.3.3/lwjgl-lz4-3.3.3-natives-linux.jar:/home/mindspice/.m2/repository/org/lwjgl/lwjgl-meshoptimizer/3.3.3/lwjgl-meshoptimizer-3.3.3-natives-linux.jar:/home/mindspice/.m2/repository/org/lwjgl/lwjgl-openal/3.3.3/lwjgl-openal-3.3.3-natives-linux.jar:/home/mindspice/.m2/repository/org/lwjgl/lwjgl-opengl/3.3.3/lwjgl-opengl-3.3.3-natives-linux.jar:/home/mindspice/.m2/repository/org/lwjgl/lwjgl-remotery/3.3.3/lwjgl-remotery-3.3.3-natives-linux.jar:/home/mindspice/.m2/repository/org/lwjgl/lwjgl-rpmalloc/3.3.3/lwjgl-rpmalloc-3.3.3-natives-linux.jar:/home/mindspice/.m2/repository/org/lwjgl/lwjgl-sse/3.3.3/lwjgl-sse-3.3.3-natives-linux.jar:/home/mindspice/.m2/repository/org/lwjgl/lwjgl-stb/3.3.3/lwjgl-stb-3.3.3-natives-linux.jar:/home/mindspice/.m2/repository/org/lwjgl/lwjgl-vma/3.3.3/lwjgl-vma-3.3.3-natives-linux.jar:/home/mindspice/.m2/repository/org/joml/joml/1.10.5/joml-1.10.5.jar
Launcher Type: SUN_STANDARD

[Global flags]
     intx CICompilerCount                          = 12                                        {product} {ergonomic}
     uint ConcGCThreads                            = 5                                         {product} {ergonomic}
     uint G1ConcRefinementThreads                  = 18                                        {product} {ergonomic}
   size_t G1HeapRegionSize                         = 8388608                                   {product} {ergonomic}
    uintx GCDrainStackTargetSize                   = 64                                        {product} {ergonomic}
   size_t InitialHeapSize                          = 1056964608                                {product} {ergonomic}
   size_t MarkStackSize                            = 4194304                                   {product} {ergonomic}
   size_t MaxHeapSize                              = 16835936256                               {product} {ergonomic}
   size_t MaxNewSize                               = 10099884032                               {product} {ergonomic}
   size_t MinHeapDeltaBytes                        = 8388608                                   {product} {ergonomic}
   size_t MinHeapSize                              = 8388608                                   {product} {ergonomic}
    uintx NonNMethodCodeHeapSize                   = 7602480                                {pd product} {ergonomic}
    uintx NonProfiledCodeHeapSize                  = 122027880                              {pd product} {ergonomic}
    uintx ProfiledCodeHeapSize                     = 122027880                              {pd product} {ergonomic}
    uintx ReservedCodeCacheSize                    = 251658240                              {pd product} {ergonomic}
     bool SegmentedCodeCache                       = true                                      {product} {ergonomic}
   size_t SoftMaxHeapSize                          = 16835936256                            {manageable} {ergonomic}
     bool UseCompressedOops                        = true                           {product lp64_product} {ergonomic}
     bool UseG1GC                                  = true                                      {product} {ergonomic}

Logging:
Log output configuration:
 #0: stdout all=warning uptime,level,tags foldmultilines=false
 #1: stderr all=off uptime,level,tags foldmultilines=false

Environment Variables:
PATH=/home/mindspice/.local/bin:/usr/local/sbin:/usr/local/bin:/usr/sbin:/usr/bin:/sbin:/bin:/usr/games:/usr/local/games:/snap/bin:/home/mindspice/.local/share/JetBrains/Toolbox/scripts
USERNAME=mindspice
SHELL=/bin/bash
DISPLAY=:1
LANG=en_US.UTF-8

Active Locale:
LC_ALL=en_US.UTF-8
LC_COLLATE=en_US.UTF-8
LC_CTYPE=en_US.UTF-8
LC_MESSAGES=en_US.UTF-8
LC_MONETARY=en_US.UTF-8
LC_NUMERIC=en_US.UTF-8
LC_TIME=en_US.UTF-8

Signal Handlers:
   SIGSEGV: crash_handler in libjvm.so, mask=11100100010111111101111111111110, flags=SA_RESTART|SA_SIGINFO, unblocked
    SIGBUS: crash_handler in libjvm.so, mask=11100100010111111101111111111110, flags=SA_RESTART|SA_SIGINFO, unblocked
    SIGFPE: crash_handler in libjvm.so, mask=11100100010111111101111111111110, flags=SA_RESTART|SA_SIGINFO, unblocked
   SIGPIPE: javaSignalHandler in libjvm.so, mask=11100100010111111101111111111110, flags=SA_RESTART|SA_SIGINFO, blocked
   SIGXFSZ: javaSignalHandler in libjvm.so, mask=11100100010111111101111111111110, flags=SA_RESTART|SA_SIGINFO, blocked
    SIGILL: crash_handler in libjvm.so, mask=11100100010111111101111111111110, flags=SA_RESTART|SA_SIGINFO, unblocked
   SIGUSR2: SR_handler in libjvm.so, mask=00100000000000000000000000000000, flags=SA_RESTART|SA_SIGINFO, blocked
    SIGHUP: SIG_IGN, mask=00000000000000000000000000000000, flags=none, blocked
    SIGINT: UserHandler in libjvm.so, mask=11100100010111111101111111111110, flags=SA_RESTART|SA_SIGINFO, blocked
   SIGTERM: UserHandler in libjvm.so, mask=11100100010111111101111111111110, flags=SA_RESTART|SA_SIGINFO, blocked
   SIGQUIT: UserHandler in libjvm.so, mask=11100100010111111101111111111110, flags=SA_RESTART|SA_SIGINFO, blocked
   SIGTRAP: crash_handler in libjvm.so, mask=11100100010111111101111111111110, flags=SA_RESTART|SA_SIGINFO, unblocked


---------------  S Y S T E M  ---------------

OS:
DISTRIB_ID=Pop
DISTRIB_RELEASE=22.04
DISTRIB_CODENAME=jammy
DISTRIB_DESCRIPTION="Pop!_OS 22.04 LTS"
uname: Linux 6.4.6-76060406-generic #202307241739~1694621917~22.04~ac5e1a8 SMP PREEMPT_DYNAMIC Wed S x86_64
OS uptime: 1 days 10:04 hours
libc: glibc 2.35 NPTL 2.35 
rlimit (soft/hard): STACK 8192k/infinity , CORE 0k/infinity , NPROC 256363/256363 , NOFILE 1048576/1048576 , AS infinity/infinity , CPU infinity/infinity , DATA infinity/infinity , FSIZE infinity/infinity , MEMLOCK 8219220k/8219220k
load average: 0.45 0.57 0.66

/proc/meminfo:
MemTotal:       65753772 kB
MemFree:         3349420 kB
MemAvailable:   17832500 kB
Buffers:          861124 kB
Cached:         17448180 kB
SwapCached:            0 kB
Active:         37228356 kB
Inactive:       21523672 kB
Active(anon):   33403324 kB
Inactive(anon):  7650684 kB
Active(file):    3825032 kB
Inactive(file): 13872988 kB
Unevictable:         504 kB
Mlocked:             504 kB
SwapTotal:      16777212 kB
SwapFree:       16776700 kB
Zswap:                 0 kB
Zswapped:              0 kB
Dirty:               324 kB
Writeback:             0 kB
AnonPages:      40435860 kB
Mapped:          2932760 kB
Shmem:            611272 kB
KReclaimable:    1651484 kB
Slab:            2261024 kB
SReclaimable:    1651484 kB
SUnreclaim:       609540 kB
KernelStack:       74416 kB
PageTables:       217376 kB
SecPageTables:     11328 kB
NFS_Unstable:          0 kB
Bounce:                0 kB
WritebackTmp:          0 kB
CommitLimit:    49654096 kB
Committed_AS:   73671096 kB
VmallocTotal:   34359738367 kB
VmallocUsed:      326248 kB
VmallocChunk:          0 kB
Percpu:            48384 kB
HardwareCorrupted:     0 kB
AnonHugePages:   5457920 kB
ShmemHugePages:        0 kB
ShmemPmdMapped:        0 kB
FileHugePages:         0 kB
FilePmdMapped:         0 kB
HugePages_Total:       0
HugePages_Free:        0
HugePages_Rsvd:        0
HugePages_Surp:        0
Hugepagesize:       2048 kB
Hugetlb:               0 kB
DirectMap4k:     2026820 kB
DirectMap2M:    46129152 kB
DirectMap1G:    18874368 kB

/sys/kernel/mm/transparent_hugepage/enabled: always [madvise] never
/sys/kernel/mm/transparent_hugepage/defrag (defrag/compaction efforts parameter): always defer defer+madvise [madvise] never

Process Memory:
Virtual Size: 20053920K (peak: 20116808K)
Resident Set Size: 126080K (peak: 135048K) (anon: 76604K, file: 49476K, shmem: 0K)
Swapped out: 0K
C-Heap outstanding allocations: 61545K, retained: 20350K
glibc malloc tunables: (default)

/proc/sys/kernel/threads-max (system-wide limit on the number of threads): 512726
/proc/sys/vm/max_map_count (maximum number of memory map areas a process may have): 2147483642
/proc/sys/kernel/pid_max (system-wide limit on number of process identifiers): 4194304

container (cgroup) information:
container_type: cgroupv2
cpu_cpuset_cpus: not supported
cpu_memory_nodes: not supported
active_processor_count: 24
cpu_quota: not supported
cpu_period: not supported
cpu_shares: not supported
memory_limit_in_bytes: unlimited
memory_and_swap_limit_in_bytes: unlimited
memory_soft_limit_in_bytes: unlimited
memory_usage_in_bytes: 12400664 k
memory_max_usage_in_bytes: not supported
memory_swap_current_in_bytes: unlimited
memory_swap_max_limit_in_bytes: unlimited
maximum number of tasks: 76908
current number of tasks: 1466

Steal ticks since vm start: 0
Steal ticks percentage since vm start:  0.000

CPU: total 24 (initial active 24) (24 cores per cpu, 2 threads per core) family 25 model 33 stepping 0 microcode 0xa201016, cx8, cmov, fxsr, ht, mmx, 3dnowpref, sse, sse2, sse3, ssse3, sse4a, sse4.1, sse4.2, popcnt, lzcnt, tsc, tscinvbit, avx, avx2, aes, erms, clmul, bmi1, bmi2, adx, sha, fma, vzeroupper, clflush, clflushopt, rdtscp, rdpid, fsrm, f16c, pku, ospke, cet_ss
CPU Model and flags from /proc/cpuinfo:
model name	: AMD Ryzen 9 5900X 12-Core Processor
flags		: fpu vme de pse tsc msr pae mce cx8 apic sep mtrr pge mca cmov pat pse36 clflush mmx fxsr sse sse2 ht syscall nx mmxext fxsr_opt pdpe1gb rdtscp lm constant_tsc rep_good nopl nonstop_tsc cpuid extd_apicid aperfmperf rapl pni pclmulqdq monitor ssse3 fma cx16 sse4_1 sse4_2 x2apic movbe popcnt aes xsave avx f16c rdrand lahf_lm cmp_legacy svm extapic cr8_legacy abm sse4a misalignsse 3dnowprefetch osvw ibs skinit wdt tce topoext perfctr_core perfctr_nb bpext perfctr_llc mwaitx cpb cat_l3 cdp_l3 hw_pstate ssbd mba ibrs ibpb stibp vmmcall fsgsbase bmi1 avx2 smep bmi2 erms invpcid cqm rdt_a rdseed adx smap clflushopt clwb sha_ni xsaveopt xsavec xgetbv1 xsaves cqm_llc cqm_occup_llc cqm_mbm_total cqm_mbm_local clzero irperf xsaveerptr rdpru wbnoinvd arat npt lbrv svm_lock nrip_save tsc_scale vmcb_clean flushbyasid decodeassists pausefilter pfthreshold avic v_vmsave_vmload vgif v_spec_ctrl umip pku ospke vaes vpclmulqdq rdpid overflow_recov succor smca fsrm

Online cpus: 0-23
Offline cpus: 24-31
BIOS frequency limitation: 3700000
Frequency switch latency (ns): 0
Available cpu frequencies: 3700000 2800000 2200000 
Current governor: schedutil
Core performance/turbo boost: 1

Memory: 4k page, physical 65753772k(17832500k free), swap 16777212k(16776700k free)
Page Sizes: 4k

vm_info: OpenJDK 64-Bit Server VM (21+35-2513) for linux-amd64 JRE (21+35-2513), built on 2023-08-09T20:25:10Z by "mach5one" with gcc 11.2.0

END.
