#
# A fatal error has been detected by the Java Runtime Environment:
#
#  SIGSEGV (0xb) at pc=0x00007f1bef18c473, pid=167034, tid=167039
#
# JRE version: OpenJDK Runtime Environment (21.0+35) (build 21+35-2513)
# Java VM: OpenJDK 64-Bit Server VM (21+35-2513, mixed mode, sharing, tiered, compressed oops, compressed class ptrs, g1 gc, linux-amd64)
# Problematic frame:
# V  [libjvm.so+0x58c473]  AccessInternal::PostRuntimeDispatch<G1BarrierSet::AccessBarrier<548964ul, G1BarrierSet>, (AccessInternal::BarrierType)0, 548964ul>::oop_access_barrier(void*, oopDesc*)+0x53
#
# Core dump will be written. Default location: Core dumps may be processed with "/usr/share/apport/apport -p%p -s%s -c%c -d%d -P%P -u%u -g%g -- %E" (or dumping to /home/mindspice/code/Java/game/mspice-engine/core.167034)
#
# If you would like to submit a bug report, please visit:
#   https://bugreport.java.com/bugreport/crash.jsp
#

---------------  S U M M A R Y ------------

Command Line: -javaagent:/home/mindspice/.local/share/JetBrains/Toolbox/apps/IDEA-U/ch-0/222.4345.14/lib/idea_rt.jar=32893:/home/mindspice/.local/share/JetBrains/Toolbox/apps/IDEA-U/ch-0/222.4345.14/bin -Dfile.encoding=UTF-8 -Dsun.stdout.encoding=UTF-8 -Dsun.stderr.encoding=UTF-8 io.mindspice.mspice.game.Main

Host: AMD Ryzen 9 5900X 12-Core Processor, 24 cores, 62G, Pop!_OS 22.04 LTS
Time: Mon Sep 25 17:38:06 2023 EDT elapsed time: 10.510662 seconds (0d 0h 0m 10s)

---------------  T H R E A D  ---------------

Current thread (0x00007f1be802b110):  JavaThread "main"             [_thread_in_vm, id=167039, stack(0x00007f1bf0100000,0x00007f1bf0200000) (1024K)]

Stack: [0x00007f1bf0100000,0x00007f1bf0200000],  sp=0x00007f1bf01fe4e0,  free space=1017k
Native frames: (J=compiled Java code, j=interpreted, Vv=VM code, C=native code)
V  [libjvm.so+0x58c473]  AccessInternal::PostRuntimeDispatch<G1BarrierSet::AccessBarrier<548964ul, G1BarrierSet>, (AccessInternal::BarrierType)0, 548964ul>::oop_access_barrier(void*, oopDesc*)+0x53
V  [libjvm.so+0x9a9cfe]  JNIHandles::destroy_global(_jobject*)+0x1e
V  [libjvm.so+0x9725cf]  jni_DeleteGlobalRef+0x6f
j  org.lwjgl.system.jni.JNINativeInterface.nDeleteGlobalRef(J)V+0
j  org.lwjgl.system.jni.JNINativeInterface.DeleteGlobalRef(J)V+12
j  org.lwjgl.system.Callback.free(J)V+25
j  org.lwjgl.system.Callback.free()V+4
j  io.mindspice.mspice.core.GameInput.cleanup()V+4
j  io.mindspice.mspice.core.GameEngine.cleanup()V+11
j  io.mindspice.mspice.core.GameEngine.run()V+279
j  io.mindspice.mspice.game.Main.main([Ljava/lang/String;)V+93
v  ~StubRoutines::call_stub 0x00007f1bd7e5fcc6
V  [libjvm.so+0x8dd585]  JavaCalls::call_helper(JavaValue*, methodHandle const&, JavaCallArguments*, JavaThread*)+0x2e5
V  [libjvm.so+0x983b40]  jni_invoke_static(JNIEnv_*, JavaValue*, _jobject*, JNICallType, _jmethodID*, JNI_ArgumentPusher*, JavaThread*) [clone .constprop.1]+0x390
V  [libjvm.so+0x98643b]  jni_CallStaticVoidMethod+0x12b
C  [libjli.so+0x5294]  JavaMain+0x1054
C  [libjli.so+0x7e49]  ThreadJavaMain+0x9
Java frames: (J=compiled Java code, j=interpreted, Vv=VM code)
j  org.lwjgl.system.jni.JNINativeInterface.nDeleteGlobalRef(J)V+0
j  org.lwjgl.system.jni.JNINativeInterface.DeleteGlobalRef(J)V+12
j  org.lwjgl.system.Callback.free(J)V+25
j  org.lwjgl.system.Callback.free()V+4
j  io.mindspice.mspice.core.GameInput.cleanup()V+4
j  io.mindspice.mspice.core.GameEngine.cleanup()V+11
j  io.mindspice.mspice.core.GameEngine.run()V+279
j  io.mindspice.mspice.game.Main.main([Ljava/lang/String;)V+93
v  ~StubRoutines::call_stub 0x00007f1bd7e5fcc6

siginfo: si_signo: 11 (SIGSEGV), si_code: 1 (SEGV_MAPERR), si_addr: 0x000000000000003e

Registers:
RAX=0x00007f1bf000b450, RBX=0x000000000000003e, RCX=0x0000000000000010, RDX=0x0000000000000040
RSP=0x00007f1bf01fe4e0, RBP=0x00007f1bf01fe500, RSI=0x0000000000000000, RDI=0x000000000000003e
R8 =0x00007f1b5b40efb0, R9 =0x0000000000000002, R10=0x00007f1bd7e6b951, R11=0x0000000452803f58
R12=0x0000000000000000, R13=0x00007f1be8049ce0, R14=0x00007f1bf01fe5d8, R15=0x00007f1be802b110
RIP=0x00007f1bef18c473, EFLAGS=0x0000000000010246, CSGSFS=0x002b000000000033, ERR=0x0000000000000006
  TRAPNO=0x000000000000000e


Register to memory mapping:

RAX=0x00007f1bf000b450: <offset 0x000000000140b450> in /home/mindspice/code/jdk/openjdk-21-rc/lib/server/libjvm.so at 0x00007f1beec00000
RBX=0x000000000000003e is an unknown value
RCX=0x0000000000000010 is an unknown value
RDX=0x0000000000000040 is an unknown value
RSP=0x00007f1bf01fe4e0 is pointing into the stack for thread: 0x00007f1be802b110
RBP=0x00007f1bf01fe500 is pointing into the stack for thread: 0x00007f1be802b110
RSI=0x0 is null
RDI=0x000000000000003e is an unknown value
R8 ={method} {0x00007f1b5b40efb0} 'free' '()V' in 'org/lwjgl/system/Callback'
R9 =0x0000000000000002 is an unknown value
R10=0x00007f1bd7e6b951 is at code_begin+1009 in an Interpreter codelet
native method entry point (kind = native)  [0x00007f1bd7e6b560, 0x00007f1bd7e6bfd0]  2672 bytes
R11=0x0000000452803f58 is an oop: java.lang.Class 
{0x0000000452803f58} - klass: 'java/lang/Class'
 - ---- fields (total size 27 words):
 - private volatile transient 'classRedefinedCount' 'I' @12  0 (0x00000000)
 - injected 'klass' 'J' @16  139755551528016 (0x00007f1b60011450)
 - injected 'array_klass' 'J' @24  0 (0x0000000000000000)
 - injected 'oop_size' 'I' @32  27 (0x0000001b)
 - injected 'static_oop_field_count' 'I' @36  0 (0x00000000)
 - private volatile transient 'cachedConstructor' 'Ljava/lang/reflect/Constructor;' @40  null (0x00000000)
 - private transient 'name' 'Ljava/lang/String;' @44  "org.lwjgl.system.jni.JNINativeInterface"{0x0000000452804030} (0x8a500806)
 - private transient 'module' 'Ljava/lang/Module;' @48  a 'java/lang/Module'{0x0000000453015290} (0x8a602a52)
 - private final 'classLoader' 'Ljava/lang/ClassLoader;' @52  a 'jdk/internal/loader/ClassLoaders$AppClassLoader'{0x0000000453015100} (0x8a602a20)
 - private transient 'classData' 'Ljava/lang/Object;' @56  null (0x00000000)
 - private transient 'packageName' 'Ljava/lang/String;' @60  "org.lwjgl.system.jni"{0x00000004537a4bb8} (0x8a6f4977)
 - private final 'componentType' 'Ljava/lang/Class;' @64  null (0x00000000)
 - private volatile transient 'reflectionData' 'Ljava/lang/ref/SoftReference;' @68  null (0x00000000)
 - private volatile transient 'genericInfo' 'Lsun/reflect/generics/repository/ClassRepository;' @72  null (0x00000000)
 - private volatile transient 'enumConstants' '[Ljava/lang/Object;' @76  null (0x00000000)
 - private volatile transient 'enumConstantDirectory' 'Ljava/util/Map;' @80  null (0x00000000)
 - private volatile transient 'annotationData' 'Ljava/lang/Class$AnnotationData;' @84  null (0x00000000)
 - private volatile transient 'annotationType' 'Lsun/reflect/annotation/AnnotationType;' @88  null (0x00000000)
 - transient 'classValueMap' 'Ljava/lang/ClassValue$ClassValueMap;' @92  null (0x00000000)
 - injected 'protection_domain' 'Ljava/lang/Object;' @96  a 'java/security/ProtectionDomain'{0x0000000453527f60} (0x8a6a4fec)
 - injected 'signers_name' 'Ljava/lang/Object;' @100  null (0x00000000)
 - injected 'source_file' 'Ljava/lang/Object;' @104  null (0x00000000)
 - signature: Lorg/lwjgl/system/jni/JNINativeInterface;
 - ---- static fields (0):
 - public static final 'JNI_VERSION_1_1' 'I' @112  65537 (0x00010001)
 - public static final 'JNI_VERSION_1_2' 'I' @116  65538 (0x00010002)
 - public static final 'JNI_VERSION_1_4' 'I' @120  65540 (0x00010004)
 - public static final 'JNI_VERSION_1_6' 'I' @124  65542 (0x00010006)
 - public static final 'JNI_VERSION_1_8' 'I' @128  65544 (0x00010008)
 - public static final 'JNI_VERSION_9' 'I' @132  589824 (0x00090000)
 - public static final 'JNI_VERSION_10' 'I' @136  655360 (0x000a0000)
 - public static final 'JNI_VERSION_19' 'I' @140  1245184 (0x00130000)
 - public static final 'JNI_VERSION_20' 'I' @144  1310720 (0x00140000)
 - public static final 'JNI_VERSION_21' 'I' @148  1376256 (0x00150000)
 - public static final 'JNIInvalidRefType' 'I' @152  0 (0x00000000)
 - public static final 'JNILocalRefType' 'I' @156  1 (0x00000001)
 - public static final 'JNIGlobalRefType' 'I' @160  2 (0x00000002)
 - public static final 'JNIWeakGlobalRefType' 'I' @164  3 (0x00000003)
 - public static final 'JNI_FALSE' 'I' @168  0 (0x00000000)
 - public static final 'JNI_TRUE' 'I' @172  1 (0x00000001)
 - public static final 'JNI_OK' 'I' @176  0 (0x00000000)
 - public static final 'JNI_ERR' 'I' @180  -1 (0xffffffff)
 - public static final 'JNI_EDETACHED' 'I' @184  -2 (0xfffffffe)
 - public static final 'JNI_EVERSION' 'I' @188  -3 (0xfffffffd)
 - public static final 'JNI_ENOMEM' 'I' @192  -4 (0xfffffffc)
 - public static final 'JNI_EEXIST' 'I' @196  -5 (0xfffffffb)
 - public static final 'JNI_EINVAL' 'I' @200  -6 (0xfffffffa)
 - public static final 'JNI_COMMIT' 'I' @204  1 (0x00000001)
 - public static final 'JNI_ABORT' 'I' @208  2 (0x00000002)
R12=0x0 is null
R13=0x00007f1be8049ce0 points into unknown readable memory: 0x00007f1beffcaa68 | 68 aa fc ef 1b 7f 00 00
R14=0x00007f1bf01fe5d8 is pointing into the stack for thread: 0x00007f1be802b110
R15=0x00007f1be802b110 is a thread

Top of Stack: (sp=0x00007f1bf01fe4e0)
0x00007f1bf01fe4e0:   00007f1be802b110 000000000000003e
0x00007f1bf01fe4f0:   00007f1b5b467d70 00007f1bf01fe5d8
0x00007f1bf01fe500:   00007f1bf01fe520 00007f1bef5a9cfe
0x00007f1bf01fe510:   0000000000000000 0000000000000040
0x00007f1bf01fe520:   00007f1bf01fe540 00007f1bef5725cf
0x00007f1bf01fe530:   00007f1b5b467d70 0000000000000000
0x00007f1bf01fe540:   00007f1bf01fe5b0 00007f1bd7e6b980
0x00007f1bf01fe550:   0000000452e6f5a8 0000000452e6f5a8
0x00007f1bf01fe560:   00007f1bf01fe5c8 00007f1bf01fe568
0x00007f1bf01fe570:   0000000000000000 0000000000000005
0x00007f1bf01fe580:   00007f1b5b473d48 0000000000000000
0x00007f1bf01fe590:   0000000452803f58 00007f1b5b467d70
0x00007f1bf01fe5a0:   0000000000000000 00007f1bf01fe5d0
0x00007f1bf01fe5b0:   00007f1bf01fe628 00007f1bd7e67166
0x00007f1bf01fe5c0:   0000000452803f58 00007f1bd7e68f97
0x00007f1bf01fe5d0:   0000000000000040 0000000000000000
0x00007f1bf01fe5e0:   00007f1bf01fe5e0 00007f1b5b467e1c
0x00007f1bf01fe5f0:   0000000000000003 00007f1b5b473d48
0x00007f1bf01fe600:   0000000000000000 0000000452803f58
0x00007f1bf01fe610:   00007f1b5b467e40 00007f1bf01fe5d0
0x00007f1bf01fe620:   00007f1bf01fe638 00007f1bf01fe690
0x00007f1bf01fe630:   00007f1bd7e67166 0000000000000040
0x00007f1bf01fe640:   0000000000000000 00007f1bf01fe648
0x00007f1bf01fe650:   00007f1b5b40f549 0000000000000004
0x00007f1bf01fe660:   00007f1b5b418240 00007f1b5b5d7790
0x00007f1bf01fe670:   000000045352fcf8 00007f1b5b40f578
0x00007f1bf01fe680:   00007f1bf01fe638 00007f1bf01fe6a8
0x00007f1bf01fe690:   00007f1bf01fe700 00007f1bd7e67166
0x00007f1bf01fe6a0:   00000004528cda70 00007f1bf0562fe0
0x00007f1bf01fe6b0:   0000000000000000 00007f1bf01fe6b8
0x00007f1bf01fe6c0:   00007f1b5b40ef94 0000000000000002
0x00007f1bf01fe6d0:   00007f1b5b418240 00007f1b5b5d7568 

Instructions: (pc=0x00007f1bef18c473)
0x00007f1bef18c373:   80 00 00 00 00 48 8d 05 41 00 00 00 e9 53 ff ff
0x00007f1bef18c383:   ff 0f 1f 40 00 48 8d 05 d1 fe ff ff e9 43 ff ff
0x00007f1bef18c393:   ff 48 8d 05 95 fc e4 00 48 8d 0d c6 c2 ad 00 ba
0x00007f1bef18c3a3:   e2 00 00 00 48 8d 35 f2 c2 ad 00 bf 00 00 00 e0
0x00007f1bef18c3b3:   48 8b 00 c6 00 58 31 c0 e8 30 14 10 00 55 48 8d
0x00007f1bef18c3c3:   05 88 f0 e7 00 48 89 e5 41 56 41 55 41 54 49 89
0x00007f1bef18c3d3:   f4 53 4c 8b 28 48 89 fb 41 80 bd 18 06 00 00 00
0x00007f1bef18c3e3:   74 2e 4c 8b 37 4d 85 f6 74 26 66 48 8d 3d db 9f
0x00007f1bef18c3f3:   e4 00 66 66 48 e8 a3 00 d0 ff 49 8d bd f0 04 00
0x00007f1bef18c403:   00 4c 89 f2 48 8b 30 48 83 c6 28 e8 fd 39 7e 00
0x00007f1bef18c413:   4c 89 23 5b 41 5c 41 5d 41 5e 5d c3 90 55 48 8d
0x00007f1bef18c423:   05 28 f0 e7 00 48 89 e5 41 56 41 55 41 54 49 89
0x00007f1bef18c433:   f4 53 4c 8b 28 48 89 fb 41 80 bd 18 06 00 00 00
0x00007f1bef18c443:   74 2e 4c 8b 37 4d 85 f6 74 26 66 48 8d 3d 7b 9f
0x00007f1bef18c453:   e4 00 66 66 48 e8 43 00 d0 ff 49 8d bd f0 04 00
0x00007f1bef18c463:   00 4c 89 f2 48 8b 30 48 83 c6 28 e8 9d 39 7e 00
0x00007f1bef18c473:   4c 89 23 5b 41 5c 41 5d 41 5e 5d c3 90 55 48 89
0x00007f1bef18c483:   e5 41 55 4c 8d 2d 93 21 b5 00 41 54 49 89 fc 53
0x00007f1bef18c493:   48 89 f3 48 83 ec 08 48 8b 07 48 8d 15 1c a6 ed
0x00007f1bef18c4a3:   00 48 89 c1 48 23 0a 75 34 48 8d 05 15 a6 ed 00
0x00007f1bef18c4b3:   48 8b 10 48 89 d0 48 c1 e8 0c 83 e0 0f 41 8b 4c
0x00007f1bef18c4c3:   85 00 48 d3 e3 48 09 d3 49 89 1c 24 48 83 c4 08
0x00007f1bef18c4d3:   5b 41 5c 41 5d 5d c3 66 0f 1f 44 00 00 48 89 c7
0x00007f1bef18c4e3:   48 81 e7 0f 00 ff ff 74 24 48 89 c2 48 89 c7 48
0x00007f1bef18c4f3:   89 c6 48 c1 ea 0c 83 e2 0f 41 8b 4c 95 00 48 8d
0x00007f1bef18c503:   15 d8 a5 ed 00 48 d3 ef 48 23 32 75 10 e8 1b 81
0x00007f1bef18c513:   a1 00 eb 95 66 0f 1f 84 00 00 00 00 00 48 8d 0d
0x00007f1bef18c523:   e9 a5 ed 00 48 89 c2 81 e2 00 f0 00 00 48 89 d6
0x00007f1bef18c533:   48 23 31 75 58 48 8d 0d d9 a5 ed 00 48 23 11 75
0x00007f1bef18c543:   5c 83 e0 30 48 83 f8 30 74 53 48 8d 05 d4 a7 ed
0x00007f1bef18c553:   00 48 8b 30 48 8d 05 d2 a5 ed 00 48 8b 08 48 8b
0x00007f1bef18c563:   56 28 48 21 f9 48 89 c8 48 c1 e8 15 48 8d 04 c2 


Stack slot to memory mapping:

stack at sp + 0 slots: 0x00007f1be802b110 is a thread
stack at sp + 1 slots: 0x000000000000003e is an unknown value
stack at sp + 2 slots: {method} {0x00007f1b5b467d70} 'nDeleteGlobalRef' '(J)V' in 'org/lwjgl/system/jni/JNINativeInterface'
stack at sp + 3 slots: 0x00007f1bf01fe5d8 is pointing into the stack for thread: 0x00007f1be802b110
stack at sp + 4 slots: 0x00007f1bf01fe520 is pointing into the stack for thread: 0x00007f1be802b110
stack at sp + 5 slots: 0x00007f1bef5a9cfe: <offset 0x00000000009a9cfe> in /home/mindspice/code/jdk/openjdk-21-rc/lib/server/libjvm.so at 0x00007f1beec00000
stack at sp + 6 slots: 0x0 is null
stack at sp + 7 slots: 0x0000000000000040 is an unknown value


---------------  P R O C E S S  ---------------

Threads class SMR info:
_java_thread_list=0x00007f1b2c009e50, length=12, elements={
0x00007f1be802b110, 0x00007f1be815cdd0, 0x00007f1be815e420, 0x00007f1be815ff00,
0x00007f1be8161540, 0x00007f1be8162ae0, 0x00007f1be81646a0, 0x00007f1be8165d60,
0x00007f1be817f900, 0x00007f1be8336210, 0x00007f1be8336af0, 0x00007f1b44000ff0
}

Java Threads: ( => current thread )
=>0x00007f1be802b110 JavaThread "main"                              [_thread_in_vm, id=167039, stack(0x00007f1bf0100000,0x00007f1bf0200000) (1024K)]
  0x00007f1be815cdd0 JavaThread "Reference Handler"          daemon [_thread_blocked, id=167049, stack(0x00007f1bbcc8a000,0x00007f1bbcd8a000) (1024K)]
  0x00007f1be815e420 JavaThread "Finalizer"                  daemon [_thread_blocked, id=167050, stack(0x00007f1bbcb8a000,0x00007f1bbcc8a000) (1024K)]
  0x00007f1be815ff00 JavaThread "Signal Dispatcher"          daemon [_thread_blocked, id=167051, stack(0x00007f1bbca8a000,0x00007f1bbcb8a000) (1024K)]
  0x00007f1be8161540 JavaThread "Service Thread"             daemon [_thread_blocked, id=167052, stack(0x00007f1bbc98a000,0x00007f1bbca8a000) (1024K)]
  0x00007f1be8162ae0 JavaThread "Monitor Deflation Thread"   daemon [_thread_blocked, id=167053, stack(0x00007f1bbc88a000,0x00007f1bbc98a000) (1024K)]
  0x00007f1be81646a0 JavaThread "C2 CompilerThread0"         daemon [_thread_blocked, id=167054, stack(0x00007f1bbc78a000,0x00007f1bbc88a000) (1024K)]
  0x00007f1be8165d60 JavaThread "C1 CompilerThread0"         daemon [_thread_blocked, id=167055, stack(0x00007f1bbc68a000,0x00007f1bbc78a000) (1024K)]
  0x00007f1be817f900 JavaThread "Common-Cleaner"             daemon [_thread_blocked, id=167057, stack(0x00007f1bbc4ba000,0x00007f1bbc5ba000) (1024K)]
  0x00007f1be8336210 JavaThread "Monitor Ctrl-Break"         daemon [_thread_in_native, id=167070, stack(0x00007f1bbc0ba000,0x00007f1bbc1ba000) (1024K)]
  0x00007f1be8336af0 JavaThread "Notification Thread"        daemon [_thread_blocked, id=167071, stack(0x00007f1bacf00000,0x00007f1bad000000) (1024K)]
  0x00007f1b44000ff0 JavaThread "Attach Listener"            daemon [_thread_blocked, id=167107, stack(0x00007f1b58000000,0x00007f1b58100000) (1024K)]
Total: 12

Other Threads:
  0x00007f1be814f730 VMThread "VM Thread"                           [id=167048, stack(0x00007f1bbcd8b000,0x00007f1bbce8b000) (1024K)]
  0x00007f1be8134b90 WatcherThread "VM Periodic Task Thread"        [id=167047, stack(0x00007f1bbce8c000,0x00007f1bbcf8c000) (1024K)]
  0x00007f1be8058f50 WorkerThread "GC Thread#0"                     [id=167040, stack(0x00007f1bed59f000,0x00007f1bed69f000) (1024K)]
  0x00007f1be8069f90 ConcurrentGCThread "G1 Main Marker"            [id=167041, stack(0x00007f1bed49e000,0x00007f1bed59e000) (1024K)]
  0x00007f1be806ae70 WorkerThread "G1 Conc#0"                       [id=167042, stack(0x00007f1bed39d000,0x00007f1bed49d000) (1024K)]
  0x00007f1be8122560 ConcurrentGCThread "G1 Refine#0"               [id=167043, stack(0x00007f1bec08a000,0x00007f1bec18a000) (1024K)]
  0x00007f1be8123510 ConcurrentGCThread "G1 Service"                [id=167044, stack(0x00007f1be7f00000,0x00007f1be8000000) (1024K)]
Total: 7

Threads with active compile tasks:
Total: 0

VM state: not at safepoint (normal execution)

VM Mutex/Monitor currently owned by a thread: None

Heap address: 0x0000000414800000, size: 16056 MB, Compressed Oops mode: Zero based, Oop shift amount: 3

CDS archive(s) mapped at: [0x00007f1b5f000000-0x00007f1b5fca5000-0x00007f1b5fca5000), size 13258752, SharedBaseAddress: 0x00007f1b5f000000, ArchiveRelocationMode: 1.
Compressed class space mapped at: 0x00007f1b60000000-0x00007f1ba0000000, reserved size: 1073741824
Narrow klass base: 0x00007f1b5f000000, Narrow klass shift: 0, Narrow klass range: 0x100000000

GC Precious Log:
 CardTable entry size: 512
 Card Set container configuration: InlinePtr #cards 4 size 8 Array Of Cards #cards 64 size 144 Howl #buckets 8 coarsen threshold 14745 Howl Bitmap #cards 2048 size 272 coarsen threshold 1843 Card regions per heap region 1 cards per card region 16384
 CPUs: 24 total, 24 available
 Memory: 64212M
 Large Page Support: Disabled
 NUMA Support: Disabled
 Compressed Oops: Enabled (Zero based)
 Heap Region Size: 8M
 Heap Min Capacity: 8M
 Heap Initial Capacity: 1008M
 Heap Max Capacity: 16056M
 Pre-touch: Disabled
 Parallel Workers: 18
 Concurrent Workers: 5
 Concurrent Refinement Workers: 18
 Periodic GC: Disabled

Heap:
 garbage-first heap   total 1040384K, used 9245K [0x0000000414800000, 0x0000000800000000)
  region size 8192K, 2 young (16384K), 0 survivors (0K)
 Metaspace       used 4373K, committed 4544K, reserved 1114112K
  class space    used 296K, committed 384K, reserved 1048576K

Heap Regions: E=young(eden), S=young(survivor), O=old, HS=humongous(starts), HC=humongous(continues), CS=collection set, F=free, TAMS=top-at-mark-start, PB=parsable bottom
|   0|0x0000000414800000, 0x0000000414800000, 0x0000000415000000|  0%| F|  |TAMS 0x0000000414800000| PB 0x0000000414800000| Untracked 
|   1|0x0000000415000000, 0x0000000415000000, 0x0000000415800000|  0%| F|  |TAMS 0x0000000415000000| PB 0x0000000415000000| Untracked 
|   2|0x0000000415800000, 0x0000000415800000, 0x0000000416000000|  0%| F|  |TAMS 0x0000000415800000| PB 0x0000000415800000| Untracked 
|   3|0x0000000416000000, 0x0000000416000000, 0x0000000416800000|  0%| F|  |TAMS 0x0000000416000000| PB 0x0000000416000000| Untracked 
|   4|0x0000000416800000, 0x0000000416800000, 0x0000000417000000|  0%| F|  |TAMS 0x0000000416800000| PB 0x0000000416800000| Untracked 
|   5|0x0000000417000000, 0x0000000417000000, 0x0000000417800000|  0%| F|  |TAMS 0x0000000417000000| PB 0x0000000417000000| Untracked 
|   6|0x0000000417800000, 0x0000000417800000, 0x0000000418000000|  0%| F|  |TAMS 0x0000000417800000| PB 0x0000000417800000| Untracked 
|   7|0x0000000418000000, 0x0000000418000000, 0x0000000418800000|  0%| F|  |TAMS 0x0000000418000000| PB 0x0000000418000000| Untracked 
|   8|0x0000000418800000, 0x0000000418800000, 0x0000000419000000|  0%| F|  |TAMS 0x0000000418800000| PB 0x0000000418800000| Untracked 
|   9|0x0000000419000000, 0x0000000419000000, 0x0000000419800000|  0%| F|  |TAMS 0x0000000419000000| PB 0x0000000419000000| Untracked 
|  10|0x0000000419800000, 0x0000000419800000, 0x000000041a000000|  0%| F|  |TAMS 0x0000000419800000| PB 0x0000000419800000| Untracked 
|  11|0x000000041a000000, 0x000000041a000000, 0x000000041a800000|  0%| F|  |TAMS 0x000000041a000000| PB 0x000000041a000000| Untracked 
|  12|0x000000041a800000, 0x000000041a800000, 0x000000041b000000|  0%| F|  |TAMS 0x000000041a800000| PB 0x000000041a800000| Untracked 
|  13|0x000000041b000000, 0x000000041b000000, 0x000000041b800000|  0%| F|  |TAMS 0x000000041b000000| PB 0x000000041b000000| Untracked 
|  14|0x000000041b800000, 0x000000041b800000, 0x000000041c000000|  0%| F|  |TAMS 0x000000041b800000| PB 0x000000041b800000| Untracked 
|  15|0x000000041c000000, 0x000000041c000000, 0x000000041c800000|  0%| F|  |TAMS 0x000000041c000000| PB 0x000000041c000000| Untracked 
|  16|0x000000041c800000, 0x000000041c800000, 0x000000041d000000|  0%| F|  |TAMS 0x000000041c800000| PB 0x000000041c800000| Untracked 
|  17|0x000000041d000000, 0x000000041d000000, 0x000000041d800000|  0%| F|  |TAMS 0x000000041d000000| PB 0x000000041d000000| Untracked 
|  18|0x000000041d800000, 0x000000041d800000, 0x000000041e000000|  0%| F|  |TAMS 0x000000041d800000| PB 0x000000041d800000| Untracked 
|  19|0x000000041e000000, 0x000000041e000000, 0x000000041e800000|  0%| F|  |TAMS 0x000000041e000000| PB 0x000000041e000000| Untracked 
|  20|0x000000041e800000, 0x000000041e800000, 0x000000041f000000|  0%| F|  |TAMS 0x000000041e800000| PB 0x000000041e800000| Untracked 
|  21|0x000000041f000000, 0x000000041f000000, 0x000000041f800000|  0%| F|  |TAMS 0x000000041f000000| PB 0x000000041f000000| Untracked 
|  22|0x000000041f800000, 0x000000041f800000, 0x0000000420000000|  0%| F|  |TAMS 0x000000041f800000| PB 0x000000041f800000| Untracked 
|  23|0x0000000420000000, 0x0000000420000000, 0x0000000420800000|  0%| F|  |TAMS 0x0000000420000000| PB 0x0000000420000000| Untracked 
|  24|0x0000000420800000, 0x0000000420800000, 0x0000000421000000|  0%| F|  |TAMS 0x0000000420800000| PB 0x0000000420800000| Untracked 
|  25|0x0000000421000000, 0x0000000421000000, 0x0000000421800000|  0%| F|  |TAMS 0x0000000421000000| PB 0x0000000421000000| Untracked 
|  26|0x0000000421800000, 0x0000000421800000, 0x0000000422000000|  0%| F|  |TAMS 0x0000000421800000| PB 0x0000000421800000| Untracked 
|  27|0x0000000422000000, 0x0000000422000000, 0x0000000422800000|  0%| F|  |TAMS 0x0000000422000000| PB 0x0000000422000000| Untracked 
|  28|0x0000000422800000, 0x0000000422800000, 0x0000000423000000|  0%| F|  |TAMS 0x0000000422800000| PB 0x0000000422800000| Untracked 
|  29|0x0000000423000000, 0x0000000423000000, 0x0000000423800000|  0%| F|  |TAMS 0x0000000423000000| PB 0x0000000423000000| Untracked 
|  30|0x0000000423800000, 0x0000000423800000, 0x0000000424000000|  0%| F|  |TAMS 0x0000000423800000| PB 0x0000000423800000| Untracked 
|  31|0x0000000424000000, 0x0000000424000000, 0x0000000424800000|  0%| F|  |TAMS 0x0000000424000000| PB 0x0000000424000000| Untracked 
|  32|0x0000000424800000, 0x0000000424800000, 0x0000000425000000|  0%| F|  |TAMS 0x0000000424800000| PB 0x0000000424800000| Untracked 
|  33|0x0000000425000000, 0x0000000425000000, 0x0000000425800000|  0%| F|  |TAMS 0x0000000425000000| PB 0x0000000425000000| Untracked 
|  34|0x0000000425800000, 0x0000000425800000, 0x0000000426000000|  0%| F|  |TAMS 0x0000000425800000| PB 0x0000000425800000| Untracked 
|  35|0x0000000426000000, 0x0000000426000000, 0x0000000426800000|  0%| F|  |TAMS 0x0000000426000000| PB 0x0000000426000000| Untracked 
|  36|0x0000000426800000, 0x0000000426800000, 0x0000000427000000|  0%| F|  |TAMS 0x0000000426800000| PB 0x0000000426800000| Untracked 
|  37|0x0000000427000000, 0x0000000427000000, 0x0000000427800000|  0%| F|  |TAMS 0x0000000427000000| PB 0x0000000427000000| Untracked 
|  38|0x0000000427800000, 0x0000000427800000, 0x0000000428000000|  0%| F|  |TAMS 0x0000000427800000| PB 0x0000000427800000| Untracked 
|  39|0x0000000428000000, 0x0000000428000000, 0x0000000428800000|  0%| F|  |TAMS 0x0000000428000000| PB 0x0000000428000000| Untracked 
|  40|0x0000000428800000, 0x0000000428800000, 0x0000000429000000|  0%| F|  |TAMS 0x0000000428800000| PB 0x0000000428800000| Untracked 
|  41|0x0000000429000000, 0x0000000429000000, 0x0000000429800000|  0%| F|  |TAMS 0x0000000429000000| PB 0x0000000429000000| Untracked 
|  42|0x0000000429800000, 0x0000000429800000, 0x000000042a000000|  0%| F|  |TAMS 0x0000000429800000| PB 0x0000000429800000| Untracked 
|  43|0x000000042a000000, 0x000000042a000000, 0x000000042a800000|  0%| F|  |TAMS 0x000000042a000000| PB 0x000000042a000000| Untracked 
|  44|0x000000042a800000, 0x000000042a800000, 0x000000042b000000|  0%| F|  |TAMS 0x000000042a800000| PB 0x000000042a800000| Untracked 
|  45|0x000000042b000000, 0x000000042b000000, 0x000000042b800000|  0%| F|  |TAMS 0x000000042b000000| PB 0x000000042b000000| Untracked 
|  46|0x000000042b800000, 0x000000042b800000, 0x000000042c000000|  0%| F|  |TAMS 0x000000042b800000| PB 0x000000042b800000| Untracked 
|  47|0x000000042c000000, 0x000000042c000000, 0x000000042c800000|  0%| F|  |TAMS 0x000000042c000000| PB 0x000000042c000000| Untracked 
|  48|0x000000042c800000, 0x000000042c800000, 0x000000042d000000|  0%| F|  |TAMS 0x000000042c800000| PB 0x000000042c800000| Untracked 
|  49|0x000000042d000000, 0x000000042d000000, 0x000000042d800000|  0%| F|  |TAMS 0x000000042d000000| PB 0x000000042d000000| Untracked 
|  50|0x000000042d800000, 0x000000042d800000, 0x000000042e000000|  0%| F|  |TAMS 0x000000042d800000| PB 0x000000042d800000| Untracked 
|  51|0x000000042e000000, 0x000000042e000000, 0x000000042e800000|  0%| F|  |TAMS 0x000000042e000000| PB 0x000000042e000000| Untracked 
|  52|0x000000042e800000, 0x000000042e800000, 0x000000042f000000|  0%| F|  |TAMS 0x000000042e800000| PB 0x000000042e800000| Untracked 
|  53|0x000000042f000000, 0x000000042f000000, 0x000000042f800000|  0%| F|  |TAMS 0x000000042f000000| PB 0x000000042f000000| Untracked 
|  54|0x000000042f800000, 0x000000042f800000, 0x0000000430000000|  0%| F|  |TAMS 0x000000042f800000| PB 0x000000042f800000| Untracked 
|  55|0x0000000430000000, 0x0000000430000000, 0x0000000430800000|  0%| F|  |TAMS 0x0000000430000000| PB 0x0000000430000000| Untracked 
|  56|0x0000000430800000, 0x0000000430800000, 0x0000000431000000|  0%| F|  |TAMS 0x0000000430800000| PB 0x0000000430800000| Untracked 
|  57|0x0000000431000000, 0x0000000431000000, 0x0000000431800000|  0%| F|  |TAMS 0x0000000431000000| PB 0x0000000431000000| Untracked 
|  58|0x0000000431800000, 0x0000000431800000, 0x0000000432000000|  0%| F|  |TAMS 0x0000000431800000| PB 0x0000000431800000| Untracked 
|  59|0x0000000432000000, 0x0000000432000000, 0x0000000432800000|  0%| F|  |TAMS 0x0000000432000000| PB 0x0000000432000000| Untracked 
|  60|0x0000000432800000, 0x0000000432800000, 0x0000000433000000|  0%| F|  |TAMS 0x0000000432800000| PB 0x0000000432800000| Untracked 
|  61|0x0000000433000000, 0x0000000433000000, 0x0000000433800000|  0%| F|  |TAMS 0x0000000433000000| PB 0x0000000433000000| Untracked 
|  62|0x0000000433800000, 0x0000000433800000, 0x0000000434000000|  0%| F|  |TAMS 0x0000000433800000| PB 0x0000000433800000| Untracked 
|  63|0x0000000434000000, 0x0000000434000000, 0x0000000434800000|  0%| F|  |TAMS 0x0000000434000000| PB 0x0000000434000000| Untracked 
|  64|0x0000000434800000, 0x0000000434800000, 0x0000000435000000|  0%| F|  |TAMS 0x0000000434800000| PB 0x0000000434800000| Untracked 
|  65|0x0000000435000000, 0x0000000435000000, 0x0000000435800000|  0%| F|  |TAMS 0x0000000435000000| PB 0x0000000435000000| Untracked 
|  66|0x0000000435800000, 0x0000000435800000, 0x0000000436000000|  0%| F|  |TAMS 0x0000000435800000| PB 0x0000000435800000| Untracked 
|  67|0x0000000436000000, 0x0000000436000000, 0x0000000436800000|  0%| F|  |TAMS 0x0000000436000000| PB 0x0000000436000000| Untracked 
|  68|0x0000000436800000, 0x0000000436800000, 0x0000000437000000|  0%| F|  |TAMS 0x0000000436800000| PB 0x0000000436800000| Untracked 
|  69|0x0000000437000000, 0x0000000437000000, 0x0000000437800000|  0%| F|  |TAMS 0x0000000437000000| PB 0x0000000437000000| Untracked 
|  70|0x0000000437800000, 0x0000000437800000, 0x0000000438000000|  0%| F|  |TAMS 0x0000000437800000| PB 0x0000000437800000| Untracked 
|  71|0x0000000438000000, 0x0000000438000000, 0x0000000438800000|  0%| F|  |TAMS 0x0000000438000000| PB 0x0000000438000000| Untracked 
|  72|0x0000000438800000, 0x0000000438800000, 0x0000000439000000|  0%| F|  |TAMS 0x0000000438800000| PB 0x0000000438800000| Untracked 
|  73|0x0000000439000000, 0x0000000439000000, 0x0000000439800000|  0%| F|  |TAMS 0x0000000439000000| PB 0x0000000439000000| Untracked 
|  74|0x0000000439800000, 0x0000000439800000, 0x000000043a000000|  0%| F|  |TAMS 0x0000000439800000| PB 0x0000000439800000| Untracked 
|  75|0x000000043a000000, 0x000000043a000000, 0x000000043a800000|  0%| F|  |TAMS 0x000000043a000000| PB 0x000000043a000000| Untracked 
|  76|0x000000043a800000, 0x000000043a800000, 0x000000043b000000|  0%| F|  |TAMS 0x000000043a800000| PB 0x000000043a800000| Untracked 
|  77|0x000000043b000000, 0x000000043b000000, 0x000000043b800000|  0%| F|  |TAMS 0x000000043b000000| PB 0x000000043b000000| Untracked 
|  78|0x000000043b800000, 0x000000043b800000, 0x000000043c000000|  0%| F|  |TAMS 0x000000043b800000| PB 0x000000043b800000| Untracked 
|  79|0x000000043c000000, 0x000000043c000000, 0x000000043c800000|  0%| F|  |TAMS 0x000000043c000000| PB 0x000000043c000000| Untracked 
|  80|0x000000043c800000, 0x000000043c800000, 0x000000043d000000|  0%| F|  |TAMS 0x000000043c800000| PB 0x000000043c800000| Untracked 
|  81|0x000000043d000000, 0x000000043d000000, 0x000000043d800000|  0%| F|  |TAMS 0x000000043d000000| PB 0x000000043d000000| Untracked 
|  82|0x000000043d800000, 0x000000043d800000, 0x000000043e000000|  0%| F|  |TAMS 0x000000043d800000| PB 0x000000043d800000| Untracked 
|  83|0x000000043e000000, 0x000000043e000000, 0x000000043e800000|  0%| F|  |TAMS 0x000000043e000000| PB 0x000000043e000000| Untracked 
|  84|0x000000043e800000, 0x000000043e800000, 0x000000043f000000|  0%| F|  |TAMS 0x000000043e800000| PB 0x000000043e800000| Untracked 
|  85|0x000000043f000000, 0x000000043f000000, 0x000000043f800000|  0%| F|  |TAMS 0x000000043f000000| PB 0x000000043f000000| Untracked 
|  86|0x000000043f800000, 0x000000043f800000, 0x0000000440000000|  0%| F|  |TAMS 0x000000043f800000| PB 0x000000043f800000| Untracked 
|  87|0x0000000440000000, 0x0000000440000000, 0x0000000440800000|  0%| F|  |TAMS 0x0000000440000000| PB 0x0000000440000000| Untracked 
|  88|0x0000000440800000, 0x0000000440800000, 0x0000000441000000|  0%| F|  |TAMS 0x0000000440800000| PB 0x0000000440800000| Untracked 
|  89|0x0000000441000000, 0x0000000441000000, 0x0000000441800000|  0%| F|  |TAMS 0x0000000441000000| PB 0x0000000441000000| Untracked 
|  90|0x0000000441800000, 0x0000000441800000, 0x0000000442000000|  0%| F|  |TAMS 0x0000000441800000| PB 0x0000000441800000| Untracked 
|  91|0x0000000442000000, 0x0000000442000000, 0x0000000442800000|  0%| F|  |TAMS 0x0000000442000000| PB 0x0000000442000000| Untracked 
|  92|0x0000000442800000, 0x0000000442800000, 0x0000000443000000|  0%| F|  |TAMS 0x0000000442800000| PB 0x0000000442800000| Untracked 
|  93|0x0000000443000000, 0x0000000443000000, 0x0000000443800000|  0%| F|  |TAMS 0x0000000443000000| PB 0x0000000443000000| Untracked 
|  94|0x0000000443800000, 0x0000000443800000, 0x0000000444000000|  0%| F|  |TAMS 0x0000000443800000| PB 0x0000000443800000| Untracked 
|  95|0x0000000444000000, 0x0000000444000000, 0x0000000444800000|  0%| F|  |TAMS 0x0000000444000000| PB 0x0000000444000000| Untracked 
|  96|0x0000000444800000, 0x0000000444800000, 0x0000000445000000|  0%| F|  |TAMS 0x0000000444800000| PB 0x0000000444800000| Untracked 
|  97|0x0000000445000000, 0x0000000445000000, 0x0000000445800000|  0%| F|  |TAMS 0x0000000445000000| PB 0x0000000445000000| Untracked 
|  98|0x0000000445800000, 0x0000000445800000, 0x0000000446000000|  0%| F|  |TAMS 0x0000000445800000| PB 0x0000000445800000| Untracked 
|  99|0x0000000446000000, 0x0000000446000000, 0x0000000446800000|  0%| F|  |TAMS 0x0000000446000000| PB 0x0000000446000000| Untracked 
| 100|0x0000000446800000, 0x0000000446800000, 0x0000000447000000|  0%| F|  |TAMS 0x0000000446800000| PB 0x0000000446800000| Untracked 
| 101|0x0000000447000000, 0x0000000447000000, 0x0000000447800000|  0%| F|  |TAMS 0x0000000447000000| PB 0x0000000447000000| Untracked 
| 102|0x0000000447800000, 0x0000000447800000, 0x0000000448000000|  0%| F|  |TAMS 0x0000000447800000| PB 0x0000000447800000| Untracked 
| 103|0x0000000448000000, 0x0000000448000000, 0x0000000448800000|  0%| F|  |TAMS 0x0000000448000000| PB 0x0000000448000000| Untracked 
| 104|0x0000000448800000, 0x0000000448800000, 0x0000000449000000|  0%| F|  |TAMS 0x0000000448800000| PB 0x0000000448800000| Untracked 
| 105|0x0000000449000000, 0x0000000449000000, 0x0000000449800000|  0%| F|  |TAMS 0x0000000449000000| PB 0x0000000449000000| Untracked 
| 106|0x0000000449800000, 0x0000000449800000, 0x000000044a000000|  0%| F|  |TAMS 0x0000000449800000| PB 0x0000000449800000| Untracked 
| 107|0x000000044a000000, 0x000000044a000000, 0x000000044a800000|  0%| F|  |TAMS 0x000000044a000000| PB 0x000000044a000000| Untracked 
| 108|0x000000044a800000, 0x000000044a800000, 0x000000044b000000|  0%| F|  |TAMS 0x000000044a800000| PB 0x000000044a800000| Untracked 
| 109|0x000000044b000000, 0x000000044b000000, 0x000000044b800000|  0%| F|  |TAMS 0x000000044b000000| PB 0x000000044b000000| Untracked 
| 110|0x000000044b800000, 0x000000044b800000, 0x000000044c000000|  0%| F|  |TAMS 0x000000044b800000| PB 0x000000044b800000| Untracked 
| 111|0x000000044c000000, 0x000000044c000000, 0x000000044c800000|  0%| F|  |TAMS 0x000000044c000000| PB 0x000000044c000000| Untracked 
| 112|0x000000044c800000, 0x000000044c800000, 0x000000044d000000|  0%| F|  |TAMS 0x000000044c800000| PB 0x000000044c800000| Untracked 
| 113|0x000000044d000000, 0x000000044d000000, 0x000000044d800000|  0%| F|  |TAMS 0x000000044d000000| PB 0x000000044d000000| Untracked 
| 114|0x000000044d800000, 0x000000044d800000, 0x000000044e000000|  0%| F|  |TAMS 0x000000044d800000| PB 0x000000044d800000| Untracked 
| 115|0x000000044e000000, 0x000000044e000000, 0x000000044e800000|  0%| F|  |TAMS 0x000000044e000000| PB 0x000000044e000000| Untracked 
| 116|0x000000044e800000, 0x000000044e800000, 0x000000044f000000|  0%| F|  |TAMS 0x000000044e800000| PB 0x000000044e800000| Untracked 
| 117|0x000000044f000000, 0x000000044f000000, 0x000000044f800000|  0%| F|  |TAMS 0x000000044f000000| PB 0x000000044f000000| Untracked 
| 118|0x000000044f800000, 0x000000044f800000, 0x0000000450000000|  0%| F|  |TAMS 0x000000044f800000| PB 0x000000044f800000| Untracked 
| 119|0x0000000450000000, 0x0000000450000000, 0x0000000450800000|  0%| F|  |TAMS 0x0000000450000000| PB 0x0000000450000000| Untracked 
| 120|0x0000000450800000, 0x0000000450800000, 0x0000000451000000|  0%| F|  |TAMS 0x0000000450800000| PB 0x0000000450800000| Untracked 
| 121|0x0000000451000000, 0x0000000451000000, 0x0000000451800000|  0%| F|  |TAMS 0x0000000451000000| PB 0x0000000451000000| Untracked 
| 122|0x0000000451800000, 0x0000000451800000, 0x0000000452000000|  0%| F|  |TAMS 0x0000000451800000| PB 0x0000000451800000| Untracked 
| 123|0x0000000452000000, 0x0000000452000000, 0x0000000452800000|  0%| F|  |TAMS 0x0000000452000000| PB 0x0000000452000000| Untracked 
| 124|0x0000000452800000, 0x0000000452f09c80, 0x0000000453000000| 87%| E|  |TAMS 0x0000000452800000| PB 0x0000000452800000| Complete 
| 125|0x0000000453000000, 0x0000000453800000, 0x0000000453800000|100%| E|CS|TAMS 0x0000000453000000| PB 0x0000000453000000| Complete 
|2006|0x00000007ff800000, 0x00000007ff907430, 0x0000000800000000| 12%| O|  |TAMS 0x00000007ff800000| PB 0x00000007ff800000| Untracked 

Card table byte_map: [0x00007f1bccb48000,0x00007f1bceaa4000] _byte_map_base: 0x00007f1bcaaa4000

Marking Bits: (CMBitMap*) 0x00007f1be8059980
 Bits: [0x00007f1bbd068000, 0x00007f1bccb48000)

Polling page: 0x00007f1bf057d000

Metaspace:

Usage:
  Non-class:      3.98 MB used.
      Class:    296.06 KB used.
       Both:      4.27 MB used.

Virtual space:
  Non-class space:       64.00 MB reserved,       4.06 MB (  6%) committed,  1 nodes.
      Class space:        1.00 GB reserved,     384.00 KB ( <1%) committed,  1 nodes.
             Both:        1.06 GB reserved,       4.44 MB ( <1%) committed. 

Chunk freelists:
   Non-Class:  10.13 MB
       Class:  15.58 MB
        Both:  25.71 MB

MaxMetaspaceSize: unlimited
CompressedClassSpaceSize: 1.00 GB
Initial GC threshold: 21.00 MB
Current GC threshold: 21.00 MB
CDS: on
 - commit_granule_bytes: 65536.
 - commit_granule_words: 8192.
 - virtual_space_node_default_size: 8388608.
 - enlarge_chunks_in_place: 1.
 - use_allocation_guard: 0.


Internal statistics:

num_allocs_failed_limit: 0.
num_arena_births: 130.
num_arena_deaths: 0.
num_vsnodes_births: 2.
num_vsnodes_deaths: 0.
num_space_committed: 69.
num_space_uncommitted: 0.
num_chunks_returned_to_freelist: 0.
num_chunks_taken_from_freelist: 232.
num_chunk_merges: 0.
num_chunk_splits: 152.
num_chunks_enlarged: 85.
num_inconsistent_stats: 0.

CodeHeap 'non-profiled nmethods': size=119168Kb used=367Kb max_used=367Kb free=118800Kb
 bounds [0x00007f1bd85a0000, 0x00007f1bd8810000, 0x00007f1bdfa00000]
CodeHeap 'profiled nmethods': size=119164Kb used=1746Kb max_used=1746Kb free=117417Kb
 bounds [0x00007f1bd0a00000, 0x00007f1bd0c70000, 0x00007f1bd7e5f000]
CodeHeap 'non-nmethods': size=7428Kb used=2032Kb max_used=3732Kb free=5396Kb
 bounds [0x00007f1bd7e5f000, 0x00007f1bd820f000, 0x00007f1bd85a0000]
 total_blobs=2120 nmethods=1072 adapters=954
 compilation: enabled
              stopped_count=0, restarted_count=0
 full_count=0

Compilation events (20 events):
Event: 6.742 Thread 0x00007f1be81646a0 1063       4       java.nio.CharBuffer::arrayOffset (35 bytes)
Event: 6.742 Thread 0x00007f1be81646a0 nmethod 1063 0x00007f1bd85faa10 code [0x00007f1bd85faba0, 0x00007f1bd85fac68]
Event: 7.705 Thread 0x00007f1be81646a0 1064       4       java.nio.ByteBuffer::arrayOffset (35 bytes)
Event: 7.706 Thread 0x00007f1be81646a0 nmethod 1064 0x00007f1bd85fad10 code [0x00007f1bd85faea0, 0x00007f1bd85faf68]
Event: 7.927 Thread 0x00007f1be8165d60 1065       3       sun.nio.cs.UTF_8::updatePositions (23 bytes)
Event: 7.928 Thread 0x00007f1be8165d60 nmethod 1065 0x00007f1bd0bb2390 code [0x00007f1bd0bb2560, 0x00007f1bd0bb2988]
Event: 8.932 Thread 0x00007f1be8165d60 1068       3       io.mindspice.mspice.input.MousePosEventManager::broadcast (43 bytes)
Event: 8.932 Thread 0x00007f1be8165d60 nmethod 1068 0x00007f1bd0bb2b10 code [0x00007f1bd0bb2cc0, 0x00007f1bd0bb2fd8]
Event: 8.932 Thread 0x00007f1be8165d60 1066       3       org.lwjgl.glfw.GLFWCursorPosCallbackI::callback (40 bytes)
Event: 8.932 Thread 0x00007f1be8165d60 nmethod 1066 0x00007f1bd0bb3210 code [0x00007f1bd0bb3460, 0x00007f1bd0bb3de0]
Event: 8.932 Thread 0x00007f1be8165d60 1067       3       io.mindspice.mspice.core.GameInput$3::invoke (14 bytes)
Event: 8.932 Thread 0x00007f1be8165d60 nmethod 1067 0x00007f1bd0bb4090 code [0x00007f1bd0bb4240, 0x00007f1bd0bb43a8]
Event: 8.932 Thread 0x00007f1be8165d60 1069       3       io.mindspice.mspice.input.MousePosListener::offerInput (15 bytes)
Event: 8.932 Thread 0x00007f1be8165d60 nmethod 1069 0x00007f1bd0bb4490 code [0x00007f1bd0bb4620, 0x00007f1bd0bb4778]
Event: 9.104 Thread 0x00007f1be81646a0 1070       4       java.util.concurrent.locks.ReentrantLock$Sync::lock (13 bytes)
Event: 9.106 Thread 0x00007f1be81646a0 nmethod 1070 0x00007f1bd85fb010 code [0x00007f1bd85fb1a0, 0x00007f1bd85fb3e0]
Event: 9.106 Thread 0x00007f1be81646a0 1071       4       java.util.concurrent.locks.AbstractQueuedSynchronizer::release (19 bytes)
Event: 9.107 Thread 0x00007f1be81646a0 nmethod 1071 0x00007f1bd85fb490 code [0x00007f1bd85fb620, 0x00007f1bd85fb7e8]
Event: 9.698 Thread 0x00007f1be81646a0 1072       4       java.nio.CharBuffer::position (6 bytes)
Event: 9.699 Thread 0x00007f1be81646a0 nmethod 1072 0x00007f1bd85fb910 code [0x00007f1bd85fbaa0, 0x00007f1bd85fbba0]

GC Heap History (0 events):
No events

Dll operation events (11 events):
Event: 0.001 Loaded shared library /home/mindspice/code/jdk/openjdk-21-rc/lib/libjava.so
Event: 0.013 Loaded shared library /home/mindspice/code/jdk/openjdk-21-rc/lib/libjsvml.so
Event: 0.030 Loaded shared library /home/mindspice/code/jdk/openjdk-21-rc/lib/libzip.so
Event: 0.031 Loaded shared library /home/mindspice/code/jdk/openjdk-21-rc/lib/libinstrument.so
Event: 0.032 Loaded shared library /home/mindspice/code/jdk/openjdk-21-rc/lib/libnio.so
Event: 0.033 Loaded shared library /home/mindspice/code/jdk/openjdk-21-rc/lib/libzip.so
Event: 0.046 Loaded shared library /home/mindspice/code/jdk/openjdk-21-rc/lib/libnet.so
Event: 0.048 Loaded shared library /home/mindspice/code/jdk/openjdk-21-rc/lib/libextnet.so
Event: 0.063 Loaded shared library /home/mindspice/code/jdk/openjdk-21-rc/lib/libjimage.so
Event: 0.070 Loaded shared library /tmp/lwjgl_mindspice/3.3.3+5/x64/liblwjgl.so
Event: 0.286 Loaded shared library /tmp/lwjgl_mindspice/3.3.3+5/x64/liblwjgl_opengl.so

Deoptimization events (20 events):
Event: 0.042 Thread 0x00007f1be802b110 DEOPT PACKING pc=0x00007f1bd85adc54 sp=0x00007f1bf01fe100
Event: 0.042 Thread 0x00007f1be802b110 DEOPT UNPACKING pc=0x00007f1bd7eb2f99 sp=0x00007f1bf01fe0b8 mode 2
Event: 0.082 Thread 0x00007f1be802b110 Uncommon trap: trap_request=0xffffff45 fr.pc=0x00007f1bd85afe64 relative=0x0000000000000aa4
Event: 0.082 Thread 0x00007f1be802b110 Uncommon trap: reason=unstable_if action=reinterpret pc=0x00007f1bd85afe64 method=java.util.HashMap.putVal(ILjava/lang/Object;Ljava/lang/Object;ZZ)Ljava/lang/Object; @ 181 c2
Event: 0.082 Thread 0x00007f1be802b110 DEOPT PACKING pc=0x00007f1bd85afe64 sp=0x00007f1bf01fb990
Event: 0.082 Thread 0x00007f1be802b110 DEOPT UNPACKING pc=0x00007f1bd7eb2f99 sp=0x00007f1bf01fb950 mode 2
Event: 0.101 Thread 0x00007f1be802b110 DEOPT PACKING pc=0x00007f1bd0a11a95 sp=0x00007f1bf01fb500
Event: 0.101 Thread 0x00007f1be802b110 DEOPT UNPACKING pc=0x00007f1bd7eb372f sp=0x00007f1bf01fa940 mode 0
Event: 0.109 Thread 0x00007f1be802b110 DEOPT PACKING pc=0x00007f1bd0a02a5e sp=0x00007f1bf01fb380
Event: 0.109 Thread 0x00007f1be802b110 DEOPT UNPACKING pc=0x00007f1bd7eb372f sp=0x00007f1bf01fa808 mode 0
Event: 1.170 Thread 0x00007f1b44000ff0 Uncommon trap: trap_request=0xffffff45 fr.pc=0x00007f1bd85c67f4 relative=0x00000000000001b4
Event: 1.170 Thread 0x00007f1b44000ff0 Uncommon trap: reason=unstable_if action=reinterpret pc=0x00007f1bd85c67f4 method=java.lang.invoke.VarHandle.checkAccessModeThenIsDirect(Ljava/lang/invoke/VarHandle$AccessDescriptor;)Z @ 4 c2
Event: 1.170 Thread 0x00007f1b44000ff0 DEOPT PACKING pc=0x00007f1bd85c67f4 sp=0x00007f1b580fd500
Event: 1.170 Thread 0x00007f1b44000ff0 DEOPT UNPACKING pc=0x00007f1bd7eb2f99 sp=0x00007f1b580fd458 mode 2
Event: 7.643 Thread 0x00007f1be802b110 DEOPT PACKING pc=0x00007f1bd0ba1ff8 sp=0x00007f1bf01fe680
Event: 7.643 Thread 0x00007f1be802b110 DEOPT UNPACKING pc=0x00007f1bd7eb372f sp=0x00007f1bf01fdcb8 mode 0
Event: 10.506 Thread 0x00007f1be802b110 Uncommon trap: trap_request=0xffffff45 fr.pc=0x00007f1bd85ecfdc relative=0x0000000000002bfc
Event: 10.506 Thread 0x00007f1be802b110 Uncommon trap: reason=unstable_if action=reinterpret pc=0x00007f1bd85ecfdc method=org.lwjgl.glfw.GLFW.glfwWindowShouldClose(J)Z @ 20 c2
Event: 10.506 Thread 0x00007f1be802b110 DEOPT PACKING pc=0x00007f1bd85ecfdc sp=0x00007f1bf01fe7d0
Event: 10.506 Thread 0x00007f1be802b110 DEOPT UNPACKING pc=0x00007f1bd7eb2f99 sp=0x00007f1bf01fe6e8 mode 2

Classes loaded (20 events):
Event: 1.174 Loading class jdk/internal/module/ModulePatcher$PatchedModuleReader
Event: 1.174 Loading class jdk/internal/module/ModulePatcher$PatchedModuleReader done
Event: 1.174 Loading class sun/net/www/protocol/jrt/Handler
Event: 1.174 Loading class sun/net/www/protocol/jrt/Handler done
Event: 1.175 Loading class sun/util/cldr/CLDRTimeZoneNameProviderImpl
Event: 1.175 Loading class sun/util/locale/provider/TimeZoneNameProviderImpl
Event: 1.175 Loading class sun/util/locale/provider/TimeZoneNameProviderImpl done
Event: 1.175 Loading class sun/util/cldr/CLDRTimeZoneNameProviderImpl done
Event: 1.176 Loading class sun/util/locale/provider/BaseLocaleDataMetaInfo
Event: 1.176 Loading class sun/util/locale/provider/BaseLocaleDataMetaInfo done
Event: 1.177 Loading class sun/util/resources/cldr/TimeZoneNames
Event: 1.177 Loading class sun/util/resources/TimeZoneNamesBundle
Event: 1.177 Loading class sun/util/resources/OpenListResourceBundle
Event: 1.177 Loading class sun/util/resources/OpenListResourceBundle done
Event: 1.177 Loading class sun/util/resources/TimeZoneNamesBundle done
Event: 1.177 Loading class sun/util/resources/cldr/TimeZoneNames done
Event: 1.177 Loading class sun/util/resources/cldr/TimeZoneNames_en
Event: 1.178 Loading class sun/util/resources/cldr/TimeZoneNames_en done
Event: 1.178 Loading class sun/util/resources/cldr/TimeZoneNames_en_US
Event: 1.178 Loading class sun/util/resources/cldr/TimeZoneNames_en_US done

Classes unloaded (0 events):
No events

Classes redefined (0 events):
No events

Internal exceptions (20 events):
Event: 0.060 Thread 0x00007f1be802b110 Exception <a 'java/lang/NoSuchMethodError'{0x00000004536f1ce0}: 'int java.lang.invoke.DirectMethodHandle$Holder.invokeSpecial(java.lang.Object, java.lang.Object, java.lang.Object)'> (0x00000004536f1ce0) 
thrown [open/src/hotspot/share/interpreter/linkResolver.cpp, line 772]
Event: 0.062 Thread 0x00007f1be802b110 Exception <a 'java/lang/NoSuchMethodError'{0x000000045370ac20}: 'void java.lang.System.loadLibrary(java.lang.String, java.lang.Class)'> (0x000000045370ac20) 
thrown [open/src/hotspot/share/interpreter/linkResolver.cpp, line 772]
Event: 0.070 Thread 0x00007f1be802b110 Exception <a 'sun/nio/fs/UnixException'{0x0000000453736278}> (0x0000000453736278) 
thrown [open/src/hotspot/share/prims/jni.cpp, line 520]
Event: 0.100 Thread 0x00007f1be802b110 Exception <a 'java/lang/NoSuchMethodError'{0x00000004528166f8}: 'int java.lang.invoke.DirectMethodHandle$Holder.invokeStaticInit(java.lang.Object, java.lang.Object, int, long)'> (0x00000004528166f8) 
thrown [open/src/hotspot/share/interpreter/linkResolver.cpp, line 772]
Event: 0.100 Thread 0x00007f1be802b110 Exception <a 'java/lang/NoSuchMethodError'{0x000000045281b720}: 'java.lang.Object java.lang.invoke.DirectMethodHandle$Holder.newInvokeSpecial(java.lang.Object, java.lang.Object, int)'> (0x000000045281b720) 
thrown [open/src/hotspot/share/interpreter/linkResolver.cpp, line 772]
Event: 0.101 Thread 0x00007f1be802b110 Exception <a 'java/lang/NoSuchMethodError'{0x0000000452829990}: 'int java.lang.invoke.DirectMethodHandle$Holder.invokeStaticInit(java.lang.Object, java.lang.Object, long, long)'> (0x0000000452829990) 
thrown [open/src/hotspot/share/interpreter/linkResolver.cpp, line 772]
Event: 0.101 Thread 0x00007f1be802b110 Exception <a 'java/lang/NoSuchMethodError'{0x000000045282f1f8}: 'java.lang.Object java.lang.invoke.DirectMethodHandle$Holder.newInvokeSpecial(java.lang.Object, java.lang.Object, long)'> (0x000000045282f1f8) 
thrown [open/src/hotspot/share/interpreter/linkResolver.cpp, line 772]
Event: 0.102 Thread 0x00007f1be802b110 Exception <a 'java/lang/NoSuchMethodError'{0x0000000452832fb0}: 'java.lang.Object java.lang.invoke.Invokers$Holder.linkToTargetMethod(java.lang.Object, long, java.lang.Object)'> (0x0000000452832fb0) 
thrown [open/src/hotspot/share/interpreter/linkResolver.cpp, line 772]
Event: 0.102 Thread 0x00007f1be802b110 Exception <a 'java/lang/NoSuchMethodError'{0x000000045283a038}: 'int java.lang.invoke.DirectMethodHandle$Holder.invokeStaticInit(java.lang.Object, java.lang.Object, java.lang.Object, long)'> (0x000000045283a038) 
thrown [open/src/hotspot/share/interpreter/linkResolver.cpp, line 772]
Event: 0.109 Thread 0x00007f1be802b110 Exception <a 'sun/nio/fs/UnixException'{0x0000000452896850}> (0x0000000452896850) 
thrown [open/src/hotspot/share/prims/jni.cpp, line 520]
Event: 0.121 Thread 0x00007f1be802b110 Exception <a 'sun/nio/fs/UnixException'{0x000000045291cea0}> (0x000000045291cea0) 
thrown [open/src/hotspot/share/prims/jni.cpp, line 520]
Event: 0.280 Thread 0x00007f1be802b110 Exception <a 'java/lang/NoSuchMethodError'{0x00000004529381d0}: 'void java.lang.invoke.DirectMethodHandle$Holder.invokeStatic(java.lang.Object, int, long)'> (0x00000004529381d0) 
thrown [open/src/hotspot/share/interpreter/linkResolver.cpp, line 772]
Event: 0.284 Thread 0x00007f1be802b110 Exception <a 'java/lang/NoSuchMethodError'{0x0000000452974120}: 'void java.lang.System.load(java.lang.String, java.lang.Class)'> (0x0000000452974120) 
thrown [open/src/hotspot/share/interpreter/linkResolver.cpp, line 772]
Event: 0.284 Thread 0x00007f1be802b110 Exception <a 'java/lang/NoSuchMethodError'{0x0000000452976ac0}: 'void java.lang.System.loadLibrary(java.lang.String, java.lang.Class)'> (0x0000000452976ac0) 
thrown [open/src/hotspot/share/interpreter/linkResolver.cpp, line 772]
Event: 0.286 Thread 0x00007f1be802b110 Exception <a 'sun/nio/fs/UnixException'{0x00000004529866d8}> (0x00000004529866d8) 
thrown [open/src/hotspot/share/prims/jni.cpp, line 520]
Event: 0.287 Thread 0x00007f1be802b110 Exception <a 'sun/nio/fs/UnixException'{0x000000045298f9d0}> (0x000000045298f9d0) 
thrown [open/src/hotspot/share/prims/jni.cpp, line 520]
Event: 0.413 Thread 0x00007f1be802b110 Exception <a 'java/lang/NoSuchMethodError'{0x0000000452bd6660}: 'void java.lang.invoke.DirectMethodHandle$Holder.invokeVirtual(java.lang.Object, java.lang.Object, int)'> (0x0000000452bd6660) 
thrown [open/src/hotspot/share/interpreter/linkResolver.cpp, line 772]
Event: 0.414 Thread 0x00007f1be802b110 Exception <a 'java/lang/NoSuchMethodError'{0x0000000452bdd400}: 'void java.lang.invoke.DirectMethodHandle$Holder.invokeStatic(java.lang.Object, java.lang.Object, int)'> (0x0000000452bdd400) 
thrown [open/src/hotspot/share/interpreter/linkResolver.cpp, line 772]
Event: 0.415 Thread 0x00007f1be802b110 Exception <a 'java/lang/NoSuchMethodError'{0x0000000452be8ba0}: 'void java.lang.invoke.DirectMethodHandle$Holder.invokeStatic(java.lang.Object, int, double)'> (0x0000000452be8ba0) 
thrown [open/src/hotspot/share/interpreter/linkResolver.cpp, line 772]
Event: 1.178 Thread 0x00007f1b44000ff0 Exception <a 'java/lang/NoSuchMethodError'{0x0000000452d9b390}: 'java.lang.Object java.lang.invoke.Invokers$Holder.invokeExact_MT(java.lang.Object, java.lang.Object, java.lang.Object, java.lang.Object, java.lang.Object, java.lang.Object)'> (0x0000000452d9b390) 
thrown [open/src/hotspot/share/interpreter/linkResolver.cpp, line 772]

ZGC Phase Switch (0 events):
No events

VM Operations (14 events):
Event: 0.024 Executing VM operation: HandshakeAllThreads (Deoptimize)
Event: 0.024 Executing VM operation: HandshakeAllThreads (Deoptimize) done
Event: 0.051 Executing VM operation: HandshakeAllThreads (Deoptimize)
Event: 0.051 Executing VM operation: HandshakeAllThreads (Deoptimize) done
Event: 1.051 Executing VM operation: Cleanup
Event: 1.051 Executing VM operation: Cleanup done
Event: 2.051 Executing VM operation: Cleanup
Event: 2.051 Executing VM operation: Cleanup done
Event: 3.051 Executing VM operation: Cleanup
Event: 3.051 Executing VM operation: Cleanup done
Event: 5.051 Executing VM operation: Cleanup
Event: 5.051 Executing VM operation: Cleanup done
Event: 10.051 Executing VM operation: Cleanup
Event: 10.051 Executing VM operation: Cleanup done

Events (20 events):
Event: 0.024 Protecting memory [0x00007f1bbc3ba000,0x00007f1bbc3be000] with protection modes 0
Event: 0.025 Thread 0x00007f1b2c009290 Thread added: 0x00007f1b2c009290
Event: 0.025 Protecting memory [0x00007f1bbc2ba000,0x00007f1bbc2be000] with protection modes 0
Event: 0.029 Thread 0x00007f1b30009b60 Thread added: 0x00007f1b30009b60
Event: 0.029 Protecting memory [0x00007f1bbc1ba000,0x00007f1bbc1be000] with protection modes 0
Event: 0.046 Thread 0x00007f1be8336210 Thread added: 0x00007f1be8336210
Event: 0.046 Protecting memory [0x00007f1bbc0ba000,0x00007f1bbc0be000] with protection modes 0
Event: 0.046 Thread 0x00007f1be8336af0 Thread added: 0x00007f1be8336af0
Event: 0.046 Protecting memory [0x00007f1bacf00000,0x00007f1bacf04000] with protection modes 0
Event: 0.279 Thread 0x00007f1b30009b60 Thread exited: 0x00007f1b30009b60
Event: 0.286 Thread 0x00007f1b300cf5c0 Thread added: 0x00007f1b300cf5c0
Event: 0.286 Protecting memory [0x00007f1bbc1ba000,0x00007f1bbc1be000] with protection modes 0
Event: 0.290 Thread 0x00007f1b400f35d0 Thread added: 0x00007f1b400f35d0
Event: 0.290 Protecting memory [0x00007f1b58000000,0x00007f1b58004000] with protection modes 0
Event: 0.497 Thread 0x00007f1b400f35d0 Thread exited: 0x00007f1b400f35d0
Event: 1.069 Thread 0x00007f1b44000ff0 Thread added: 0x00007f1b44000ff0
Event: 1.069 Protecting memory [0x00007f1b58000000,0x00007f1b58004000] with protection modes 0
Event: 2.854 Thread 0x00007f1b300cf5c0 Thread exited: 0x00007f1b300cf5c0
Event: 4.765 Thread 0x00007f1b2c009290 Thread exited: 0x00007f1b2c009290
Event: 6.607 Thread 0x00007f1b340561c0 Thread exited: 0x00007f1b340561c0


Dynamic libraries:
414800000-453800000 rw-p 00000000 00:00 0 
453800000-7ff800000 ---p 00000000 00:00 0 
7ff800000-7ff908000 rw-p 00ce4000 103:07 26949071                        /home/mindspice/code/jdk/openjdk-21-rc/lib/server/classes.jsa
7ff908000-800000000 rw-p 00000000 00:00 0 
55acdc986000-55acdc987000 r-xp 00000000 103:07 26943862                  /home/mindspice/code/jdk/openjdk-21-rc/bin/java
55acdc988000-55acdc989000 r--p 00001000 103:07 26943862                  /home/mindspice/code/jdk/openjdk-21-rc/bin/java
55acdc989000-55acdc98a000 rw-p 00002000 103:07 26943862                  /home/mindspice/code/jdk/openjdk-21-rc/bin/java
55acddb08000-55acddb4f000 rw-p 00000000 00:00 0                          [heap]
7f1b10000000-7f1b10021000 rw-p 00000000 00:00 0 
7f1b10021000-7f1b14000000 ---p 00000000 00:00 0 
7f1b16cf8000-7f1b17dbb000 rw-p 00000000 00:00 0 
7f1b17dbb000-7f1b18000000 rw-s 00000000 00:01 15368                      /memfd:/.nvidia_drv.XXXXXX (deleted)
7f1b18000000-7f1b18243000 rw-p 00000000 00:00 0 
7f1b18243000-7f1b1c000000 ---p 00000000 00:00 0 
7f1b1c000000-7f1b1c021000 rw-p 00000000 00:00 0 
7f1b1c021000-7f1b20000000 ---p 00000000 00:00 0 
7f1b2011e000-7f1b209ff000 rw-p 00000000 00:00 0 
7f1b209ff000-7f1b20a00000 ---p 00000000 00:00 0 
7f1b20a00000-7f1b21200000 rw-p 00000000 00:00 0 
7f1b21200000-7f1b214d8000 r-xp 00000000 103:07 23333644                  /usr/lib/x86_64-linux-gnu/libnvidia-glcore.so.535.104.05
7f1b214d8000-7f1b214f9000 rwxp 002d8000 103:07 23333644                  /usr/lib/x86_64-linux-gnu/libnvidia-glcore.so.535.104.05
7f1b214f9000-7f1b23b96000 r-xp 002f9000 103:07 23333644                  /usr/lib/x86_64-linux-gnu/libnvidia-glcore.so.535.104.05
7f1b23b96000-7f1b23d69000 r--p 02995000 103:07 23333644                  /usr/lib/x86_64-linux-gnu/libnvidia-glcore.so.535.104.05
7f1b23d69000-7f1b23dd2000 rw-p 02b68000 103:07 23333644                  /usr/lib/x86_64-linux-gnu/libnvidia-glcore.so.535.104.05
7f1b23dd2000-7f1b23e0f000 rw-p 00000000 00:00 0 
7f1b23f00000-7f1b23f80000 rw-s 00000000 00:05 1028                       /dev/nvidiactl
7f1b23f80000-7f1b24000000 rw-s 00000000 00:05 1028                       /dev/nvidiactl
7f1b24000000-7f1b240c9000 rw-p 00000000 00:00 0 
7f1b240c9000-7f1b28000000 ---p 00000000 00:00 0 
7f1b28000000-7f1b28021000 rw-p 00000000 00:00 0 
7f1b28021000-7f1b2c000000 ---p 00000000 00:00 0 
7f1b2c000000-7f1b2c0ab000 rw-p 00000000 00:00 0 
7f1b2c0ab000-7f1b30000000 ---p 00000000 00:00 0 
7f1b30000000-7f1b300e0000 rw-p 00000000 00:00 0 
7f1b300e0000-7f1b34000000 ---p 00000000 00:00 0 
7f1b34000000-7f1b340f2000 rw-p 00000000 00:00 0 
7f1b340f2000-7f1b38000000 ---p 00000000 00:00 0 
7f1b38000000-7f1b38021000 rw-p 00000000 00:00 0 
7f1b38021000-7f1b3c000000 ---p 00000000 00:00 0 
7f1b3c000000-7f1b3c021000 rw-p 00000000 00:00 0 
7f1b3c021000-7f1b40000000 ---p 00000000 00:00 0 
7f1b40000000-7f1b41941000 rw-p 00000000 00:00 0 
7f1b41941000-7f1b44000000 ---p 00000000 00:00 0 
7f1b44000000-7f1b44021000 rw-p 00000000 00:00 0 
7f1b44021000-7f1b48000000 ---p 00000000 00:00 0 
7f1b48000000-7f1b48021000 rw-p 00000000 00:00 0 
7f1b48021000-7f1b4c000000 ---p 00000000 00:00 0 
7f1b4c000000-7f1b4c021000 rw-p 00000000 00:00 0 
7f1b4c021000-7f1b50000000 ---p 00000000 00:00 0 
7f1b50000000-7f1b50021000 rw-p 00000000 00:00 0 
7f1b50021000-7f1b54000000 ---p 00000000 00:00 0 
7f1b54000000-7f1b54021000 rw-p 00000000 00:00 0 
7f1b54021000-7f1b58000000 ---p 00000000 00:00 0 
7f1b58000000-7f1b58004000 ---p 00000000 00:00 0 
7f1b58004000-7f1b58100000 rw-p 00000000 00:00 0 
7f1b58100000-7f1b58200000 rw-s 00000000 00:05 1028                       /dev/nvidiactl
7f1b58200000-7f1b5a238000 r-xp 00000000 103:07 23333760                  /usr/lib/x86_64-linux-gnu/libnvidia-glvkspirv.so.535.104.05
7f1b5a238000-7f1b5a438000 ---p 02038000 103:07 23333760                  /usr/lib/x86_64-linux-gnu/libnvidia-glvkspirv.so.535.104.05
7f1b5a438000-7f1b5aa54000 r--p 02038000 103:07 23333760                  /usr/lib/x86_64-linux-gnu/libnvidia-glvkspirv.so.535.104.05
7f1b5aa54000-7f1b5aae3000 rw-p 02654000 103:07 23333760                  /usr/lib/x86_64-linux-gnu/libnvidia-glvkspirv.so.535.104.05
7f1b5aae3000-7f1b5ab36000 rw-p 00000000 00:00 0 
7f1b5aba7000-7f1b5abda000 r--p 00000000 103:07 9175154                   /tmp/lwjgl_mindspice/3.3.3+5/x64/liblwjgl_opengl.so
7f1b5abda000-7f1b5abee000 r-xp 00033000 103:07 9175154                   /tmp/lwjgl_mindspice/3.3.3+5/x64/liblwjgl_opengl.so
7f1b5abee000-7f1b5abfe000 r--p 00047000 103:07 9175154                   /tmp/lwjgl_mindspice/3.3.3+5/x64/liblwjgl_opengl.so
7f1b5abfe000-7f1b5abff000 r--p 00056000 103:07 9175154                   /tmp/lwjgl_mindspice/3.3.3+5/x64/liblwjgl_opengl.so
7f1b5abff000-7f1b5ac00000 rw-p 00057000 103:07 9175154                   /tmp/lwjgl_mindspice/3.3.3+5/x64/liblwjgl_opengl.so
7f1b5ac00000-7f1b5ac76000 r-xp 00000000 103:07 23333651                  /usr/lib/x86_64-linux-gnu/libnvidia-glsi.so.535.104.05
7f1b5ac76000-7f1b5ae75000 ---p 00076000 103:07 23333651                  /usr/lib/x86_64-linux-gnu/libnvidia-glsi.so.535.104.05
7f1b5ae75000-7f1b5ae9f000 r--p 00075000 103:07 23333651                  /usr/lib/x86_64-linux-gnu/libnvidia-glsi.so.535.104.05
7f1b5ae9f000-7f1b5aea0000 rw-p 0009f000 103:07 23333651                  /usr/lib/x86_64-linux-gnu/libnvidia-glsi.so.535.104.05
7f1b5aea0000-7f1b5aea8000 rw-p 00000000 00:00 0 
7f1b5aee0000-7f1b5af60000 rw-s 00000000 00:05 1028                       /dev/nvidiactl
7f1b5af60000-7f1b5afa0000 rw-s 00000000 00:05 1028                       /dev/nvidiactl
7f1b5afa0000-7f1b5afc0000 rw-s 00000000 00:05 1028                       /dev/nvidiactl
7f1b5afc0000-7f1b5b000000 rw-s 00000000 00:05 1028                       /dev/nvidiactl
7f1b5b000000-7f1b5b230000 rw-p 00000000 00:00 0 
7f1b5b230000-7f1b5b400000 ---p 00000000 00:00 0 
7f1b5b400000-7f1b5b530000 rw-p 00000000 00:00 0 
7f1b5b530000-7f1b5b570000 rw-p 00000000 00:00 0 
7f1b5b570000-7f1b5b5e0000 rw-p 00000000 00:00 0 
7f1b5b5e0000-7f1b5f000000 ---p 00000000 00:00 0 
7f1b5f000000-7f1b5fca5000 rw-p 00001000 103:07 26949071                  /home/mindspice/code/jdk/openjdk-21-rc/lib/server/classes.jsa
7f1b5fca5000-7f1b60000000 ---p 00000000 00:00 0 
7f1b60000000-7f1b60030000 rw-p 00000000 00:00 0 
7f1b60030000-7f1b60040000 ---p 00000000 00:00 0 
7f1b60040000-7f1b60070000 rw-p 00000000 00:00 0 
7f1b60070000-7f1ba0000000 ---p 00000000 00:00 0 
7f1ba0000000-7f1ba0021000 rw-p 00000000 00:00 0 
7f1ba0021000-7f1ba4000000 ---p 00000000 00:00 0 
7f1ba4000000-7f1ba4021000 rw-p 00000000 00:00 0 
7f1ba4021000-7f1ba8000000 ---p 00000000 00:00 0 
7f1ba8000000-7f1ba8021000 rw-p 00000000 00:00 0 
7f1ba8021000-7f1bac000000 ---p 00000000 00:00 0 
7f1bac001000-7f1bac021000 rw-s 00000000 00:05 1028                       /dev/nvidiactl
7f1bac021000-7f1bac0a1000 rw-s 00000000 00:05 1043                       /dev/nvidia0
7f1bac0a1000-7f1bac0e1000 rw-s 00000000 00:05 1028                       /dev/nvidiactl
7f1bac0e1000-7f1bac132000 r--p 00000000 103:07 23331931                  /usr/lib/x86_64-linux-gnu/libGLX_nvidia.so.535.104.05
7f1bac132000-7f1bac18c000 r-xp 00051000 103:07 23331931                  /usr/lib/x86_64-linux-gnu/libGLX_nvidia.so.535.104.05
7f1bac18c000-7f1bac1c1000 rwxp 000ab000 103:07 23331931                  /usr/lib/x86_64-linux-gnu/libGLX_nvidia.so.535.104.05
7f1bac1c1000-7f1bac1c2000 r-xp 000e0000 103:07 23331931                  /usr/lib/x86_64-linux-gnu/libGLX_nvidia.so.535.104.05
7f1bac1c2000-7f1bac1e1000 r--p 000e1000 103:07 23331931                  /usr/lib/x86_64-linux-gnu/libGLX_nvidia.so.535.104.05
7f1bac1e1000-7f1bac201000 r--p 000ff000 103:07 23331931                  /usr/lib/x86_64-linux-gnu/libGLX_nvidia.so.535.104.05
7f1bac201000-7f1bac206000 rw-p 0011f000 103:07 23331931                  /usr/lib/x86_64-linux-gnu/libGLX_nvidia.so.535.104.05
7f1bac206000-7f1bac208000 rw-p 00000000 00:00 0 
7f1bac208000-7f1bac248000 r--p 00000000 103:07 23333765                  /usr/lib/x86_64-linux-gnu/libGLdispatch.so.0.0.0
7f1bac248000-7f1bac24b000 r-xp 00040000 103:07 23333765                  /usr/lib/x86_64-linux-gnu/libGLdispatch.so.0.0.0
7f1bac24b000-7f1bac286000 r-xp 00043000 103:07 23333765                  /usr/lib/x86_64-linux-gnu/libGLdispatch.so.0.0.0
7f1bac286000-7f1bac287000 r-xp 0007e000 103:07 23333765                  /usr/lib/x86_64-linux-gnu/libGLdispatch.so.0.0.0
7f1bac287000-7f1bac29a000 r--p 0007f000 103:07 23333765                  /usr/lib/x86_64-linux-gnu/libGLdispatch.so.0.0.0
7f1bac29a000-7f1bac29b000 ---p 00092000 103:07 23333765                  /usr/lib/x86_64-linux-gnu/libGLdispatch.so.0.0.0
7f1bac29b000-7f1bac2b7000 r--p 00092000 103:07 23333765                  /usr/lib/x86_64-linux-gnu/libGLdispatch.so.0.0.0
7f1bac2b7000-7f1bac2b8000 rw-p 000ae000 103:07 23333765                  /usr/lib/x86_64-linux-gnu/libGLdispatch.so.0.0.0
7f1bac2b8000-7f1bac2c0000 rw-p 00000000 00:00 0 
7f1bac2c0000-7f1bac2d9000 r--p 00000000 103:07 23334788                  /usr/lib/x86_64-linux-gnu/libX11.so.6.4.0
7f1bac2d9000-7f1bac365000 r-xp 00019000 103:07 23334788                  /usr/lib/x86_64-linux-gnu/libX11.so.6.4.0
7f1bac365000-7f1bac3fa000 r--p 000a5000 103:07 23334788                  /usr/lib/x86_64-linux-gnu/libX11.so.6.4.0
7f1bac3fa000-7f1bac3fb000 ---p 0013a000 103:07 23334788                  /usr/lib/x86_64-linux-gnu/libX11.so.6.4.0
7f1bac3fb000-7f1bac3fc000 r--p 0013a000 103:07 23334788                  /usr/lib/x86_64-linux-gnu/libX11.so.6.4.0
7f1bac3fc000-7f1bac400000 rw-p 0013b000 103:07 23334788                  /usr/lib/x86_64-linux-gnu/libX11.so.6.4.0
7f1bac400000-7f1bacc00000 rw-p 00000000 00:00 0 
7f1bacc00000-7f1bacc08000 r--p 00000000 103:07 9175118                   /tmp/lwjgl_mindspice/3.3.3+5/x64/libjemalloc.so
7f1bacc08000-7f1bacc5d000 r-xp 00008000 103:07 9175118                   /tmp/lwjgl_mindspice/3.3.3+5/x64/libjemalloc.so
7f1bacc5d000-7f1bacc6d000 r--p 0005d000 103:07 9175118                   /tmp/lwjgl_mindspice/3.3.3+5/x64/libjemalloc.so
7f1bacc6d000-7f1bacc6e000 ---p 0006d000 103:07 9175118                   /tmp/lwjgl_mindspice/3.3.3+5/x64/libjemalloc.so
7f1bacc6e000-7f1bacc74000 r--p 0006d000 103:07 9175118                   /tmp/lwjgl_mindspice/3.3.3+5/x64/libjemalloc.so
7f1bacc74000-7f1bacc75000 rw-p 00073000 103:07 9175118                   /tmp/lwjgl_mindspice/3.3.3+5/x64/libjemalloc.so
7f1bacc75000-7f1bace7f000 rw-p 00000000 00:00 0 
7f1baceaa000-7f1baceaf000 r--p 00000000 103:07 23331149                  /usr/lib/x86_64-linux-gnu/libdrm.so.2.4.0
7f1baceaf000-7f1baceba000 r-xp 00005000 103:07 23331149                  /usr/lib/x86_64-linux-gnu/libdrm.so.2.4.0
7f1baceba000-7f1bacebe000 r--p 00010000 103:07 23331149                  /usr/lib/x86_64-linux-gnu/libdrm.so.2.4.0
7f1bacebe000-7f1bacebf000 r--p 00013000 103:07 23331149                  /usr/lib/x86_64-linux-gnu/libdrm.so.2.4.0
7f1bacebf000-7f1bacec0000 rw-p 00014000 103:07 23331149                  /usr/lib/x86_64-linux-gnu/libdrm.so.2.4.0
7f1baceca000-7f1bacedd000 rw-s 00000000 00:05 1028                       /dev/nvidiactl
7f1bacedd000-7f1bacee8000 r--p 00000000 103:07 23335615                  /usr/lib/x86_64-linux-gnu/libxcb-glx.so.0.0.0
7f1bacee8000-7f1bacef1000 r-xp 0000b000 103:07 23335615                  /usr/lib/x86_64-linux-gnu/libxcb-glx.so.0.0.0
7f1bacef1000-7f1bacef6000 r--p 00014000 103:07 23335615                  /usr/lib/x86_64-linux-gnu/libxcb-glx.so.0.0.0
7f1bacef6000-7f1bacef7000 ---p 00019000 103:07 23335615                  /usr/lib/x86_64-linux-gnu/libxcb-glx.so.0.0.0
7f1bacef7000-7f1bacef9000 r--p 00019000 103:07 23335615                  /usr/lib/x86_64-linux-gnu/libxcb-glx.so.0.0.0
7f1bacef9000-7f1bacefa000 rw-p 0001b000 103:07 23335615                  /usr/lib/x86_64-linux-gnu/libxcb-glx.so.0.0.0
7f1bacefa000-7f1bacefb000 r--p 00000000 103:07 23334069                  /usr/lib/x86_64-linux-gnu/libnvidia-tls.so.535.104.05
7f1bacefb000-7f1bacefd000 r-xp 00001000 103:07 23334069                  /usr/lib/x86_64-linux-gnu/libnvidia-tls.so.535.104.05
7f1bacefd000-7f1bacefe000 r--p 00003000 103:07 23334069                  /usr/lib/x86_64-linux-gnu/libnvidia-tls.so.535.104.05
7f1bacefe000-7f1baceff000 r--p 00003000 103:07 23334069                  /usr/lib/x86_64-linux-gnu/libnvidia-tls.so.535.104.05
7f1baceff000-7f1bacf00000 rw-p 00004000 103:07 23334069                  /usr/lib/x86_64-linux-gnu/libnvidia-tls.so.535.104.05
7f1bacf00000-7f1bacf04000 ---p 00000000 00:00 0 
7f1bacf04000-7f1bad000000 rw-p 00000000 00:00 0 
7f1bad000000-7f1badf06000 r--p 00000000 103:07 22806593                  /usr/lib/locale/locale-archive
7f1badf0a000-7f1badf0d000 r--p 00000000 103:07 23333758                  /usr/lib/x86_64-linux-gnu/libGLX.so.0.0.0
7f1badf0d000-7f1badf28000 r-xp 00003000 103:07 23333758                  /usr/lib/x86_64-linux-gnu/libGLX.so.0.0.0
7f1badf28000-7f1badf2b000 r--p 0001e000 103:07 23333758                  /usr/lib/x86_64-linux-gnu/libGLX.so.0.0.0
7f1badf2b000-7f1badf2c000 ---p 00021000 103:07 23333758                  /usr/lib/x86_64-linux-gnu/libGLX.so.0.0.0
7f1badf2c000-7f1badf2d000 r--p 00021000 103:07 23333758                  /usr/lib/x86_64-linux-gnu/libGLX.so.0.0.0
7f1badf2d000-7f1badf2e000 rw-p 00022000 103:07 23333758                  /usr/lib/x86_64-linux-gnu/libGLX.so.0.0.0
7f1badf2e000-7f1badf3e000 rw-p 00000000 00:00 0 
7f1badf76000-7f1badf84000 r--p 00000000 103:07 9175136                   /tmp/lwjgl_mindspice/3.3.3+5/x64/libglfw.so
7f1badf84000-7f1badfa3000 r-xp 0000e000 103:07 9175136                   /tmp/lwjgl_mindspice/3.3.3+5/x64/libglfw.so
7f1badfa3000-7f1badfd6000 r--p 0002d000 103:07 9175136                   /tmp/lwjgl_mindspice/3.3.3+5/x64/libglfw.so
7f1badfd6000-7f1badfd7000 ---p 00060000 103:07 9175136                   /tmp/lwjgl_mindspice/3.3.3+5/x64/libglfw.so
7f1badfd7000-7f1badfda000 r--p 00060000 103:07 9175136                   /tmp/lwjgl_mindspice/3.3.3+5/x64/libglfw.so
7f1badfda000-7f1badfdd000 rw-p 00063000 103:07 9175136                   /tmp/lwjgl_mindspice/3.3.3+5/x64/libglfw.so
7f1badfdd000-7f1bb0000000 rw-p 00000000 00:00 0 
7f1bb0000000-7f1bb0021000 rw-p 00000000 00:00 0 
7f1bb0021000-7f1bb4000000 ---p 00000000 00:00 0 
7f1bb4000000-7f1bb4021000 rw-p 00000000 00:00 0 
7f1bb4021000-7f1bb8000000 ---p 00000000 00:00 0 
7f1bb8000000-7f1bb8021000 rw-p 00000000 00:00 0 
7f1bb8021000-7f1bbc000000 ---p 00000000 00:00 0 
7f1bbc00a000-7f1bbc00e000 r--p 00000000 103:07 23333806                  /usr/lib/x86_64-linux-gnu/libXext.so.6.4.0
7f1bbc00e000-7f1bbc019000 r-xp 00004000 103:07 23333806                  /usr/lib/x86_64-linux-gnu/libXext.so.6.4.0
7f1bbc019000-7f1bbc01d000 r--p 0000f000 103:07 23333806                  /usr/lib/x86_64-linux-gnu/libXext.so.6.4.0
7f1bbc01d000-7f1bbc01e000 r--p 00012000 103:07 23333806                  /usr/lib/x86_64-linux-gnu/libXext.so.6.4.0
7f1bbc01e000-7f1bbc01f000 rw-p 00013000 103:07 23333806                  /usr/lib/x86_64-linux-gnu/libXext.so.6.4.0
7f1bbc01f000-7f1bbc021000 r--p 00000000 103:07 23334908                  /usr/lib/x86_64-linux-gnu/libmd.so.0.0.5
7f1bbc021000-7f1bbc028000 r-xp 00002000 103:07 23334908                  /usr/lib/x86_64-linux-gnu/libmd.so.0.0.5
7f1bbc028000-7f1bbc02a000 r--p 00009000 103:07 23334908                  /usr/lib/x86_64-linux-gnu/libmd.so.0.0.5
7f1bbc02a000-7f1bbc02b000 r--p 0000a000 103:07 23334908                  /usr/lib/x86_64-linux-gnu/libmd.so.0.0.5
7f1bbc02b000-7f1bbc02c000 rw-p 0000b000 103:07 23334908                  /usr/lib/x86_64-linux-gnu/libmd.so.0.0.5
7f1bbc02c000-7f1bbc030000 r--p 00000000 103:07 23334094                  /usr/lib/x86_64-linux-gnu/libbsd.so.0.11.5
7f1bbc030000-7f1bbc03d000 r-xp 00004000 103:07 23334094                  /usr/lib/x86_64-linux-gnu/libbsd.so.0.11.5
7f1bbc03d000-7f1bbc040000 r--p 00011000 103:07 23334094                  /usr/lib/x86_64-linux-gnu/libbsd.so.0.11.5
7f1bbc040000-7f1bbc041000 ---p 00014000 103:07 23334094                  /usr/lib/x86_64-linux-gnu/libbsd.so.0.11.5
7f1bbc041000-7f1bbc042000 r--p 00014000 103:07 23334094                  /usr/lib/x86_64-linux-gnu/libbsd.so.0.11.5
7f1bbc042000-7f1bbc043000 rw-p 00015000 103:07 23334094                  /usr/lib/x86_64-linux-gnu/libbsd.so.0.11.5
7f1bbc043000-7f1bbc044000 rw-p 00000000 00:00 0 
7f1bbc044000-7f1bbc06d000 r--p 00000000 103:07 9175153                   /tmp/lwjgl_mindspice/3.3.3+5/x64/liblwjgl.so
7f1bbc06d000-7f1bbc09f000 r-xp 00029000 103:07 9175153                   /tmp/lwjgl_mindspice/3.3.3+5/x64/liblwjgl.so
7f1bbc09f000-7f1bbc0b8000 r--p 0005b000 103:07 9175153                   /tmp/lwjgl_mindspice/3.3.3+5/x64/liblwjgl.so
7f1bbc0b8000-7f1bbc0b9000 r--p 00073000 103:07 9175153                   /tmp/lwjgl_mindspice/3.3.3+5/x64/liblwjgl.so
7f1bbc0b9000-7f1bbc0ba000 rw-p 00074000 103:07 9175153                   /tmp/lwjgl_mindspice/3.3.3+5/x64/liblwjgl.so
7f1bbc0ba000-7f1bbc0be000 ---p 00000000 00:00 0 
7f1bbc0be000-7f1bbc1ba000 rw-p 00000000 00:00 0 
7f1bbc1ba000-7f1bbc1be000 ---p 00000000 00:00 0 
7f1bbc1be000-7f1bbc2ba000 rw-p 00000000 00:00 0 
7f1bbc2ba000-7f1bbc2be000 ---p 00000000 00:00 0 
7f1bbc2be000-7f1bbc3ba000 rw-p 00000000 00:00 0 
7f1bbc3ba000-7f1bbc3be000 ---p 00000000 00:00 0 
7f1bbc3be000-7f1bbc4ba000 rw-p 00000000 00:00 0 
7f1bbc4ba000-7f1bbc4be000 ---p 00000000 00:00 0 
7f1bbc4be000-7f1bbc5ba000 rw-p 00000000 00:00 0 
7f1bbc5ba000-7f1bbc688000 r-xp 00000000 103:07 26949047                  /home/mindspice/code/jdk/openjdk-21-rc/lib/libjsvml.so
7f1bbc688000-7f1bbc689000 r--p 000cd000 103:07 26949047                  /home/mindspice/code/jdk/openjdk-21-rc/lib/libjsvml.so
7f1bbc689000-7f1bbc68a000 rw-p 000ce000 103:07 26949047                  /home/mindspice/code/jdk/openjdk-21-rc/lib/libjsvml.so
7f1bbc68a000-7f1bbc68e000 ---p 00000000 00:00 0 
7f1bbc68e000-7f1bbc78a000 rw-p 00000000 00:00 0 
7f1bbc78a000-7f1bbc78e000 ---p 00000000 00:00 0 
7f1bbc78e000-7f1bbc88a000 rw-p 00000000 00:00 0 
7f1bbc88a000-7f1bbc88e000 ---p 00000000 00:00 0 
7f1bbc88e000-7f1bbc98a000 rw-p 00000000 00:00 0 
7f1bbc98a000-7f1bbc98e000 ---p 00000000 00:00 0 
7f1bbc98e000-7f1bbca8a000 rw-p 00000000 00:00 0 
7f1bbca8a000-7f1bbca8e000 ---p 00000000 00:00 0 
7f1bbca8e000-7f1bbcb8a000 rw-p 00000000 00:00 0 
7f1bbcb8a000-7f1bbcb8e000 ---p 00000000 00:00 0 
7f1bbcb8e000-7f1bbcc8a000 rw-p 00000000 00:00 0 
7f1bbcc8a000-7f1bbcc8e000 ---p 00000000 00:00 0 
7f1bbcc8e000-7f1bbcd8a000 rw-p 00000000 00:00 0 
7f1bbcd8a000-7f1bbcd8b000 ---p 00000000 00:00 0 
7f1bbcd8b000-7f1bbce8b000 rw-p 00000000 00:00 0 
7f1bbce8b000-7f1bbce8c000 ---p 00000000 00:00 0 
7f1bbce8c000-7f1bbe028000 rw-p 00000000 00:00 0 
7f1bbe028000-7f1bccb28000 ---p 00000000 00:00 0 
7f1bccb28000-7f1bccd40000 rw-p 00000000 00:00 0 
7f1bccd40000-7f1bceaa0000 ---p 00000000 00:00 0 
7f1bceaa0000-7f1bcec9c000 rw-p 00000000 00:00 0 
7f1bcec9c000-7f1bd09fc000 ---p 00000000 00:00 0 
7f1bd09fc000-7f1bd0a00000 rw-p 00000000 00:00 0 
7f1bd0a00000-7f1bd0c70000 rwxp 00000000 00:00 0 
7f1bd0c70000-7f1bd7e5f000 ---p 00000000 00:00 0 
7f1bd7e5f000-7f1bd820f000 rwxp 00000000 00:00 0 
7f1bd820f000-7f1bd85a0000 ---p 00000000 00:00 0 
7f1bd85a0000-7f1bd8810000 rwxp 00000000 00:00 0 
7f1bd8810000-7f1bdfa00000 ---p 00000000 00:00 0 
7f1bdfa00000-7f1be7ec1000 r--s 00000000 103:07 26949064                  /home/mindspice/code/jdk/openjdk-21-rc/lib/modules
7f1be7ecd000-7f1be7ecf000 r--p 00000000 103:07 23333804                  /usr/lib/x86_64-linux-gnu/libXdmcp.so.6.0.0
7f1be7ecf000-7f1be7ed1000 r-xp 00002000 103:07 23333804                  /usr/lib/x86_64-linux-gnu/libXdmcp.so.6.0.0
7f1be7ed1000-7f1be7ed3000 r--p 00004000 103:07 23333804                  /usr/lib/x86_64-linux-gnu/libXdmcp.so.6.0.0
7f1be7ed3000-7f1be7ed4000 r--p 00005000 103:07 23333804                  /usr/lib/x86_64-linux-gnu/libXdmcp.so.6.0.0
7f1be7ed4000-7f1be7ed5000 rw-p 00006000 103:07 23333804                  /usr/lib/x86_64-linux-gnu/libXdmcp.so.6.0.0
7f1be7ed5000-7f1be7ee0000 r--p 00000000 103:07 23335647                  /usr/lib/x86_64-linux-gnu/libxcb.so.1.1.0
7f1be7ee0000-7f1be7ef4000 r-xp 0000b000 103:07 23335647                  /usr/lib/x86_64-linux-gnu/libxcb.so.1.1.0
7f1be7ef4000-7f1be7efd000 r--p 0001f000 103:07 23335647                  /usr/lib/x86_64-linux-gnu/libxcb.so.1.1.0
7f1be7efd000-7f1be7efe000 r--p 00027000 103:07 23335647                  /usr/lib/x86_64-linux-gnu/libxcb.so.1.1.0
7f1be7efe000-7f1be7eff000 rw-p 00028000 103:07 23335647                  /usr/lib/x86_64-linux-gnu/libxcb.so.1.1.0
7f1be7eff000-7f1be7f00000 ---p 00000000 00:00 0 
7f1be7f00000-7f1be8000000 rw-p 00000000 00:00 0 
7f1be8000000-7f1be8922000 rw-p 00000000 00:00 0 
7f1be8922000-7f1bec000000 ---p 00000000 00:00 0 
7f1bec004000-7f1bec00b000 r--s 00000000 103:07 23337321                  /usr/lib/x86_64-linux-gnu/gconv/gconv-modules.cache
7f1bec00b000-7f1bec00f000 rw-s 00000000 00:05 1028                       /dev/nvidiactl
7f1bec00f000-7f1bec010000 rw-s 00000000 00:05 1043                       /dev/nvidia0
7f1bec010000-7f1bec014000 rw-s 00000000 00:05 1028                       /dev/nvidiactl
7f1bec014000-7f1bec024000 rw-s 00000000 00:05 1043                       /dev/nvidia0
7f1bec024000-7f1bec030000 r-xp 00000000 103:07 26949054                  /home/mindspice/code/jdk/openjdk-21-rc/lib/libnet.so
7f1bec030000-7f1bec031000 r--p 0000b000 103:07 26949054                  /home/mindspice/code/jdk/openjdk-21-rc/lib/libnet.so
7f1bec031000-7f1bec032000 rw-p 0000c000 103:07 26949054                  /home/mindspice/code/jdk/openjdk-21-rc/lib/libnet.so
7f1bec032000-7f1bec045000 r-xp 00000000 103:07 26949055                  /home/mindspice/code/jdk/openjdk-21-rc/lib/libnio.so
7f1bec045000-7f1bec046000 ---p 00013000 103:07 26949055                  /home/mindspice/code/jdk/openjdk-21-rc/lib/libnio.so
7f1bec046000-7f1bec047000 r--p 00013000 103:07 26949055                  /home/mindspice/code/jdk/openjdk-21-rc/lib/libnio.so
7f1bec047000-7f1bec048000 rw-p 00014000 103:07 26949055                  /home/mindspice/code/jdk/openjdk-21-rc/lib/libnio.so
7f1bec048000-7f1bec089000 rw-p 00000000 00:00 0 
7f1bec089000-7f1bec08a000 ---p 00000000 00:00 0 
7f1bec08a000-7f1bed39c000 rw-p 00000000 00:00 0 
7f1bed39c000-7f1bed39d000 ---p 00000000 00:00 0 
7f1bed39d000-7f1bed49d000 rw-p 00000000 00:00 0 
7f1bed49d000-7f1bed49e000 ---p 00000000 00:00 0 
7f1bed49e000-7f1bed59e000 rw-p 00000000 00:00 0 
7f1bed59e000-7f1bed59f000 ---p 00000000 00:00 0 
7f1bed59f000-7f1beea33000 rw-p 00000000 00:00 0 
7f1beea33000-7f1beeb17000 ---p 00000000 00:00 0 
7f1beeb17000-7f1beeb1c000 rw-p 00000000 00:00 0 
7f1beeb1c000-7f1beec00000 ---p 00000000 00:00 0 
7f1beec00000-7f1beff0a000 r-xp 00000000 103:07 26949074                  /home/mindspice/code/jdk/openjdk-21-rc/lib/server/libjvm.so
7f1beff0a000-7f1beffd7000 r--p 01309000 103:07 26949074                  /home/mindspice/code/jdk/openjdk-21-rc/lib/server/libjvm.so
7f1beffd7000-7f1bf0005000 rw-p 013d6000 103:07 26949074                  /home/mindspice/code/jdk/openjdk-21-rc/lib/server/libjvm.so
7f1bf0005000-7f1bf006a000 rw-p 00000000 00:00 0 
7f1bf006a000-7f1bf006c000 rw-s 00000000 00:05 1028                       /dev/nvidiactl
7f1bf006c000-7f1bf006d000 rw-s 00000000 00:05 1028                       /dev/nvidiactl
7f1bf006d000-7f1bf006e000 rw-s 00000000 00:05 1028                       /dev/nvidiactl
7f1bf006e000-7f1bf006f000 r--p 00000000 103:07 23333793                  /usr/lib/x86_64-linux-gnu/libXau.so.6.0.0
7f1bf006f000-7f1bf0071000 r-xp 00001000 103:07 23333793                  /usr/lib/x86_64-linux-gnu/libXau.so.6.0.0
7f1bf0071000-7f1bf0072000 r--p 00003000 103:07 23333793                  /usr/lib/x86_64-linux-gnu/libXau.so.6.0.0
7f1bf0072000-7f1bf0073000 r--p 00003000 103:07 23333793                  /usr/lib/x86_64-linux-gnu/libXau.so.6.0.0
7f1bf0073000-7f1bf0074000 rw-p 00004000 103:07 23333793                  /usr/lib/x86_64-linux-gnu/libXau.so.6.0.0
7f1bf0074000-7f1bf007b000 r-xp 00000000 103:07 26949063                  /home/mindspice/code/jdk/openjdk-21-rc/lib/libzip.so
7f1bf007b000-7f1bf007c000 ---p 00007000 103:07 26949063                  /home/mindspice/code/jdk/openjdk-21-rc/lib/libzip.so
7f1bf007c000-7f1bf007d000 r--p 00007000 103:07 26949063                  /home/mindspice/code/jdk/openjdk-21-rc/lib/libzip.so
7f1bf007d000-7f1bf007e000 rw-p 00008000 103:07 26949063                  /home/mindspice/code/jdk/openjdk-21-rc/lib/libzip.so
7f1bf007e000-7f1bf00bd000 rw-p 00000000 00:00 0 
7f1bf00bd000-7f1bf00dd000 r-xp 00000000 103:07 26949039                  /home/mindspice/code/jdk/openjdk-21-rc/lib/libjava.so
7f1bf00dd000-7f1bf00de000 ---p 00020000 103:07 26949039                  /home/mindspice/code/jdk/openjdk-21-rc/lib/libjava.so
7f1bf00de000-7f1bf00df000 r--p 00020000 103:07 26949039                  /home/mindspice/code/jdk/openjdk-21-rc/lib/libjava.so
7f1bf00df000-7f1bf00e0000 rw-p 00021000 103:07 26949039                  /home/mindspice/code/jdk/openjdk-21-rc/lib/libjava.so
7f1bf00e0000-7f1bf00e1000 rw-p 00000000 00:00 0 
7f1bf00e1000-7f1bf00fc000 r-xp 00000000 103:07 26949043                  /home/mindspice/code/jdk/openjdk-21-rc/lib/libjimage.so
7f1bf00fc000-7f1bf00fd000 ---p 0001b000 103:07 26949043                  /home/mindspice/code/jdk/openjdk-21-rc/lib/libjimage.so
7f1bf00fd000-7f1bf00ff000 r--p 0001b000 103:07 26949043                  /home/mindspice/code/jdk/openjdk-21-rc/lib/libjimage.so
7f1bf00ff000-7f1bf0100000 rw-p 0001d000 103:07 26949043                  /home/mindspice/code/jdk/openjdk-21-rc/lib/libjimage.so
7f1bf0100000-7f1bf0104000 ---p 00000000 00:00 0 
7f1bf0104000-7f1bf0200000 rw-p 00000000 00:00 0 
7f1bf0200000-7f1bf0228000 r--p 00000000 103:07 23332177                  /usr/lib/x86_64-linux-gnu/libc.so.6
7f1bf0228000-7f1bf03bd000 r-xp 00028000 103:07 23332177                  /usr/lib/x86_64-linux-gnu/libc.so.6
7f1bf03bd000-7f1bf0415000 r--p 001bd000 103:07 23332177                  /usr/lib/x86_64-linux-gnu/libc.so.6
7f1bf0415000-7f1bf0419000 r--p 00214000 103:07 23332177                  /usr/lib/x86_64-linux-gnu/libc.so.6
7f1bf0419000-7f1bf041b000 rw-p 00218000 103:07 23332177                  /usr/lib/x86_64-linux-gnu/libc.so.6
7f1bf041b000-7f1bf0428000 rw-p 00000000 00:00 0 
7f1bf0428000-7f1bf0429000 rw-s 00000000 00:05 1028                       /dev/nvidiactl
7f1bf0429000-7f1bf042a000 rw-s 00044000 00:01 15368                      /memfd:/.nvidia_drv.XXXXXX (deleted)
7f1bf042a000-7f1bf042b000 r-xp 00000000 00:00 0 
7f1bf042b000-7f1bf0434000 rw-p 00000000 00:00 0 
7f1bf0434000-7f1bf043b000 ---p 00000000 00:00 0 
7f1bf043b000-7f1bf0449000 r--p 00000000 103:07 23333324                  /usr/lib/x86_64-linux-gnu/libm.so.6
7f1bf0449000-7f1bf04c5000 r-xp 0000e000 103:07 23333324                  /usr/lib/x86_64-linux-gnu/libm.so.6
7f1bf04c5000-7f1bf0520000 r--p 0008a000 103:07 23333324                  /usr/lib/x86_64-linux-gnu/libm.so.6
7f1bf0520000-7f1bf0521000 r--p 000e4000 103:07 23333324                  /usr/lib/x86_64-linux-gnu/libm.so.6
7f1bf0521000-7f1bf0522000 rw-p 000e5000 103:07 23333324                  /usr/lib/x86_64-linux-gnu/libm.so.6
7f1bf0522000-7f1bf0523000 r--p 00000000 103:07 23334891                  /usr/lib/x86_64-linux-gnu/librt.so.1
7f1bf0523000-7f1bf0524000 r-xp 00001000 103:07 23334891                  /usr/lib/x86_64-linux-gnu/librt.so.1
7f1bf0524000-7f1bf0525000 r--p 00002000 103:07 23334891                  /usr/lib/x86_64-linux-gnu/librt.so.1
7f1bf0525000-7f1bf0526000 r--p 00002000 103:07 23334891                  /usr/lib/x86_64-linux-gnu/librt.so.1
7f1bf0526000-7f1bf0527000 rw-p 00003000 103:07 23334891                  /usr/lib/x86_64-linux-gnu/librt.so.1
7f1bf0527000-7f1bf052b000 rw-p 00000000 00:00 0 
7f1bf052b000-7f1bf052c000 r--p 00000000 103:07 23333056                  /usr/lib/x86_64-linux-gnu/libdl.so.2
7f1bf052c000-7f1bf052d000 r-xp 00001000 103:07 23333056                  /usr/lib/x86_64-linux-gnu/libdl.so.2
7f1bf052d000-7f1bf052e000 r--p 00002000 103:07 23333056                  /usr/lib/x86_64-linux-gnu/libdl.so.2
7f1bf052e000-7f1bf052f000 r--p 00002000 103:07 23333056                  /usr/lib/x86_64-linux-gnu/libdl.so.2
7f1bf052f000-7f1bf0530000 rw-p 00003000 103:07 23333056                  /usr/lib/x86_64-linux-gnu/libdl.so.2
7f1bf0530000-7f1bf0531000 r--p 00000000 103:07 23334258                  /usr/lib/x86_64-linux-gnu/libpthread.so.0
7f1bf0531000-7f1bf0532000 r-xp 00001000 103:07 23334258                  /usr/lib/x86_64-linux-gnu/libpthread.so.0
7f1bf0532000-7f1bf0533000 r--p 00002000 103:07 23334258                  /usr/lib/x86_64-linux-gnu/libpthread.so.0
7f1bf0533000-7f1bf0534000 r--p 00002000 103:07 23334258                  /usr/lib/x86_64-linux-gnu/libpthread.so.0
7f1bf0534000-7f1bf0535000 rw-p 00003000 103:07 23334258                  /usr/lib/x86_64-linux-gnu/libpthread.so.0
7f1bf0535000-7f1bf0543000 r-xp 00000000 103:07 26949044                  /home/mindspice/code/jdk/openjdk-21-rc/lib/libjli.so
7f1bf0543000-7f1bf0544000 ---p 0000e000 103:07 26949044                  /home/mindspice/code/jdk/openjdk-21-rc/lib/libjli.so
7f1bf0544000-7f1bf0545000 r--p 0000e000 103:07 26949044                  /home/mindspice/code/jdk/openjdk-21-rc/lib/libjli.so
7f1bf0545000-7f1bf0546000 rw-p 0000f000 103:07 26949044                  /home/mindspice/code/jdk/openjdk-21-rc/lib/libjli.so
7f1bf0546000-7f1bf0548000 r--p 00000000 103:07 23331309                  /usr/lib/x86_64-linux-gnu/libz.so.1.2.11
7f1bf0548000-7f1bf0559000 r-xp 00002000 103:07 23331309                  /usr/lib/x86_64-linux-gnu/libz.so.1.2.11
7f1bf0559000-7f1bf055f000 r--p 00013000 103:07 23331309                  /usr/lib/x86_64-linux-gnu/libz.so.1.2.11
7f1bf055f000-7f1bf0560000 ---p 00019000 103:07 23331309                  /usr/lib/x86_64-linux-gnu/libz.so.1.2.11
7f1bf0560000-7f1bf0561000 r--p 00019000 103:07 23331309                  /usr/lib/x86_64-linux-gnu/libz.so.1.2.11
7f1bf0561000-7f1bf0562000 rw-p 0001a000 103:07 23331309                  /usr/lib/x86_64-linux-gnu/libz.so.1.2.11
7f1bf0562000-7f1bf0563000 r-xp 00059000 103:07 9175153                   /tmp/lwjgl_mindspice/3.3.3+5/x64/liblwjgl.so
7f1bf0563000-7f1bf0564000 rw-p 00000000 00:00 0 
7f1bf0564000-7f1bf0566000 r-xp 00000000 103:07 26949032                  /home/mindspice/code/jdk/openjdk-21-rc/lib/libextnet.so
7f1bf0566000-7f1bf0567000 r--p 00001000 103:07 26949032                  /home/mindspice/code/jdk/openjdk-21-rc/lib/libextnet.so
7f1bf0567000-7f1bf0568000 rw-p 00002000 103:07 26949032                  /home/mindspice/code/jdk/openjdk-21-rc/lib/libextnet.so
7f1bf0568000-7f1bf0570000 rw-s 00000000 103:07 9175097                   /tmp/hsperfdata_mindspice/167034
7f1bf0570000-7f1bf057a000 r-xp 00000000 103:07 26949034                  /home/mindspice/code/jdk/openjdk-21-rc/lib/libinstrument.so
7f1bf057a000-7f1bf057b000 ---p 0000a000 103:07 26949034                  /home/mindspice/code/jdk/openjdk-21-rc/lib/libinstrument.so
7f1bf057b000-7f1bf057c000 r--p 0000a000 103:07 26949034                  /home/mindspice/code/jdk/openjdk-21-rc/lib/libinstrument.so
7f1bf057c000-7f1bf057d000 rw-p 0000b000 103:07 26949034                  /home/mindspice/code/jdk/openjdk-21-rc/lib/libinstrument.so
7f1bf057d000-7f1bf057e000 ---p 00000000 00:00 0 
7f1bf057e000-7f1bf057f000 r--p 00000000 00:00 0 
7f1bf057f000-7f1bf0581000 rw-p 00000000 00:00 0 
7f1bf0581000-7f1bf0583000 r--p 00000000 103:07 23332035                  /usr/lib/x86_64-linux-gnu/ld-linux-x86-64.so.2
7f1bf0583000-7f1bf05ad000 r-xp 00002000 103:07 23332035                  /usr/lib/x86_64-linux-gnu/ld-linux-x86-64.so.2
7f1bf05ad000-7f1bf05b8000 r--p 0002c000 103:07 23332035                  /usr/lib/x86_64-linux-gnu/ld-linux-x86-64.so.2
7f1bf05b8000-7f1bf05b9000 ---p 00000000 00:00 0 
7f1bf05b9000-7f1bf05bb000 r--p 00037000 103:07 23332035                  /usr/lib/x86_64-linux-gnu/ld-linux-x86-64.so.2
7f1bf05bb000-7f1bf05bd000 rw-p 00039000 103:07 23332035                  /usr/lib/x86_64-linux-gnu/ld-linux-x86-64.so.2
7ffecff24000-7ffecff46000 rw-p 00000000 00:00 0                          [stack]
7ffecffa9000-7ffecffad000 r--p 00000000 00:00 0                          [vvar]
7ffecffad000-7ffecffaf000 r-xp 00000000 00:00 0                          [vdso]
ffffffffff600000-ffffffffff601000 --xp 00000000 00:00 0                  [vsyscall]
Total number of mappings: 364


VM Arguments:
jvm_args: -javaagent:/home/mindspice/.local/share/JetBrains/Toolbox/apps/IDEA-U/ch-0/222.4345.14/lib/idea_rt.jar=32893:/home/mindspice/.local/share/JetBrains/Toolbox/apps/IDEA-U/ch-0/222.4345.14/bin -Dfile.encoding=UTF-8 -Dsun.stdout.encoding=UTF-8 -Dsun.stderr.encoding=UTF-8 
java_command: io.mindspice.mspice.game.Main
java_class_path (initial): /home/mindspice/code/Java/game/mspice-engine/target/classes:/home/mindspice/.m2/repository/org/lwjgl/lwjgl/3.3.3/lwjgl-3.3.3.jar:/home/mindspice/.m2/repository/org/lwjgl/lwjgl-assimp/3.3.3/lwjgl-assimp-3.3.3.jar:/home/mindspice/.m2/repository/org/lwjgl/lwjgl-glfw/3.3.3/lwjgl-glfw-3.3.3.jar:/home/mindspice/.m2/repository/org/lwjgl/lwjgl-harfbuzz/3.3.3/lwjgl-harfbuzz-3.3.3.jar:/home/mindspice/.m2/repository/org/lwjgl/lwjgl-hwloc/3.3.3/lwjgl-hwloc-3.3.3.jar:/home/mindspice/.m2/repository/org/lwjgl/lwjgl-jemalloc/3.3.3/lwjgl-jemalloc-3.3.3.jar:/home/mindspice/.m2/repository/org/lwjgl/lwjgl-ktx/3.3.3/lwjgl-ktx-3.3.3.jar:/home/mindspice/.m2/repository/org/lwjgl/lwjgl-libdivide/3.3.3/lwjgl-libdivide-3.3.3.jar:/home/mindspice/.m2/repository/org/lwjgl/lwjgl-lz4/3.3.3/lwjgl-lz4-3.3.3.jar:/home/mindspice/.m2/repository/org/lwjgl/lwjgl-meshoptimizer/3.3.3/lwjgl-meshoptimizer-3.3.3.jar:/home/mindspice/.m2/repository/org/lwjgl/lwjgl-openal/3.3.3/lwjgl-openal-3.3.3.jar:/home/mindspice/.m2/repository/org/lwjgl/lwjgl-opengl/3.3.3/lwjgl-opengl-3.3.3.jar:/home/mindspice/.m2/repository/org/lwjgl/lwjgl-remotery/3.3.3/lwjgl-remotery-3.3.3.jar:/home/mindspice/.m2/repository/org/lwjgl/lwjgl-rpmalloc/3.3.3/lwjgl-rpmalloc-3.3.3.jar:/home/mindspice/.m2/repository/org/lwjgl/lwjgl-sse/3.3.3/lwjgl-sse-3.3.3.jar:/home/mindspice/.m2/repository/org/lwjgl/lwjgl-stb/3.3.3/lwjgl-stb-3.3.3.jar:/home/mindspice/.m2/repository/org/lwjgl/lwjgl-vma/3.3.3/lwjgl-vma-3.3.3.jar:/home/mindspice/.m2/repository/org/lwjgl/lwjgl-vulkan/3.3.3/lwjgl-vulkan-3.3.3.jar:/home/mindspice/.m2/repository/org/lwjgl/lwjgl/3.3.3/lwjgl-3.3.3-natives-linux.jar:/home/mindspice/.m2/repository/org/lwjgl/lwjgl-assimp/3.3.3/lwjgl-assimp-3.3.3-natives-linux.jar:/home/mindspice/.m2/repository/org/lwjgl/lwjgl-glfw/3.3.3/lwjgl-glfw-3.3.3-natives-linux.jar:/home/mindspice/.m2/repository/org/lwjgl/lwjgl-harfbuzz/3.3.3/lwjgl-harfbuzz-3.3.3-natives-linux.jar:/home/mindspice/.m2/repository/org/lwjgl/lwjgl-hwloc/3.3.3/lwjgl-hwloc-3.3.3-natives-linux.jar:/home/mindspice/.m2/repository/org/lwjgl/lwjgl-jemalloc/3.3.3/lwjgl-jemalloc-3.3.3-natives-linux.jar:/home/mindspice/.m2/repository/org/lwjgl/lwjgl-ktx/3.3.3/lwjgl-ktx-3.3.3-natives-linux.jar:/home/mindspice/.m2/repository/org/lwjgl/lwjgl-libdivide/3.3.3/lwjgl-libdivide-3.3.3-natives-linux.jar:/home/mindspice/.m2/repository/org/lwjgl/lwjgl-lz4/3.3.3/lwjgl-lz4-3.3.3-natives-linux.jar:/home/mindspice/.m2/repository/org/lwjgl/lwjgl-meshoptimizer/3.3.3/lwjgl-meshoptimizer-3.3.3-natives-linux.jar:/home/mindspice/.m2/repository/org/lwjgl/lwjgl-openal/3.3.3/lwjgl-openal-3.3.3-natives-linux.jar:/home/mindspice/.m2/repository/org/lwjgl/lwjgl-opengl/3.3.3/lwjgl-opengl-3.3.3-natives-linux.jar:/home/mindspice/.m2/repository/org/lwjgl/lwjgl-remotery/3.3.3/lwjgl-remotery-3.3.3-natives-linux.jar:/home/mindspice/.m2/repository/org/lwjgl/lwjgl-rpmalloc/3.3.3/lwjgl-rpmalloc-3.3.3-natives-linux.jar:/home/mindspice/.m2/repository/org/lwjgl/lwjgl-sse/3.3.3/lwjgl-sse-3.3.3-natives-linux.jar:/home/mindspice/.m2/repository/org/lwjgl/lwjgl-stb/3.3.3/lwjgl-stb-3.3.3-natives-linux.jar:/home/mindspice/.m2/repository/org/lwjgl/lwjgl-vma/3.3.3/lwjgl-vma-3.3.3-natives-linux.jar:/home/mindspice/.m2/repository/org/joml/joml/1.10.5/joml-1.10.5.jar
Launcher Type: SUN_STANDARD

[Global flags]
     intx CICompilerCount                          = 12                                        {product} {ergonomic}
     uint ConcGCThreads                            = 5                                         {product} {ergonomic}
     uint G1ConcRefinementThreads                  = 18                                        {product} {ergonomic}
   size_t G1HeapRegionSize                         = 8388608                                   {product} {ergonomic}
    uintx GCDrainStackTargetSize                   = 64                                        {product} {ergonomic}
   size_t InitialHeapSize                          = 1056964608                                {product} {ergonomic}
   size_t MarkStackSize                            = 4194304                                   {product} {ergonomic}
   size_t MaxHeapSize                              = 16835936256                               {product} {ergonomic}
   size_t MaxNewSize                               = 10099884032                               {product} {ergonomic}
   size_t MinHeapDeltaBytes                        = 8388608                                   {product} {ergonomic}
   size_t MinHeapSize                              = 8388608                                   {product} {ergonomic}
    uintx NonNMethodCodeHeapSize                   = 7602480                                {pd product} {ergonomic}
    uintx NonProfiledCodeHeapSize                  = 122027880                              {pd product} {ergonomic}
    uintx ProfiledCodeHeapSize                     = 122027880                              {pd product} {ergonomic}
    uintx ReservedCodeCacheSize                    = 251658240                              {pd product} {ergonomic}
     bool SegmentedCodeCache                       = true                                      {product} {ergonomic}
   size_t SoftMaxHeapSize                          = 16835936256                            {manageable} {ergonomic}
     bool UseCompressedOops                        = true                           {product lp64_product} {ergonomic}
     bool UseG1GC                                  = true                                      {product} {ergonomic}

Logging:
Log output configuration:
 #0: stdout all=warning uptime,level,tags foldmultilines=false
 #1: stderr all=off uptime,level,tags foldmultilines=false

Environment Variables:
PATH=/home/mindspice/.local/bin:/usr/local/sbin:/usr/local/bin:/usr/sbin:/usr/bin:/sbin:/bin:/usr/games:/usr/local/games:/snap/bin:/home/mindspice/.local/share/JetBrains/Toolbox/scripts
USERNAME=mindspice
SHELL=/bin/bash
DISPLAY=:1
LANG=en_US.UTF-8

Active Locale:
LC_ALL=en_US.UTF-8
LC_COLLATE=en_US.UTF-8
LC_CTYPE=en_US.UTF-8
LC_MESSAGES=en_US.UTF-8
LC_MONETARY=en_US.UTF-8
LC_NUMERIC=en_US.UTF-8
LC_TIME=en_US.UTF-8

Signal Handlers:
   SIGSEGV: crash_handler in libjvm.so, mask=11100100010111111101111111111110, flags=SA_RESTART|SA_SIGINFO, unblocked
    SIGBUS: crash_handler in libjvm.so, mask=11100100010111111101111111111110, flags=SA_RESTART|SA_SIGINFO, unblocked
    SIGFPE: crash_handler in libjvm.so, mask=11100100010111111101111111111110, flags=SA_RESTART|SA_SIGINFO, unblocked
   SIGPIPE: javaSignalHandler in libjvm.so, mask=11100100010111111101111111111110, flags=SA_RESTART|SA_SIGINFO, blocked
   SIGXFSZ: javaSignalHandler in libjvm.so, mask=11100100010111111101111111111110, flags=SA_RESTART|SA_SIGINFO, blocked
    SIGILL: crash_handler in libjvm.so, mask=11100100010111111101111111111110, flags=SA_RESTART|SA_SIGINFO, unblocked
   SIGUSR2: SR_handler in libjvm.so, mask=00100000000000000000000000000000, flags=SA_RESTART|SA_SIGINFO, blocked
    SIGHUP: SIG_IGN, mask=00000000000000000000000000000000, flags=none, blocked
    SIGINT: UserHandler in libjvm.so, mask=11100100010111111101111111111110, flags=SA_RESTART|SA_SIGINFO, blocked
   SIGTERM: UserHandler in libjvm.so, mask=11100100010111111101111111111110, flags=SA_RESTART|SA_SIGINFO, blocked
   SIGQUIT: UserHandler in libjvm.so, mask=11100100010111111101111111111110, flags=SA_RESTART|SA_SIGINFO, blocked
   SIGTRAP: crash_handler in libjvm.so, mask=11100100010111111101111111111110, flags=SA_RESTART|SA_SIGINFO, unblocked


---------------  S Y S T E M  ---------------

OS:
DISTRIB_ID=Pop
DISTRIB_RELEASE=22.04
DISTRIB_CODENAME=jammy
DISTRIB_DESCRIPTION="Pop!_OS 22.04 LTS"
uname: Linux 6.4.6-76060406-generic #202307241739~1694621917~22.04~ac5e1a8 SMP PREEMPT_DYNAMIC Wed S x86_64
OS uptime: 1 days 9:45 hours
libc: glibc 2.35 NPTL 2.35 
rlimit (soft/hard): STACK 8192k/infinity , CORE 0k/infinity , NPROC 256363/256363 , NOFILE 1048576/1048576 , AS infinity/infinity , CPU infinity/infinity , DATA infinity/infinity , FSIZE infinity/infinity , MEMLOCK 8219220k/8219220k
load average: 0.35 0.46 0.46

/proc/meminfo:
MemTotal:       65753772 kB
MemFree:         2493748 kB
MemAvailable:   17899648 kB
Buffers:          857100 kB
Cached:         18358140 kB
SwapCached:            0 kB
Active:         37047956 kB
Inactive:       22345436 kB
Active(anon):   33223140 kB
Inactive(anon):  7579676 kB
Active(file):    3824816 kB
Inactive(file): 14765760 kB
Unevictable:         488 kB
Mlocked:             488 kB
SwapTotal:      16777212 kB
SwapFree:       16776700 kB
Zswap:                 0 kB
Zswapped:              0 kB
Dirty:               252 kB
Writeback:             0 kB
AnonPages:      40171132 kB
Mapped:          2954796 kB
Shmem:            624660 kB
KReclaimable:    1712012 kB
Slab:            2320012 kB
SReclaimable:    1712012 kB
SUnreclaim:       608000 kB
KernelStack:       73696 kB
PageTables:       214152 kB
SecPageTables:     13168 kB
NFS_Unstable:          0 kB
Bounce:                0 kB
WritebackTmp:          0 kB
CommitLimit:    49654096 kB
Committed_AS:   72823120 kB
VmallocTotal:   34359738367 kB
VmallocUsed:      325296 kB
VmallocChunk:          0 kB
Percpu:            48000 kB
HardwareCorrupted:     0 kB
AnonHugePages:   4530176 kB
ShmemHugePages:        0 kB
ShmemPmdMapped:        0 kB
FileHugePages:         0 kB
FilePmdMapped:         0 kB
HugePages_Total:       0
HugePages_Free:        0
HugePages_Rsvd:        0
HugePages_Surp:        0
Hugepagesize:       2048 kB
Hugetlb:               0 kB
DirectMap4k:     2026820 kB
DirectMap2M:    46129152 kB
DirectMap1G:    18874368 kB

/sys/kernel/mm/transparent_hugepage/enabled: always [madvise] never
/sys/kernel/mm/transparent_hugepage/defrag (defrag/compaction efforts parameter): always defer defer+madvise [madvise] never

Process Memory:
Virtual Size: 20068300K (peak: 20131188K)
Resident Set Size: 144956K (peak: 153468K) (anon: 89744K, file: 55212K, shmem: 0K)
Swapped out: 0K
C-Heap outstanding allocations: 75942K, retained: 21477K
glibc malloc tunables: (default)

/proc/sys/kernel/threads-max (system-wide limit on the number of threads): 512726
/proc/sys/vm/max_map_count (maximum number of memory map areas a process may have): 2147483642
/proc/sys/kernel/pid_max (system-wide limit on number of process identifiers): 4194304

container (cgroup) information:
container_type: cgroupv2
cpu_cpuset_cpus: not supported
cpu_memory_nodes: not supported
active_processor_count: 24
cpu_quota: not supported
cpu_period: not supported
cpu_shares: not supported
memory_limit_in_bytes: unlimited
memory_and_swap_limit_in_bytes: unlimited
memory_soft_limit_in_bytes: unlimited
memory_usage_in_bytes: 11845876 k
memory_max_usage_in_bytes: not supported
memory_swap_current_in_bytes: unlimited
memory_swap_max_limit_in_bytes: unlimited
maximum number of tasks: 76908
current number of tasks: 1510

Steal ticks since vm start: 0
Steal ticks percentage since vm start:  0.000

CPU: total 24 (initial active 24) (24 cores per cpu, 2 threads per core) family 25 model 33 stepping 0 microcode 0xa201016, cx8, cmov, fxsr, ht, mmx, 3dnowpref, sse, sse2, sse3, ssse3, sse4a, sse4.1, sse4.2, popcnt, lzcnt, tsc, tscinvbit, avx, avx2, aes, erms, clmul, bmi1, bmi2, adx, sha, fma, vzeroupper, clflush, clflushopt, rdtscp, rdpid, fsrm, f16c, pku, ospke, cet_ss
CPU Model and flags from /proc/cpuinfo:
model name	: AMD Ryzen 9 5900X 12-Core Processor
flags		: fpu vme de pse tsc msr pae mce cx8 apic sep mtrr pge mca cmov pat pse36 clflush mmx fxsr sse sse2 ht syscall nx mmxext fxsr_opt pdpe1gb rdtscp lm constant_tsc rep_good nopl nonstop_tsc cpuid extd_apicid aperfmperf rapl pni pclmulqdq monitor ssse3 fma cx16 sse4_1 sse4_2 x2apic movbe popcnt aes xsave avx f16c rdrand lahf_lm cmp_legacy svm extapic cr8_legacy abm sse4a misalignsse 3dnowprefetch osvw ibs skinit wdt tce topoext perfctr_core perfctr_nb bpext perfctr_llc mwaitx cpb cat_l3 cdp_l3 hw_pstate ssbd mba ibrs ibpb stibp vmmcall fsgsbase bmi1 avx2 smep bmi2 erms invpcid cqm rdt_a rdseed adx smap clflushopt clwb sha_ni xsaveopt xsavec xgetbv1 xsaves cqm_llc cqm_occup_llc cqm_mbm_total cqm_mbm_local clzero irperf xsaveerptr rdpru wbnoinvd arat npt lbrv svm_lock nrip_save tsc_scale vmcb_clean flushbyasid decodeassists pausefilter pfthreshold avic v_vmsave_vmload vgif v_spec_ctrl umip pku ospke vaes vpclmulqdq rdpid overflow_recov succor smca fsrm

Online cpus: 0-23
Offline cpus: 24-31
BIOS frequency limitation: 3700000
Frequency switch latency (ns): 0
Available cpu frequencies: 3700000 2800000 2200000 
Current governor: schedutil
Core performance/turbo boost: 1

Memory: 4k page, physical 65753772k(17899648k free), swap 16777212k(16776700k free)
Page Sizes: 4k

vm_info: OpenJDK 64-Bit Server VM (21+35-2513) for linux-amd64 JRE (21+35-2513), built on 2023-08-09T20:25:10Z by "mach5one" with gcc 11.2.0

END.
