#
# A fatal error has been detected by the Java Runtime Environment:
#
#  SIGSEGV (0xb) at pc=0x00007feb0798c473, pid=169899, tid=169902
#
# JRE version: OpenJDK Runtime Environment (21.0+35) (build 21+35-2513)
# Java VM: OpenJDK 64-Bit Server VM (21+35-2513, mixed mode, sharing, tiered, compressed oops, compressed class ptrs, g1 gc, linux-amd64)
# Problematic frame:
# V  [libjvm.so+0x58c473]  AccessInternal::PostRuntimeDispatch<G1BarrierSet::AccessBarrier<548964ul, G1BarrierSet>, (AccessInternal::BarrierType)0, 548964ul>::oop_access_barrier(void*, oopDesc*)+0x53
#
# Core dump will be written. Default location: Core dumps may be processed with "/usr/share/apport/apport -p%p -s%s -c%c -d%d -P%P -u%u -g%g -- %E" (or dumping to /home/mindspice/code/Java/game/mspice-engine/core.169899)
#
# If you would like to submit a bug report, please visit:
#   https://bugreport.java.com/bugreport/crash.jsp
#

---------------  S U M M A R Y ------------

Command Line: -javaagent:/home/mindspice/.local/share/JetBrains/Toolbox/apps/IDEA-U/ch-0/222.4345.14/lib/idea_rt.jar=34435:/home/mindspice/.local/share/JetBrains/Toolbox/apps/IDEA-U/ch-0/222.4345.14/bin -Dfile.encoding=UTF-8 -Dsun.stdout.encoding=UTF-8 -Dsun.stderr.encoding=UTF-8 io.mindspice.mspice.game.Main

Host: AMD Ryzen 9 5900X 12-Core Processor, 24 cores, 62G, Pop!_OS 22.04 LTS
Time: Mon Sep 25 18:07:05 2023 EDT elapsed time: 10.081991 seconds (0d 0h 0m 10s)

---------------  T H R E A D  ---------------

Current thread (0x00007feb0002b110):  JavaThread "main"             [_thread_in_vm, id=169902, stack(0x00007feb07300000,0x00007feb07400000) (1024K)]

Stack: [0x00007feb07300000,0x00007feb07400000],  sp=0x00007feb073fe4e0,  free space=1017k
Native frames: (J=compiled Java code, j=interpreted, Vv=VM code, C=native code)
V  [libjvm.so+0x58c473]  AccessInternal::PostRuntimeDispatch<G1BarrierSet::AccessBarrier<548964ul, G1BarrierSet>, (AccessInternal::BarrierType)0, 548964ul>::oop_access_barrier(void*, oopDesc*)+0x53
V  [libjvm.so+0x9a9cfe]  JNIHandles::destroy_global(_jobject*)+0x1e
V  [libjvm.so+0x9725cf]  jni_DeleteGlobalRef+0x6f
j  org.lwjgl.system.jni.JNINativeInterface.nDeleteGlobalRef(J)V+0
j  org.lwjgl.system.jni.JNINativeInterface.DeleteGlobalRef(J)V+12
j  org.lwjgl.system.Callback.free(J)V+25
j  org.lwjgl.system.Callback.free()V+4
j  io.mindspice.mspice.core.GameInput.cleanup()V+4
j  io.mindspice.mspice.core.GameEngine.cleanup()V+11
j  io.mindspice.mspice.core.GameEngine.run()V+302
j  io.mindspice.mspice.game.Main.main([Ljava/lang/String;)V+93
v  ~StubRoutines::call_stub 0x00007feaefe5fcc6
V  [libjvm.so+0x8dd585]  JavaCalls::call_helper(JavaValue*, methodHandle const&, JavaCallArguments*, JavaThread*)+0x2e5
V  [libjvm.so+0x983b40]  jni_invoke_static(JNIEnv_*, JavaValue*, _jobject*, JNICallType, _jmethodID*, JNI_ArgumentPusher*, JavaThread*) [clone .constprop.1]+0x390
V  [libjvm.so+0x98643b]  jni_CallStaticVoidMethod+0x12b
C  [libjli.so+0x5294]  JavaMain+0x1054
C  [libjli.so+0x7e49]  ThreadJavaMain+0x9
Java frames: (J=compiled Java code, j=interpreted, Vv=VM code)
j  org.lwjgl.system.jni.JNINativeInterface.nDeleteGlobalRef(J)V+0
j  org.lwjgl.system.jni.JNINativeInterface.DeleteGlobalRef(J)V+12
j  org.lwjgl.system.Callback.free(J)V+25
j  org.lwjgl.system.Callback.free()V+4
j  io.mindspice.mspice.core.GameInput.cleanup()V+4
j  io.mindspice.mspice.core.GameEngine.cleanup()V+11
j  io.mindspice.mspice.core.GameEngine.run()V+302
j  io.mindspice.mspice.game.Main.main([Ljava/lang/String;)V+93
v  ~StubRoutines::call_stub 0x00007feaefe5fcc6

siginfo: si_signo: 11 (SIGSEGV), si_code: 1 (SEGV_MAPERR), si_addr: 0x000000000000003e

Registers:
RAX=0x00007feb0880b450, RBX=0x000000000000003e, RCX=0x0000000000000010, RDX=0x0000000000000040
RSP=0x00007feb073fe4e0, RBP=0x00007feb073fe500, RSI=0x0000000000000000, RDI=0x000000000000003e
R8 =0x00007fea7340efd8, R9 =0x0000000000000002, R10=0x00007feaefe6b951, R11=0x0000000452803f58
R12=0x0000000000000000, R13=0x00007feb00049ce0, R14=0x00007feb073fe5d0, R15=0x00007feb0002b110
RIP=0x00007feb0798c473, EFLAGS=0x0000000000010246, CSGSFS=0x002b000000000033, ERR=0x0000000000000006
  TRAPNO=0x000000000000000e


Register to memory mapping:

RAX=0x00007feb0880b450: <offset 0x000000000140b450> in /home/mindspice/code/jdk/openjdk-21-rc/lib/server/libjvm.so at 0x00007feb07400000
RBX=0x000000000000003e is an unknown value
RCX=0x0000000000000010 is an unknown value
RDX=0x0000000000000040 is an unknown value
RSP=0x00007feb073fe4e0 is pointing into the stack for thread: 0x00007feb0002b110
RBP=0x00007feb073fe500 is pointing into the stack for thread: 0x00007feb0002b110
RSI=0x0 is null
RDI=0x000000000000003e is an unknown value
R8 ={method} {0x00007fea7340efd8} 'free' '()V' in 'org/lwjgl/system/Callback'
R9 =0x0000000000000002 is an unknown value
R10=0x00007feaefe6b951 is at code_begin+1009 in an Interpreter codelet
native method entry point (kind = native)  [0x00007feaefe6b560, 0x00007feaefe6bfd0]  2672 bytes
R11=0x0000000452803f58 is an oop: java.lang.Class 
{0x0000000452803f58} - klass: 'java/lang/Class'
 - ---- fields (total size 27 words):
 - private volatile transient 'classRedefinedCount' 'I' @12  0 (0x00000000)
 - injected 'klass' 'J' @16  140645012411472 (0x00007fea78011450)
 - injected 'array_klass' 'J' @24  0 (0x0000000000000000)
 - injected 'oop_size' 'I' @32  27 (0x0000001b)
 - injected 'static_oop_field_count' 'I' @36  0 (0x00000000)
 - private volatile transient 'cachedConstructor' 'Ljava/lang/reflect/Constructor;' @40  null (0x00000000)
 - private transient 'name' 'Ljava/lang/String;' @44  "org.lwjgl.system.jni.JNINativeInterface"{0x0000000452804030} (0x8a500806)
 - private transient 'module' 'Ljava/lang/Module;' @48  a 'java/lang/Module'{0x0000000453015290} (0x8a602a52)
 - private final 'classLoader' 'Ljava/lang/ClassLoader;' @52  a 'jdk/internal/loader/ClassLoaders$AppClassLoader'{0x0000000453015100} (0x8a602a20)
 - private transient 'classData' 'Ljava/lang/Object;' @56  null (0x00000000)
 - private transient 'packageName' 'Ljava/lang/String;' @60  "org.lwjgl.system.jni"{0x00000004537a4bb8} (0x8a6f4977)
 - private final 'componentType' 'Ljava/lang/Class;' @64  null (0x00000000)
 - private volatile transient 'reflectionData' 'Ljava/lang/ref/SoftReference;' @68  null (0x00000000)
 - private volatile transient 'genericInfo' 'Lsun/reflect/generics/repository/ClassRepository;' @72  null (0x00000000)
 - private volatile transient 'enumConstants' '[Ljava/lang/Object;' @76  null (0x00000000)
 - private volatile transient 'enumConstantDirectory' 'Ljava/util/Map;' @80  null (0x00000000)
 - private volatile transient 'annotationData' 'Ljava/lang/Class$AnnotationData;' @84  null (0x00000000)
 - private volatile transient 'annotationType' 'Lsun/reflect/annotation/AnnotationType;' @88  null (0x00000000)
 - transient 'classValueMap' 'Ljava/lang/ClassValue$ClassValueMap;' @92  null (0x00000000)
 - injected 'protection_domain' 'Ljava/lang/Object;' @96  a 'java/security/ProtectionDomain'{0x0000000453527f60} (0x8a6a4fec)
 - injected 'signers_name' 'Ljava/lang/Object;' @100  null (0x00000000)
 - injected 'source_file' 'Ljava/lang/Object;' @104  null (0x00000000)
 - signature: Lorg/lwjgl/system/jni/JNINativeInterface;
 - ---- static fields (0):
 - public static final 'JNI_VERSION_1_1' 'I' @112  65537 (0x00010001)
 - public static final 'JNI_VERSION_1_2' 'I' @116  65538 (0x00010002)
 - public static final 'JNI_VERSION_1_4' 'I' @120  65540 (0x00010004)
 - public static final 'JNI_VERSION_1_6' 'I' @124  65542 (0x00010006)
 - public static final 'JNI_VERSION_1_8' 'I' @128  65544 (0x00010008)
 - public static final 'JNI_VERSION_9' 'I' @132  589824 (0x00090000)
 - public static final 'JNI_VERSION_10' 'I' @136  655360 (0x000a0000)
 - public static final 'JNI_VERSION_19' 'I' @140  1245184 (0x00130000)
 - public static final 'JNI_VERSION_20' 'I' @144  1310720 (0x00140000)
 - public static final 'JNI_VERSION_21' 'I' @148  1376256 (0x00150000)
 - public static final 'JNIInvalidRefType' 'I' @152  0 (0x00000000)
 - public static final 'JNILocalRefType' 'I' @156  1 (0x00000001)
 - public static final 'JNIGlobalRefType' 'I' @160  2 (0x00000002)
 - public static final 'JNIWeakGlobalRefType' 'I' @164  3 (0x00000003)
 - public static final 'JNI_FALSE' 'I' @168  0 (0x00000000)
 - public static final 'JNI_TRUE' 'I' @172  1 (0x00000001)
 - public static final 'JNI_OK' 'I' @176  0 (0x00000000)
 - public static final 'JNI_ERR' 'I' @180  -1 (0xffffffff)
 - public static final 'JNI_EDETACHED' 'I' @184  -2 (0xfffffffe)
 - public static final 'JNI_EVERSION' 'I' @188  -3 (0xfffffffd)
 - public static final 'JNI_ENOMEM' 'I' @192  -4 (0xfffffffc)
 - public static final 'JNI_EEXIST' 'I' @196  -5 (0xfffffffb)
 - public static final 'JNI_EINVAL' 'I' @200  -6 (0xfffffffa)
 - public static final 'JNI_COMMIT' 'I' @204  1 (0x00000001)
 - public static final 'JNI_ABORT' 'I' @208  2 (0x00000002)
R12=0x0 is null
R13=0x00007feb00049ce0 points into unknown readable memory: 0x00007feb087caa68 | 68 aa 7c 08 eb 7f 00 00
R14=0x00007feb073fe5d0 is pointing into the stack for thread: 0x00007feb0002b110
R15=0x00007feb0002b110 is a thread

Top of Stack: (sp=0x00007feb073fe4e0)
0x00007feb073fe4e0:   00007feb0002b110 000000000000003e
0x00007feb073fe4f0:   00007fea73467d70 00007feb073fe5d0
0x00007feb073fe500:   00007feb073fe520 00007feb07da9cfe
0x00007feb073fe510:   0000000000000000 0000000000000040
0x00007feb073fe520:   00007feb073fe540 00007feb07d725cf
0x00007feb073fe530:   00007fea73467d70 0000000000000000
0x00007feb073fe540:   00007feb073fe5a8 00007feaefe6b980
0x00007feb073fe550:   00007feb073fe5c0 00007feaefe67244
0x00007feb073fe560:   00007feb073fe560 0000000000000000
0x00007feb073fe570:   0000000000000005 00007fea73473d48
0x00007feb073fe580:   0000000000000000 0000000452803f58
0x00007feb073fe590:   00007fea73467d70 0000000000000000
0x00007feb073fe5a0:   00007feb073fe5c8 00007feb073fe620
0x00007feb073fe5b0:   00007feaefe67166 0000000452803f58
0x00007feb073fe5c0:   00007feaefe68f97 0000000000000040
0x00007feb073fe5d0:   0000000000000000 00007feb073fe5d8
0x00007feb073fe5e0:   00007fea73467e1c 0000000000000003
0x00007feb073fe5f0:   00007fea73473d48 0000000000000000
0x00007feb073fe600:   0000000452803f58 00007fea73467e40
0x00007feb073fe610:   00007feb073fe5c8 00007feb073fe630
0x00007feb073fe620:   00007feb073fe688 00007feaefe67166
0x00007feb073fe630:   0000000000000040 0000000000000000
0x00007feb073fe640:   00007feb073fe640 00007fea7340f571
0x00007feb073fe650:   0000000000000004 00007fea73418278
0x00007feb073fe660:   00007fea735d7120 000000045352fcf8
0x00007feb073fe670:   00007fea7340f5a0 00007feb073fe630
0x00007feb073fe680:   00007feb073fe6a0 00007feb073fe6f8
0x00007feb073fe690:   00007feaefe67166 00000004528cda70
0x00007feb073fe6a0:   00007feb08c68fe0 0000000000000000
0x00007feb073fe6b0:   00007feb073fe6b0 00007fea7340efbc
0x00007feb073fe6c0:   0000000000000002 00007fea73418278
0x00007feb073fe6d0:   00007fea735d6ef8 000000045352fcf8 

Instructions: (pc=0x00007feb0798c473)
0x00007feb0798c373:   80 00 00 00 00 48 8d 05 41 00 00 00 e9 53 ff ff
0x00007feb0798c383:   ff 0f 1f 40 00 48 8d 05 d1 fe ff ff e9 43 ff ff
0x00007feb0798c393:   ff 48 8d 05 95 fc e4 00 48 8d 0d c6 c2 ad 00 ba
0x00007feb0798c3a3:   e2 00 00 00 48 8d 35 f2 c2 ad 00 bf 00 00 00 e0
0x00007feb0798c3b3:   48 8b 00 c6 00 58 31 c0 e8 30 14 10 00 55 48 8d
0x00007feb0798c3c3:   05 88 f0 e7 00 48 89 e5 41 56 41 55 41 54 49 89
0x00007feb0798c3d3:   f4 53 4c 8b 28 48 89 fb 41 80 bd 18 06 00 00 00
0x00007feb0798c3e3:   74 2e 4c 8b 37 4d 85 f6 74 26 66 48 8d 3d db 9f
0x00007feb0798c3f3:   e4 00 66 66 48 e8 a3 00 d0 ff 49 8d bd f0 04 00
0x00007feb0798c403:   00 4c 89 f2 48 8b 30 48 83 c6 28 e8 fd 39 7e 00
0x00007feb0798c413:   4c 89 23 5b 41 5c 41 5d 41 5e 5d c3 90 55 48 8d
0x00007feb0798c423:   05 28 f0 e7 00 48 89 e5 41 56 41 55 41 54 49 89
0x00007feb0798c433:   f4 53 4c 8b 28 48 89 fb 41 80 bd 18 06 00 00 00
0x00007feb0798c443:   74 2e 4c 8b 37 4d 85 f6 74 26 66 48 8d 3d 7b 9f
0x00007feb0798c453:   e4 00 66 66 48 e8 43 00 d0 ff 49 8d bd f0 04 00
0x00007feb0798c463:   00 4c 89 f2 48 8b 30 48 83 c6 28 e8 9d 39 7e 00
0x00007feb0798c473:   4c 89 23 5b 41 5c 41 5d 41 5e 5d c3 90 55 48 89
0x00007feb0798c483:   e5 41 55 4c 8d 2d 93 21 b5 00 41 54 49 89 fc 53
0x00007feb0798c493:   48 89 f3 48 83 ec 08 48 8b 07 48 8d 15 1c a6 ed
0x00007feb0798c4a3:   00 48 89 c1 48 23 0a 75 34 48 8d 05 15 a6 ed 00
0x00007feb0798c4b3:   48 8b 10 48 89 d0 48 c1 e8 0c 83 e0 0f 41 8b 4c
0x00007feb0798c4c3:   85 00 48 d3 e3 48 09 d3 49 89 1c 24 48 83 c4 08
0x00007feb0798c4d3:   5b 41 5c 41 5d 5d c3 66 0f 1f 44 00 00 48 89 c7
0x00007feb0798c4e3:   48 81 e7 0f 00 ff ff 74 24 48 89 c2 48 89 c7 48
0x00007feb0798c4f3:   89 c6 48 c1 ea 0c 83 e2 0f 41 8b 4c 95 00 48 8d
0x00007feb0798c503:   15 d8 a5 ed 00 48 d3 ef 48 23 32 75 10 e8 1b 81
0x00007feb0798c513:   a1 00 eb 95 66 0f 1f 84 00 00 00 00 00 48 8d 0d
0x00007feb0798c523:   e9 a5 ed 00 48 89 c2 81 e2 00 f0 00 00 48 89 d6
0x00007feb0798c533:   48 23 31 75 58 48 8d 0d d9 a5 ed 00 48 23 11 75
0x00007feb0798c543:   5c 83 e0 30 48 83 f8 30 74 53 48 8d 05 d4 a7 ed
0x00007feb0798c553:   00 48 8b 30 48 8d 05 d2 a5 ed 00 48 8b 08 48 8b
0x00007feb0798c563:   56 28 48 21 f9 48 89 c8 48 c1 e8 15 48 8d 04 c2 


Stack slot to memory mapping:

stack at sp + 0 slots: 0x00007feb0002b110 is a thread
stack at sp + 1 slots: 0x000000000000003e is an unknown value
stack at sp + 2 slots: {method} {0x00007fea73467d70} 'nDeleteGlobalRef' '(J)V' in 'org/lwjgl/system/jni/JNINativeInterface'
stack at sp + 3 slots: 0x00007feb073fe5d0 is pointing into the stack for thread: 0x00007feb0002b110
stack at sp + 4 slots: 0x00007feb073fe520 is pointing into the stack for thread: 0x00007feb0002b110
stack at sp + 5 slots: 0x00007feb07da9cfe: <offset 0x00000000009a9cfe> in /home/mindspice/code/jdk/openjdk-21-rc/lib/server/libjvm.so at 0x00007feb07400000
stack at sp + 6 slots: 0x0 is null
stack at sp + 7 slots: 0x0000000000000040 is an unknown value


---------------  P R O C E S S  ---------------

Threads class SMR info:
_java_thread_list=0x00007fea44000c40, length=12, elements={
0x00007feb0002b110, 0x00007feb0015cdd0, 0x00007feb0015e420, 0x00007feb0015ff00,
0x00007feb00161540, 0x00007feb00162ae0, 0x00007feb001646a0, 0x00007feb00165d60,
0x00007feb0017f8f0, 0x00007feb00335050, 0x00007feb00336920, 0x00007fea5c000ff0
}

Java Threads: ( => current thread )
=>0x00007feb0002b110 JavaThread "main"                              [_thread_in_vm, id=169902, stack(0x00007feb07300000,0x00007feb07400000) (1024K)]
  0x00007feb0015cdd0 JavaThread "Reference Handler"          daemon [_thread_blocked, id=169916, stack(0x00007feb04269000,0x00007feb04369000) (1024K)]
  0x00007feb0015e420 JavaThread "Finalizer"                  daemon [_thread_blocked, id=169917, stack(0x00007feb04169000,0x00007feb04269000) (1024K)]
  0x00007feb0015ff00 JavaThread "Signal Dispatcher"          daemon [_thread_blocked, id=169918, stack(0x00007feb04069000,0x00007feb04169000) (1024K)]
  0x00007feb00161540 JavaThread "Service Thread"             daemon [_thread_blocked, id=169919, stack(0x00007feafff00000,0x00007feb00000000) (1024K)]
  0x00007feb00162ae0 JavaThread "Monitor Deflation Thread"   daemon [_thread_blocked, id=169920, stack(0x00007fead4f68000,0x00007fead5068000) (1024K)]
  0x00007feb001646a0 JavaThread "C2 CompilerThread0"         daemon [_thread_blocked, id=169921, stack(0x00007fead4e68000,0x00007fead4f68000) (1024K)]
  0x00007feb00165d60 JavaThread "C1 CompilerThread0"         daemon [_thread_blocked, id=169922, stack(0x00007fead4d68000,0x00007fead4e68000) (1024K)]
  0x00007feb0017f8f0 JavaThread "Common-Cleaner"             daemon [_thread_blocked, id=169924, stack(0x00007fead4b98000,0x00007fead4c98000) (1024K)]
  0x00007feb00335050 JavaThread "Monitor Ctrl-Break"         daemon [_thread_in_native, id=169931, stack(0x00007fead4798000,0x00007fead4898000) (1024K)]
  0x00007feb00336920 JavaThread "Notification Thread"        daemon [_thread_blocked, id=169932, stack(0x00007fead4698000,0x00007fead4798000) (1024K)]
  0x00007fea5c000ff0 JavaThread "Attach Listener"            daemon [_thread_blocked, id=169970, stack(0x00007fea70100000,0x00007fea70200000) (1024K)]
Total: 12

Other Threads:
  0x00007feb0014f730 VMThread "VM Thread"                           [id=169915, stack(0x00007feb0436a000,0x00007feb0446a000) (1024K)]
  0x00007feb00134b90 WatcherThread "VM Periodic Task Thread"        [id=169914, stack(0x00007feb0446b000,0x00007feb0456b000) (1024K)]
  0x00007feb00058f50 WorkerThread "GC Thread#0"                     [id=169903, stack(0x00007feb05c9f000,0x00007feb05d9f000) (1024K)]
  0x00007feb00069f90 ConcurrentGCThread "G1 Main Marker"            [id=169904, stack(0x00007feb05b9e000,0x00007feb05c9e000) (1024K)]
  0x00007feb0006ae70 WorkerThread "G1 Conc#0"                       [id=169905, stack(0x00007feb05a9d000,0x00007feb05b9d000) (1024K)]
  0x00007feb00122560 ConcurrentGCThread "G1 Refine#0"               [id=169906, stack(0x00007feb0478a000,0x00007feb0488a000) (1024K)]
  0x00007feb00123510 ConcurrentGCThread "G1 Service"                [id=169907, stack(0x00007feb04689000,0x00007feb04789000) (1024K)]
Total: 7

Threads with active compile tasks:
Total: 0

VM state: not at safepoint (normal execution)

VM Mutex/Monitor currently owned by a thread: None

Heap address: 0x0000000414800000, size: 16056 MB, Compressed Oops mode: Zero based, Oop shift amount: 3

CDS archive(s) mapped at: [0x00007fea77000000-0x00007fea77ca5000-0x00007fea77ca5000), size 13258752, SharedBaseAddress: 0x00007fea77000000, ArchiveRelocationMode: 1.
Compressed class space mapped at: 0x00007fea78000000-0x00007feab8000000, reserved size: 1073741824
Narrow klass base: 0x00007fea77000000, Narrow klass shift: 0, Narrow klass range: 0x100000000

GC Precious Log:
 CardTable entry size: 512
 Card Set container configuration: InlinePtr #cards 4 size 8 Array Of Cards #cards 64 size 144 Howl #buckets 8 coarsen threshold 14745 Howl Bitmap #cards 2048 size 272 coarsen threshold 1843 Card regions per heap region 1 cards per card region 16384
 CPUs: 24 total, 24 available
 Memory: 64212M
 Large Page Support: Disabled
 NUMA Support: Disabled
 Compressed Oops: Enabled (Zero based)
 Heap Region Size: 8M
 Heap Min Capacity: 8M
 Heap Initial Capacity: 1008M
 Heap Max Capacity: 16056M
 Pre-touch: Disabled
 Parallel Workers: 18
 Concurrent Workers: 5
 Concurrent Refinement Workers: 18
 Periodic GC: Disabled

Heap:
 garbage-first heap   total 1040384K, used 9245K [0x0000000414800000, 0x0000000800000000)
  region size 8192K, 2 young (16384K), 0 survivors (0K)
 Metaspace       used 4328K, committed 4544K, reserved 1114112K
  class space    used 289K, committed 384K, reserved 1048576K

Heap Regions: E=young(eden), S=young(survivor), O=old, HS=humongous(starts), HC=humongous(continues), CS=collection set, F=free, TAMS=top-at-mark-start, PB=parsable bottom
|   0|0x0000000414800000, 0x0000000414800000, 0x0000000415000000|  0%| F|  |TAMS 0x0000000414800000| PB 0x0000000414800000| Untracked 
|   1|0x0000000415000000, 0x0000000415000000, 0x0000000415800000|  0%| F|  |TAMS 0x0000000415000000| PB 0x0000000415000000| Untracked 
|   2|0x0000000415800000, 0x0000000415800000, 0x0000000416000000|  0%| F|  |TAMS 0x0000000415800000| PB 0x0000000415800000| Untracked 
|   3|0x0000000416000000, 0x0000000416000000, 0x0000000416800000|  0%| F|  |TAMS 0x0000000416000000| PB 0x0000000416000000| Untracked 
|   4|0x0000000416800000, 0x0000000416800000, 0x0000000417000000|  0%| F|  |TAMS 0x0000000416800000| PB 0x0000000416800000| Untracked 
|   5|0x0000000417000000, 0x0000000417000000, 0x0000000417800000|  0%| F|  |TAMS 0x0000000417000000| PB 0x0000000417000000| Untracked 
|   6|0x0000000417800000, 0x0000000417800000, 0x0000000418000000|  0%| F|  |TAMS 0x0000000417800000| PB 0x0000000417800000| Untracked 
|   7|0x0000000418000000, 0x0000000418000000, 0x0000000418800000|  0%| F|  |TAMS 0x0000000418000000| PB 0x0000000418000000| Untracked 
|   8|0x0000000418800000, 0x0000000418800000, 0x0000000419000000|  0%| F|  |TAMS 0x0000000418800000| PB 0x0000000418800000| Untracked 
|   9|0x0000000419000000, 0x0000000419000000, 0x0000000419800000|  0%| F|  |TAMS 0x0000000419000000| PB 0x0000000419000000| Untracked 
|  10|0x0000000419800000, 0x0000000419800000, 0x000000041a000000|  0%| F|  |TAMS 0x0000000419800000| PB 0x0000000419800000| Untracked 
|  11|0x000000041a000000, 0x000000041a000000, 0x000000041a800000|  0%| F|  |TAMS 0x000000041a000000| PB 0x000000041a000000| Untracked 
|  12|0x000000041a800000, 0x000000041a800000, 0x000000041b000000|  0%| F|  |TAMS 0x000000041a800000| PB 0x000000041a800000| Untracked 
|  13|0x000000041b000000, 0x000000041b000000, 0x000000041b800000|  0%| F|  |TAMS 0x000000041b000000| PB 0x000000041b000000| Untracked 
|  14|0x000000041b800000, 0x000000041b800000, 0x000000041c000000|  0%| F|  |TAMS 0x000000041b800000| PB 0x000000041b800000| Untracked 
|  15|0x000000041c000000, 0x000000041c000000, 0x000000041c800000|  0%| F|  |TAMS 0x000000041c000000| PB 0x000000041c000000| Untracked 
|  16|0x000000041c800000, 0x000000041c800000, 0x000000041d000000|  0%| F|  |TAMS 0x000000041c800000| PB 0x000000041c800000| Untracked 
|  17|0x000000041d000000, 0x000000041d000000, 0x000000041d800000|  0%| F|  |TAMS 0x000000041d000000| PB 0x000000041d000000| Untracked 
|  18|0x000000041d800000, 0x000000041d800000, 0x000000041e000000|  0%| F|  |TAMS 0x000000041d800000| PB 0x000000041d800000| Untracked 
|  19|0x000000041e000000, 0x000000041e000000, 0x000000041e800000|  0%| F|  |TAMS 0x000000041e000000| PB 0x000000041e000000| Untracked 
|  20|0x000000041e800000, 0x000000041e800000, 0x000000041f000000|  0%| F|  |TAMS 0x000000041e800000| PB 0x000000041e800000| Untracked 
|  21|0x000000041f000000, 0x000000041f000000, 0x000000041f800000|  0%| F|  |TAMS 0x000000041f000000| PB 0x000000041f000000| Untracked 
|  22|0x000000041f800000, 0x000000041f800000, 0x0000000420000000|  0%| F|  |TAMS 0x000000041f800000| PB 0x000000041f800000| Untracked 
|  23|0x0000000420000000, 0x0000000420000000, 0x0000000420800000|  0%| F|  |TAMS 0x0000000420000000| PB 0x0000000420000000| Untracked 
|  24|0x0000000420800000, 0x0000000420800000, 0x0000000421000000|  0%| F|  |TAMS 0x0000000420800000| PB 0x0000000420800000| Untracked 
|  25|0x0000000421000000, 0x0000000421000000, 0x0000000421800000|  0%| F|  |TAMS 0x0000000421000000| PB 0x0000000421000000| Untracked 
|  26|0x0000000421800000, 0x0000000421800000, 0x0000000422000000|  0%| F|  |TAMS 0x0000000421800000| PB 0x0000000421800000| Untracked 
|  27|0x0000000422000000, 0x0000000422000000, 0x0000000422800000|  0%| F|  |TAMS 0x0000000422000000| PB 0x0000000422000000| Untracked 
|  28|0x0000000422800000, 0x0000000422800000, 0x0000000423000000|  0%| F|  |TAMS 0x0000000422800000| PB 0x0000000422800000| Untracked 
|  29|0x0000000423000000, 0x0000000423000000, 0x0000000423800000|  0%| F|  |TAMS 0x0000000423000000| PB 0x0000000423000000| Untracked 
|  30|0x0000000423800000, 0x0000000423800000, 0x0000000424000000|  0%| F|  |TAMS 0x0000000423800000| PB 0x0000000423800000| Untracked 
|  31|0x0000000424000000, 0x0000000424000000, 0x0000000424800000|  0%| F|  |TAMS 0x0000000424000000| PB 0x0000000424000000| Untracked 
|  32|0x0000000424800000, 0x0000000424800000, 0x0000000425000000|  0%| F|  |TAMS 0x0000000424800000| PB 0x0000000424800000| Untracked 
|  33|0x0000000425000000, 0x0000000425000000, 0x0000000425800000|  0%| F|  |TAMS 0x0000000425000000| PB 0x0000000425000000| Untracked 
|  34|0x0000000425800000, 0x0000000425800000, 0x0000000426000000|  0%| F|  |TAMS 0x0000000425800000| PB 0x0000000425800000| Untracked 
|  35|0x0000000426000000, 0x0000000426000000, 0x0000000426800000|  0%| F|  |TAMS 0x0000000426000000| PB 0x0000000426000000| Untracked 
|  36|0x0000000426800000, 0x0000000426800000, 0x0000000427000000|  0%| F|  |TAMS 0x0000000426800000| PB 0x0000000426800000| Untracked 
|  37|0x0000000427000000, 0x0000000427000000, 0x0000000427800000|  0%| F|  |TAMS 0x0000000427000000| PB 0x0000000427000000| Untracked 
|  38|0x0000000427800000, 0x0000000427800000, 0x0000000428000000|  0%| F|  |TAMS 0x0000000427800000| PB 0x0000000427800000| Untracked 
|  39|0x0000000428000000, 0x0000000428000000, 0x0000000428800000|  0%| F|  |TAMS 0x0000000428000000| PB 0x0000000428000000| Untracked 
|  40|0x0000000428800000, 0x0000000428800000, 0x0000000429000000|  0%| F|  |TAMS 0x0000000428800000| PB 0x0000000428800000| Untracked 
|  41|0x0000000429000000, 0x0000000429000000, 0x0000000429800000|  0%| F|  |TAMS 0x0000000429000000| PB 0x0000000429000000| Untracked 
|  42|0x0000000429800000, 0x0000000429800000, 0x000000042a000000|  0%| F|  |TAMS 0x0000000429800000| PB 0x0000000429800000| Untracked 
|  43|0x000000042a000000, 0x000000042a000000, 0x000000042a800000|  0%| F|  |TAMS 0x000000042a000000| PB 0x000000042a000000| Untracked 
|  44|0x000000042a800000, 0x000000042a800000, 0x000000042b000000|  0%| F|  |TAMS 0x000000042a800000| PB 0x000000042a800000| Untracked 
|  45|0x000000042b000000, 0x000000042b000000, 0x000000042b800000|  0%| F|  |TAMS 0x000000042b000000| PB 0x000000042b000000| Untracked 
|  46|0x000000042b800000, 0x000000042b800000, 0x000000042c000000|  0%| F|  |TAMS 0x000000042b800000| PB 0x000000042b800000| Untracked 
|  47|0x000000042c000000, 0x000000042c000000, 0x000000042c800000|  0%| F|  |TAMS 0x000000042c000000| PB 0x000000042c000000| Untracked 
|  48|0x000000042c800000, 0x000000042c800000, 0x000000042d000000|  0%| F|  |TAMS 0x000000042c800000| PB 0x000000042c800000| Untracked 
|  49|0x000000042d000000, 0x000000042d000000, 0x000000042d800000|  0%| F|  |TAMS 0x000000042d000000| PB 0x000000042d000000| Untracked 
|  50|0x000000042d800000, 0x000000042d800000, 0x000000042e000000|  0%| F|  |TAMS 0x000000042d800000| PB 0x000000042d800000| Untracked 
|  51|0x000000042e000000, 0x000000042e000000, 0x000000042e800000|  0%| F|  |TAMS 0x000000042e000000| PB 0x000000042e000000| Untracked 
|  52|0x000000042e800000, 0x000000042e800000, 0x000000042f000000|  0%| F|  |TAMS 0x000000042e800000| PB 0x000000042e800000| Untracked 
|  53|0x000000042f000000, 0x000000042f000000, 0x000000042f800000|  0%| F|  |TAMS 0x000000042f000000| PB 0x000000042f000000| Untracked 
|  54|0x000000042f800000, 0x000000042f800000, 0x0000000430000000|  0%| F|  |TAMS 0x000000042f800000| PB 0x000000042f800000| Untracked 
|  55|0x0000000430000000, 0x0000000430000000, 0x0000000430800000|  0%| F|  |TAMS 0x0000000430000000| PB 0x0000000430000000| Untracked 
|  56|0x0000000430800000, 0x0000000430800000, 0x0000000431000000|  0%| F|  |TAMS 0x0000000430800000| PB 0x0000000430800000| Untracked 
|  57|0x0000000431000000, 0x0000000431000000, 0x0000000431800000|  0%| F|  |TAMS 0x0000000431000000| PB 0x0000000431000000| Untracked 
|  58|0x0000000431800000, 0x0000000431800000, 0x0000000432000000|  0%| F|  |TAMS 0x0000000431800000| PB 0x0000000431800000| Untracked 
|  59|0x0000000432000000, 0x0000000432000000, 0x0000000432800000|  0%| F|  |TAMS 0x0000000432000000| PB 0x0000000432000000| Untracked 
|  60|0x0000000432800000, 0x0000000432800000, 0x0000000433000000|  0%| F|  |TAMS 0x0000000432800000| PB 0x0000000432800000| Untracked 
|  61|0x0000000433000000, 0x0000000433000000, 0x0000000433800000|  0%| F|  |TAMS 0x0000000433000000| PB 0x0000000433000000| Untracked 
|  62|0x0000000433800000, 0x0000000433800000, 0x0000000434000000|  0%| F|  |TAMS 0x0000000433800000| PB 0x0000000433800000| Untracked 
|  63|0x0000000434000000, 0x0000000434000000, 0x0000000434800000|  0%| F|  |TAMS 0x0000000434000000| PB 0x0000000434000000| Untracked 
|  64|0x0000000434800000, 0x0000000434800000, 0x0000000435000000|  0%| F|  |TAMS 0x0000000434800000| PB 0x0000000434800000| Untracked 
|  65|0x0000000435000000, 0x0000000435000000, 0x0000000435800000|  0%| F|  |TAMS 0x0000000435000000| PB 0x0000000435000000| Untracked 
|  66|0x0000000435800000, 0x0000000435800000, 0x0000000436000000|  0%| F|  |TAMS 0x0000000435800000| PB 0x0000000435800000| Untracked 
|  67|0x0000000436000000, 0x0000000436000000, 0x0000000436800000|  0%| F|  |TAMS 0x0000000436000000| PB 0x0000000436000000| Untracked 
|  68|0x0000000436800000, 0x0000000436800000, 0x0000000437000000|  0%| F|  |TAMS 0x0000000436800000| PB 0x0000000436800000| Untracked 
|  69|0x0000000437000000, 0x0000000437000000, 0x0000000437800000|  0%| F|  |TAMS 0x0000000437000000| PB 0x0000000437000000| Untracked 
|  70|0x0000000437800000, 0x0000000437800000, 0x0000000438000000|  0%| F|  |TAMS 0x0000000437800000| PB 0x0000000437800000| Untracked 
|  71|0x0000000438000000, 0x0000000438000000, 0x0000000438800000|  0%| F|  |TAMS 0x0000000438000000| PB 0x0000000438000000| Untracked 
|  72|0x0000000438800000, 0x0000000438800000, 0x0000000439000000|  0%| F|  |TAMS 0x0000000438800000| PB 0x0000000438800000| Untracked 
|  73|0x0000000439000000, 0x0000000439000000, 0x0000000439800000|  0%| F|  |TAMS 0x0000000439000000| PB 0x0000000439000000| Untracked 
|  74|0x0000000439800000, 0x0000000439800000, 0x000000043a000000|  0%| F|  |TAMS 0x0000000439800000| PB 0x0000000439800000| Untracked 
|  75|0x000000043a000000, 0x000000043a000000, 0x000000043a800000|  0%| F|  |TAMS 0x000000043a000000| PB 0x000000043a000000| Untracked 
|  76|0x000000043a800000, 0x000000043a800000, 0x000000043b000000|  0%| F|  |TAMS 0x000000043a800000| PB 0x000000043a800000| Untracked 
|  77|0x000000043b000000, 0x000000043b000000, 0x000000043b800000|  0%| F|  |TAMS 0x000000043b000000| PB 0x000000043b000000| Untracked 
|  78|0x000000043b800000, 0x000000043b800000, 0x000000043c000000|  0%| F|  |TAMS 0x000000043b800000| PB 0x000000043b800000| Untracked 
|  79|0x000000043c000000, 0x000000043c000000, 0x000000043c800000|  0%| F|  |TAMS 0x000000043c000000| PB 0x000000043c000000| Untracked 
|  80|0x000000043c800000, 0x000000043c800000, 0x000000043d000000|  0%| F|  |TAMS 0x000000043c800000| PB 0x000000043c800000| Untracked 
|  81|0x000000043d000000, 0x000000043d000000, 0x000000043d800000|  0%| F|  |TAMS 0x000000043d000000| PB 0x000000043d000000| Untracked 
|  82|0x000000043d800000, 0x000000043d800000, 0x000000043e000000|  0%| F|  |TAMS 0x000000043d800000| PB 0x000000043d800000| Untracked 
|  83|0x000000043e000000, 0x000000043e000000, 0x000000043e800000|  0%| F|  |TAMS 0x000000043e000000| PB 0x000000043e000000| Untracked 
|  84|0x000000043e800000, 0x000000043e800000, 0x000000043f000000|  0%| F|  |TAMS 0x000000043e800000| PB 0x000000043e800000| Untracked 
|  85|0x000000043f000000, 0x000000043f000000, 0x000000043f800000|  0%| F|  |TAMS 0x000000043f000000| PB 0x000000043f000000| Untracked 
|  86|0x000000043f800000, 0x000000043f800000, 0x0000000440000000|  0%| F|  |TAMS 0x000000043f800000| PB 0x000000043f800000| Untracked 
|  87|0x0000000440000000, 0x0000000440000000, 0x0000000440800000|  0%| F|  |TAMS 0x0000000440000000| PB 0x0000000440000000| Untracked 
|  88|0x0000000440800000, 0x0000000440800000, 0x0000000441000000|  0%| F|  |TAMS 0x0000000440800000| PB 0x0000000440800000| Untracked 
|  89|0x0000000441000000, 0x0000000441000000, 0x0000000441800000|  0%| F|  |TAMS 0x0000000441000000| PB 0x0000000441000000| Untracked 
|  90|0x0000000441800000, 0x0000000441800000, 0x0000000442000000|  0%| F|  |TAMS 0x0000000441800000| PB 0x0000000441800000| Untracked 
|  91|0x0000000442000000, 0x0000000442000000, 0x0000000442800000|  0%| F|  |TAMS 0x0000000442000000| PB 0x0000000442000000| Untracked 
|  92|0x0000000442800000, 0x0000000442800000, 0x0000000443000000|  0%| F|  |TAMS 0x0000000442800000| PB 0x0000000442800000| Untracked 
|  93|0x0000000443000000, 0x0000000443000000, 0x0000000443800000|  0%| F|  |TAMS 0x0000000443000000| PB 0x0000000443000000| Untracked 
|  94|0x0000000443800000, 0x0000000443800000, 0x0000000444000000|  0%| F|  |TAMS 0x0000000443800000| PB 0x0000000443800000| Untracked 
|  95|0x0000000444000000, 0x0000000444000000, 0x0000000444800000|  0%| F|  |TAMS 0x0000000444000000| PB 0x0000000444000000| Untracked 
|  96|0x0000000444800000, 0x0000000444800000, 0x0000000445000000|  0%| F|  |TAMS 0x0000000444800000| PB 0x0000000444800000| Untracked 
|  97|0x0000000445000000, 0x0000000445000000, 0x0000000445800000|  0%| F|  |TAMS 0x0000000445000000| PB 0x0000000445000000| Untracked 
|  98|0x0000000445800000, 0x0000000445800000, 0x0000000446000000|  0%| F|  |TAMS 0x0000000445800000| PB 0x0000000445800000| Untracked 
|  99|0x0000000446000000, 0x0000000446000000, 0x0000000446800000|  0%| F|  |TAMS 0x0000000446000000| PB 0x0000000446000000| Untracked 
| 100|0x0000000446800000, 0x0000000446800000, 0x0000000447000000|  0%| F|  |TAMS 0x0000000446800000| PB 0x0000000446800000| Untracked 
| 101|0x0000000447000000, 0x0000000447000000, 0x0000000447800000|  0%| F|  |TAMS 0x0000000447000000| PB 0x0000000447000000| Untracked 
| 102|0x0000000447800000, 0x0000000447800000, 0x0000000448000000|  0%| F|  |TAMS 0x0000000447800000| PB 0x0000000447800000| Untracked 
| 103|0x0000000448000000, 0x0000000448000000, 0x0000000448800000|  0%| F|  |TAMS 0x0000000448000000| PB 0x0000000448000000| Untracked 
| 104|0x0000000448800000, 0x0000000448800000, 0x0000000449000000|  0%| F|  |TAMS 0x0000000448800000| PB 0x0000000448800000| Untracked 
| 105|0x0000000449000000, 0x0000000449000000, 0x0000000449800000|  0%| F|  |TAMS 0x0000000449000000| PB 0x0000000449000000| Untracked 
| 106|0x0000000449800000, 0x0000000449800000, 0x000000044a000000|  0%| F|  |TAMS 0x0000000449800000| PB 0x0000000449800000| Untracked 
| 107|0x000000044a000000, 0x000000044a000000, 0x000000044a800000|  0%| F|  |TAMS 0x000000044a000000| PB 0x000000044a000000| Untracked 
| 108|0x000000044a800000, 0x000000044a800000, 0x000000044b000000|  0%| F|  |TAMS 0x000000044a800000| PB 0x000000044a800000| Untracked 
| 109|0x000000044b000000, 0x000000044b000000, 0x000000044b800000|  0%| F|  |TAMS 0x000000044b000000| PB 0x000000044b000000| Untracked 
| 110|0x000000044b800000, 0x000000044b800000, 0x000000044c000000|  0%| F|  |TAMS 0x000000044b800000| PB 0x000000044b800000| Untracked 
| 111|0x000000044c000000, 0x000000044c000000, 0x000000044c800000|  0%| F|  |TAMS 0x000000044c000000| PB 0x000000044c000000| Untracked 
| 112|0x000000044c800000, 0x000000044c800000, 0x000000044d000000|  0%| F|  |TAMS 0x000000044c800000| PB 0x000000044c800000| Untracked 
| 113|0x000000044d000000, 0x000000044d000000, 0x000000044d800000|  0%| F|  |TAMS 0x000000044d000000| PB 0x000000044d000000| Untracked 
| 114|0x000000044d800000, 0x000000044d800000, 0x000000044e000000|  0%| F|  |TAMS 0x000000044d800000| PB 0x000000044d800000| Untracked 
| 115|0x000000044e000000, 0x000000044e000000, 0x000000044e800000|  0%| F|  |TAMS 0x000000044e000000| PB 0x000000044e000000| Untracked 
| 116|0x000000044e800000, 0x000000044e800000, 0x000000044f000000|  0%| F|  |TAMS 0x000000044e800000| PB 0x000000044e800000| Untracked 
| 117|0x000000044f000000, 0x000000044f000000, 0x000000044f800000|  0%| F|  |TAMS 0x000000044f000000| PB 0x000000044f000000| Untracked 
| 118|0x000000044f800000, 0x000000044f800000, 0x0000000450000000|  0%| F|  |TAMS 0x000000044f800000| PB 0x000000044f800000| Untracked 
| 119|0x0000000450000000, 0x0000000450000000, 0x0000000450800000|  0%| F|  |TAMS 0x0000000450000000| PB 0x0000000450000000| Untracked 
| 120|0x0000000450800000, 0x0000000450800000, 0x0000000451000000|  0%| F|  |TAMS 0x0000000450800000| PB 0x0000000450800000| Untracked 
| 121|0x0000000451000000, 0x0000000451000000, 0x0000000451800000|  0%| F|  |TAMS 0x0000000451000000| PB 0x0000000451000000| Untracked 
| 122|0x0000000451800000, 0x0000000451800000, 0x0000000452000000|  0%| F|  |TAMS 0x0000000451800000| PB 0x0000000451800000| Untracked 
| 123|0x0000000452000000, 0x0000000452000000, 0x0000000452800000|  0%| F|  |TAMS 0x0000000452000000| PB 0x0000000452000000| Untracked 
| 124|0x0000000452800000, 0x0000000452f09ca0, 0x0000000453000000| 87%| E|  |TAMS 0x0000000452800000| PB 0x0000000452800000| Complete 
| 125|0x0000000453000000, 0x0000000453800000, 0x0000000453800000|100%| E|CS|TAMS 0x0000000453000000| PB 0x0000000453000000| Complete 
|2006|0x00000007ff800000, 0x00000007ff907430, 0x0000000800000000| 12%| O|  |TAMS 0x00000007ff800000| PB 0x00000007ff800000| Untracked 

Card table byte_map: [0x00007feae4b48000,0x00007feae6aa4000] _byte_map_base: 0x00007feae2aa4000

Marking Bits: (CMBitMap*) 0x00007feb00059980
 Bits: [0x00007fead5068000, 0x00007feae4b48000)

Polling page: 0x00007feb08c83000

Metaspace:

Usage:
  Non-class:      3.94 MB used.
      Class:    289.56 KB used.
       Both:      4.23 MB used.

Virtual space:
  Non-class space:       64.00 MB reserved,       4.06 MB (  6%) committed,  1 nodes.
      Class space:        1.00 GB reserved,     384.00 KB ( <1%) committed,  1 nodes.
             Both:        1.06 GB reserved,       4.44 MB ( <1%) committed. 

Chunk freelists:
   Non-Class:  10.14 MB
       Class:  15.60 MB
        Both:  25.74 MB

MaxMetaspaceSize: unlimited
CompressedClassSpaceSize: 1.00 GB
Initial GC threshold: 21.00 MB
Current GC threshold: 21.00 MB
CDS: on
 - commit_granule_bytes: 65536.
 - commit_granule_words: 8192.
 - virtual_space_node_default_size: 8388608.
 - enlarge_chunks_in_place: 1.
 - use_allocation_guard: 0.


Internal statistics:

num_allocs_failed_limit: 0.
num_arena_births: 104.
num_arena_deaths: 0.
num_vsnodes_births: 2.
num_vsnodes_deaths: 0.
num_space_committed: 69.
num_space_uncommitted: 0.
num_chunks_returned_to_freelist: 0.
num_chunks_taken_from_freelist: 196.
num_chunk_merges: 0.
num_chunk_splits: 135.
num_chunks_enlarged: 85.
num_inconsistent_stats: 0.

CodeHeap 'non-profiled nmethods': size=119168Kb used=348Kb max_used=348Kb free=118819Kb
 bounds [0x00007feaf05a0000, 0x00007feaf0810000, 0x00007feaf7a00000]
CodeHeap 'profiled nmethods': size=119164Kb used=1690Kb max_used=1690Kb free=117473Kb
 bounds [0x00007feae8a00000, 0x00007feae8c70000, 0x00007feaefe5f000]
CodeHeap 'non-nmethods': size=7428Kb used=2029Kb max_used=3733Kb free=5399Kb
 bounds [0x00007feaefe5f000, 0x00007feaf020f000, 0x00007feaf05a0000]
 total_blobs=2076 nmethods=1031 adapters=951
 compilation: enabled
              stopped_count=0, restarted_count=0
 full_count=0

Compilation events (20 events):
Event: 7.362 Thread 0x00007feb001646a0 1022 %     4       io.mindspice.mspice.core.GameEngine::run @ 157 (306 bytes)
Event: 7.498 Thread 0x00007feb001646a0 nmethod 1022% 0x00007feaf05e6690 code [0x00007feaf05e6f40, 0x00007feaf05f0ff0]
Event: 8.145 Thread 0x00007feb00165d60 1023       3       sun.nio.cs.UTF_8::updatePositions (23 bytes)
Event: 8.145 Thread 0x00007feb00165d60 nmethod 1023 0x00007feae8ba4410 code [0x00007feae8ba45e0, 0x00007feae8ba4a08]
Event: 8.513 Thread 0x00007feb001646a0 1024       4       java.nio.ByteBuffer::arrayOffset (35 bytes)
Event: 8.514 Thread 0x00007feb001646a0 nmethod 1024 0x00007feaf05f6290 code [0x00007feaf05f6420, 0x00007feaf05f64e8]
Event: 8.749 Thread 0x00007feb00165d60 1027       3       io.mindspice.mspice.input.MousePosEventManager::broadcast (43 bytes)
Event: 8.750 Thread 0x00007feb00165d60 nmethod 1027 0x00007feae8ba4b90 code [0x00007feae8ba4d40, 0x00007feae8ba5058]
Event: 8.750 Thread 0x00007feb00165d60 1025       3       org.lwjgl.glfw.GLFWCursorPosCallbackI::callback (40 bytes)
Event: 8.750 Thread 0x00007feb00165d60 nmethod 1025 0x00007feae8ba5290 code [0x00007feae8ba54e0, 0x00007feae8ba5e60]
Event: 8.750 Thread 0x00007feb00165d60 1026       3       io.mindspice.mspice.core.GameInput$3::invoke (14 bytes)
Event: 8.750 Thread 0x00007feb00165d60 nmethod 1026 0x00007feae8ba6110 code [0x00007feae8ba62c0, 0x00007feae8ba6428]
Event: 8.750 Thread 0x00007feb00165d60 1028       3       io.mindspice.mspice.input.MousePosListener::offerInput (15 bytes)
Event: 8.750 Thread 0x00007feb00165d60 nmethod 1028 0x00007feae8ba6510 code [0x00007feae8ba66a0, 0x00007feae8ba67f8]
Event: 8.864 Thread 0x00007feb001646a0 1029       4       java.util.concurrent.locks.ReentrantLock$Sync::lock (13 bytes)
Event: 8.865 Thread 0x00007feb001646a0 nmethod 1029 0x00007feaf05f6590 code [0x00007feaf05f6720, 0x00007feaf05f6960]
Event: 8.865 Thread 0x00007feb001646a0 1030       4       java.util.concurrent.locks.AbstractQueuedSynchronizer::release (19 bytes)
Event: 8.866 Thread 0x00007feb001646a0 nmethod 1030 0x00007feaf05f6a10 code [0x00007feaf05f6ba0, 0x00007feaf05f6d60]
Event: 9.472 Thread 0x00007feb001646a0 1031       4       java.nio.CharBuffer::position (6 bytes)
Event: 9.472 Thread 0x00007feb001646a0 nmethod 1031 0x00007feaf05f6e90 code [0x00007feaf05f7020, 0x00007feaf05f7120]

GC Heap History (0 events):
No events

Dll operation events (11 events):
Event: 0.001 Loaded shared library /home/mindspice/code/jdk/openjdk-21-rc/lib/libjava.so
Event: 0.012 Loaded shared library /home/mindspice/code/jdk/openjdk-21-rc/lib/libjsvml.so
Event: 0.030 Loaded shared library /home/mindspice/code/jdk/openjdk-21-rc/lib/libzip.so
Event: 0.031 Loaded shared library /home/mindspice/code/jdk/openjdk-21-rc/lib/libinstrument.so
Event: 0.032 Loaded shared library /home/mindspice/code/jdk/openjdk-21-rc/lib/libnio.so
Event: 0.033 Loaded shared library /home/mindspice/code/jdk/openjdk-21-rc/lib/libzip.so
Event: 0.046 Loaded shared library /home/mindspice/code/jdk/openjdk-21-rc/lib/libnet.so
Event: 0.048 Loaded shared library /home/mindspice/code/jdk/openjdk-21-rc/lib/libextnet.so
Event: 0.062 Loaded shared library /home/mindspice/code/jdk/openjdk-21-rc/lib/libjimage.so
Event: 0.068 Loaded shared library /tmp/lwjgl_mindspice/3.3.3+5/x64/liblwjgl.so
Event: 0.246 Loaded shared library /tmp/lwjgl_mindspice/3.3.3+5/x64/liblwjgl_opengl.so

Deoptimization events (20 events):
Event: 0.080 Thread 0x00007feb0002b110 DEOPT PACKING pc=0x00007feaf05af064 sp=0x00007feb073fb990
Event: 0.080 Thread 0x00007feb0002b110 DEOPT UNPACKING pc=0x00007feaefeb2f99 sp=0x00007feb073fb950 mode 2
Event: 0.095 Thread 0x00007feb0002b110 DEOPT PACKING pc=0x00007feae8a11915 sp=0x00007feb073fb500
Event: 0.095 Thread 0x00007feb0002b110 DEOPT UNPACKING pc=0x00007feaefeb372f sp=0x00007feb073fa940 mode 0
Event: 0.103 Thread 0x00007feb0002b110 DEOPT PACKING pc=0x00007feae8a02a5e sp=0x00007feb073f7bd0
Event: 0.103 Thread 0x00007feb0002b110 DEOPT UNPACKING pc=0x00007feaefeb372f sp=0x00007feb073f7058 mode 0
Event: 1.176 Thread 0x00007fea5c000ff0 Uncommon trap: trap_request=0xffffff45 fr.pc=0x00007feaf05c69f4 relative=0x00000000000001b4
Event: 1.176 Thread 0x00007fea5c000ff0 Uncommon trap: reason=unstable_if action=reinterpret pc=0x00007feaf05c69f4 method=java.lang.invoke.VarHandle.checkAccessModeThenIsDirect(Ljava/lang/invoke/VarHandle$AccessDescriptor;)Z @ 4 c2
Event: 1.176 Thread 0x00007fea5c000ff0 DEOPT PACKING pc=0x00007feaf05c69f4 sp=0x00007fea701fd500
Event: 1.176 Thread 0x00007fea5c000ff0 DEOPT UNPACKING pc=0x00007feaefeb2f99 sp=0x00007fea701fd458 mode 2
Event: 1.204 Thread 0x00007fea5c000ff0 Uncommon trap: trap_request=0xffffff45 fr.pc=0x00007feaf05dd3e4 relative=0x00000000000002a4
Event: 1.204 Thread 0x00007fea5c000ff0 Uncommon trap: reason=unstable_if action=reinterpret pc=0x00007feaf05dd3e4 method=java.util.regex.Pattern$BmpCharPropertyGreedy.match(Ljava/util/regex/Matcher;ILjava/lang/CharSequence;)Z @ 12 c2
Event: 1.204 Thread 0x00007fea5c000ff0 DEOPT PACKING pc=0x00007feaf05dd3e4 sp=0x00007fea701fda90
Event: 1.204 Thread 0x00007fea5c000ff0 DEOPT UNPACKING pc=0x00007feaefeb2f99 sp=0x00007fea701fda48 mode 2
Event: 7.867 Thread 0x00007feb0002b110 DEOPT PACKING pc=0x00007feae8b9c53b sp=0x00007feb073fe690
Event: 7.867 Thread 0x00007feb0002b110 DEOPT UNPACKING pc=0x00007feaefeb372f sp=0x00007feb073fdcb0 mode 0
Event: 10.075 Thread 0x00007feb0002b110 Uncommon trap: trap_request=0xffffff45 fr.pc=0x00007feaf05e9940 relative=0x0000000000002a00
Event: 10.075 Thread 0x00007feb0002b110 Uncommon trap: reason=unstable_if action=reinterpret pc=0x00007feaf05e9940 method=org.lwjgl.glfw.GLFW.glfwWindowShouldClose(J)Z @ 20 c2
Event: 10.075 Thread 0x00007feb0002b110 DEOPT PACKING pc=0x00007feaf05e9940 sp=0x00007feb073fe7e0
Event: 10.075 Thread 0x00007feb0002b110 DEOPT UNPACKING pc=0x00007feaefeb2f99 sp=0x00007feb073fe6e0 mode 2

Classes loaded (20 events):
Event: 1.188 Loading class jdk/internal/module/ModulePatcher$PatchedModuleReader
Event: 1.188 Loading class jdk/internal/module/ModulePatcher$PatchedModuleReader done
Event: 1.189 Loading class sun/net/www/protocol/jrt/Handler
Event: 1.189 Loading class sun/net/www/protocol/jrt/Handler done
Event: 1.190 Loading class sun/util/cldr/CLDRTimeZoneNameProviderImpl
Event: 1.190 Loading class sun/util/locale/provider/TimeZoneNameProviderImpl
Event: 1.190 Loading class sun/util/locale/provider/TimeZoneNameProviderImpl done
Event: 1.190 Loading class sun/util/cldr/CLDRTimeZoneNameProviderImpl done
Event: 1.203 Loading class sun/util/locale/provider/BaseLocaleDataMetaInfo
Event: 1.203 Loading class sun/util/locale/provider/BaseLocaleDataMetaInfo done
Event: 1.205 Loading class sun/util/resources/cldr/TimeZoneNames
Event: 1.205 Loading class sun/util/resources/TimeZoneNamesBundle
Event: 1.205 Loading class sun/util/resources/OpenListResourceBundle
Event: 1.205 Loading class sun/util/resources/OpenListResourceBundle done
Event: 1.205 Loading class sun/util/resources/TimeZoneNamesBundle done
Event: 1.205 Loading class sun/util/resources/cldr/TimeZoneNames done
Event: 1.205 Loading class sun/util/resources/cldr/TimeZoneNames_en
Event: 1.206 Loading class sun/util/resources/cldr/TimeZoneNames_en done
Event: 1.206 Loading class sun/util/resources/cldr/TimeZoneNames_en_US
Event: 1.206 Loading class sun/util/resources/cldr/TimeZoneNames_en_US done

Classes unloaded (0 events):
No events

Classes redefined (0 events):
No events

Internal exceptions (20 events):
Event: 0.059 Thread 0x00007feb0002b110 Exception <a 'java/lang/NoSuchMethodError'{0x00000004536f1ce0}: 'int java.lang.invoke.DirectMethodHandle$Holder.invokeSpecial(java.lang.Object, java.lang.Object, java.lang.Object)'> (0x00000004536f1ce0) 
thrown [open/src/hotspot/share/interpreter/linkResolver.cpp, line 772]
Event: 0.061 Thread 0x00007feb0002b110 Exception <a 'java/lang/NoSuchMethodError'{0x000000045370ac20}: 'void java.lang.System.loadLibrary(java.lang.String, java.lang.Class)'> (0x000000045370ac20) 
thrown [open/src/hotspot/share/interpreter/linkResolver.cpp, line 772]
Event: 0.068 Thread 0x00007feb0002b110 Exception <a 'sun/nio/fs/UnixException'{0x0000000453736278}> (0x0000000453736278) 
thrown [open/src/hotspot/share/prims/jni.cpp, line 520]
Event: 0.093 Thread 0x00007feb0002b110 Exception <a 'java/lang/NoSuchMethodError'{0x00000004528166f8}: 'int java.lang.invoke.DirectMethodHandle$Holder.invokeStaticInit(java.lang.Object, java.lang.Object, int, long)'> (0x00000004528166f8) 
thrown [open/src/hotspot/share/interpreter/linkResolver.cpp, line 772]
Event: 0.094 Thread 0x00007feb0002b110 Exception <a 'java/lang/NoSuchMethodError'{0x000000045281b720}: 'java.lang.Object java.lang.invoke.DirectMethodHandle$Holder.newInvokeSpecial(java.lang.Object, java.lang.Object, int)'> (0x000000045281b720) 
thrown [open/src/hotspot/share/interpreter/linkResolver.cpp, line 772]
Event: 0.095 Thread 0x00007feb0002b110 Exception <a 'java/lang/NoSuchMethodError'{0x0000000452829990}: 'int java.lang.invoke.DirectMethodHandle$Holder.invokeStaticInit(java.lang.Object, java.lang.Object, long, long)'> (0x0000000452829990) 
thrown [open/src/hotspot/share/interpreter/linkResolver.cpp, line 772]
Event: 0.095 Thread 0x00007feb0002b110 Exception <a 'java/lang/NoSuchMethodError'{0x000000045282f1f8}: 'java.lang.Object java.lang.invoke.DirectMethodHandle$Holder.newInvokeSpecial(java.lang.Object, java.lang.Object, long)'> (0x000000045282f1f8) 
thrown [open/src/hotspot/share/interpreter/linkResolver.cpp, line 772]
Event: 0.095 Thread 0x00007feb0002b110 Exception <a 'java/lang/NoSuchMethodError'{0x0000000452832fb0}: 'java.lang.Object java.lang.invoke.Invokers$Holder.linkToTargetMethod(java.lang.Object, long, java.lang.Object)'> (0x0000000452832fb0) 
thrown [open/src/hotspot/share/interpreter/linkResolver.cpp, line 772]
Event: 0.096 Thread 0x00007feb0002b110 Exception <a 'java/lang/NoSuchMethodError'{0x000000045283a038}: 'int java.lang.invoke.DirectMethodHandle$Holder.invokeStaticInit(java.lang.Object, java.lang.Object, java.lang.Object, long)'> (0x000000045283a038) 
thrown [open/src/hotspot/share/interpreter/linkResolver.cpp, line 772]
Event: 0.102 Thread 0x00007feb0002b110 Exception <a 'sun/nio/fs/UnixException'{0x0000000452896850}> (0x0000000452896850) 
thrown [open/src/hotspot/share/prims/jni.cpp, line 520]
Event: 0.114 Thread 0x00007feb0002b110 Exception <a 'sun/nio/fs/UnixException'{0x000000045291cea0}> (0x000000045291cea0) 
thrown [open/src/hotspot/share/prims/jni.cpp, line 520]
Event: 0.241 Thread 0x00007feb0002b110 Exception <a 'java/lang/NoSuchMethodError'{0x00000004529381d0}: 'void java.lang.invoke.DirectMethodHandle$Holder.invokeStatic(java.lang.Object, int, long)'> (0x00000004529381d0) 
thrown [open/src/hotspot/share/interpreter/linkResolver.cpp, line 772]
Event: 0.244 Thread 0x00007feb0002b110 Exception <a 'java/lang/NoSuchMethodError'{0x0000000452974120}: 'void java.lang.System.load(java.lang.String, java.lang.Class)'> (0x0000000452974120) 
thrown [open/src/hotspot/share/interpreter/linkResolver.cpp, line 772]
Event: 0.245 Thread 0x00007feb0002b110 Exception <a 'java/lang/NoSuchMethodError'{0x0000000452976ac0}: 'void java.lang.System.loadLibrary(java.lang.String, java.lang.Class)'> (0x0000000452976ac0) 
thrown [open/src/hotspot/share/interpreter/linkResolver.cpp, line 772]
Event: 0.246 Thread 0x00007feb0002b110 Exception <a 'sun/nio/fs/UnixException'{0x00000004529866d8}> (0x00000004529866d8) 
thrown [open/src/hotspot/share/prims/jni.cpp, line 520]
Event: 0.248 Thread 0x00007feb0002b110 Exception <a 'sun/nio/fs/UnixException'{0x000000045298f9d0}> (0x000000045298f9d0) 
thrown [open/src/hotspot/share/prims/jni.cpp, line 520]
Event: 0.405 Thread 0x00007feb0002b110 Exception <a 'java/lang/NoSuchMethodError'{0x0000000452ae0a20}: 'void java.lang.invoke.DirectMethodHandle$Holder.invokeVirtual(java.lang.Object, java.lang.Object, int)'> (0x0000000452ae0a20) 
thrown [open/src/hotspot/share/interpreter/linkResolver.cpp, line 772]
Event: 0.406 Thread 0x00007feb0002b110 Exception <a 'java/lang/NoSuchMethodError'{0x0000000452ae7888}: 'void java.lang.invoke.DirectMethodHandle$Holder.invokeStatic(java.lang.Object, java.lang.Object, int)'> (0x0000000452ae7888) 
thrown [open/src/hotspot/share/interpreter/linkResolver.cpp, line 772]
Event: 0.407 Thread 0x00007feb0002b110 Exception <a 'java/lang/NoSuchMethodError'{0x0000000452af3028}: 'void java.lang.invoke.DirectMethodHandle$Holder.invokeStatic(java.lang.Object, int, double)'> (0x0000000452af3028) 
thrown [open/src/hotspot/share/interpreter/linkResolver.cpp, line 772]
Event: 1.208 Thread 0x00007fea5c000ff0 Exception <a 'java/lang/NoSuchMethodError'{0x0000000452d9b390}: 'java.lang.Object java.lang.invoke.Invokers$Holder.invokeExact_MT(java.lang.Object, java.lang.Object, java.lang.Object, java.lang.Object, java.lang.Object, java.lang.Object)'> (0x0000000452d9b390) 
thrown [open/src/hotspot/share/interpreter/linkResolver.cpp, line 772]

ZGC Phase Switch (0 events):
No events

VM Operations (14 events):
Event: 0.025 Executing VM operation: HandshakeAllThreads (Deoptimize)
Event: 0.025 Executing VM operation: HandshakeAllThreads (Deoptimize) done
Event: 0.050 Executing VM operation: HandshakeAllThreads (Deoptimize)
Event: 0.050 Executing VM operation: HandshakeAllThreads (Deoptimize) done
Event: 1.050 Executing VM operation: Cleanup
Event: 1.050 Executing VM operation: Cleanup done
Event: 2.050 Executing VM operation: Cleanup
Event: 2.050 Executing VM operation: Cleanup done
Event: 3.050 Executing VM operation: Cleanup
Event: 3.050 Executing VM operation: Cleanup done
Event: 9.051 Executing VM operation: Cleanup
Event: 9.051 Executing VM operation: Cleanup done
Event: 10.051 Executing VM operation: Cleanup
Event: 10.051 Executing VM operation: Cleanup done

Events (20 events):
Event: 0.025 Protecting memory [0x00007fead4a98000,0x00007fead4a9c000] with protection modes 0
Event: 0.025 Thread 0x00007fea440092b0 Thread added: 0x00007fea440092b0
Event: 0.025 Protecting memory [0x00007fead4998000,0x00007fead499c000] with protection modes 0
Event: 0.034 Thread 0x00007fea4c088ce0 Thread added: 0x00007fea4c088ce0
Event: 0.034 Protecting memory [0x00007fead4898000,0x00007fead489c000] with protection modes 0
Event: 0.045 Thread 0x00007feb00335050 Thread added: 0x00007feb00335050
Event: 0.045 Protecting memory [0x00007fead4798000,0x00007fead479c000] with protection modes 0
Event: 0.045 Thread 0x00007feb00336920 Thread added: 0x00007feb00336920
Event: 0.045 Protecting memory [0x00007fead4698000,0x00007fead469c000] with protection modes 0
Event: 0.240 Thread 0x00007fea4c088ce0 Thread exited: 0x00007fea4c088ce0
Event: 0.246 Thread 0x00007fea48052590 Thread added: 0x00007fea48052590
Event: 0.246 Protecting memory [0x00007fead4898000,0x00007fead489c000] with protection modes 0
Event: 0.250 Thread 0x00007fea580b1790 Thread added: 0x00007fea580b1790
Event: 0.250 Protecting memory [0x00007fea70100000,0x00007fea70104000] with protection modes 0
Event: 0.489 Thread 0x00007fea580b1790 Thread exited: 0x00007fea580b1790
Event: 1.075 Thread 0x00007fea5c000ff0 Thread added: 0x00007fea5c000ff0
Event: 1.075 Protecting memory [0x00007fea70100000,0x00007fea70104000] with protection modes 0
Event: 2.840 Thread 0x00007fea48052590 Thread exited: 0x00007fea48052590
Event: 2.840 Thread 0x00007fea440092b0 Thread exited: 0x00007fea440092b0
Event: 3.782 Thread 0x00007fea4c0563e0 Thread exited: 0x00007fea4c0563e0


Dynamic libraries:
414800000-453800000 rw-p 00000000 00:00 0 
453800000-7ff800000 ---p 00000000 00:00 0 
7ff800000-7ff908000 rw-p 00ce4000 103:07 26949071                        /home/mindspice/code/jdk/openjdk-21-rc/lib/server/classes.jsa
7ff908000-800000000 rw-p 00000000 00:00 0 
55a7df66c000-55a7df66d000 r-xp 00000000 103:07 26943862                  /home/mindspice/code/jdk/openjdk-21-rc/bin/java
55a7df66e000-55a7df66f000 r--p 00001000 103:07 26943862                  /home/mindspice/code/jdk/openjdk-21-rc/bin/java
55a7df66f000-55a7df670000 rw-p 00002000 103:07 26943862                  /home/mindspice/code/jdk/openjdk-21-rc/bin/java
55a7e1309000-55a7e1350000 rw-p 00000000 00:00 0                          [heap]
7fea28000000-7fea28021000 rw-p 00000000 00:00 0 
7fea28021000-7fea2c000000 ---p 00000000 00:00 0 
7fea30000000-7fea3021e000 rw-p 00000000 00:00 0 
7fea3021e000-7fea34000000 ---p 00000000 00:00 0 
7fea34000000-7fea34021000 rw-p 00000000 00:00 0 
7fea34021000-7fea38000000 ---p 00000000 00:00 0 
7fea38266000-7fea38dff000 rw-p 00000000 00:00 0 
7fea38dff000-7fea38e00000 ---p 00000000 00:00 0 
7fea38e00000-7fea39600000 rw-p 00000000 00:00 0 
7fea39600000-7fea3b638000 r-xp 00000000 103:07 23333760                  /usr/lib/x86_64-linux-gnu/libnvidia-glvkspirv.so.535.104.05
7fea3b638000-7fea3b838000 ---p 02038000 103:07 23333760                  /usr/lib/x86_64-linux-gnu/libnvidia-glvkspirv.so.535.104.05
7fea3b838000-7fea3be54000 r--p 02038000 103:07 23333760                  /usr/lib/x86_64-linux-gnu/libnvidia-glvkspirv.so.535.104.05
7fea3be54000-7fea3bee3000 rw-p 02654000 103:07 23333760                  /usr/lib/x86_64-linux-gnu/libnvidia-glvkspirv.so.535.104.05
7fea3bee3000-7fea3bf36000 rw-p 00000000 00:00 0 
7fea3c000000-7fea3c135000 rw-p 00000000 00:00 0 
7fea3c135000-7fea40000000 ---p 00000000 00:00 0 
7fea40000000-7fea40021000 rw-p 00000000 00:00 0 
7fea40021000-7fea44000000 ---p 00000000 00:00 0 
7fea44000000-7fea440b6000 rw-p 00000000 00:00 0 
7fea440b6000-7fea48000000 ---p 00000000 00:00 0 
7fea48000000-7fea4805b000 rw-p 00000000 00:00 0 
7fea4805b000-7fea4c000000 ---p 00000000 00:00 0 
7fea4c000000-7fea4c0b4000 rw-p 00000000 00:00 0 
7fea4c0b4000-7fea50000000 ---p 00000000 00:00 0 
7fea50000000-7fea50021000 rw-p 00000000 00:00 0 
7fea50021000-7fea54000000 ---p 00000000 00:00 0 
7fea54000000-7fea54021000 rw-p 00000000 00:00 0 
7fea54021000-7fea58000000 ---p 00000000 00:00 0 
7fea58000000-7fea596c0000 rw-p 00000000 00:00 0 
7fea596c0000-7fea5c000000 ---p 00000000 00:00 0 
7fea5c000000-7fea5c021000 rw-p 00000000 00:00 0 
7fea5c021000-7fea60000000 ---p 00000000 00:00 0 
7fea60000000-7fea60021000 rw-p 00000000 00:00 0 
7fea60021000-7fea64000000 ---p 00000000 00:00 0 
7fea64000000-7fea64021000 rw-p 00000000 00:00 0 
7fea64021000-7fea68000000 ---p 00000000 00:00 0 
7fea68000000-7fea68021000 rw-p 00000000 00:00 0 
7fea68021000-7fea6c000000 ---p 00000000 00:00 0 
7fea6c000000-7fea6c021000 rw-p 00000000 00:00 0 
7fea6c021000-7fea70000000 ---p 00000000 00:00 0 
7fea70100000-7fea70104000 ---p 00000000 00:00 0 
7fea70104000-7fea70200000 rw-p 00000000 00:00 0 
7fea70200000-7fea704d8000 r-xp 00000000 103:07 23333644                  /usr/lib/x86_64-linux-gnu/libnvidia-glcore.so.535.104.05
7fea704d8000-7fea704f9000 rwxp 002d8000 103:07 23333644                  /usr/lib/x86_64-linux-gnu/libnvidia-glcore.so.535.104.05
7fea704f9000-7fea72b96000 r-xp 002f9000 103:07 23333644                  /usr/lib/x86_64-linux-gnu/libnvidia-glcore.so.535.104.05
7fea72b96000-7fea72d69000 r--p 02995000 103:07 23333644                  /usr/lib/x86_64-linux-gnu/libnvidia-glcore.so.535.104.05
7fea72d69000-7fea72dd2000 rw-p 02b68000 103:07 23333644                  /usr/lib/x86_64-linux-gnu/libnvidia-glcore.so.535.104.05
7fea72dd2000-7fea72e0f000 rw-p 00000000 00:00 0 
7fea72e80000-7fea72f00000 rw-s 00000000 00:05 1028                       /dev/nvidiactl
7fea72f00000-7fea73000000 rw-s 00000000 00:05 1028                       /dev/nvidiactl
7fea73000000-7fea73230000 rw-p 00000000 00:00 0 
7fea73230000-7fea73400000 ---p 00000000 00:00 0 
7fea73400000-7fea73530000 rw-p 00000000 00:00 0 
7fea73530000-7fea73570000 rw-p 00000000 00:00 0 
7fea73570000-7fea735e0000 rw-p 00000000 00:00 0 
7fea735e0000-7fea77000000 ---p 00000000 00:00 0 
7fea77000000-7fea77ca5000 rw-p 00001000 103:07 26949071                  /home/mindspice/code/jdk/openjdk-21-rc/lib/server/classes.jsa
7fea77ca5000-7fea78000000 ---p 00000000 00:00 0 
7fea78000000-7fea78030000 rw-p 00000000 00:00 0 
7fea78030000-7fea78040000 ---p 00000000 00:00 0 
7fea78040000-7fea78070000 rw-p 00000000 00:00 0 
7fea78070000-7feab8000000 ---p 00000000 00:00 0 
7feab8000000-7feab8021000 rw-p 00000000 00:00 0 
7feab8021000-7feabc000000 ---p 00000000 00:00 0 
7feabc000000-7feabc021000 rw-p 00000000 00:00 0 
7feabc021000-7feac0000000 ---p 00000000 00:00 0 
7feac0000000-7feac0021000 rw-p 00000000 00:00 0 
7feac0021000-7feac4000000 ---p 00000000 00:00 0 
7feac4022000-7feac40a2000 rw-s 00000000 00:05 1028                       /dev/nvidiactl
7feac40a2000-7feac40d5000 r--p 00000000 103:07 9175154                   /tmp/lwjgl_mindspice/3.3.3+5/x64/liblwjgl_opengl.so
7feac40d5000-7feac40e9000 r-xp 00033000 103:07 9175154                   /tmp/lwjgl_mindspice/3.3.3+5/x64/liblwjgl_opengl.so
7feac40e9000-7feac40f9000 r--p 00047000 103:07 9175154                   /tmp/lwjgl_mindspice/3.3.3+5/x64/liblwjgl_opengl.so
7feac40f9000-7feac40fa000 r--p 00056000 103:07 9175154                   /tmp/lwjgl_mindspice/3.3.3+5/x64/liblwjgl_opengl.so
7feac40fa000-7feac40fb000 rw-p 00057000 103:07 9175154                   /tmp/lwjgl_mindspice/3.3.3+5/x64/liblwjgl_opengl.so
7feac40fb000-7feac417b000 rw-s 00000000 00:05 1028                       /dev/nvidiactl
7feac417b000-7feac41bb000 rw-s 00000000 00:05 1028                       /dev/nvidiactl
7feac41bb000-7feac4400000 rw-s 00000000 00:01 15368                      /memfd:/.nvidia_drv.XXXXXX (deleted)
7feac4400000-7feac4476000 r-xp 00000000 103:07 23333651                  /usr/lib/x86_64-linux-gnu/libnvidia-glsi.so.535.104.05
7feac4476000-7feac4675000 ---p 00076000 103:07 23333651                  /usr/lib/x86_64-linux-gnu/libnvidia-glsi.so.535.104.05
7feac4675000-7feac469f000 r--p 00075000 103:07 23333651                  /usr/lib/x86_64-linux-gnu/libnvidia-glsi.so.535.104.05
7feac469f000-7feac46a0000 rw-p 0009f000 103:07 23333651                  /usr/lib/x86_64-linux-gnu/libnvidia-glsi.so.535.104.05
7feac46a0000-7feac46a8000 rw-p 00000000 00:00 0 
7feac46b9000-7feac46d9000 rw-s 00000000 00:05 1028                       /dev/nvidiactl
7feac46d9000-7feac4719000 rw-s 00000000 00:05 1028                       /dev/nvidiactl
7feac4719000-7feac4799000 rw-s 00000000 00:05 1043                       /dev/nvidia0
7feac4799000-7feac47ea000 r--p 00000000 103:07 23331931                  /usr/lib/x86_64-linux-gnu/libGLX_nvidia.so.535.104.05
7feac47ea000-7feac4844000 r-xp 00051000 103:07 23331931                  /usr/lib/x86_64-linux-gnu/libGLX_nvidia.so.535.104.05
7feac4844000-7feac4879000 rwxp 000ab000 103:07 23331931                  /usr/lib/x86_64-linux-gnu/libGLX_nvidia.so.535.104.05
7feac4879000-7feac487a000 r-xp 000e0000 103:07 23331931                  /usr/lib/x86_64-linux-gnu/libGLX_nvidia.so.535.104.05
7feac487a000-7feac4899000 r--p 000e1000 103:07 23331931                  /usr/lib/x86_64-linux-gnu/libGLX_nvidia.so.535.104.05
7feac4899000-7feac48b9000 r--p 000ff000 103:07 23331931                  /usr/lib/x86_64-linux-gnu/libGLX_nvidia.so.535.104.05
7feac48b9000-7feac48be000 rw-p 0011f000 103:07 23331931                  /usr/lib/x86_64-linux-gnu/libGLX_nvidia.so.535.104.05
7feac48be000-7feac48c0000 rw-p 00000000 00:00 0 
7feac48c0000-7feac48d9000 r--p 00000000 103:07 23334788                  /usr/lib/x86_64-linux-gnu/libX11.so.6.4.0
7feac48d9000-7feac4965000 r-xp 00019000 103:07 23334788                  /usr/lib/x86_64-linux-gnu/libX11.so.6.4.0
7feac4965000-7feac49fa000 r--p 000a5000 103:07 23334788                  /usr/lib/x86_64-linux-gnu/libX11.so.6.4.0
7feac49fa000-7feac49fb000 ---p 0013a000 103:07 23334788                  /usr/lib/x86_64-linux-gnu/libX11.so.6.4.0
7feac49fb000-7feac49fc000 r--p 0013a000 103:07 23334788                  /usr/lib/x86_64-linux-gnu/libX11.so.6.4.0
7feac49fc000-7feac4a00000 rw-p 0013b000 103:07 23334788                  /usr/lib/x86_64-linux-gnu/libX11.so.6.4.0
7feac4a00000-7feac5000000 rw-p 00000000 00:00 0 
7feac5000000-7feac5f06000 r--p 00000000 103:07 22806593                  /usr/lib/locale/locale-archive
7feac5f08000-7feac5f48000 rw-s 00000000 00:05 1028                       /dev/nvidiactl
7feac5f48000-7feac5f88000 r--p 00000000 103:07 23333765                  /usr/lib/x86_64-linux-gnu/libGLdispatch.so.0.0.0
7feac5f88000-7feac5f8b000 r-xp 00040000 103:07 23333765                  /usr/lib/x86_64-linux-gnu/libGLdispatch.so.0.0.0
7feac5f8b000-7feac5fc6000 r-xp 00043000 103:07 23333765                  /usr/lib/x86_64-linux-gnu/libGLdispatch.so.0.0.0
7feac5fc6000-7feac5fc7000 r-xp 0007e000 103:07 23333765                  /usr/lib/x86_64-linux-gnu/libGLdispatch.so.0.0.0
7feac5fc7000-7feac5fda000 r--p 0007f000 103:07 23333765                  /usr/lib/x86_64-linux-gnu/libGLdispatch.so.0.0.0
7feac5fda000-7feac5fdb000 ---p 00092000 103:07 23333765                  /usr/lib/x86_64-linux-gnu/libGLdispatch.so.0.0.0
7feac5fdb000-7feac5ff7000 r--p 00092000 103:07 23333765                  /usr/lib/x86_64-linux-gnu/libGLdispatch.so.0.0.0
7feac5ff7000-7feac5ff8000 rw-p 000ae000 103:07 23333765                  /usr/lib/x86_64-linux-gnu/libGLdispatch.so.0.0.0
7feac5ff8000-7feac8000000 rw-p 00000000 00:00 0 
7feac8000000-7feac8021000 rw-p 00000000 00:00 0 
7feac8021000-7feacc000000 ---p 00000000 00:00 0 
7feacc000000-7feacc021000 rw-p 00000000 00:00 0 
7feacc021000-7fead0000000 ---p 00000000 00:00 0 
7fead0000000-7fead0021000 rw-p 00000000 00:00 0 
7fead0021000-7fead4000000 ---p 00000000 00:00 0 
7fead4000000-7fead4200000 rw-p 00000000 00:00 0 
7fead4200000-7fead4208000 r--p 00000000 103:07 9175118                   /tmp/lwjgl_mindspice/3.3.3+5/x64/libjemalloc.so
7fead4208000-7fead425d000 r-xp 00008000 103:07 9175118                   /tmp/lwjgl_mindspice/3.3.3+5/x64/libjemalloc.so
7fead425d000-7fead426d000 r--p 0005d000 103:07 9175118                   /tmp/lwjgl_mindspice/3.3.3+5/x64/libjemalloc.so
7fead426d000-7fead426e000 ---p 0006d000 103:07 9175118                   /tmp/lwjgl_mindspice/3.3.3+5/x64/libjemalloc.so
7fead426e000-7fead4274000 r--p 0006d000 103:07 9175118                   /tmp/lwjgl_mindspice/3.3.3+5/x64/libjemalloc.so
7fead4274000-7fead4275000 rw-p 00073000 103:07 9175118                   /tmp/lwjgl_mindspice/3.3.3+5/x64/libjemalloc.so
7fead4275000-7fead447f000 rw-p 00000000 00:00 0 
7fead447f000-7fead449f000 rw-s 00000000 00:05 1028                       /dev/nvidiactl
7fead44bf000-7fead44c4000 r--p 00000000 103:07 23331149                  /usr/lib/x86_64-linux-gnu/libdrm.so.2.4.0
7fead44c4000-7fead44cf000 r-xp 00005000 103:07 23331149                  /usr/lib/x86_64-linux-gnu/libdrm.so.2.4.0
7fead44cf000-7fead44d3000 r--p 00010000 103:07 23331149                  /usr/lib/x86_64-linux-gnu/libdrm.so.2.4.0
7fead44d3000-7fead44d4000 r--p 00013000 103:07 23331149                  /usr/lib/x86_64-linux-gnu/libdrm.so.2.4.0
7fead44d4000-7fead44d5000 rw-p 00014000 103:07 23331149                  /usr/lib/x86_64-linux-gnu/libdrm.so.2.4.0
7fead44d5000-7fead44e0000 r--p 00000000 103:07 23335615                  /usr/lib/x86_64-linux-gnu/libxcb-glx.so.0.0.0
7fead44e0000-7fead44e9000 r-xp 0000b000 103:07 23335615                  /usr/lib/x86_64-linux-gnu/libxcb-glx.so.0.0.0
7fead44e9000-7fead44ee000 r--p 00014000 103:07 23335615                  /usr/lib/x86_64-linux-gnu/libxcb-glx.so.0.0.0
7fead44ee000-7fead44ef000 ---p 00019000 103:07 23335615                  /usr/lib/x86_64-linux-gnu/libxcb-glx.so.0.0.0
7fead44ef000-7fead44f1000 r--p 00019000 103:07 23335615                  /usr/lib/x86_64-linux-gnu/libxcb-glx.so.0.0.0
7fead44f1000-7fead44f2000 rw-p 0001b000 103:07 23335615                  /usr/lib/x86_64-linux-gnu/libxcb-glx.so.0.0.0
7fead44f8000-7fead44fc000 rw-s 00000000 00:05 1028                       /dev/nvidiactl
7fead44fc000-7fead450f000 rw-s 00000000 00:05 1028                       /dev/nvidiactl
7fead450f000-7fead4510000 r--p 00000000 103:07 23334069                  /usr/lib/x86_64-linux-gnu/libnvidia-tls.so.535.104.05
7fead4510000-7fead4512000 r-xp 00001000 103:07 23334069                  /usr/lib/x86_64-linux-gnu/libnvidia-tls.so.535.104.05
7fead4512000-7fead4513000 r--p 00003000 103:07 23334069                  /usr/lib/x86_64-linux-gnu/libnvidia-tls.so.535.104.05
7fead4513000-7fead4514000 r--p 00003000 103:07 23334069                  /usr/lib/x86_64-linux-gnu/libnvidia-tls.so.535.104.05
7fead4514000-7fead4515000 rw-p 00004000 103:07 23334069                  /usr/lib/x86_64-linux-gnu/libnvidia-tls.so.535.104.05
7fead4515000-7fead4518000 r--p 00000000 103:07 23333758                  /usr/lib/x86_64-linux-gnu/libGLX.so.0.0.0
7fead4518000-7fead4533000 r-xp 00003000 103:07 23333758                  /usr/lib/x86_64-linux-gnu/libGLX.so.0.0.0
7fead4533000-7fead4536000 r--p 0001e000 103:07 23333758                  /usr/lib/x86_64-linux-gnu/libGLX.so.0.0.0
7fead4536000-7fead4537000 ---p 00021000 103:07 23333758                  /usr/lib/x86_64-linux-gnu/libGLX.so.0.0.0
7fead4537000-7fead4538000 r--p 00021000 103:07 23333758                  /usr/lib/x86_64-linux-gnu/libGLX.so.0.0.0
7fead4538000-7fead4539000 rw-p 00022000 103:07 23333758                  /usr/lib/x86_64-linux-gnu/libGLX.so.0.0.0
7fead4539000-7fead4549000 rw-p 00000000 00:00 0 
7fead4583000-7fead4587000 r--p 00000000 103:07 23333806                  /usr/lib/x86_64-linux-gnu/libXext.so.6.4.0
7fead4587000-7fead4592000 r-xp 00004000 103:07 23333806                  /usr/lib/x86_64-linux-gnu/libXext.so.6.4.0
7fead4592000-7fead4596000 r--p 0000f000 103:07 23333806                  /usr/lib/x86_64-linux-gnu/libXext.so.6.4.0
7fead4596000-7fead4597000 r--p 00012000 103:07 23333806                  /usr/lib/x86_64-linux-gnu/libXext.so.6.4.0
7fead4597000-7fead4598000 rw-p 00013000 103:07 23333806                  /usr/lib/x86_64-linux-gnu/libXext.so.6.4.0
7fead4598000-7fead45a6000 r--p 00000000 103:07 9175136                   /tmp/lwjgl_mindspice/3.3.3+5/x64/libglfw.so
7fead45a6000-7fead45c5000 r-xp 0000e000 103:07 9175136                   /tmp/lwjgl_mindspice/3.3.3+5/x64/libglfw.so
7fead45c5000-7fead45f8000 r--p 0002d000 103:07 9175136                   /tmp/lwjgl_mindspice/3.3.3+5/x64/libglfw.so
7fead45f8000-7fead45f9000 ---p 00060000 103:07 9175136                   /tmp/lwjgl_mindspice/3.3.3+5/x64/libglfw.so
7fead45f9000-7fead45fc000 r--p 00060000 103:07 9175136                   /tmp/lwjgl_mindspice/3.3.3+5/x64/libglfw.so
7fead45fc000-7fead45ff000 rw-p 00063000 103:07 9175136                   /tmp/lwjgl_mindspice/3.3.3+5/x64/libglfw.so
7fead45ff000-7fead4622000 rw-p 00000000 00:00 0 
7fead4622000-7fead464b000 r--p 00000000 103:07 9175153                   /tmp/lwjgl_mindspice/3.3.3+5/x64/liblwjgl.so
7fead464b000-7fead467d000 r-xp 00029000 103:07 9175153                   /tmp/lwjgl_mindspice/3.3.3+5/x64/liblwjgl.so
7fead467d000-7fead4696000 r--p 0005b000 103:07 9175153                   /tmp/lwjgl_mindspice/3.3.3+5/x64/liblwjgl.so
7fead4696000-7fead4697000 r--p 00073000 103:07 9175153                   /tmp/lwjgl_mindspice/3.3.3+5/x64/liblwjgl.so
7fead4697000-7fead4698000 rw-p 00074000 103:07 9175153                   /tmp/lwjgl_mindspice/3.3.3+5/x64/liblwjgl.so
7fead4698000-7fead469c000 ---p 00000000 00:00 0 
7fead469c000-7fead4798000 rw-p 00000000 00:00 0 
7fead4798000-7fead479c000 ---p 00000000 00:00 0 
7fead479c000-7fead4898000 rw-p 00000000 00:00 0 
7fead4898000-7fead489c000 ---p 00000000 00:00 0 
7fead489c000-7fead4998000 rw-p 00000000 00:00 0 
7fead4998000-7fead499c000 ---p 00000000 00:00 0 
7fead499c000-7fead4a98000 rw-p 00000000 00:00 0 
7fead4a98000-7fead4a9c000 ---p 00000000 00:00 0 
7fead4a9c000-7fead4b98000 rw-p 00000000 00:00 0 
7fead4b98000-7fead4b9c000 ---p 00000000 00:00 0 
7fead4b9c000-7fead4c98000 rw-p 00000000 00:00 0 
7fead4c98000-7fead4d66000 r-xp 00000000 103:07 26949047                  /home/mindspice/code/jdk/openjdk-21-rc/lib/libjsvml.so
7fead4d66000-7fead4d67000 r--p 000cd000 103:07 26949047                  /home/mindspice/code/jdk/openjdk-21-rc/lib/libjsvml.so
7fead4d67000-7fead4d68000 rw-p 000ce000 103:07 26949047                  /home/mindspice/code/jdk/openjdk-21-rc/lib/libjsvml.so
7fead4d68000-7fead4d6c000 ---p 00000000 00:00 0 
7fead4d6c000-7fead4e68000 rw-p 00000000 00:00 0 
7fead4e68000-7fead4e6c000 ---p 00000000 00:00 0 
7fead4e6c000-7fead4f68000 rw-p 00000000 00:00 0 
7fead4f68000-7fead4f6c000 ---p 00000000 00:00 0 
7fead4f6c000-7fead6028000 rw-p 00000000 00:00 0 
7fead6028000-7feae4b28000 ---p 00000000 00:00 0 
7feae4b28000-7feae4d40000 rw-p 00000000 00:00 0 
7feae4d40000-7feae6aa0000 ---p 00000000 00:00 0 
7feae6aa0000-7feae6c9c000 rw-p 00000000 00:00 0 
7feae6c9c000-7feae89fc000 ---p 00000000 00:00 0 
7feae89fc000-7feae8a00000 rw-p 00000000 00:00 0 
7feae8a00000-7feae8c70000 rwxp 00000000 00:00 0 
7feae8c70000-7feaefe5f000 ---p 00000000 00:00 0 
7feaefe5f000-7feaf020f000 rwxp 00000000 00:00 0 
7feaf020f000-7feaf05a0000 ---p 00000000 00:00 0 
7feaf05a0000-7feaf0810000 rwxp 00000000 00:00 0 
7feaf0810000-7feaf7a00000 ---p 00000000 00:00 0 
7feaf7a00000-7feaffec1000 r--s 00000000 103:07 26949064                  /home/mindspice/code/jdk/openjdk-21-rc/lib/modules
7feaffecc000-7feaffed3000 r--s 00000000 103:07 23337321                  /usr/lib/x86_64-linux-gnu/gconv/gconv-modules.cache
7feaffed3000-7feaffed5000 r--p 00000000 103:07 23334908                  /usr/lib/x86_64-linux-gnu/libmd.so.0.0.5
7feaffed5000-7feaffedc000 r-xp 00002000 103:07 23334908                  /usr/lib/x86_64-linux-gnu/libmd.so.0.0.5
7feaffedc000-7feaffede000 r--p 00009000 103:07 23334908                  /usr/lib/x86_64-linux-gnu/libmd.so.0.0.5
7feaffede000-7feaffedf000 r--p 0000a000 103:07 23334908                  /usr/lib/x86_64-linux-gnu/libmd.so.0.0.5
7feaffedf000-7feaffee0000 rw-p 0000b000 103:07 23334908                  /usr/lib/x86_64-linux-gnu/libmd.so.0.0.5
7feaffee0000-7feaffee4000 r--p 00000000 103:07 23334094                  /usr/lib/x86_64-linux-gnu/libbsd.so.0.11.5
7feaffee4000-7feaffef1000 r-xp 00004000 103:07 23334094                  /usr/lib/x86_64-linux-gnu/libbsd.so.0.11.5
7feaffef1000-7feaffef4000 r--p 00011000 103:07 23334094                  /usr/lib/x86_64-linux-gnu/libbsd.so.0.11.5
7feaffef4000-7feaffef5000 ---p 00014000 103:07 23334094                  /usr/lib/x86_64-linux-gnu/libbsd.so.0.11.5
7feaffef5000-7feaffef6000 r--p 00014000 103:07 23334094                  /usr/lib/x86_64-linux-gnu/libbsd.so.0.11.5
7feaffef6000-7feaffef7000 rw-p 00015000 103:07 23334094                  /usr/lib/x86_64-linux-gnu/libbsd.so.0.11.5
7feaffef7000-7feaffef8000 rw-p 00000000 00:00 0 
7feaffef8000-7feaffefa000 r--p 00000000 103:07 23333804                  /usr/lib/x86_64-linux-gnu/libXdmcp.so.6.0.0
7feaffefa000-7feaffefc000 r-xp 00002000 103:07 23333804                  /usr/lib/x86_64-linux-gnu/libXdmcp.so.6.0.0
7feaffefc000-7feaffefe000 r--p 00004000 103:07 23333804                  /usr/lib/x86_64-linux-gnu/libXdmcp.so.6.0.0
7feaffefe000-7feaffeff000 r--p 00005000 103:07 23333804                  /usr/lib/x86_64-linux-gnu/libXdmcp.so.6.0.0
7feaffeff000-7feafff00000 rw-p 00006000 103:07 23333804                  /usr/lib/x86_64-linux-gnu/libXdmcp.so.6.0.0
7feafff00000-7feafff04000 ---p 00000000 00:00 0 
7feafff04000-7feb00000000 rw-p 00000000 00:00 0 
7feb00000000-7feb00922000 rw-p 00000000 00:00 0 
7feb00922000-7feb04000000 ---p 00000000 00:00 0 
7feb04006000-7feb04007000 r--p 00000000 103:07 23333793                  /usr/lib/x86_64-linux-gnu/libXau.so.6.0.0
7feb04007000-7feb04009000 r-xp 00001000 103:07 23333793                  /usr/lib/x86_64-linux-gnu/libXau.so.6.0.0
7feb04009000-7feb0400a000 r--p 00003000 103:07 23333793                  /usr/lib/x86_64-linux-gnu/libXau.so.6.0.0
7feb0400a000-7feb0400b000 r--p 00003000 103:07 23333793                  /usr/lib/x86_64-linux-gnu/libXau.so.6.0.0
7feb0400b000-7feb0400c000 rw-p 00004000 103:07 23333793                  /usr/lib/x86_64-linux-gnu/libXau.so.6.0.0
7feb0400c000-7feb04017000 r--p 00000000 103:07 23335647                  /usr/lib/x86_64-linux-gnu/libxcb.so.1.1.0
7feb04017000-7feb0402b000 r-xp 0000b000 103:07 23335647                  /usr/lib/x86_64-linux-gnu/libxcb.so.1.1.0
7feb0402b000-7feb04034000 r--p 0001f000 103:07 23335647                  /usr/lib/x86_64-linux-gnu/libxcb.so.1.1.0
7feb04034000-7feb04035000 r--p 00027000 103:07 23335647                  /usr/lib/x86_64-linux-gnu/libxcb.so.1.1.0
7feb04035000-7feb04036000 rw-p 00028000 103:07 23335647                  /usr/lib/x86_64-linux-gnu/libxcb.so.1.1.0
7feb04037000-7feb04038000 rw-s 00000000 00:05 1043                       /dev/nvidia0
7feb04038000-7feb0403a000 rw-s 00000000 00:05 1028                       /dev/nvidiactl
7feb0403a000-7feb0403e000 rw-s 00000000 00:05 1028                       /dev/nvidiactl
7feb0403e000-7feb0403f000 rw-s 00000000 00:05 1028                       /dev/nvidiactl
7feb0403f000-7feb04040000 rw-s 00000000 00:05 1028                       /dev/nvidiactl
7feb04040000-7feb04041000 rw-s 00000000 00:05 1028                       /dev/nvidiactl
7feb04041000-7feb04042000 rw-s 00044000 00:01 15368                      /memfd:/.nvidia_drv.XXXXXX (deleted)
7feb04042000-7feb04052000 rw-s 00000000 00:05 1043                       /dev/nvidia0
7feb04052000-7feb04053000 r-xp 00000000 00:00 0 
7feb04053000-7feb04066000 r-xp 00000000 103:07 26949055                  /home/mindspice/code/jdk/openjdk-21-rc/lib/libnio.so
7feb04066000-7feb04067000 ---p 00013000 103:07 26949055                  /home/mindspice/code/jdk/openjdk-21-rc/lib/libnio.so
7feb04067000-7feb04068000 r--p 00013000 103:07 26949055                  /home/mindspice/code/jdk/openjdk-21-rc/lib/libnio.so
7feb04068000-7feb04069000 rw-p 00014000 103:07 26949055                  /home/mindspice/code/jdk/openjdk-21-rc/lib/libnio.so
7feb04069000-7feb0406d000 ---p 00000000 00:00 0 
7feb0406d000-7feb04169000 rw-p 00000000 00:00 0 
7feb04169000-7feb0416d000 ---p 00000000 00:00 0 
7feb0416d000-7feb04269000 rw-p 00000000 00:00 0 
7feb04269000-7feb0426d000 ---p 00000000 00:00 0 
7feb0426d000-7feb04369000 rw-p 00000000 00:00 0 
7feb04369000-7feb0436a000 ---p 00000000 00:00 0 
7feb0436a000-7feb0446a000 rw-p 00000000 00:00 0 
7feb0446a000-7feb0446b000 ---p 00000000 00:00 0 
7feb0446b000-7feb04688000 rw-p 00000000 00:00 0 
7feb04688000-7feb04689000 ---p 00000000 00:00 0 
7feb04689000-7feb04789000 rw-p 00000000 00:00 0 
7feb04789000-7feb0478a000 ---p 00000000 00:00 0 
7feb0478a000-7feb05a9c000 rw-p 00000000 00:00 0 
7feb05a9c000-7feb05a9d000 ---p 00000000 00:00 0 
7feb05a9d000-7feb05b9d000 rw-p 00000000 00:00 0 
7feb05b9d000-7feb05b9e000 ---p 00000000 00:00 0 
7feb05b9e000-7feb05c9e000 rw-p 00000000 00:00 0 
7feb05c9e000-7feb05c9f000 ---p 00000000 00:00 0 
7feb05c9f000-7feb07133000 rw-p 00000000 00:00 0 
7feb07133000-7feb07217000 ---p 00000000 00:00 0 
7feb07217000-7feb0721c000 rw-p 00000000 00:00 0 
7feb0721c000-7feb07300000 ---p 00000000 00:00 0 
7feb07300000-7feb07304000 ---p 00000000 00:00 0 
7feb07304000-7feb07400000 rw-p 00000000 00:00 0 
7feb07400000-7feb0870a000 r-xp 00000000 103:07 26949074                  /home/mindspice/code/jdk/openjdk-21-rc/lib/server/libjvm.so
7feb0870a000-7feb087d7000 r--p 01309000 103:07 26949074                  /home/mindspice/code/jdk/openjdk-21-rc/lib/server/libjvm.so
7feb087d7000-7feb08805000 rw-p 013d6000 103:07 26949074                  /home/mindspice/code/jdk/openjdk-21-rc/lib/server/libjvm.so
7feb08805000-7feb0886a000 rw-p 00000000 00:00 0 
7feb0886f000-7feb08870000 rw-p 00000000 00:00 0 
7feb08870000-7feb0887c000 r-xp 00000000 103:07 26949054                  /home/mindspice/code/jdk/openjdk-21-rc/lib/libnet.so
7feb0887c000-7feb0887d000 r--p 0000b000 103:07 26949054                  /home/mindspice/code/jdk/openjdk-21-rc/lib/libnet.so
7feb0887d000-7feb0887e000 rw-p 0000c000 103:07 26949054                  /home/mindspice/code/jdk/openjdk-21-rc/lib/libnet.so
7feb0887e000-7feb08885000 r-xp 00000000 103:07 26949063                  /home/mindspice/code/jdk/openjdk-21-rc/lib/libzip.so
7feb08885000-7feb08886000 ---p 00007000 103:07 26949063                  /home/mindspice/code/jdk/openjdk-21-rc/lib/libzip.so
7feb08886000-7feb08887000 r--p 00007000 103:07 26949063                  /home/mindspice/code/jdk/openjdk-21-rc/lib/libzip.so
7feb08887000-7feb08888000 rw-p 00008000 103:07 26949063                  /home/mindspice/code/jdk/openjdk-21-rc/lib/libzip.so
7feb08888000-7feb088cf000 rw-p 00000000 00:00 0 
7feb088cf000-7feb088d6000 ---p 00000000 00:00 0 
7feb088d6000-7feb088f6000 r-xp 00000000 103:07 26949039                  /home/mindspice/code/jdk/openjdk-21-rc/lib/libjava.so
7feb088f6000-7feb088f7000 ---p 00020000 103:07 26949039                  /home/mindspice/code/jdk/openjdk-21-rc/lib/libjava.so
7feb088f7000-7feb088f8000 r--p 00020000 103:07 26949039                  /home/mindspice/code/jdk/openjdk-21-rc/lib/libjava.so
7feb088f8000-7feb088f9000 rw-p 00021000 103:07 26949039                  /home/mindspice/code/jdk/openjdk-21-rc/lib/libjava.so
7feb088f9000-7feb088fa000 rw-p 00000000 00:00 0 
7feb088fa000-7feb08915000 r-xp 00000000 103:07 26949043                  /home/mindspice/code/jdk/openjdk-21-rc/lib/libjimage.so
7feb08915000-7feb08916000 ---p 0001b000 103:07 26949043                  /home/mindspice/code/jdk/openjdk-21-rc/lib/libjimage.so
7feb08916000-7feb08918000 r--p 0001b000 103:07 26949043                  /home/mindspice/code/jdk/openjdk-21-rc/lib/libjimage.so
7feb08918000-7feb08919000 rw-p 0001d000 103:07 26949043                  /home/mindspice/code/jdk/openjdk-21-rc/lib/libjimage.so
7feb08919000-7feb08927000 r--p 00000000 103:07 23333324                  /usr/lib/x86_64-linux-gnu/libm.so.6
7feb08927000-7feb089a3000 r-xp 0000e000 103:07 23333324                  /usr/lib/x86_64-linux-gnu/libm.so.6
7feb089a3000-7feb089fe000 r--p 0008a000 103:07 23333324                  /usr/lib/x86_64-linux-gnu/libm.so.6
7feb089fe000-7feb089ff000 r--p 000e4000 103:07 23333324                  /usr/lib/x86_64-linux-gnu/libm.so.6
7feb089ff000-7feb08a00000 rw-p 000e5000 103:07 23333324                  /usr/lib/x86_64-linux-gnu/libm.so.6
7feb08a00000-7feb08a28000 r--p 00000000 103:07 23332177                  /usr/lib/x86_64-linux-gnu/libc.so.6
7feb08a28000-7feb08bbd000 r-xp 00028000 103:07 23332177                  /usr/lib/x86_64-linux-gnu/libc.so.6
7feb08bbd000-7feb08c15000 r--p 001bd000 103:07 23332177                  /usr/lib/x86_64-linux-gnu/libc.so.6
7feb08c15000-7feb08c19000 r--p 00214000 103:07 23332177                  /usr/lib/x86_64-linux-gnu/libc.so.6
7feb08c19000-7feb08c1b000 rw-p 00218000 103:07 23332177                  /usr/lib/x86_64-linux-gnu/libc.so.6
7feb08c1b000-7feb08c28000 rw-p 00000000 00:00 0 
7feb08c28000-7feb08c29000 r--p 00000000 103:07 23334891                  /usr/lib/x86_64-linux-gnu/librt.so.1
7feb08c29000-7feb08c2a000 r-xp 00001000 103:07 23334891                  /usr/lib/x86_64-linux-gnu/librt.so.1
7feb08c2a000-7feb08c2b000 r--p 00002000 103:07 23334891                  /usr/lib/x86_64-linux-gnu/librt.so.1
7feb08c2b000-7feb08c2c000 r--p 00002000 103:07 23334891                  /usr/lib/x86_64-linux-gnu/librt.so.1
7feb08c2c000-7feb08c2d000 rw-p 00003000 103:07 23334891                  /usr/lib/x86_64-linux-gnu/librt.so.1
7feb08c2d000-7feb08c31000 rw-p 00000000 00:00 0 
7feb08c31000-7feb08c32000 r--p 00000000 103:07 23333056                  /usr/lib/x86_64-linux-gnu/libdl.so.2
7feb08c32000-7feb08c33000 r-xp 00001000 103:07 23333056                  /usr/lib/x86_64-linux-gnu/libdl.so.2
7feb08c33000-7feb08c34000 r--p 00002000 103:07 23333056                  /usr/lib/x86_64-linux-gnu/libdl.so.2
7feb08c34000-7feb08c35000 r--p 00002000 103:07 23333056                  /usr/lib/x86_64-linux-gnu/libdl.so.2
7feb08c35000-7feb08c36000 rw-p 00003000 103:07 23333056                  /usr/lib/x86_64-linux-gnu/libdl.so.2
7feb08c36000-7feb08c37000 r--p 00000000 103:07 23334258                  /usr/lib/x86_64-linux-gnu/libpthread.so.0
7feb08c37000-7feb08c38000 r-xp 00001000 103:07 23334258                  /usr/lib/x86_64-linux-gnu/libpthread.so.0
7feb08c38000-7feb08c39000 r--p 00002000 103:07 23334258                  /usr/lib/x86_64-linux-gnu/libpthread.so.0
7feb08c39000-7feb08c3a000 r--p 00002000 103:07 23334258                  /usr/lib/x86_64-linux-gnu/libpthread.so.0
7feb08c3a000-7feb08c3b000 rw-p 00003000 103:07 23334258                  /usr/lib/x86_64-linux-gnu/libpthread.so.0
7feb08c3b000-7feb08c49000 r-xp 00000000 103:07 26949044                  /home/mindspice/code/jdk/openjdk-21-rc/lib/libjli.so
7feb08c49000-7feb08c4a000 ---p 0000e000 103:07 26949044                  /home/mindspice/code/jdk/openjdk-21-rc/lib/libjli.so
7feb08c4a000-7feb08c4b000 r--p 0000e000 103:07 26949044                  /home/mindspice/code/jdk/openjdk-21-rc/lib/libjli.so
7feb08c4b000-7feb08c4c000 rw-p 0000f000 103:07 26949044                  /home/mindspice/code/jdk/openjdk-21-rc/lib/libjli.so
7feb08c4c000-7feb08c4e000 r--p 00000000 103:07 23331309                  /usr/lib/x86_64-linux-gnu/libz.so.1.2.11
7feb08c4e000-7feb08c5f000 r-xp 00002000 103:07 23331309                  /usr/lib/x86_64-linux-gnu/libz.so.1.2.11
7feb08c5f000-7feb08c65000 r--p 00013000 103:07 23331309                  /usr/lib/x86_64-linux-gnu/libz.so.1.2.11
7feb08c65000-7feb08c66000 ---p 00019000 103:07 23331309                  /usr/lib/x86_64-linux-gnu/libz.so.1.2.11
7feb08c66000-7feb08c67000 r--p 00019000 103:07 23331309                  /usr/lib/x86_64-linux-gnu/libz.so.1.2.11
7feb08c67000-7feb08c68000 rw-p 0001a000 103:07 23331309                  /usr/lib/x86_64-linux-gnu/libz.so.1.2.11
7feb08c68000-7feb08c69000 r-xp 00059000 103:07 9175153                   /tmp/lwjgl_mindspice/3.3.3+5/x64/liblwjgl.so
7feb08c69000-7feb08c6a000 rw-p 00000000 00:00 0 
7feb08c6a000-7feb08c6c000 r-xp 00000000 103:07 26949032                  /home/mindspice/code/jdk/openjdk-21-rc/lib/libextnet.so
7feb08c6c000-7feb08c6d000 r--p 00001000 103:07 26949032                  /home/mindspice/code/jdk/openjdk-21-rc/lib/libextnet.so
7feb08c6d000-7feb08c6e000 rw-p 00002000 103:07 26949032                  /home/mindspice/code/jdk/openjdk-21-rc/lib/libextnet.so
7feb08c6e000-7feb08c76000 rw-s 00000000 103:07 9175097                   /tmp/hsperfdata_mindspice/169899
7feb08c76000-7feb08c80000 r-xp 00000000 103:07 26949034                  /home/mindspice/code/jdk/openjdk-21-rc/lib/libinstrument.so
7feb08c80000-7feb08c81000 ---p 0000a000 103:07 26949034                  /home/mindspice/code/jdk/openjdk-21-rc/lib/libinstrument.so
7feb08c81000-7feb08c82000 r--p 0000a000 103:07 26949034                  /home/mindspice/code/jdk/openjdk-21-rc/lib/libinstrument.so
7feb08c82000-7feb08c83000 rw-p 0000b000 103:07 26949034                  /home/mindspice/code/jdk/openjdk-21-rc/lib/libinstrument.so
7feb08c83000-7feb08c84000 ---p 00000000 00:00 0 
7feb08c84000-7feb08c85000 r--p 00000000 00:00 0 
7feb08c85000-7feb08c87000 rw-p 00000000 00:00 0 
7feb08c87000-7feb08c89000 r--p 00000000 103:07 23332035                  /usr/lib/x86_64-linux-gnu/ld-linux-x86-64.so.2
7feb08c89000-7feb08cb3000 r-xp 00002000 103:07 23332035                  /usr/lib/x86_64-linux-gnu/ld-linux-x86-64.so.2
7feb08cb3000-7feb08cbe000 r--p 0002c000 103:07 23332035                  /usr/lib/x86_64-linux-gnu/ld-linux-x86-64.so.2
7feb08cbe000-7feb08cbf000 ---p 00000000 00:00 0 
7feb08cbf000-7feb08cc1000 r--p 00037000 103:07 23332035                  /usr/lib/x86_64-linux-gnu/ld-linux-x86-64.so.2
7feb08cc1000-7feb08cc3000 rw-p 00039000 103:07 23332035                  /usr/lib/x86_64-linux-gnu/ld-linux-x86-64.so.2
7ffe95873000-7ffe95895000 rw-p 00000000 00:00 0                          [stack]
7ffe9593b000-7ffe9593f000 r--p 00000000 00:00 0                          [vvar]
7ffe9593f000-7ffe95941000 r-xp 00000000 00:00 0                          [vdso]
ffffffffff600000-ffffffffff601000 --xp 00000000 00:00 0                  [vsyscall]
Total number of mappings: 363


VM Arguments:
jvm_args: -javaagent:/home/mindspice/.local/share/JetBrains/Toolbox/apps/IDEA-U/ch-0/222.4345.14/lib/idea_rt.jar=34435:/home/mindspice/.local/share/JetBrains/Toolbox/apps/IDEA-U/ch-0/222.4345.14/bin -Dfile.encoding=UTF-8 -Dsun.stdout.encoding=UTF-8 -Dsun.stderr.encoding=UTF-8 
java_command: io.mindspice.mspice.game.Main
java_class_path (initial): /home/mindspice/code/Java/game/mspice-engine/target/classes:/home/mindspice/.m2/repository/org/lwjgl/lwjgl/3.3.3/lwjgl-3.3.3.jar:/home/mindspice/.m2/repository/org/lwjgl/lwjgl-assimp/3.3.3/lwjgl-assimp-3.3.3.jar:/home/mindspice/.m2/repository/org/lwjgl/lwjgl-glfw/3.3.3/lwjgl-glfw-3.3.3.jar:/home/mindspice/.m2/repository/org/lwjgl/lwjgl-harfbuzz/3.3.3/lwjgl-harfbuzz-3.3.3.jar:/home/mindspice/.m2/repository/org/lwjgl/lwjgl-hwloc/3.3.3/lwjgl-hwloc-3.3.3.jar:/home/mindspice/.m2/repository/org/lwjgl/lwjgl-jemalloc/3.3.3/lwjgl-jemalloc-3.3.3.jar:/home/mindspice/.m2/repository/org/lwjgl/lwjgl-ktx/3.3.3/lwjgl-ktx-3.3.3.jar:/home/mindspice/.m2/repository/org/lwjgl/lwjgl-libdivide/3.3.3/lwjgl-libdivide-3.3.3.jar:/home/mindspice/.m2/repository/org/lwjgl/lwjgl-lz4/3.3.3/lwjgl-lz4-3.3.3.jar:/home/mindspice/.m2/repository/org/lwjgl/lwjgl-meshoptimizer/3.3.3/lwjgl-meshoptimizer-3.3.3.jar:/home/mindspice/.m2/repository/org/lwjgl/lwjgl-openal/3.3.3/lwjgl-openal-3.3.3.jar:/home/mindspice/.m2/repository/org/lwjgl/lwjgl-opengl/3.3.3/lwjgl-opengl-3.3.3.jar:/home/mindspice/.m2/repository/org/lwjgl/lwjgl-remotery/3.3.3/lwjgl-remotery-3.3.3.jar:/home/mindspice/.m2/repository/org/lwjgl/lwjgl-rpmalloc/3.3.3/lwjgl-rpmalloc-3.3.3.jar:/home/mindspice/.m2/repository/org/lwjgl/lwjgl-sse/3.3.3/lwjgl-sse-3.3.3.jar:/home/mindspice/.m2/repository/org/lwjgl/lwjgl-stb/3.3.3/lwjgl-stb-3.3.3.jar:/home/mindspice/.m2/repository/org/lwjgl/lwjgl-vma/3.3.3/lwjgl-vma-3.3.3.jar:/home/mindspice/.m2/repository/org/lwjgl/lwjgl-vulkan/3.3.3/lwjgl-vulkan-3.3.3.jar:/home/mindspice/.m2/repository/org/lwjgl/lwjgl/3.3.3/lwjgl-3.3.3-natives-linux.jar:/home/mindspice/.m2/repository/org/lwjgl/lwjgl-assimp/3.3.3/lwjgl-assimp-3.3.3-natives-linux.jar:/home/mindspice/.m2/repository/org/lwjgl/lwjgl-glfw/3.3.3/lwjgl-glfw-3.3.3-natives-linux.jar:/home/mindspice/.m2/repository/org/lwjgl/lwjgl-harfbuzz/3.3.3/lwjgl-harfbuzz-3.3.3-natives-linux.jar:/home/mindspice/.m2/repository/org/lwjgl/lwjgl-hwloc/3.3.3/lwjgl-hwloc-3.3.3-natives-linux.jar:/home/mindspice/.m2/repository/org/lwjgl/lwjgl-jemalloc/3.3.3/lwjgl-jemalloc-3.3.3-natives-linux.jar:/home/mindspice/.m2/repository/org/lwjgl/lwjgl-ktx/3.3.3/lwjgl-ktx-3.3.3-natives-linux.jar:/home/mindspice/.m2/repository/org/lwjgl/lwjgl-libdivide/3.3.3/lwjgl-libdivide-3.3.3-natives-linux.jar:/home/mindspice/.m2/repository/org/lwjgl/lwjgl-lz4/3.3.3/lwjgl-lz4-3.3.3-natives-linux.jar:/home/mindspice/.m2/repository/org/lwjgl/lwjgl-meshoptimizer/3.3.3/lwjgl-meshoptimizer-3.3.3-natives-linux.jar:/home/mindspice/.m2/repository/org/lwjgl/lwjgl-openal/3.3.3/lwjgl-openal-3.3.3-natives-linux.jar:/home/mindspice/.m2/repository/org/lwjgl/lwjgl-opengl/3.3.3/lwjgl-opengl-3.3.3-natives-linux.jar:/home/mindspice/.m2/repository/org/lwjgl/lwjgl-remotery/3.3.3/lwjgl-remotery-3.3.3-natives-linux.jar:/home/mindspice/.m2/repository/org/lwjgl/lwjgl-rpmalloc/3.3.3/lwjgl-rpmalloc-3.3.3-natives-linux.jar:/home/mindspice/.m2/repository/org/lwjgl/lwjgl-sse/3.3.3/lwjgl-sse-3.3.3-natives-linux.jar:/home/mindspice/.m2/repository/org/lwjgl/lwjgl-stb/3.3.3/lwjgl-stb-3.3.3-natives-linux.jar:/home/mindspice/.m2/repository/org/lwjgl/lwjgl-vma/3.3.3/lwjgl-vma-3.3.3-natives-linux.jar:/home/mindspice/.m2/repository/org/joml/joml/1.10.5/joml-1.10.5.jar
Launcher Type: SUN_STANDARD

[Global flags]
     intx CICompilerCount                          = 12                                        {product} {ergonomic}
     uint ConcGCThreads                            = 5                                         {product} {ergonomic}
     uint G1ConcRefinementThreads                  = 18                                        {product} {ergonomic}
   size_t G1HeapRegionSize                         = 8388608                                   {product} {ergonomic}
    uintx GCDrainStackTargetSize                   = 64                                        {product} {ergonomic}
   size_t InitialHeapSize                          = 1056964608                                {product} {ergonomic}
   size_t MarkStackSize                            = 4194304                                   {product} {ergonomic}
   size_t MaxHeapSize                              = 16835936256                               {product} {ergonomic}
   size_t MaxNewSize                               = 10099884032                               {product} {ergonomic}
   size_t MinHeapDeltaBytes                        = 8388608                                   {product} {ergonomic}
   size_t MinHeapSize                              = 8388608                                   {product} {ergonomic}
    uintx NonNMethodCodeHeapSize                   = 7602480                                {pd product} {ergonomic}
    uintx NonProfiledCodeHeapSize                  = 122027880                              {pd product} {ergonomic}
    uintx ProfiledCodeHeapSize                     = 122027880                              {pd product} {ergonomic}
    uintx ReservedCodeCacheSize                    = 251658240                              {pd product} {ergonomic}
     bool SegmentedCodeCache                       = true                                      {product} {ergonomic}
   size_t SoftMaxHeapSize                          = 16835936256                            {manageable} {ergonomic}
     bool UseCompressedOops                        = true                           {product lp64_product} {ergonomic}
     bool UseG1GC                                  = true                                      {product} {ergonomic}

Logging:
Log output configuration:
 #0: stdout all=warning uptime,level,tags foldmultilines=false
 #1: stderr all=off uptime,level,tags foldmultilines=false

Environment Variables:
PATH=/home/mindspice/.local/bin:/usr/local/sbin:/usr/local/bin:/usr/sbin:/usr/bin:/sbin:/bin:/usr/games:/usr/local/games:/snap/bin:/home/mindspice/.local/share/JetBrains/Toolbox/scripts
USERNAME=mindspice
SHELL=/bin/bash
DISPLAY=:1
LANG=en_US.UTF-8

Active Locale:
LC_ALL=en_US.UTF-8
LC_COLLATE=en_US.UTF-8
LC_CTYPE=en_US.UTF-8
LC_MESSAGES=en_US.UTF-8
LC_MONETARY=en_US.UTF-8
LC_NUMERIC=en_US.UTF-8
LC_TIME=en_US.UTF-8

Signal Handlers:
   SIGSEGV: crash_handler in libjvm.so, mask=11100100010111111101111111111110, flags=SA_RESTART|SA_SIGINFO, unblocked
    SIGBUS: crash_handler in libjvm.so, mask=11100100010111111101111111111110, flags=SA_RESTART|SA_SIGINFO, unblocked
    SIGFPE: crash_handler in libjvm.so, mask=11100100010111111101111111111110, flags=SA_RESTART|SA_SIGINFO, unblocked
   SIGPIPE: javaSignalHandler in libjvm.so, mask=11100100010111111101111111111110, flags=SA_RESTART|SA_SIGINFO, blocked
   SIGXFSZ: javaSignalHandler in libjvm.so, mask=11100100010111111101111111111110, flags=SA_RESTART|SA_SIGINFO, blocked
    SIGILL: crash_handler in libjvm.so, mask=11100100010111111101111111111110, flags=SA_RESTART|SA_SIGINFO, unblocked
   SIGUSR2: SR_handler in libjvm.so, mask=00100000000000000000000000000000, flags=SA_RESTART|SA_SIGINFO, blocked
    SIGHUP: SIG_IGN, mask=00000000000000000000000000000000, flags=none, blocked
    SIGINT: UserHandler in libjvm.so, mask=11100100010111111101111111111110, flags=SA_RESTART|SA_SIGINFO, blocked
   SIGTERM: UserHandler in libjvm.so, mask=11100100010111111101111111111110, flags=SA_RESTART|SA_SIGINFO, blocked
   SIGQUIT: UserHandler in libjvm.so, mask=11100100010111111101111111111110, flags=SA_RESTART|SA_SIGINFO, blocked
   SIGTRAP: crash_handler in libjvm.so, mask=11100100010111111101111111111110, flags=SA_RESTART|SA_SIGINFO, unblocked


---------------  S Y S T E M  ---------------

OS:
DISTRIB_ID=Pop
DISTRIB_RELEASE=22.04
DISTRIB_CODENAME=jammy
DISTRIB_DESCRIPTION="Pop!_OS 22.04 LTS"
uname: Linux 6.4.6-76060406-generic #202307241739~1694621917~22.04~ac5e1a8 SMP PREEMPT_DYNAMIC Wed S x86_64
OS uptime: 1 days 10:14 hours
libc: glibc 2.35 NPTL 2.35 
rlimit (soft/hard): STACK 8192k/infinity , CORE 0k/infinity , NPROC 256363/256363 , NOFILE 1048576/1048576 , AS infinity/infinity , CPU infinity/infinity , DATA infinity/infinity , FSIZE infinity/infinity , MEMLOCK 8219220k/8219220k
load average: 1.54 0.90 0.73

/proc/meminfo:
MemTotal:       65753772 kB
MemFree:         3613460 kB
MemAvailable:   18144524 kB
Buffers:          862948 kB
Cached:         17470456 kB
SwapCached:            0 kB
Active:         36844156 kB
Inactive:       21495584 kB
Active(anon):   33015288 kB
Inactive(anon):  7577940 kB
Active(file):    3828868 kB
Inactive(file): 13917644 kB
Unevictable:         504 kB
Mlocked:             504 kB
SwapTotal:      16777212 kB
SwapFree:       16776700 kB
Zswap:                 0 kB
Zswapped:              0 kB
Dirty:               348 kB
Writeback:           292 kB
AnonPages:      39999436 kB
Mapped:          2921736 kB
Shmem:            586884 kB
KReclaimable:    1650472 kB
Slab:            2261236 kB
SReclaimable:    1650472 kB
SUnreclaim:       610764 kB
KernelStack:       74544 kB
PageTables:       216728 kB
SecPageTables:     11896 kB
NFS_Unstable:          0 kB
Bounce:                0 kB
WritebackTmp:          0 kB
CommitLimit:    49654096 kB
Committed_AS:   73222992 kB
VmallocTotal:   34359738367 kB
VmallocUsed:      326328 kB
VmallocChunk:          0 kB
Percpu:            48384 kB
HardwareCorrupted:     0 kB
AnonHugePages:   5165056 kB
ShmemHugePages:        0 kB
ShmemPmdMapped:        0 kB
FileHugePages:         0 kB
FilePmdMapped:         0 kB
HugePages_Total:       0
HugePages_Free:        0
HugePages_Rsvd:        0
HugePages_Surp:        0
Hugepagesize:       2048 kB
Hugetlb:               0 kB
DirectMap4k:     2026820 kB
DirectMap2M:    46129152 kB
DirectMap1G:    18874368 kB

/sys/kernel/mm/transparent_hugepage/enabled: always [madvise] never
/sys/kernel/mm/transparent_hugepage/defrag (defrag/compaction efforts parameter): always defer defer+madvise [madvise] never

Process Memory:
Virtual Size: 20053920K (peak: 20116808K)
Resident Set Size: 127276K (peak: 131672K) (anon: 77864K, file: 49412K, shmem: 0K)
Swapped out: 0K
C-Heap outstanding allocations: 61521K, retained: 21982K
glibc malloc tunables: (default)

/proc/sys/kernel/threads-max (system-wide limit on the number of threads): 512726
/proc/sys/vm/max_map_count (maximum number of memory map areas a process may have): 2147483642
/proc/sys/kernel/pid_max (system-wide limit on number of process identifiers): 4194304

container (cgroup) information:
container_type: cgroupv2
cpu_cpuset_cpus: not supported
cpu_memory_nodes: not supported
active_processor_count: 24
cpu_quota: not supported
cpu_period: not supported
cpu_shares: not supported
memory_limit_in_bytes: unlimited
memory_and_swap_limit_in_bytes: unlimited
memory_soft_limit_in_bytes: unlimited
memory_usage_in_bytes: 11980340 k
memory_max_usage_in_bytes: not supported
memory_swap_current_in_bytes: unlimited
memory_swap_max_limit_in_bytes: unlimited
maximum number of tasks: 76908
current number of tasks: 1480

Steal ticks since vm start: 0
Steal ticks percentage since vm start:  0.000

CPU: total 24 (initial active 24) (24 cores per cpu, 2 threads per core) family 25 model 33 stepping 0 microcode 0xa201016, cx8, cmov, fxsr, ht, mmx, 3dnowpref, sse, sse2, sse3, ssse3, sse4a, sse4.1, sse4.2, popcnt, lzcnt, tsc, tscinvbit, avx, avx2, aes, erms, clmul, bmi1, bmi2, adx, sha, fma, vzeroupper, clflush, clflushopt, rdtscp, rdpid, fsrm, f16c, pku, ospke, cet_ss
CPU Model and flags from /proc/cpuinfo:
model name	: AMD Ryzen 9 5900X 12-Core Processor
flags		: fpu vme de pse tsc msr pae mce cx8 apic sep mtrr pge mca cmov pat pse36 clflush mmx fxsr sse sse2 ht syscall nx mmxext fxsr_opt pdpe1gb rdtscp lm constant_tsc rep_good nopl nonstop_tsc cpuid extd_apicid aperfmperf rapl pni pclmulqdq monitor ssse3 fma cx16 sse4_1 sse4_2 x2apic movbe popcnt aes xsave avx f16c rdrand lahf_lm cmp_legacy svm extapic cr8_legacy abm sse4a misalignsse 3dnowprefetch osvw ibs skinit wdt tce topoext perfctr_core perfctr_nb bpext perfctr_llc mwaitx cpb cat_l3 cdp_l3 hw_pstate ssbd mba ibrs ibpb stibp vmmcall fsgsbase bmi1 avx2 smep bmi2 erms invpcid cqm rdt_a rdseed adx smap clflushopt clwb sha_ni xsaveopt xsavec xgetbv1 xsaves cqm_llc cqm_occup_llc cqm_mbm_total cqm_mbm_local clzero irperf xsaveerptr rdpru wbnoinvd arat npt lbrv svm_lock nrip_save tsc_scale vmcb_clean flushbyasid decodeassists pausefilter pfthreshold avic v_vmsave_vmload vgif v_spec_ctrl umip pku ospke vaes vpclmulqdq rdpid overflow_recov succor smca fsrm

Online cpus: 0-23
Offline cpus: 24-31
BIOS frequency limitation: 3700000
Frequency switch latency (ns): 0
Available cpu frequencies: 3700000 2800000 2200000 
Current governor: schedutil
Core performance/turbo boost: 1

Memory: 4k page, physical 65753772k(18144524k free), swap 16777212k(16776700k free)
Page Sizes: 4k

vm_info: OpenJDK 64-Bit Server VM (21+35-2513) for linux-amd64 JRE (21+35-2513), built on 2023-08-09T20:25:10Z by "mach5one" with gcc 11.2.0

END.
