#
# A fatal error has been detected by the Java Runtime Environment:
#
#  SIGSEGV (0xb) at pc=0x00007f242f98c473, pid=170330, tid=170334
#
# JRE version: OpenJDK Runtime Environment (21.0+35) (build 21+35-2513)
# Java VM: OpenJDK 64-Bit Server VM (21+35-2513, mixed mode, sharing, tiered, compressed oops, compressed class ptrs, g1 gc, linux-amd64)
# Problematic frame:
# V  [libjvm.so+0x58c473]  AccessInternal::PostRuntimeDispatch<G1BarrierSet::AccessBarrier<548964ul, G1BarrierSet>, (AccessInternal::BarrierType)0, 548964ul>::oop_access_barrier(void*, oopDesc*)+0x53
#
# Core dump will be written. Default location: Core dumps may be processed with "/usr/share/apport/apport -p%p -s%s -c%c -d%d -P%P -u%u -g%g -- %E" (or dumping to /home/mindspice/code/Java/game/mspice-engine/core.170330)
#
# If you would like to submit a bug report, please visit:
#   https://bugreport.java.com/bugreport/crash.jsp
#

---------------  S U M M A R Y ------------

Command Line: -javaagent:/home/mindspice/.local/share/JetBrains/Toolbox/apps/IDEA-U/ch-0/222.4345.14/lib/idea_rt.jar=39261:/home/mindspice/.local/share/JetBrains/Toolbox/apps/IDEA-U/ch-0/222.4345.14/bin -Dfile.encoding=UTF-8 -Dsun.stdout.encoding=UTF-8 -Dsun.stderr.encoding=UTF-8 io.mindspice.mspice.game.Main

Host: AMD Ryzen 9 5900X 12-Core Processor, 24 cores, 62G, Pop!_OS 22.04 LTS
Time: Mon Sep 25 18:09:54 2023 EDT elapsed time: 13.621821 seconds (0d 0h 0m 13s)

---------------  T H R E A D  ---------------

Current thread (0x00007f242802b110):  JavaThread "main"             [_thread_in_vm, id=170334, stack(0x00007f242f300000,0x00007f242f400000) (1024K)]

Stack: [0x00007f242f300000,0x00007f242f400000],  sp=0x00007f242f3fe4e0,  free space=1017k
Native frames: (J=compiled Java code, j=interpreted, Vv=VM code, C=native code)
V  [libjvm.so+0x58c473]  AccessInternal::PostRuntimeDispatch<G1BarrierSet::AccessBarrier<548964ul, G1BarrierSet>, (AccessInternal::BarrierType)0, 548964ul>::oop_access_barrier(void*, oopDesc*)+0x53
V  [libjvm.so+0x9a9cfe]  JNIHandles::destroy_global(_jobject*)+0x1e
V  [libjvm.so+0x9725cf]  jni_DeleteGlobalRef+0x6f
j  org.lwjgl.system.jni.JNINativeInterface.nDeleteGlobalRef(J)V+0
j  org.lwjgl.system.jni.JNINativeInterface.DeleteGlobalRef(J)V+12
j  org.lwjgl.system.Callback.free(J)V+25
j  org.lwjgl.system.Callback.free()V+4
j  io.mindspice.mspice.core.GameInput.cleanup()V+4
j  io.mindspice.mspice.core.GameEngine.cleanup()V+11
j  io.mindspice.mspice.core.GameEngine.run()V+296
j  io.mindspice.mspice.game.Main.main([Ljava/lang/String;)V+92
v  ~StubRoutines::call_stub 0x00007f2417e5fcc6
V  [libjvm.so+0x8dd585]  JavaCalls::call_helper(JavaValue*, methodHandle const&, JavaCallArguments*, JavaThread*)+0x2e5
V  [libjvm.so+0x983b40]  jni_invoke_static(JNIEnv_*, JavaValue*, _jobject*, JNICallType, _jmethodID*, JNI_ArgumentPusher*, JavaThread*) [clone .constprop.1]+0x390
V  [libjvm.so+0x98643b]  jni_CallStaticVoidMethod+0x12b
C  [libjli.so+0x5294]  JavaMain+0x1054
C  [libjli.so+0x7e49]  ThreadJavaMain+0x9
Java frames: (J=compiled Java code, j=interpreted, Vv=VM code)
j  org.lwjgl.system.jni.JNINativeInterface.nDeleteGlobalRef(J)V+0
j  org.lwjgl.system.jni.JNINativeInterface.DeleteGlobalRef(J)V+12
j  org.lwjgl.system.Callback.free(J)V+25
j  org.lwjgl.system.Callback.free()V+4
j  io.mindspice.mspice.core.GameInput.cleanup()V+4
j  io.mindspice.mspice.core.GameEngine.cleanup()V+11
j  io.mindspice.mspice.core.GameEngine.run()V+296
j  io.mindspice.mspice.game.Main.main([Ljava/lang/String;)V+92
v  ~StubRoutines::call_stub 0x00007f2417e5fcc6

siginfo: si_signo: 11 (SIGSEGV), si_code: 1 (SEGV_MAPERR), si_addr: 0x000000000000003e

Registers:
RAX=0x00007f243080b450, RBX=0x000000000000003e, RCX=0x0000000000000010, RDX=0x0000000000000040
RSP=0x00007f242f3fe4e0, RBP=0x00007f242f3fe500, RSI=0x0000000000000000, RDI=0x000000000000003e
R8 =0x00007f239b40f078, R9 =0x0000000000000002, R10=0x00007f2417e6b951, R11=0x0000000452804758
R12=0x0000000000000000, R13=0x00007f2428049ce0, R14=0x00007f242f3fe5d0, R15=0x00007f242802b110
RIP=0x00007f242f98c473, EFLAGS=0x0000000000010246, CSGSFS=0x002b000000000033, ERR=0x0000000000000006
  TRAPNO=0x000000000000000e


Register to memory mapping:

RAX=0x00007f243080b450: <offset 0x000000000140b450> in /home/mindspice/code/jdk/openjdk-21-rc/lib/server/libjvm.so at 0x00007f242f400000
RBX=0x000000000000003e is an unknown value
RCX=0x0000000000000010 is an unknown value
RDX=0x0000000000000040 is an unknown value
RSP=0x00007f242f3fe4e0 is pointing into the stack for thread: 0x00007f242802b110
RBP=0x00007f242f3fe500 is pointing into the stack for thread: 0x00007f242802b110
RSI=0x0 is null
RDI=0x000000000000003e is an unknown value
R8 ={method} {0x00007f239b40f078} 'free' '()V' in 'org/lwjgl/system/Callback'
R9 =0x0000000000000002 is an unknown value
R10=0x00007f2417e6b951 is at code_begin+1009 in an Interpreter codelet
native method entry point (kind = native)  [0x00007f2417e6b560, 0x00007f2417e6bfd0]  2672 bytes
R11=0x0000000452804758 is an oop: java.lang.Class 
{0x0000000452804758} - klass: 'java/lang/Class'
 - ---- fields (total size 27 words):
 - private volatile transient 'classRedefinedCount' 'I' @12  0 (0x00000000)
 - injected 'klass' 'J' @16  139790985008208 (0x00007f23a0011450)
 - injected 'array_klass' 'J' @24  0 (0x0000000000000000)
 - injected 'oop_size' 'I' @32  27 (0x0000001b)
 - injected 'static_oop_field_count' 'I' @36  0 (0x00000000)
 - private volatile transient 'cachedConstructor' 'Ljava/lang/reflect/Constructor;' @40  null (0x00000000)
 - private transient 'name' 'Ljava/lang/String;' @44  "org.lwjgl.system.jni.JNINativeInterface"{0x0000000452804830} (0x8a500906)
 - private transient 'module' 'Ljava/lang/Module;' @48  a 'java/lang/Module'{0x0000000453015290} (0x8a602a52)
 - private final 'classLoader' 'Ljava/lang/ClassLoader;' @52  a 'jdk/internal/loader/ClassLoaders$AppClassLoader'{0x0000000453015100} (0x8a602a20)
 - private transient 'classData' 'Ljava/lang/Object;' @56  null (0x00000000)
 - private transient 'packageName' 'Ljava/lang/String;' @60  "org.lwjgl.system.jni"{0x00000004537a4bb8} (0x8a6f4977)
 - private final 'componentType' 'Ljava/lang/Class;' @64  null (0x00000000)
 - private volatile transient 'reflectionData' 'Ljava/lang/ref/SoftReference;' @68  null (0x00000000)
 - private volatile transient 'genericInfo' 'Lsun/reflect/generics/repository/ClassRepository;' @72  null (0x00000000)
 - private volatile transient 'enumConstants' '[Ljava/lang/Object;' @76  null (0x00000000)
 - private volatile transient 'enumConstantDirectory' 'Ljava/util/Map;' @80  null (0x00000000)
 - private volatile transient 'annotationData' 'Ljava/lang/Class$AnnotationData;' @84  null (0x00000000)
 - private volatile transient 'annotationType' 'Lsun/reflect/annotation/AnnotationType;' @88  null (0x00000000)
 - transient 'classValueMap' 'Ljava/lang/ClassValue$ClassValueMap;' @92  null (0x00000000)
 - injected 'protection_domain' 'Ljava/lang/Object;' @96  a 'java/security/ProtectionDomain'{0x0000000453527f10} (0x8a6a4fe2)
 - injected 'signers_name' 'Ljava/lang/Object;' @100  null (0x00000000)
 - injected 'source_file' 'Ljava/lang/Object;' @104  null (0x00000000)
 - signature: Lorg/lwjgl/system/jni/JNINativeInterface;
 - ---- static fields (0):
 - public static final 'JNI_VERSION_1_1' 'I' @112  65537 (0x00010001)
 - public static final 'JNI_VERSION_1_2' 'I' @116  65538 (0x00010002)
 - public static final 'JNI_VERSION_1_4' 'I' @120  65540 (0x00010004)
 - public static final 'JNI_VERSION_1_6' 'I' @124  65542 (0x00010006)
 - public static final 'JNI_VERSION_1_8' 'I' @128  65544 (0x00010008)
 - public static final 'JNI_VERSION_9' 'I' @132  589824 (0x00090000)
 - public static final 'JNI_VERSION_10' 'I' @136  655360 (0x000a0000)
 - public static final 'JNI_VERSION_19' 'I' @140  1245184 (0x00130000)
 - public static final 'JNI_VERSION_20' 'I' @144  1310720 (0x00140000)
 - public static final 'JNI_VERSION_21' 'I' @148  1376256 (0x00150000)
 - public static final 'JNIInvalidRefType' 'I' @152  0 (0x00000000)
 - public static final 'JNILocalRefType' 'I' @156  1 (0x00000001)
 - public static final 'JNIGlobalRefType' 'I' @160  2 (0x00000002)
 - public static final 'JNIWeakGlobalRefType' 'I' @164  3 (0x00000003)
 - public static final 'JNI_FALSE' 'I' @168  0 (0x00000000)
 - public static final 'JNI_TRUE' 'I' @172  1 (0x00000001)
 - public static final 'JNI_OK' 'I' @176  0 (0x00000000)
 - public static final 'JNI_ERR' 'I' @180  -1 (0xffffffff)
 - public static final 'JNI_EDETACHED' 'I' @184  -2 (0xfffffffe)
 - public static final 'JNI_EVERSION' 'I' @188  -3 (0xfffffffd)
 - public static final 'JNI_ENOMEM' 'I' @192  -4 (0xfffffffc)
 - public static final 'JNI_EEXIST' 'I' @196  -5 (0xfffffffb)
 - public static final 'JNI_EINVAL' 'I' @200  -6 (0xfffffffa)
 - public static final 'JNI_COMMIT' 'I' @204  1 (0x00000001)
 - public static final 'JNI_ABORT' 'I' @208  2 (0x00000002)
R12=0x0 is null
R13=0x00007f2428049ce0 points into unknown readable memory: 0x00007f24307caa68 | 68 aa 7c 30 24 7f 00 00
R14=0x00007f242f3fe5d0 is pointing into the stack for thread: 0x00007f242802b110
R15=0x00007f242802b110 is a thread

Top of Stack: (sp=0x00007f242f3fe4e0)
0x00007f242f3fe4e0:   00007f242802b110 000000000000003e
0x00007f242f3fe4f0:   00007f239b467d70 00007f242f3fe5d0
0x00007f242f3fe500:   00007f242f3fe520 00007f242fda9cfe
0x00007f242f3fe510:   0000000000000000 0000000000000040
0x00007f242f3fe520:   00007f242f3fe540 00007f242fd725cf
0x00007f242f3fe530:   00007f239b467d70 0000000000000000
0x00007f242f3fe540:   00007f242f3fe5a8 00007f2417e6b980
0x00007f242f3fe550:   00007f242f3fe5c0 00007f2417e67244
0x00007f242f3fe560:   00007f242f3fe560 0000000000000000
0x00007f242f3fe570:   0000000000000005 00007f239b473d48
0x00007f242f3fe580:   0000000000000000 0000000452804758
0x00007f242f3fe590:   00007f239b467d70 0000000000000000
0x00007f242f3fe5a0:   00007f242f3fe5c8 00007f242f3fe620
0x00007f242f3fe5b0:   00007f2417e67166 0000000452804758
0x00007f242f3fe5c0:   00007f2417e68f97 0000000000000040
0x00007f242f3fe5d0:   0000000000000000 00007f242f3fe5d8
0x00007f242f3fe5e0:   00007f239b467e1c 0000000000000003
0x00007f242f3fe5f0:   00007f239b473d48 0000000000000000
0x00007f242f3fe600:   0000000452804758 00007f239b467e40
0x00007f242f3fe610:   00007f242f3fe5c8 00007f242f3fe630
0x00007f242f3fe620:   00007f242f3fe688 00007f2417e67166
0x00007f242f3fe630:   0000000000000040 0000000000000000
0x00007f242f3fe640:   00007f242f3fe640 00007f239b40f611
0x00007f242f3fe650:   0000000000000004 00007f239b418308
0x00007f242f3fe660:   00007f239b5d6f18 000000045352fca8
0x00007f242f3fe670:   00007f239b40f640 00007f242f3fe630
0x00007f242f3fe680:   00007f242f3fe6a0 00007f242f3fe6f8
0x00007f242f3fe690:   00007f2417e67166 00000004528ce270
0x00007f242f3fe6a0:   00007f2430d12fe0 0000000000000000
0x00007f242f3fe6b0:   00007f242f3fe6b0 00007f239b40f05c
0x00007f242f3fe6c0:   0000000000000002 00007f239b418308
0x00007f242f3fe6d0:   00007f239b5d6cf0 000000045352fca8 

Instructions: (pc=0x00007f242f98c473)
0x00007f242f98c373:   80 00 00 00 00 48 8d 05 41 00 00 00 e9 53 ff ff
0x00007f242f98c383:   ff 0f 1f 40 00 48 8d 05 d1 fe ff ff e9 43 ff ff
0x00007f242f98c393:   ff 48 8d 05 95 fc e4 00 48 8d 0d c6 c2 ad 00 ba
0x00007f242f98c3a3:   e2 00 00 00 48 8d 35 f2 c2 ad 00 bf 00 00 00 e0
0x00007f242f98c3b3:   48 8b 00 c6 00 58 31 c0 e8 30 14 10 00 55 48 8d
0x00007f242f98c3c3:   05 88 f0 e7 00 48 89 e5 41 56 41 55 41 54 49 89
0x00007f242f98c3d3:   f4 53 4c 8b 28 48 89 fb 41 80 bd 18 06 00 00 00
0x00007f242f98c3e3:   74 2e 4c 8b 37 4d 85 f6 74 26 66 48 8d 3d db 9f
0x00007f242f98c3f3:   e4 00 66 66 48 e8 a3 00 d0 ff 49 8d bd f0 04 00
0x00007f242f98c403:   00 4c 89 f2 48 8b 30 48 83 c6 28 e8 fd 39 7e 00
0x00007f242f98c413:   4c 89 23 5b 41 5c 41 5d 41 5e 5d c3 90 55 48 8d
0x00007f242f98c423:   05 28 f0 e7 00 48 89 e5 41 56 41 55 41 54 49 89
0x00007f242f98c433:   f4 53 4c 8b 28 48 89 fb 41 80 bd 18 06 00 00 00
0x00007f242f98c443:   74 2e 4c 8b 37 4d 85 f6 74 26 66 48 8d 3d 7b 9f
0x00007f242f98c453:   e4 00 66 66 48 e8 43 00 d0 ff 49 8d bd f0 04 00
0x00007f242f98c463:   00 4c 89 f2 48 8b 30 48 83 c6 28 e8 9d 39 7e 00
0x00007f242f98c473:   4c 89 23 5b 41 5c 41 5d 41 5e 5d c3 90 55 48 89
0x00007f242f98c483:   e5 41 55 4c 8d 2d 93 21 b5 00 41 54 49 89 fc 53
0x00007f242f98c493:   48 89 f3 48 83 ec 08 48 8b 07 48 8d 15 1c a6 ed
0x00007f242f98c4a3:   00 48 89 c1 48 23 0a 75 34 48 8d 05 15 a6 ed 00
0x00007f242f98c4b3:   48 8b 10 48 89 d0 48 c1 e8 0c 83 e0 0f 41 8b 4c
0x00007f242f98c4c3:   85 00 48 d3 e3 48 09 d3 49 89 1c 24 48 83 c4 08
0x00007f242f98c4d3:   5b 41 5c 41 5d 5d c3 66 0f 1f 44 00 00 48 89 c7
0x00007f242f98c4e3:   48 81 e7 0f 00 ff ff 74 24 48 89 c2 48 89 c7 48
0x00007f242f98c4f3:   89 c6 48 c1 ea 0c 83 e2 0f 41 8b 4c 95 00 48 8d
0x00007f242f98c503:   15 d8 a5 ed 00 48 d3 ef 48 23 32 75 10 e8 1b 81
0x00007f242f98c513:   a1 00 eb 95 66 0f 1f 84 00 00 00 00 00 48 8d 0d
0x00007f242f98c523:   e9 a5 ed 00 48 89 c2 81 e2 00 f0 00 00 48 89 d6
0x00007f242f98c533:   48 23 31 75 58 48 8d 0d d9 a5 ed 00 48 23 11 75
0x00007f242f98c543:   5c 83 e0 30 48 83 f8 30 74 53 48 8d 05 d4 a7 ed
0x00007f242f98c553:   00 48 8b 30 48 8d 05 d2 a5 ed 00 48 8b 08 48 8b
0x00007f242f98c563:   56 28 48 21 f9 48 89 c8 48 c1 e8 15 48 8d 04 c2 


Stack slot to memory mapping:

stack at sp + 0 slots: 0x00007f242802b110 is a thread
stack at sp + 1 slots: 0x000000000000003e is an unknown value
stack at sp + 2 slots: {method} {0x00007f239b467d70} 'nDeleteGlobalRef' '(J)V' in 'org/lwjgl/system/jni/JNINativeInterface'
stack at sp + 3 slots: 0x00007f242f3fe5d0 is pointing into the stack for thread: 0x00007f242802b110
stack at sp + 4 slots: 0x00007f242f3fe520 is pointing into the stack for thread: 0x00007f242802b110
stack at sp + 5 slots: 0x00007f242fda9cfe: <offset 0x00000000009a9cfe> in /home/mindspice/code/jdk/openjdk-21-rc/lib/server/libjvm.so at 0x00007f242f400000
stack at sp + 6 slots: 0x0 is null
stack at sp + 7 slots: 0x0000000000000040 is an unknown value


---------------  P R O C E S S  ---------------

Threads class SMR info:
_java_thread_list=0x00007f2364076e10, length=12, elements={
0x00007f242802b110, 0x00007f242815cdd0, 0x00007f242815e420, 0x00007f242815ff00,
0x00007f2428161540, 0x00007f2428162ae0, 0x00007f24281646a0, 0x00007f2428165d60,
0x00007f242817f910, 0x00007f242833cf00, 0x00007f242833e7d0, 0x00007f2384000ff0
}

Java Threads: ( => current thread )
=>0x00007f242802b110 JavaThread "main"                              [_thread_in_vm, id=170334, stack(0x00007f242f300000,0x00007f242f400000) (1024K)]
  0x00007f242815cdd0 JavaThread "Reference Handler"          daemon [_thread_blocked, id=170344, stack(0x00007f242c2e7000,0x00007f242c3e7000) (1024K)]
  0x00007f242815e420 JavaThread "Finalizer"                  daemon [_thread_blocked, id=170345, stack(0x00007f242c1e7000,0x00007f242c2e7000) (1024K)]
  0x00007f242815ff00 JavaThread "Signal Dispatcher"          daemon [_thread_blocked, id=170346, stack(0x00007f242c0e7000,0x00007f242c1e7000) (1024K)]
  0x00007f2428161540 JavaThread "Service Thread"             daemon [_thread_blocked, id=170347, stack(0x00007f2427f00000,0x00007f2428000000) (1024K)]
  0x00007f2428162ae0 JavaThread "Monitor Deflation Thread"   daemon [_thread_blocked, id=170348, stack(0x00007f23fcf68000,0x00007f23fd068000) (1024K)]
  0x00007f24281646a0 JavaThread "C2 CompilerThread0"         daemon [_thread_blocked, id=170349, stack(0x00007f23fce68000,0x00007f23fcf68000) (1024K)]
  0x00007f2428165d60 JavaThread "C1 CompilerThread0"         daemon [_thread_blocked, id=170350, stack(0x00007f23fcd68000,0x00007f23fce68000) (1024K)]
  0x00007f242817f910 JavaThread "Common-Cleaner"             daemon [_thread_blocked, id=170354, stack(0x00007f23fcc68000,0x00007f23fcd68000) (1024K)]
  0x00007f242833cf00 JavaThread "Monitor Ctrl-Break"         daemon [_thread_in_native, id=170365, stack(0x00007f23fc868000,0x00007f23fc968000) (1024K)]
  0x00007f242833e7d0 JavaThread "Notification Thread"        daemon [_thread_blocked, id=170366, stack(0x00007f23fc768000,0x00007f23fc868000) (1024K)]
  0x00007f2384000ff0 JavaThread "Attach Listener"            daemon [_thread_blocked, id=170402, stack(0x00007f23fcb68000,0x00007f23fcc68000) (1024K)]
Total: 12

Other Threads:
  0x00007f242814f730 VMThread "VM Thread"                           [id=170343, stack(0x00007f242c3e8000,0x00007f242c4e8000) (1024K)]
  0x00007f2428134b90 WatcherThread "VM Periodic Task Thread"        [id=170342, stack(0x00007f242c4e9000,0x00007f242c5e9000) (1024K)]
  0x00007f2428058f50 WorkerThread "GC Thread#0"                     [id=170335, stack(0x00007f242dd1d000,0x00007f242de1d000) (1024K)]
  0x00007f2428069f90 ConcurrentGCThread "G1 Main Marker"            [id=170336, stack(0x00007f242dc1c000,0x00007f242dd1c000) (1024K)]
  0x00007f242806ae70 WorkerThread "G1 Conc#0"                       [id=170337, stack(0x00007f242db1b000,0x00007f242dc1b000) (1024K)]
  0x00007f2428122560 ConcurrentGCThread "G1 Refine#0"               [id=170338, stack(0x00007f242c808000,0x00007f242c908000) (1024K)]
  0x00007f2428123510 ConcurrentGCThread "G1 Service"                [id=170340, stack(0x00007f242c707000,0x00007f242c807000) (1024K)]
Total: 7

Threads with active compile tasks:
Total: 0

VM state: not at safepoint (normal execution)

VM Mutex/Monitor currently owned by a thread: None

Heap address: 0x0000000414800000, size: 16056 MB, Compressed Oops mode: Zero based, Oop shift amount: 3

CDS archive(s) mapped at: [0x00007f239f000000-0x00007f239fca5000-0x00007f239fca5000), size 13258752, SharedBaseAddress: 0x00007f239f000000, ArchiveRelocationMode: 1.
Compressed class space mapped at: 0x00007f23a0000000-0x00007f23e0000000, reserved size: 1073741824
Narrow klass base: 0x00007f239f000000, Narrow klass shift: 0, Narrow klass range: 0x100000000

GC Precious Log:
 CardTable entry size: 512
 Card Set container configuration: InlinePtr #cards 4 size 8 Array Of Cards #cards 64 size 144 Howl #buckets 8 coarsen threshold 14745 Howl Bitmap #cards 2048 size 272 coarsen threshold 1843 Card regions per heap region 1 cards per card region 16384
 CPUs: 24 total, 24 available
 Memory: 64212M
 Large Page Support: Disabled
 NUMA Support: Disabled
 Compressed Oops: Enabled (Zero based)
 Heap Region Size: 8M
 Heap Min Capacity: 8M
 Heap Initial Capacity: 1008M
 Heap Max Capacity: 16056M
 Pre-touch: Disabled
 Parallel Workers: 18
 Concurrent Workers: 5
 Concurrent Refinement Workers: 18
 Periodic GC: Disabled

Heap:
 garbage-first heap   total 1040384K, used 25629K [0x0000000414800000, 0x0000000800000000)
  region size 8192K, 4 young (32768K), 0 survivors (0K)
 Metaspace       used 4328K, committed 4544K, reserved 1114112K
  class space    used 289K, committed 384K, reserved 1048576K

Heap Regions: E=young(eden), S=young(survivor), O=old, HS=humongous(starts), HC=humongous(continues), CS=collection set, F=free, TAMS=top-at-mark-start, PB=parsable bottom
|   0|0x0000000414800000, 0x0000000414800000, 0x0000000415000000|  0%| F|  |TAMS 0x0000000414800000| PB 0x0000000414800000| Untracked 
|   1|0x0000000415000000, 0x0000000415000000, 0x0000000415800000|  0%| F|  |TAMS 0x0000000415000000| PB 0x0000000415000000| Untracked 
|   2|0x0000000415800000, 0x0000000415800000, 0x0000000416000000|  0%| F|  |TAMS 0x0000000415800000| PB 0x0000000415800000| Untracked 
|   3|0x0000000416000000, 0x0000000416000000, 0x0000000416800000|  0%| F|  |TAMS 0x0000000416000000| PB 0x0000000416000000| Untracked 
|   4|0x0000000416800000, 0x0000000416800000, 0x0000000417000000|  0%| F|  |TAMS 0x0000000416800000| PB 0x0000000416800000| Untracked 
|   5|0x0000000417000000, 0x0000000417000000, 0x0000000417800000|  0%| F|  |TAMS 0x0000000417000000| PB 0x0000000417000000| Untracked 
|   6|0x0000000417800000, 0x0000000417800000, 0x0000000418000000|  0%| F|  |TAMS 0x0000000417800000| PB 0x0000000417800000| Untracked 
|   7|0x0000000418000000, 0x0000000418000000, 0x0000000418800000|  0%| F|  |TAMS 0x0000000418000000| PB 0x0000000418000000| Untracked 
|   8|0x0000000418800000, 0x0000000418800000, 0x0000000419000000|  0%| F|  |TAMS 0x0000000418800000| PB 0x0000000418800000| Untracked 
|   9|0x0000000419000000, 0x0000000419000000, 0x0000000419800000|  0%| F|  |TAMS 0x0000000419000000| PB 0x0000000419000000| Untracked 
|  10|0x0000000419800000, 0x0000000419800000, 0x000000041a000000|  0%| F|  |TAMS 0x0000000419800000| PB 0x0000000419800000| Untracked 
|  11|0x000000041a000000, 0x000000041a000000, 0x000000041a800000|  0%| F|  |TAMS 0x000000041a000000| PB 0x000000041a000000| Untracked 
|  12|0x000000041a800000, 0x000000041a800000, 0x000000041b000000|  0%| F|  |TAMS 0x000000041a800000| PB 0x000000041a800000| Untracked 
|  13|0x000000041b000000, 0x000000041b000000, 0x000000041b800000|  0%| F|  |TAMS 0x000000041b000000| PB 0x000000041b000000| Untracked 
|  14|0x000000041b800000, 0x000000041b800000, 0x000000041c000000|  0%| F|  |TAMS 0x000000041b800000| PB 0x000000041b800000| Untracked 
|  15|0x000000041c000000, 0x000000041c000000, 0x000000041c800000|  0%| F|  |TAMS 0x000000041c000000| PB 0x000000041c000000| Untracked 
|  16|0x000000041c800000, 0x000000041c800000, 0x000000041d000000|  0%| F|  |TAMS 0x000000041c800000| PB 0x000000041c800000| Untracked 
|  17|0x000000041d000000, 0x000000041d000000, 0x000000041d800000|  0%| F|  |TAMS 0x000000041d000000| PB 0x000000041d000000| Untracked 
|  18|0x000000041d800000, 0x000000041d800000, 0x000000041e000000|  0%| F|  |TAMS 0x000000041d800000| PB 0x000000041d800000| Untracked 
|  19|0x000000041e000000, 0x000000041e000000, 0x000000041e800000|  0%| F|  |TAMS 0x000000041e000000| PB 0x000000041e000000| Untracked 
|  20|0x000000041e800000, 0x000000041e800000, 0x000000041f000000|  0%| F|  |TAMS 0x000000041e800000| PB 0x000000041e800000| Untracked 
|  21|0x000000041f000000, 0x000000041f000000, 0x000000041f800000|  0%| F|  |TAMS 0x000000041f000000| PB 0x000000041f000000| Untracked 
|  22|0x000000041f800000, 0x000000041f800000, 0x0000000420000000|  0%| F|  |TAMS 0x000000041f800000| PB 0x000000041f800000| Untracked 
|  23|0x0000000420000000, 0x0000000420000000, 0x0000000420800000|  0%| F|  |TAMS 0x0000000420000000| PB 0x0000000420000000| Untracked 
|  24|0x0000000420800000, 0x0000000420800000, 0x0000000421000000|  0%| F|  |TAMS 0x0000000420800000| PB 0x0000000420800000| Untracked 
|  25|0x0000000421000000, 0x0000000421000000, 0x0000000421800000|  0%| F|  |TAMS 0x0000000421000000| PB 0x0000000421000000| Untracked 
|  26|0x0000000421800000, 0x0000000421800000, 0x0000000422000000|  0%| F|  |TAMS 0x0000000421800000| PB 0x0000000421800000| Untracked 
|  27|0x0000000422000000, 0x0000000422000000, 0x0000000422800000|  0%| F|  |TAMS 0x0000000422000000| PB 0x0000000422000000| Untracked 
|  28|0x0000000422800000, 0x0000000422800000, 0x0000000423000000|  0%| F|  |TAMS 0x0000000422800000| PB 0x0000000422800000| Untracked 
|  29|0x0000000423000000, 0x0000000423000000, 0x0000000423800000|  0%| F|  |TAMS 0x0000000423000000| PB 0x0000000423000000| Untracked 
|  30|0x0000000423800000, 0x0000000423800000, 0x0000000424000000|  0%| F|  |TAMS 0x0000000423800000| PB 0x0000000423800000| Untracked 
|  31|0x0000000424000000, 0x0000000424000000, 0x0000000424800000|  0%| F|  |TAMS 0x0000000424000000| PB 0x0000000424000000| Untracked 
|  32|0x0000000424800000, 0x0000000424800000, 0x0000000425000000|  0%| F|  |TAMS 0x0000000424800000| PB 0x0000000424800000| Untracked 
|  33|0x0000000425000000, 0x0000000425000000, 0x0000000425800000|  0%| F|  |TAMS 0x0000000425000000| PB 0x0000000425000000| Untracked 
|  34|0x0000000425800000, 0x0000000425800000, 0x0000000426000000|  0%| F|  |TAMS 0x0000000425800000| PB 0x0000000425800000| Untracked 
|  35|0x0000000426000000, 0x0000000426000000, 0x0000000426800000|  0%| F|  |TAMS 0x0000000426000000| PB 0x0000000426000000| Untracked 
|  36|0x0000000426800000, 0x0000000426800000, 0x0000000427000000|  0%| F|  |TAMS 0x0000000426800000| PB 0x0000000426800000| Untracked 
|  37|0x0000000427000000, 0x0000000427000000, 0x0000000427800000|  0%| F|  |TAMS 0x0000000427000000| PB 0x0000000427000000| Untracked 
|  38|0x0000000427800000, 0x0000000427800000, 0x0000000428000000|  0%| F|  |TAMS 0x0000000427800000| PB 0x0000000427800000| Untracked 
|  39|0x0000000428000000, 0x0000000428000000, 0x0000000428800000|  0%| F|  |TAMS 0x0000000428000000| PB 0x0000000428000000| Untracked 
|  40|0x0000000428800000, 0x0000000428800000, 0x0000000429000000|  0%| F|  |TAMS 0x0000000428800000| PB 0x0000000428800000| Untracked 
|  41|0x0000000429000000, 0x0000000429000000, 0x0000000429800000|  0%| F|  |TAMS 0x0000000429000000| PB 0x0000000429000000| Untracked 
|  42|0x0000000429800000, 0x0000000429800000, 0x000000042a000000|  0%| F|  |TAMS 0x0000000429800000| PB 0x0000000429800000| Untracked 
|  43|0x000000042a000000, 0x000000042a000000, 0x000000042a800000|  0%| F|  |TAMS 0x000000042a000000| PB 0x000000042a000000| Untracked 
|  44|0x000000042a800000, 0x000000042a800000, 0x000000042b000000|  0%| F|  |TAMS 0x000000042a800000| PB 0x000000042a800000| Untracked 
|  45|0x000000042b000000, 0x000000042b000000, 0x000000042b800000|  0%| F|  |TAMS 0x000000042b000000| PB 0x000000042b000000| Untracked 
|  46|0x000000042b800000, 0x000000042b800000, 0x000000042c000000|  0%| F|  |TAMS 0x000000042b800000| PB 0x000000042b800000| Untracked 
|  47|0x000000042c000000, 0x000000042c000000, 0x000000042c800000|  0%| F|  |TAMS 0x000000042c000000| PB 0x000000042c000000| Untracked 
|  48|0x000000042c800000, 0x000000042c800000, 0x000000042d000000|  0%| F|  |TAMS 0x000000042c800000| PB 0x000000042c800000| Untracked 
|  49|0x000000042d000000, 0x000000042d000000, 0x000000042d800000|  0%| F|  |TAMS 0x000000042d000000| PB 0x000000042d000000| Untracked 
|  50|0x000000042d800000, 0x000000042d800000, 0x000000042e000000|  0%| F|  |TAMS 0x000000042d800000| PB 0x000000042d800000| Untracked 
|  51|0x000000042e000000, 0x000000042e000000, 0x000000042e800000|  0%| F|  |TAMS 0x000000042e000000| PB 0x000000042e000000| Untracked 
|  52|0x000000042e800000, 0x000000042e800000, 0x000000042f000000|  0%| F|  |TAMS 0x000000042e800000| PB 0x000000042e800000| Untracked 
|  53|0x000000042f000000, 0x000000042f000000, 0x000000042f800000|  0%| F|  |TAMS 0x000000042f000000| PB 0x000000042f000000| Untracked 
|  54|0x000000042f800000, 0x000000042f800000, 0x0000000430000000|  0%| F|  |TAMS 0x000000042f800000| PB 0x000000042f800000| Untracked 
|  55|0x0000000430000000, 0x0000000430000000, 0x0000000430800000|  0%| F|  |TAMS 0x0000000430000000| PB 0x0000000430000000| Untracked 
|  56|0x0000000430800000, 0x0000000430800000, 0x0000000431000000|  0%| F|  |TAMS 0x0000000430800000| PB 0x0000000430800000| Untracked 
|  57|0x0000000431000000, 0x0000000431000000, 0x0000000431800000|  0%| F|  |TAMS 0x0000000431000000| PB 0x0000000431000000| Untracked 
|  58|0x0000000431800000, 0x0000000431800000, 0x0000000432000000|  0%| F|  |TAMS 0x0000000431800000| PB 0x0000000431800000| Untracked 
|  59|0x0000000432000000, 0x0000000432000000, 0x0000000432800000|  0%| F|  |TAMS 0x0000000432000000| PB 0x0000000432000000| Untracked 
|  60|0x0000000432800000, 0x0000000432800000, 0x0000000433000000|  0%| F|  |TAMS 0x0000000432800000| PB 0x0000000432800000| Untracked 
|  61|0x0000000433000000, 0x0000000433000000, 0x0000000433800000|  0%| F|  |TAMS 0x0000000433000000| PB 0x0000000433000000| Untracked 
|  62|0x0000000433800000, 0x0000000433800000, 0x0000000434000000|  0%| F|  |TAMS 0x0000000433800000| PB 0x0000000433800000| Untracked 
|  63|0x0000000434000000, 0x0000000434000000, 0x0000000434800000|  0%| F|  |TAMS 0x0000000434000000| PB 0x0000000434000000| Untracked 
|  64|0x0000000434800000, 0x0000000434800000, 0x0000000435000000|  0%| F|  |TAMS 0x0000000434800000| PB 0x0000000434800000| Untracked 
|  65|0x0000000435000000, 0x0000000435000000, 0x0000000435800000|  0%| F|  |TAMS 0x0000000435000000| PB 0x0000000435000000| Untracked 
|  66|0x0000000435800000, 0x0000000435800000, 0x0000000436000000|  0%| F|  |TAMS 0x0000000435800000| PB 0x0000000435800000| Untracked 
|  67|0x0000000436000000, 0x0000000436000000, 0x0000000436800000|  0%| F|  |TAMS 0x0000000436000000| PB 0x0000000436000000| Untracked 
|  68|0x0000000436800000, 0x0000000436800000, 0x0000000437000000|  0%| F|  |TAMS 0x0000000436800000| PB 0x0000000436800000| Untracked 
|  69|0x0000000437000000, 0x0000000437000000, 0x0000000437800000|  0%| F|  |TAMS 0x0000000437000000| PB 0x0000000437000000| Untracked 
|  70|0x0000000437800000, 0x0000000437800000, 0x0000000438000000|  0%| F|  |TAMS 0x0000000437800000| PB 0x0000000437800000| Untracked 
|  71|0x0000000438000000, 0x0000000438000000, 0x0000000438800000|  0%| F|  |TAMS 0x0000000438000000| PB 0x0000000438000000| Untracked 
|  72|0x0000000438800000, 0x0000000438800000, 0x0000000439000000|  0%| F|  |TAMS 0x0000000438800000| PB 0x0000000438800000| Untracked 
|  73|0x0000000439000000, 0x0000000439000000, 0x0000000439800000|  0%| F|  |TAMS 0x0000000439000000| PB 0x0000000439000000| Untracked 
|  74|0x0000000439800000, 0x0000000439800000, 0x000000043a000000|  0%| F|  |TAMS 0x0000000439800000| PB 0x0000000439800000| Untracked 
|  75|0x000000043a000000, 0x000000043a000000, 0x000000043a800000|  0%| F|  |TAMS 0x000000043a000000| PB 0x000000043a000000| Untracked 
|  76|0x000000043a800000, 0x000000043a800000, 0x000000043b000000|  0%| F|  |TAMS 0x000000043a800000| PB 0x000000043a800000| Untracked 
|  77|0x000000043b000000, 0x000000043b000000, 0x000000043b800000|  0%| F|  |TAMS 0x000000043b000000| PB 0x000000043b000000| Untracked 
|  78|0x000000043b800000, 0x000000043b800000, 0x000000043c000000|  0%| F|  |TAMS 0x000000043b800000| PB 0x000000043b800000| Untracked 
|  79|0x000000043c000000, 0x000000043c000000, 0x000000043c800000|  0%| F|  |TAMS 0x000000043c000000| PB 0x000000043c000000| Untracked 
|  80|0x000000043c800000, 0x000000043c800000, 0x000000043d000000|  0%| F|  |TAMS 0x000000043c800000| PB 0x000000043c800000| Untracked 
|  81|0x000000043d000000, 0x000000043d000000, 0x000000043d800000|  0%| F|  |TAMS 0x000000043d000000| PB 0x000000043d000000| Untracked 
|  82|0x000000043d800000, 0x000000043d800000, 0x000000043e000000|  0%| F|  |TAMS 0x000000043d800000| PB 0x000000043d800000| Untracked 
|  83|0x000000043e000000, 0x000000043e000000, 0x000000043e800000|  0%| F|  |TAMS 0x000000043e000000| PB 0x000000043e000000| Untracked 
|  84|0x000000043e800000, 0x000000043e800000, 0x000000043f000000|  0%| F|  |TAMS 0x000000043e800000| PB 0x000000043e800000| Untracked 
|  85|0x000000043f000000, 0x000000043f000000, 0x000000043f800000|  0%| F|  |TAMS 0x000000043f000000| PB 0x000000043f000000| Untracked 
|  86|0x000000043f800000, 0x000000043f800000, 0x0000000440000000|  0%| F|  |TAMS 0x000000043f800000| PB 0x000000043f800000| Untracked 
|  87|0x0000000440000000, 0x0000000440000000, 0x0000000440800000|  0%| F|  |TAMS 0x0000000440000000| PB 0x0000000440000000| Untracked 
|  88|0x0000000440800000, 0x0000000440800000, 0x0000000441000000|  0%| F|  |TAMS 0x0000000440800000| PB 0x0000000440800000| Untracked 
|  89|0x0000000441000000, 0x0000000441000000, 0x0000000441800000|  0%| F|  |TAMS 0x0000000441000000| PB 0x0000000441000000| Untracked 
|  90|0x0000000441800000, 0x0000000441800000, 0x0000000442000000|  0%| F|  |TAMS 0x0000000441800000| PB 0x0000000441800000| Untracked 
|  91|0x0000000442000000, 0x0000000442000000, 0x0000000442800000|  0%| F|  |TAMS 0x0000000442000000| PB 0x0000000442000000| Untracked 
|  92|0x0000000442800000, 0x0000000442800000, 0x0000000443000000|  0%| F|  |TAMS 0x0000000442800000| PB 0x0000000442800000| Untracked 
|  93|0x0000000443000000, 0x0000000443000000, 0x0000000443800000|  0%| F|  |TAMS 0x0000000443000000| PB 0x0000000443000000| Untracked 
|  94|0x0000000443800000, 0x0000000443800000, 0x0000000444000000|  0%| F|  |TAMS 0x0000000443800000| PB 0x0000000443800000| Untracked 
|  95|0x0000000444000000, 0x0000000444000000, 0x0000000444800000|  0%| F|  |TAMS 0x0000000444000000| PB 0x0000000444000000| Untracked 
|  96|0x0000000444800000, 0x0000000444800000, 0x0000000445000000|  0%| F|  |TAMS 0x0000000444800000| PB 0x0000000444800000| Untracked 
|  97|0x0000000445000000, 0x0000000445000000, 0x0000000445800000|  0%| F|  |TAMS 0x0000000445000000| PB 0x0000000445000000| Untracked 
|  98|0x0000000445800000, 0x0000000445800000, 0x0000000446000000|  0%| F|  |TAMS 0x0000000445800000| PB 0x0000000445800000| Untracked 
|  99|0x0000000446000000, 0x0000000446000000, 0x0000000446800000|  0%| F|  |TAMS 0x0000000446000000| PB 0x0000000446000000| Untracked 
| 100|0x0000000446800000, 0x0000000446800000, 0x0000000447000000|  0%| F|  |TAMS 0x0000000446800000| PB 0x0000000446800000| Untracked 
| 101|0x0000000447000000, 0x0000000447000000, 0x0000000447800000|  0%| F|  |TAMS 0x0000000447000000| PB 0x0000000447000000| Untracked 
| 102|0x0000000447800000, 0x0000000447800000, 0x0000000448000000|  0%| F|  |TAMS 0x0000000447800000| PB 0x0000000447800000| Untracked 
| 103|0x0000000448000000, 0x0000000448000000, 0x0000000448800000|  0%| F|  |TAMS 0x0000000448000000| PB 0x0000000448000000| Untracked 
| 104|0x0000000448800000, 0x0000000448800000, 0x0000000449000000|  0%| F|  |TAMS 0x0000000448800000| PB 0x0000000448800000| Untracked 
| 105|0x0000000449000000, 0x0000000449000000, 0x0000000449800000|  0%| F|  |TAMS 0x0000000449000000| PB 0x0000000449000000| Untracked 
| 106|0x0000000449800000, 0x0000000449800000, 0x000000044a000000|  0%| F|  |TAMS 0x0000000449800000| PB 0x0000000449800000| Untracked 
| 107|0x000000044a000000, 0x000000044a000000, 0x000000044a800000|  0%| F|  |TAMS 0x000000044a000000| PB 0x000000044a000000| Untracked 
| 108|0x000000044a800000, 0x000000044a800000, 0x000000044b000000|  0%| F|  |TAMS 0x000000044a800000| PB 0x000000044a800000| Untracked 
| 109|0x000000044b000000, 0x000000044b000000, 0x000000044b800000|  0%| F|  |TAMS 0x000000044b000000| PB 0x000000044b000000| Untracked 
| 110|0x000000044b800000, 0x000000044b800000, 0x000000044c000000|  0%| F|  |TAMS 0x000000044b800000| PB 0x000000044b800000| Untracked 
| 111|0x000000044c000000, 0x000000044c000000, 0x000000044c800000|  0%| F|  |TAMS 0x000000044c000000| PB 0x000000044c000000| Untracked 
| 112|0x000000044c800000, 0x000000044c800000, 0x000000044d000000|  0%| F|  |TAMS 0x000000044c800000| PB 0x000000044c800000| Untracked 
| 113|0x000000044d000000, 0x000000044d000000, 0x000000044d800000|  0%| F|  |TAMS 0x000000044d000000| PB 0x000000044d000000| Untracked 
| 114|0x000000044d800000, 0x000000044d800000, 0x000000044e000000|  0%| F|  |TAMS 0x000000044d800000| PB 0x000000044d800000| Untracked 
| 115|0x000000044e000000, 0x000000044e000000, 0x000000044e800000|  0%| F|  |TAMS 0x000000044e000000| PB 0x000000044e000000| Untracked 
| 116|0x000000044e800000, 0x000000044e800000, 0x000000044f000000|  0%| F|  |TAMS 0x000000044e800000| PB 0x000000044e800000| Untracked 
| 117|0x000000044f000000, 0x000000044f000000, 0x000000044f800000|  0%| F|  |TAMS 0x000000044f000000| PB 0x000000044f000000| Untracked 
| 118|0x000000044f800000, 0x000000044f800000, 0x0000000450000000|  0%| F|  |TAMS 0x000000044f800000| PB 0x000000044f800000| Untracked 
| 119|0x0000000450000000, 0x0000000450000000, 0x0000000450800000|  0%| F|  |TAMS 0x0000000450000000| PB 0x0000000450000000| Untracked 
| 120|0x0000000450800000, 0x0000000450800000, 0x0000000451000000|  0%| F|  |TAMS 0x0000000450800000| PB 0x0000000450800000| Untracked 
| 121|0x0000000451000000, 0x0000000451000000, 0x0000000451800000|  0%| F|  |TAMS 0x0000000451000000| PB 0x0000000451000000| Untracked 
| 122|0x0000000451800000, 0x00000004519ec0a0, 0x0000000452000000| 24%| E|  |TAMS 0x0000000451800000| PB 0x0000000451800000| Complete 
| 123|0x0000000452000000, 0x0000000452800000, 0x0000000452800000|100%| E|CS|TAMS 0x0000000452000000| PB 0x0000000452000000| Complete 
| 124|0x0000000452800000, 0x0000000453000000, 0x0000000453000000|100%| E|CS|TAMS 0x0000000452800000| PB 0x0000000452800000| Complete 
| 125|0x0000000453000000, 0x0000000453800000, 0x0000000453800000|100%| E|CS|TAMS 0x0000000453000000| PB 0x0000000453000000| Complete 
|2006|0x00000007ff800000, 0x00000007ff907430, 0x0000000800000000| 12%| O|  |TAMS 0x00000007ff800000| PB 0x00000007ff800000| Untracked 

Card table byte_map: [0x00007f240cb48000,0x00007f240eaa4000] _byte_map_base: 0x00007f240aaa4000

Marking Bits: (CMBitMap*) 0x00007f2428059980
 Bits: [0x00007f23fd068000, 0x00007f240cb48000)

Polling page: 0x00007f2430d2d000

Metaspace:

Usage:
  Non-class:      3.94 MB used.
      Class:    289.56 KB used.
       Both:      4.23 MB used.

Virtual space:
  Non-class space:       64.00 MB reserved,       4.06 MB (  6%) committed,  1 nodes.
      Class space:        1.00 GB reserved,     384.00 KB ( <1%) committed,  1 nodes.
             Both:        1.06 GB reserved,       4.44 MB ( <1%) committed. 

Chunk freelists:
   Non-Class:  10.14 MB
       Class:  15.60 MB
        Both:  25.74 MB

MaxMetaspaceSize: unlimited
CompressedClassSpaceSize: 1.00 GB
Initial GC threshold: 21.00 MB
Current GC threshold: 21.00 MB
CDS: on
 - commit_granule_bytes: 65536.
 - commit_granule_words: 8192.
 - virtual_space_node_default_size: 8388608.
 - enlarge_chunks_in_place: 1.
 - use_allocation_guard: 0.


Internal statistics:

num_allocs_failed_limit: 0.
num_arena_births: 104.
num_arena_deaths: 0.
num_vsnodes_births: 2.
num_vsnodes_deaths: 0.
num_space_committed: 69.
num_space_uncommitted: 0.
num_chunks_returned_to_freelist: 0.
num_chunks_taken_from_freelist: 197.
num_chunk_merges: 0.
num_chunk_splits: 135.
num_chunks_enlarged: 85.
num_inconsistent_stats: 0.

CodeHeap 'non-profiled nmethods': size=119168Kb used=424Kb max_used=424Kb free=118743Kb
 bounds [0x00007f24185a0000, 0x00007f2418810000, 0x00007f241fa00000]
CodeHeap 'profiled nmethods': size=119164Kb used=1711Kb max_used=1711Kb free=117452Kb
 bounds [0x00007f2410a00000, 0x00007f2410c70000, 0x00007f2417e5f000]
CodeHeap 'non-nmethods': size=7428Kb used=2027Kb max_used=3734Kb free=5400Kb
 bounds [0x00007f2417e5f000, 0x00007f241820f000, 0x00007f24185a0000]
 total_blobs=2110 nmethods=1065 adapters=951
 compilation: enabled
              stopped_count=0, restarted_count=0
 full_count=0

Compilation events (20 events):
Event: 6.570 Thread 0x00007f2428165d60 1056       3       io.mindspice.mspice.core.GameEngine::run (300 bytes)
Event: 6.573 Thread 0x00007f2428165d60 nmethod 1056 0x00007f2410ba4810 code [0x00007f2410ba4ec0, 0x00007f2410ba8cf0]
Event: 6.626 Thread 0x00007f24281646a0 1057       4       io.mindspice.mspice.util.collections.CircularKeyQueue::consumeAll (91 bytes)
Event: 6.633 Thread 0x00007f24281646a0 nmethod 1057 0x00007f2418606c10 code [0x00007f2418606e00, 0x00007f2418607740]
Event: 6.633 Thread 0x00007f24281646a0 1058   !   4       java.io.PrintStream::println (44 bytes)
Event: 6.639 Thread 0x00007f24281646a0 nmethod 1058 0x00007f2418607b90 code [0x00007f2418607d60, 0x00007f24186084d8]
Event: 6.639 Thread 0x00007f24281646a0 1059       4       org.lwjgl.glfw.GLFW::glfwSwapBuffers (21 bytes)
Event: 6.639 Thread 0x00007f24281646a0 nmethod 1059 0x00007f2418608890 code [0x00007f2418608a20, 0x00007f2418608af0]
Event: 6.670 Thread 0x00007f24281646a0 1060       4       org.lwjgl.glfw.GLFW::glfwWindowShouldClose (29 bytes)
Event: 6.670 Thread 0x00007f24281646a0 nmethod 1060 0x00007f2418608c10 code [0x00007f2418608da0, 0x00007f2418608e88]
Event: 10.466 Thread 0x00007f24281646a0 1061 %     4       io.mindspice.mspice.core.GameEngine::run @ 157 (300 bytes)
Event: 10.470 Thread 0x00007f24281646a0 nmethod 1061% 0x00007f2418608f90 code [0x00007f2418609200, 0x00007f24186098d0]
Event: 12.043 Thread 0x00007f2428165d60 1064       3       io.mindspice.mspice.input.MousePosEventManager::broadcast (43 bytes)
Event: 12.043 Thread 0x00007f2428165d60 nmethod 1064 0x00007f2410baa210 code [0x00007f2410baa3c0, 0x00007f2410baa6d8]
Event: 12.043 Thread 0x00007f2428165d60 1062       3       org.lwjgl.glfw.GLFWCursorPosCallbackI::callback (40 bytes)
Event: 12.043 Thread 0x00007f2428165d60 nmethod 1062 0x00007f2410baa910 code [0x00007f2410baab60, 0x00007f2410bab4e0]
Event: 12.043 Thread 0x00007f2428165d60 1063       3       io.mindspice.mspice.core.GameInput$3::invoke (14 bytes)
Event: 12.043 Thread 0x00007f2428165d60 nmethod 1063 0x00007f2410bab790 code [0x00007f2410bab940, 0x00007f2410babaa8]
Event: 12.043 Thread 0x00007f2428165d60 1065       3       io.mindspice.mspice.input.MousePosListener::offerInput (15 bytes)
Event: 12.043 Thread 0x00007f2428165d60 nmethod 1065 0x00007f2410babb90 code [0x00007f2410babd20, 0x00007f2410babe78]

GC Heap History (0 events):
No events

Dll operation events (11 events):
Event: 0.001 Loaded shared library /home/mindspice/code/jdk/openjdk-21-rc/lib/libjava.so
Event: 0.013 Loaded shared library /home/mindspice/code/jdk/openjdk-21-rc/lib/libjsvml.so
Event: 0.031 Loaded shared library /home/mindspice/code/jdk/openjdk-21-rc/lib/libzip.so
Event: 0.032 Loaded shared library /home/mindspice/code/jdk/openjdk-21-rc/lib/libinstrument.so
Event: 0.033 Loaded shared library /home/mindspice/code/jdk/openjdk-21-rc/lib/libnio.so
Event: 0.035 Loaded shared library /home/mindspice/code/jdk/openjdk-21-rc/lib/libzip.so
Event: 0.049 Loaded shared library /home/mindspice/code/jdk/openjdk-21-rc/lib/libnet.so
Event: 0.050 Loaded shared library /home/mindspice/code/jdk/openjdk-21-rc/lib/libextnet.so
Event: 0.065 Loaded shared library /home/mindspice/code/jdk/openjdk-21-rc/lib/libjimage.so
Event: 0.072 Loaded shared library /tmp/lwjgl_mindspice/3.3.3+5/x64/liblwjgl.so
Event: 0.242 Loaded shared library /tmp/lwjgl_mindspice/3.3.3+5/x64/liblwjgl_opengl.so

Deoptimization events (20 events):
Event: 1.186 Thread 0x00007f2384000ff0 DEOPT PACKING pc=0x00007f24185e4894 sp=0x00007f23fcc65020
Event: 1.186 Thread 0x00007f2384000ff0 DEOPT UNPACKING pc=0x00007f2417eb2f99 sp=0x00007f23fcc64ff8 mode 2
Event: 1.197 Thread 0x00007f2384000ff0 Uncommon trap: trap_request=0xffffffde fr.pc=0x00007f24185e4894 relative=0x00000000000001d4
Event: 1.197 Thread 0x00007f2384000ff0 Uncommon trap: reason=class_check action=maybe_recompile pc=0x00007f24185e4894 method=java.nio.Buffer.<init>(IIIILjava/lang/foreign/MemorySegment;)V @ 39 c2
Event: 1.197 Thread 0x00007f2384000ff0 DEOPT PACKING pc=0x00007f24185e4894 sp=0x00007f23fcc64fa0
Event: 1.197 Thread 0x00007f2384000ff0 DEOPT UNPACKING pc=0x00007f2417eb2f99 sp=0x00007f23fcc64f78 mode 2
Event: 1.200 Thread 0x00007f2384000ff0 Uncommon trap: trap_request=0xffffff45 fr.pc=0x00007f24185f5fdc relative=0x0000000000000bbc
Event: 1.200 Thread 0x00007f2384000ff0 Uncommon trap: reason=unstable_if action=reinterpret pc=0x00007f24185f5fdc method=java.nio.charset.CharsetEncoder.encode(Ljava/nio/CharBuffer;Ljava/nio/ByteBuffer;Z)Ljava/nio/charset/CoderResult; @ 15 c2
Event: 1.200 Thread 0x00007f2384000ff0 DEOPT PACKING pc=0x00007f24185f5fdc sp=0x00007f23fcc66570
Event: 1.200 Thread 0x00007f2384000ff0 DEOPT UNPACKING pc=0x00007f2417eb2f99 sp=0x00007f23fcc661f8 mode 2
Event: 1.201 Thread 0x00007f2384000ff0 Uncommon trap: trap_request=0xffffffde fr.pc=0x00007f24185e4894 relative=0x00000000000001d4
Event: 1.201 Thread 0x00007f2384000ff0 Uncommon trap: reason=class_check action=maybe_recompile pc=0x00007f24185e4894 method=java.nio.Buffer.<init>(IIIILjava/lang/foreign/MemorySegment;)V @ 39 c2
Event: 1.201 Thread 0x00007f2384000ff0 DEOPT PACKING pc=0x00007f24185e4894 sp=0x00007f23fcc663a0
Event: 1.201 Thread 0x00007f2384000ff0 DEOPT UNPACKING pc=0x00007f2417eb2f99 sp=0x00007f23fcc66378 mode 2
Event: 11.263 Thread 0x00007f242802b110 DEOPT PACKING pc=0x00007f2410ba2fcc sp=0x00007f242f3fe6a0
Event: 11.263 Thread 0x00007f242802b110 DEOPT UNPACKING pc=0x00007f2417eb372f sp=0x00007f242f3fdcb0 mode 0
Event: 13.617 Thread 0x00007f242802b110 Uncommon trap: trap_request=0xffffff45 fr.pc=0x00007f24186096e0 relative=0x00000000000004e0
Event: 13.617 Thread 0x00007f242802b110 Uncommon trap: reason=unstable_if action=reinterpret pc=0x00007f24186096e0 method=org.lwjgl.glfw.GLFW.glfwWindowShouldClose(J)Z @ 20 c2
Event: 13.617 Thread 0x00007f242802b110 DEOPT PACKING pc=0x00007f24186096e0 sp=0x00007f242f3fe880
Event: 13.617 Thread 0x00007f242802b110 DEOPT UNPACKING pc=0x00007f2417eb2f99 sp=0x00007f242f3fe6e0 mode 2

Classes loaded (20 events):
Event: 1.185 Loading class jdk/internal/module/ModulePatcher$PatchedModuleReader
Event: 1.185 Loading class jdk/internal/module/ModulePatcher$PatchedModuleReader done
Event: 1.186 Loading class sun/net/www/protocol/jrt/Handler
Event: 1.186 Loading class sun/net/www/protocol/jrt/Handler done
Event: 1.188 Loading class sun/util/cldr/CLDRTimeZoneNameProviderImpl
Event: 1.188 Loading class sun/util/locale/provider/TimeZoneNameProviderImpl
Event: 1.188 Loading class sun/util/locale/provider/TimeZoneNameProviderImpl done
Event: 1.188 Loading class sun/util/cldr/CLDRTimeZoneNameProviderImpl done
Event: 1.196 Loading class sun/util/locale/provider/BaseLocaleDataMetaInfo
Event: 1.196 Loading class sun/util/locale/provider/BaseLocaleDataMetaInfo done
Event: 1.198 Loading class sun/util/resources/cldr/TimeZoneNames
Event: 1.198 Loading class sun/util/resources/TimeZoneNamesBundle
Event: 1.198 Loading class sun/util/resources/OpenListResourceBundle
Event: 1.198 Loading class sun/util/resources/OpenListResourceBundle done
Event: 1.198 Loading class sun/util/resources/TimeZoneNamesBundle done
Event: 1.198 Loading class sun/util/resources/cldr/TimeZoneNames done
Event: 1.198 Loading class sun/util/resources/cldr/TimeZoneNames_en
Event: 1.198 Loading class sun/util/resources/cldr/TimeZoneNames_en done
Event: 1.198 Loading class sun/util/resources/cldr/TimeZoneNames_en_US
Event: 1.198 Loading class sun/util/resources/cldr/TimeZoneNames_en_US done

Classes unloaded (0 events):
No events

Classes redefined (0 events):
No events

Internal exceptions (20 events):
Event: 0.062 Thread 0x00007f242802b110 Exception <a 'java/lang/NoSuchMethodError'{0x00000004536f1ce0}: 'int java.lang.invoke.DirectMethodHandle$Holder.invokeSpecial(java.lang.Object, java.lang.Object, java.lang.Object)'> (0x00000004536f1ce0) 
thrown [open/src/hotspot/share/interpreter/linkResolver.cpp, line 772]
Event: 0.064 Thread 0x00007f242802b110 Exception <a 'java/lang/NoSuchMethodError'{0x000000045370ac20}: 'void java.lang.System.loadLibrary(java.lang.String, java.lang.Class)'> (0x000000045370ac20) 
thrown [open/src/hotspot/share/interpreter/linkResolver.cpp, line 772]
Event: 0.072 Thread 0x00007f242802b110 Exception <a 'sun/nio/fs/UnixException'{0x0000000453736278}> (0x0000000453736278) 
thrown [open/src/hotspot/share/prims/jni.cpp, line 520]
Event: 0.101 Thread 0x00007f242802b110 Exception <a 'java/lang/NoSuchMethodError'{0x0000000452816ef8}: 'int java.lang.invoke.DirectMethodHandle$Holder.invokeStaticInit(java.lang.Object, java.lang.Object, int, long)'> (0x0000000452816ef8) 
thrown [open/src/hotspot/share/interpreter/linkResolver.cpp, line 772]
Event: 0.101 Thread 0x00007f242802b110 Exception <a 'java/lang/NoSuchMethodError'{0x000000045281bf20}: 'java.lang.Object java.lang.invoke.DirectMethodHandle$Holder.newInvokeSpecial(java.lang.Object, java.lang.Object, int)'> (0x000000045281bf20) 
thrown [open/src/hotspot/share/interpreter/linkResolver.cpp, line 772]
Event: 0.103 Thread 0x00007f242802b110 Exception <a 'java/lang/NoSuchMethodError'{0x000000045282a190}: 'int java.lang.invoke.DirectMethodHandle$Holder.invokeStaticInit(java.lang.Object, java.lang.Object, long, long)'> (0x000000045282a190) 
thrown [open/src/hotspot/share/interpreter/linkResolver.cpp, line 772]
Event: 0.103 Thread 0x00007f242802b110 Exception <a 'java/lang/NoSuchMethodError'{0x000000045282f9f8}: 'java.lang.Object java.lang.invoke.DirectMethodHandle$Holder.newInvokeSpecial(java.lang.Object, java.lang.Object, long)'> (0x000000045282f9f8) 
thrown [open/src/hotspot/share/interpreter/linkResolver.cpp, line 772]
Event: 0.104 Thread 0x00007f242802b110 Exception <a 'java/lang/NoSuchMethodError'{0x00000004528337b0}: 'java.lang.Object java.lang.invoke.Invokers$Holder.linkToTargetMethod(java.lang.Object, long, java.lang.Object)'> (0x00000004528337b0) 
thrown [open/src/hotspot/share/interpreter/linkResolver.cpp, line 772]
Event: 0.104 Thread 0x00007f242802b110 Exception <a 'java/lang/NoSuchMethodError'{0x000000045283a838}: 'int java.lang.invoke.DirectMethodHandle$Holder.invokeStaticInit(java.lang.Object, java.lang.Object, java.lang.Object, long)'> (0x000000045283a838) 
thrown [open/src/hotspot/share/interpreter/linkResolver.cpp, line 772]
Event: 0.111 Thread 0x00007f242802b110 Exception <a 'sun/nio/fs/UnixException'{0x0000000452897050}> (0x0000000452897050) 
thrown [open/src/hotspot/share/prims/jni.cpp, line 520]
Event: 0.122 Thread 0x00007f242802b110 Exception <a 'sun/nio/fs/UnixException'{0x000000045291d690}> (0x000000045291d690) 
thrown [open/src/hotspot/share/prims/jni.cpp, line 520]
Event: 0.236 Thread 0x00007f242802b110 Exception <a 'java/lang/NoSuchMethodError'{0x00000004529389c0}: 'void java.lang.invoke.DirectMethodHandle$Holder.invokeStatic(java.lang.Object, int, long)'> (0x00000004529389c0) 
thrown [open/src/hotspot/share/interpreter/linkResolver.cpp, line 772]
Event: 0.239 Thread 0x00007f242802b110 Exception <a 'java/lang/NoSuchMethodError'{0x0000000452974910}: 'void java.lang.System.load(java.lang.String, java.lang.Class)'> (0x0000000452974910) 
thrown [open/src/hotspot/share/interpreter/linkResolver.cpp, line 772]
Event: 0.240 Thread 0x00007f242802b110 Exception <a 'java/lang/NoSuchMethodError'{0x00000004529772b0}: 'void java.lang.System.loadLibrary(java.lang.String, java.lang.Class)'> (0x00000004529772b0) 
thrown [open/src/hotspot/share/interpreter/linkResolver.cpp, line 772]
Event: 0.241 Thread 0x00007f242802b110 Exception <a 'sun/nio/fs/UnixException'{0x0000000452986ec8}> (0x0000000452986ec8) 
thrown [open/src/hotspot/share/prims/jni.cpp, line 520]
Event: 0.243 Thread 0x00007f242802b110 Exception <a 'sun/nio/fs/UnixException'{0x00000004529901c0}> (0x00000004529901c0) 
thrown [open/src/hotspot/share/prims/jni.cpp, line 520]
Event: 0.375 Thread 0x00007f242802b110 Exception <a 'java/lang/NoSuchMethodError'{0x0000000452ae1210}: 'void java.lang.invoke.DirectMethodHandle$Holder.invokeVirtual(java.lang.Object, java.lang.Object, int)'> (0x0000000452ae1210) 
thrown [open/src/hotspot/share/interpreter/linkResolver.cpp, line 772]
Event: 0.376 Thread 0x00007f242802b110 Exception <a 'java/lang/NoSuchMethodError'{0x0000000452ae8078}: 'void java.lang.invoke.DirectMethodHandle$Holder.invokeStatic(java.lang.Object, java.lang.Object, int)'> (0x0000000452ae8078) 
thrown [open/src/hotspot/share/interpreter/linkResolver.cpp, line 772]
Event: 0.377 Thread 0x00007f242802b110 Exception <a 'java/lang/NoSuchMethodError'{0x0000000452af3818}: 'void java.lang.invoke.DirectMethodHandle$Holder.invokeStatic(java.lang.Object, int, double)'> (0x0000000452af3818) 
thrown [open/src/hotspot/share/interpreter/linkResolver.cpp, line 772]
Event: 1.200 Thread 0x00007f2384000ff0 Exception <a 'java/lang/NoSuchMethodError'{0x0000000452e917c0}: 'java.lang.Object java.lang.invoke.Invokers$Holder.invokeExact_MT(java.lang.Object, java.lang.Object, java.lang.Object, java.lang.Object, java.lang.Object, java.lang.Object)'> (0x0000000452e917c0) 
thrown [open/src/hotspot/share/interpreter/linkResolver.cpp, line 772]

ZGC Phase Switch (0 events):
No events

VM Operations (12 events):
Event: 0.025 Executing VM operation: HandshakeAllThreads (Deoptimize)
Event: 0.025 Executing VM operation: HandshakeAllThreads (Deoptimize) done
Event: 0.053 Executing VM operation: HandshakeAllThreads (Deoptimize)
Event: 0.053 Executing VM operation: HandshakeAllThreads (Deoptimize) done
Event: 1.053 Executing VM operation: Cleanup
Event: 1.053 Executing VM operation: Cleanup done
Event: 1.172 Executing VM operation: HandshakeAllThreads (Deoptimize)
Event: 1.172 Executing VM operation: HandshakeAllThreads (Deoptimize) done
Event: 1.172 Executing VM operation: HandshakeAllThreads (Deoptimize)
Event: 1.172 Executing VM operation: HandshakeAllThreads (Deoptimize) done
Event: 2.172 Executing VM operation: Cleanup
Event: 2.172 Executing VM operation: Cleanup done

Events (20 events):
Event: 0.969 Thread 0x00007f23700acfd0 Thread exited: 0x00007f23700acfd0
Event: 0.974 Thread 0x00007f236c0012c0 Thread exited: 0x00007f236c0012c0
Event: 0.974 Thread 0x00007f237405e3a0 Thread exited: 0x00007f237405e3a0
Event: 1.072 Thread 0x00007f2384000ff0 Thread added: 0x00007f2384000ff0
Event: 1.072 Protecting memory [0x00007f23fcb68000,0x00007f23fcb6c000] with protection modes 0
Event: 1.184 Thread 0x00007f2374117230 Thread added: 0x00007f2374117230
Event: 1.184 Protecting memory [0x00007f23fca68000,0x00007f23fca6c000] with protection modes 0
Event: 1.188 Thread 0x00007f2374117d50 Thread added: 0x00007f2374117d50
Event: 1.188 Protecting memory [0x00007f23fc968000,0x00007f23fc96c000] with protection modes 0
Event: 1.192 Thread 0x00007f2374118a20 Thread added: 0x00007f2374118a20
Event: 1.192 Protecting memory [0x00007f2398100000,0x00007f2398104000] with protection modes 0
Event: 1.192 Thread 0x00007f2374119be0 Thread added: 0x00007f2374119be0
Event: 1.192 Protecting memory [0x00007f2398000000,0x00007f2398004000] with protection modes 0
Event: 1.313 Thread 0x00007f2374117230 Thread exited: 0x00007f2374117230
Event: 1.315 Thread 0x00007f2380149960 Thread added: 0x00007f2380149960
Event: 1.315 Protecting memory [0x00007f23fca68000,0x00007f23fca6c000] with protection modes 0
Event: 2.976 Thread 0x00007f2374119be0 Thread exited: 0x00007f2374119be0
Event: 2.976 Thread 0x00007f2374118a20 Thread exited: 0x00007f2374118a20
Event: 4.550 Thread 0x00007f2380149960 Thread exited: 0x00007f2380149960
Event: 10.466 Thread 0x00007f2374117d50 Thread exited: 0x00007f2374117d50


Dynamic libraries:
414800000-453800000 rw-p 00000000 00:00 0 
453800000-7ff800000 ---p 00000000 00:00 0 
7ff800000-7ff908000 rw-p 00ce4000 103:07 26949071                        /home/mindspice/code/jdk/openjdk-21-rc/lib/server/classes.jsa
7ff908000-800000000 rw-p 00000000 00:00 0 
5559aca86000-5559aca87000 r-xp 00000000 103:07 26943862                  /home/mindspice/code/jdk/openjdk-21-rc/bin/java
5559aca88000-5559aca89000 r--p 00001000 103:07 26943862                  /home/mindspice/code/jdk/openjdk-21-rc/bin/java
5559aca89000-5559aca8a000 rw-p 00002000 103:07 26943862                  /home/mindspice/code/jdk/openjdk-21-rc/bin/java
5559ad6d3000-5559ad71a000 rw-p 00000000 00:00 0                          [heap]
7f2350000000-7f2350021000 rw-p 00000000 00:00 0 
7f2350021000-7f2354000000 ---p 00000000 00:00 0 
7f2354000000-7f2354021000 rw-p 00000000 00:00 0 
7f2354021000-7f2358000000 ---p 00000000 00:00 0 
7f2358000000-7f23581d1000 rw-p 00000000 00:00 0 
7f23581d1000-7f235c000000 ---p 00000000 00:00 0 
7f235c000000-7f235c021000 rw-p 00000000 00:00 0 
7f235c021000-7f2360000000 ---p 00000000 00:00 0 
7f2360266000-7f2360dff000 rw-p 00000000 00:00 0 
7f2360dff000-7f2360e00000 ---p 00000000 00:00 0 
7f2360e00000-7f2361600000 rw-p 00000000 00:00 0 
7f2361600000-7f2363638000 r-xp 00000000 103:07 23333760                  /usr/lib/x86_64-linux-gnu/libnvidia-glvkspirv.so.535.104.05
7f2363638000-7f2363838000 ---p 02038000 103:07 23333760                  /usr/lib/x86_64-linux-gnu/libnvidia-glvkspirv.so.535.104.05
7f2363838000-7f2363e54000 r--p 02038000 103:07 23333760                  /usr/lib/x86_64-linux-gnu/libnvidia-glvkspirv.so.535.104.05
7f2363e54000-7f2363ee3000 rw-p 02654000 103:07 23333760                  /usr/lib/x86_64-linux-gnu/libnvidia-glvkspirv.so.535.104.05
7f2363ee3000-7f2363f36000 rw-p 00000000 00:00 0 
7f2364000000-7f236413b000 rw-p 00000000 00:00 0 
7f236413b000-7f2368000000 ---p 00000000 00:00 0 
7f2368000000-7f2368021000 rw-p 00000000 00:00 0 
7f2368021000-7f236c000000 ---p 00000000 00:00 0 
7f236c000000-7f236c0c6000 rw-p 00000000 00:00 0 
7f236c0c6000-7f2370000000 ---p 00000000 00:00 0 
7f2370000000-7f237013b000 rw-p 00000000 00:00 0 
7f237013b000-7f2374000000 ---p 00000000 00:00 0 
7f2374000000-7f237411d000 rw-p 00000000 00:00 0 
7f237411d000-7f2378000000 ---p 00000000 00:00 0 
7f2378000000-7f2378021000 rw-p 00000000 00:00 0 
7f2378021000-7f237c000000 ---p 00000000 00:00 0 
7f237c000000-7f237c021000 rw-p 00000000 00:00 0 
7f237c021000-7f2380000000 ---p 00000000 00:00 0 
7f2380000000-7f238074f000 rw-p 00000000 00:00 0 
7f238074f000-7f2384000000 ---p 00000000 00:00 0 
7f2384000000-7f2384021000 rw-p 00000000 00:00 0 
7f2384021000-7f2388000000 ---p 00000000 00:00 0 
7f2388000000-7f2388021000 rw-p 00000000 00:00 0 
7f2388021000-7f238c000000 ---p 00000000 00:00 0 
7f238c000000-7f238c021000 rw-p 00000000 00:00 0 
7f238c021000-7f2390000000 ---p 00000000 00:00 0 
7f2390000000-7f2390021000 rw-p 00000000 00:00 0 
7f2390021000-7f2394000000 ---p 00000000 00:00 0 
7f2394000000-7f2394021000 rw-p 00000000 00:00 0 
7f2394021000-7f2398004000 ---p 00000000 00:00 0 
7f2398004000-7f2398100000 rw-p 00000000 00:00 0 
7f2398100000-7f2398104000 ---p 00000000 00:00 0 
7f2398104000-7f2398200000 rw-p 00000000 00:00 0 
7f2398200000-7f23984d8000 r-xp 00000000 103:07 23333644                  /usr/lib/x86_64-linux-gnu/libnvidia-glcore.so.535.104.05
7f23984d8000-7f23984f9000 rwxp 002d8000 103:07 23333644                  /usr/lib/x86_64-linux-gnu/libnvidia-glcore.so.535.104.05
7f23984f9000-7f239ab96000 r-xp 002f9000 103:07 23333644                  /usr/lib/x86_64-linux-gnu/libnvidia-glcore.so.535.104.05
7f239ab96000-7f239ad69000 r--p 02995000 103:07 23333644                  /usr/lib/x86_64-linux-gnu/libnvidia-glcore.so.535.104.05
7f239ad69000-7f239add2000 rw-p 02b68000 103:07 23333644                  /usr/lib/x86_64-linux-gnu/libnvidia-glcore.so.535.104.05
7f239add2000-7f239ae0f000 rw-p 00000000 00:00 0 
7f239af00000-7f239af80000 rw-s 00000000 00:05 1028                       /dev/nvidiactl
7f239af80000-7f239b000000 rw-s 00000000 00:05 1028                       /dev/nvidiactl
7f239b000000-7f239b230000 rw-p 00000000 00:00 0 
7f239b230000-7f239b400000 ---p 00000000 00:00 0 
7f239b400000-7f239b530000 rw-p 00000000 00:00 0 
7f239b530000-7f239b570000 rw-p 00000000 00:00 0 
7f239b570000-7f239b5e0000 rw-p 00000000 00:00 0 
7f239b5e0000-7f239f000000 ---p 00000000 00:00 0 
7f239f000000-7f239fca5000 rw-p 00001000 103:07 26949071                  /home/mindspice/code/jdk/openjdk-21-rc/lib/server/classes.jsa
7f239fca5000-7f23a0000000 ---p 00000000 00:00 0 
7f23a0000000-7f23a0030000 rw-p 00000000 00:00 0 
7f23a0030000-7f23a0040000 ---p 00000000 00:00 0 
7f23a0040000-7f23a0070000 rw-p 00000000 00:00 0 
7f23a0070000-7f23e0000000 ---p 00000000 00:00 0 
7f23e0000000-7f23e0021000 rw-p 00000000 00:00 0 
7f23e0021000-7f23e4000000 ---p 00000000 00:00 0 
7f23e4000000-7f23e4021000 rw-p 00000000 00:00 0 
7f23e4021000-7f23e8000000 ---p 00000000 00:00 0 
7f23e8000000-7f23e8021000 rw-p 00000000 00:00 0 
7f23e8021000-7f23ec000000 ---p 00000000 00:00 0 
7f23ec042000-7f23ec075000 r--p 00000000 103:07 9175154                   /tmp/lwjgl_mindspice/3.3.3+5/x64/liblwjgl_opengl.so
7f23ec075000-7f23ec089000 r-xp 00033000 103:07 9175154                   /tmp/lwjgl_mindspice/3.3.3+5/x64/liblwjgl_opengl.so
7f23ec089000-7f23ec099000 r--p 00047000 103:07 9175154                   /tmp/lwjgl_mindspice/3.3.3+5/x64/liblwjgl_opengl.so
7f23ec099000-7f23ec09a000 r--p 00056000 103:07 9175154                   /tmp/lwjgl_mindspice/3.3.3+5/x64/liblwjgl_opengl.so
7f23ec09a000-7f23ec09b000 rw-p 00057000 103:07 9175154                   /tmp/lwjgl_mindspice/3.3.3+5/x64/liblwjgl_opengl.so
7f23ec09b000-7f23ec19b000 rw-s 00000000 00:05 1028                       /dev/nvidiactl
7f23ec19b000-7f23ec21b000 rw-s 00000000 00:05 1028                       /dev/nvidiactl
7f23ec21b000-7f23ec25b000 rw-s 00000000 00:05 1028                       /dev/nvidiactl
7f23ec25b000-7f23ec27b000 rw-s 00000000 00:05 1028                       /dev/nvidiactl
7f23ec27b000-7f23ec2bb000 rw-s 00000000 00:05 1028                       /dev/nvidiactl
7f23ec2bb000-7f23ec2db000 rw-s 00000000 00:05 1028                       /dev/nvidiactl
7f23ec2db000-7f23ec35b000 rw-s 00000000 00:05 1043                       /dev/nvidia0
7f23ec35b000-7f23ec39b000 rw-s 00000000 00:05 1028                       /dev/nvidiactl
7f23ec3bb000-7f23ec600000 rw-s 00000000 00:01 15368                      /memfd:/.nvidia_drv.XXXXXX (deleted)
7f23ec600000-7f23ec676000 r-xp 00000000 103:07 23333651                  /usr/lib/x86_64-linux-gnu/libnvidia-glsi.so.535.104.05
7f23ec676000-7f23ec875000 ---p 00076000 103:07 23333651                  /usr/lib/x86_64-linux-gnu/libnvidia-glsi.so.535.104.05
7f23ec875000-7f23ec89f000 r--p 00075000 103:07 23333651                  /usr/lib/x86_64-linux-gnu/libnvidia-glsi.so.535.104.05
7f23ec89f000-7f23ec8a0000 rw-p 0009f000 103:07 23333651                  /usr/lib/x86_64-linux-gnu/libnvidia-glsi.so.535.104.05
7f23ec8a0000-7f23ec8a8000 rw-p 00000000 00:00 0 
7f23ec8ae000-7f23ec8b3000 r--p 00000000 103:07 23331149                  /usr/lib/x86_64-linux-gnu/libdrm.so.2.4.0
7f23ec8b3000-7f23ec8be000 r-xp 00005000 103:07 23331149                  /usr/lib/x86_64-linux-gnu/libdrm.so.2.4.0
7f23ec8be000-7f23ec8c2000 r--p 00010000 103:07 23331149                  /usr/lib/x86_64-linux-gnu/libdrm.so.2.4.0
7f23ec8c2000-7f23ec8c3000 r--p 00013000 103:07 23331149                  /usr/lib/x86_64-linux-gnu/libdrm.so.2.4.0
7f23ec8c3000-7f23ec8c4000 rw-p 00014000 103:07 23331149                  /usr/lib/x86_64-linux-gnu/libdrm.so.2.4.0
7f23ec8e1000-7f23ec932000 r--p 00000000 103:07 23331931                  /usr/lib/x86_64-linux-gnu/libGLX_nvidia.so.535.104.05
7f23ec932000-7f23ec98c000 r-xp 00051000 103:07 23331931                  /usr/lib/x86_64-linux-gnu/libGLX_nvidia.so.535.104.05
7f23ec98c000-7f23ec9c1000 rwxp 000ab000 103:07 23331931                  /usr/lib/x86_64-linux-gnu/libGLX_nvidia.so.535.104.05
7f23ec9c1000-7f23ec9c2000 r-xp 000e0000 103:07 23331931                  /usr/lib/x86_64-linux-gnu/libGLX_nvidia.so.535.104.05
7f23ec9c2000-7f23ec9e1000 r--p 000e1000 103:07 23331931                  /usr/lib/x86_64-linux-gnu/libGLX_nvidia.so.535.104.05
7f23ec9e1000-7f23eca01000 r--p 000ff000 103:07 23331931                  /usr/lib/x86_64-linux-gnu/libGLX_nvidia.so.535.104.05
7f23eca01000-7f23eca06000 rw-p 0011f000 103:07 23331931                  /usr/lib/x86_64-linux-gnu/libGLX_nvidia.so.535.104.05
7f23eca06000-7f23eca08000 rw-p 00000000 00:00 0 
7f23eca08000-7f23eca48000 r--p 00000000 103:07 23333765                  /usr/lib/x86_64-linux-gnu/libGLdispatch.so.0.0.0
7f23eca48000-7f23eca4b000 r-xp 00040000 103:07 23333765                  /usr/lib/x86_64-linux-gnu/libGLdispatch.so.0.0.0
7f23eca4b000-7f23eca86000 r-xp 00043000 103:07 23333765                  /usr/lib/x86_64-linux-gnu/libGLdispatch.so.0.0.0
7f23eca86000-7f23eca87000 r-xp 0007e000 103:07 23333765                  /usr/lib/x86_64-linux-gnu/libGLdispatch.so.0.0.0
7f23eca87000-7f23eca9a000 r--p 0007f000 103:07 23333765                  /usr/lib/x86_64-linux-gnu/libGLdispatch.so.0.0.0
7f23eca9a000-7f23eca9b000 ---p 00092000 103:07 23333765                  /usr/lib/x86_64-linux-gnu/libGLdispatch.so.0.0.0
7f23eca9b000-7f23ecab7000 r--p 00092000 103:07 23333765                  /usr/lib/x86_64-linux-gnu/libGLdispatch.so.0.0.0
7f23ecab7000-7f23ecab8000 rw-p 000ae000 103:07 23333765                  /usr/lib/x86_64-linux-gnu/libGLdispatch.so.0.0.0
7f23ecab8000-7f23ecac0000 rw-p 00000000 00:00 0 
7f23ecac0000-7f23ecad9000 r--p 00000000 103:07 23334788                  /usr/lib/x86_64-linux-gnu/libX11.so.6.4.0
7f23ecad9000-7f23ecb65000 r-xp 00019000 103:07 23334788                  /usr/lib/x86_64-linux-gnu/libX11.so.6.4.0
7f23ecb65000-7f23ecbfa000 r--p 000a5000 103:07 23334788                  /usr/lib/x86_64-linux-gnu/libX11.so.6.4.0
7f23ecbfa000-7f23ecbfb000 ---p 0013a000 103:07 23334788                  /usr/lib/x86_64-linux-gnu/libX11.so.6.4.0
7f23ecbfb000-7f23ecbfc000 r--p 0013a000 103:07 23334788                  /usr/lib/x86_64-linux-gnu/libX11.so.6.4.0
7f23ecbfc000-7f23ecc00000 rw-p 0013b000 103:07 23334788                  /usr/lib/x86_64-linux-gnu/libX11.so.6.4.0
7f23ecc00000-7f23ed000000 rw-p 00000000 00:00 0 
7f23ed000000-7f23edf06000 r--p 00000000 103:07 22806593                  /usr/lib/locale/locale-archive
7f23edf07000-7f23edf1a000 rw-s 00000000 00:05 1028                       /dev/nvidiactl
7f23edf1a000-7f23edf25000 r--p 00000000 103:07 23335615                  /usr/lib/x86_64-linux-gnu/libxcb-glx.so.0.0.0
7f23edf25000-7f23edf2e000 r-xp 0000b000 103:07 23335615                  /usr/lib/x86_64-linux-gnu/libxcb-glx.so.0.0.0
7f23edf2e000-7f23edf33000 r--p 00014000 103:07 23335615                  /usr/lib/x86_64-linux-gnu/libxcb-glx.so.0.0.0
7f23edf33000-7f23edf34000 ---p 00019000 103:07 23335615                  /usr/lib/x86_64-linux-gnu/libxcb-glx.so.0.0.0
7f23edf34000-7f23edf36000 r--p 00019000 103:07 23335615                  /usr/lib/x86_64-linux-gnu/libxcb-glx.so.0.0.0
7f23edf36000-7f23edf37000 rw-p 0001b000 103:07 23335615                  /usr/lib/x86_64-linux-gnu/libxcb-glx.so.0.0.0
7f23edf37000-7f23edf38000 r--p 00000000 103:07 23334069                  /usr/lib/x86_64-linux-gnu/libnvidia-tls.so.535.104.05
7f23edf38000-7f23edf3a000 r-xp 00001000 103:07 23334069                  /usr/lib/x86_64-linux-gnu/libnvidia-tls.so.535.104.05
7f23edf3a000-7f23edf3b000 r--p 00003000 103:07 23334069                  /usr/lib/x86_64-linux-gnu/libnvidia-tls.so.535.104.05
7f23edf3b000-7f23edf3c000 r--p 00003000 103:07 23334069                  /usr/lib/x86_64-linux-gnu/libnvidia-tls.so.535.104.05
7f23edf3c000-7f23edf3d000 rw-p 00004000 103:07 23334069                  /usr/lib/x86_64-linux-gnu/libnvidia-tls.so.535.104.05
7f23edf3d000-7f23edf40000 r--p 00000000 103:07 23333758                  /usr/lib/x86_64-linux-gnu/libGLX.so.0.0.0
7f23edf40000-7f23edf5b000 r-xp 00003000 103:07 23333758                  /usr/lib/x86_64-linux-gnu/libGLX.so.0.0.0
7f23edf5b000-7f23edf5e000 r--p 0001e000 103:07 23333758                  /usr/lib/x86_64-linux-gnu/libGLX.so.0.0.0
7f23edf5e000-7f23edf5f000 ---p 00021000 103:07 23333758                  /usr/lib/x86_64-linux-gnu/libGLX.so.0.0.0
7f23edf5f000-7f23edf60000 r--p 00021000 103:07 23333758                  /usr/lib/x86_64-linux-gnu/libGLX.so.0.0.0
7f23edf60000-7f23edf61000 rw-p 00022000 103:07 23333758                  /usr/lib/x86_64-linux-gnu/libGLX.so.0.0.0
7f23edf61000-7f23edf71000 rw-p 00000000 00:00 0 
7f23edf76000-7f23edf84000 r--p 00000000 103:07 9175136                   /tmp/lwjgl_mindspice/3.3.3+5/x64/libglfw.so
7f23edf84000-7f23edfa3000 r-xp 0000e000 103:07 9175136                   /tmp/lwjgl_mindspice/3.3.3+5/x64/libglfw.so
7f23edfa3000-7f23edfd6000 r--p 0002d000 103:07 9175136                   /tmp/lwjgl_mindspice/3.3.3+5/x64/libglfw.so
7f23edfd6000-7f23edfd7000 ---p 00060000 103:07 9175136                   /tmp/lwjgl_mindspice/3.3.3+5/x64/libglfw.so
7f23edfd7000-7f23edfda000 r--p 00060000 103:07 9175136                   /tmp/lwjgl_mindspice/3.3.3+5/x64/libglfw.so
7f23edfda000-7f23edfdd000 rw-p 00063000 103:07 9175136                   /tmp/lwjgl_mindspice/3.3.3+5/x64/libglfw.so
7f23edfdd000-7f23f0000000 rw-p 00000000 00:00 0 
7f23f0000000-7f23f0021000 rw-p 00000000 00:00 0 
7f23f0021000-7f23f4000000 ---p 00000000 00:00 0 
7f23f4000000-7f23f4021000 rw-p 00000000 00:00 0 
7f23f4021000-7f23f8000000 ---p 00000000 00:00 0 
7f23f8000000-7f23f8021000 rw-p 00000000 00:00 0 
7f23f8021000-7f23fc000000 ---p 00000000 00:00 0 
7f23fc000000-7f23fc400000 rw-p 00000000 00:00 0 
7f23fc400000-7f23fc408000 r--p 00000000 103:07 9175118                   /tmp/lwjgl_mindspice/3.3.3+5/x64/libjemalloc.so
7f23fc408000-7f23fc45d000 r-xp 00008000 103:07 9175118                   /tmp/lwjgl_mindspice/3.3.3+5/x64/libjemalloc.so
7f23fc45d000-7f23fc46d000 r--p 0005d000 103:07 9175118                   /tmp/lwjgl_mindspice/3.3.3+5/x64/libjemalloc.so
7f23fc46d000-7f23fc46e000 ---p 0006d000 103:07 9175118                   /tmp/lwjgl_mindspice/3.3.3+5/x64/libjemalloc.so
7f23fc46e000-7f23fc474000 r--p 0006d000 103:07 9175118                   /tmp/lwjgl_mindspice/3.3.3+5/x64/libjemalloc.so
7f23fc474000-7f23fc475000 rw-p 00073000 103:07 9175118                   /tmp/lwjgl_mindspice/3.3.3+5/x64/libjemalloc.so
7f23fc475000-7f23fc67f000 rw-p 00000000 00:00 0 
7f23fc6b3000-7f23fc6b7000 r--p 00000000 103:07 23333806                  /usr/lib/x86_64-linux-gnu/libXext.so.6.4.0
7f23fc6b7000-7f23fc6c2000 r-xp 00004000 103:07 23333806                  /usr/lib/x86_64-linux-gnu/libXext.so.6.4.0
7f23fc6c2000-7f23fc6c6000 r--p 0000f000 103:07 23333806                  /usr/lib/x86_64-linux-gnu/libXext.so.6.4.0
7f23fc6c6000-7f23fc6c7000 r--p 00012000 103:07 23333806                  /usr/lib/x86_64-linux-gnu/libXext.so.6.4.0
7f23fc6c7000-7f23fc6c8000 rw-p 00013000 103:07 23333806                  /usr/lib/x86_64-linux-gnu/libXext.so.6.4.0
7f23fc6c8000-7f23fc6d3000 r--p 00000000 103:07 23335647                  /usr/lib/x86_64-linux-gnu/libxcb.so.1.1.0
7f23fc6d3000-7f23fc6e7000 r-xp 0000b000 103:07 23335647                  /usr/lib/x86_64-linux-gnu/libxcb.so.1.1.0
7f23fc6e7000-7f23fc6f0000 r--p 0001f000 103:07 23335647                  /usr/lib/x86_64-linux-gnu/libxcb.so.1.1.0
7f23fc6f0000-7f23fc6f1000 r--p 00027000 103:07 23335647                  /usr/lib/x86_64-linux-gnu/libxcb.so.1.1.0
7f23fc6f1000-7f23fc6f2000 rw-p 00028000 103:07 23335647                  /usr/lib/x86_64-linux-gnu/libxcb.so.1.1.0
7f23fc6f2000-7f23fc71b000 r--p 00000000 103:07 9175153                   /tmp/lwjgl_mindspice/3.3.3+5/x64/liblwjgl.so
7f23fc71b000-7f23fc74d000 r-xp 00029000 103:07 9175153                   /tmp/lwjgl_mindspice/3.3.3+5/x64/liblwjgl.so
7f23fc74d000-7f23fc766000 r--p 0005b000 103:07 9175153                   /tmp/lwjgl_mindspice/3.3.3+5/x64/liblwjgl.so
7f23fc766000-7f23fc767000 r--p 00073000 103:07 9175153                   /tmp/lwjgl_mindspice/3.3.3+5/x64/liblwjgl.so
7f23fc767000-7f23fc768000 rw-p 00074000 103:07 9175153                   /tmp/lwjgl_mindspice/3.3.3+5/x64/liblwjgl.so
7f23fc768000-7f23fc76c000 ---p 00000000 00:00 0 
7f23fc76c000-7f23fc868000 rw-p 00000000 00:00 0 
7f23fc868000-7f23fc86c000 ---p 00000000 00:00 0 
7f23fc86c000-7f23fc968000 rw-p 00000000 00:00 0 
7f23fc968000-7f23fc96c000 ---p 00000000 00:00 0 
7f23fc96c000-7f23fca68000 rw-p 00000000 00:00 0 
7f23fca68000-7f23fca6c000 ---p 00000000 00:00 0 
7f23fca6c000-7f23fcb68000 rw-p 00000000 00:00 0 
7f23fcb68000-7f23fcb6c000 ---p 00000000 00:00 0 
7f23fcb6c000-7f23fcc68000 rw-p 00000000 00:00 0 
7f23fcc68000-7f23fcc6c000 ---p 00000000 00:00 0 
7f23fcc6c000-7f23fcd68000 rw-p 00000000 00:00 0 
7f23fcd68000-7f23fcd6c000 ---p 00000000 00:00 0 
7f23fcd6c000-7f23fce68000 rw-p 00000000 00:00 0 
7f23fce68000-7f23fce6c000 ---p 00000000 00:00 0 
7f23fce6c000-7f23fcf68000 rw-p 00000000 00:00 0 
7f23fcf68000-7f23fcf6c000 ---p 00000000 00:00 0 
7f23fcf6c000-7f23fe028000 rw-p 00000000 00:00 0 
7f23fe028000-7f240cb28000 ---p 00000000 00:00 0 
7f240cb28000-7f240cd40000 rw-p 00000000 00:00 0 
7f240cd40000-7f240eaa0000 ---p 00000000 00:00 0 
7f240eaa0000-7f240ec9c000 rw-p 00000000 00:00 0 
7f240ec9c000-7f24109fc000 ---p 00000000 00:00 0 
7f24109fc000-7f2410a00000 rw-p 00000000 00:00 0 
7f2410a00000-7f2410c70000 rwxp 00000000 00:00 0 
7f2410c70000-7f2417e5f000 ---p 00000000 00:00 0 
7f2417e5f000-7f241820f000 rwxp 00000000 00:00 0 
7f241820f000-7f24185a0000 ---p 00000000 00:00 0 
7f24185a0000-7f2418810000 rwxp 00000000 00:00 0 
7f2418810000-7f241fa00000 ---p 00000000 00:00 0 
7f241fa00000-7f2427ec1000 r--s 00000000 103:07 26949064                  /home/mindspice/code/jdk/openjdk-21-rc/lib/modules
7f2427ecb000-7f2427ecf000 r--p 00000000 103:07 23334094                  /usr/lib/x86_64-linux-gnu/libbsd.so.0.11.5
7f2427ecf000-7f2427edc000 r-xp 00004000 103:07 23334094                  /usr/lib/x86_64-linux-gnu/libbsd.so.0.11.5
7f2427edc000-7f2427edf000 r--p 00011000 103:07 23334094                  /usr/lib/x86_64-linux-gnu/libbsd.so.0.11.5
7f2427edf000-7f2427ee0000 ---p 00014000 103:07 23334094                  /usr/lib/x86_64-linux-gnu/libbsd.so.0.11.5
7f2427ee0000-7f2427ee1000 r--p 00014000 103:07 23334094                  /usr/lib/x86_64-linux-gnu/libbsd.so.0.11.5
7f2427ee1000-7f2427ee2000 rw-p 00015000 103:07 23334094                  /usr/lib/x86_64-linux-gnu/libbsd.so.0.11.5
7f2427ee2000-7f2427ee3000 rw-p 00000000 00:00 0 
7f2427ee3000-7f2427ee7000 rw-s 00000000 00:05 1028                       /dev/nvidiactl
7f2427ee7000-7f2427ee8000 rw-s 00000000 00:05 1043                       /dev/nvidia0
7f2427ee8000-7f2427eea000 rw-s 00000000 00:05 1028                       /dev/nvidiactl
7f2427eea000-7f2427eee000 rw-s 00000000 00:05 1028                       /dev/nvidiactl
7f2427eee000-7f2427eef000 rw-s 00000000 00:05 1028                       /dev/nvidiactl
7f2427eef000-7f2427ef0000 rw-s 00000000 00:05 1028                       /dev/nvidiactl
7f2427ef0000-7f2427f00000 rw-s 00000000 00:05 1043                       /dev/nvidia0
7f2427f00000-7f2427f04000 ---p 00000000 00:00 0 
7f2427f04000-7f2428000000 rw-p 00000000 00:00 0 
7f2428000000-7f24289cc000 rw-p 00000000 00:00 0 
7f24289cc000-7f242c000000 ---p 00000000 00:00 0 
7f242c000000-7f242c001000 rw-s 00000000 00:05 1028                       /dev/nvidiactl
7f242c001000-7f242c002000 rw-s 00044000 00:01 15368                      /memfd:/.nvidia_drv.XXXXXX (deleted)
7f242c002000-7f242c003000 r-xp 00000000 00:00 0 
7f242c010000-7f242c017000 r--s 00000000 103:07 23337321                  /usr/lib/x86_64-linux-gnu/gconv/gconv-modules.cache
7f242c017000-7f242c0e5000 r-xp 00000000 103:07 26949047                  /home/mindspice/code/jdk/openjdk-21-rc/lib/libjsvml.so
7f242c0e5000-7f242c0e6000 r--p 000cd000 103:07 26949047                  /home/mindspice/code/jdk/openjdk-21-rc/lib/libjsvml.so
7f242c0e6000-7f242c0e7000 rw-p 000ce000 103:07 26949047                  /home/mindspice/code/jdk/openjdk-21-rc/lib/libjsvml.so
7f242c0e7000-7f242c0eb000 ---p 00000000 00:00 0 
7f242c0eb000-7f242c1e7000 rw-p 00000000 00:00 0 
7f242c1e7000-7f242c1eb000 ---p 00000000 00:00 0 
7f242c1eb000-7f242c2e7000 rw-p 00000000 00:00 0 
7f242c2e7000-7f242c2eb000 ---p 00000000 00:00 0 
7f242c2eb000-7f242c3e7000 rw-p 00000000 00:00 0 
7f242c3e7000-7f242c3e8000 ---p 00000000 00:00 0 
7f242c3e8000-7f242c4e8000 rw-p 00000000 00:00 0 
7f242c4e8000-7f242c4e9000 ---p 00000000 00:00 0 
7f242c4e9000-7f242c706000 rw-p 00000000 00:00 0 
7f242c706000-7f242c707000 ---p 00000000 00:00 0 
7f242c707000-7f242c807000 rw-p 00000000 00:00 0 
7f242c807000-7f242c808000 ---p 00000000 00:00 0 
7f242c808000-7f242db1a000 rw-p 00000000 00:00 0 
7f242db1a000-7f242db1b000 ---p 00000000 00:00 0 
7f242db1b000-7f242dc1b000 rw-p 00000000 00:00 0 
7f242dc1b000-7f242dc1c000 ---p 00000000 00:00 0 
7f242dc1c000-7f242dd1c000 rw-p 00000000 00:00 0 
7f242dd1c000-7f242dd1d000 ---p 00000000 00:00 0 
7f242dd1d000-7f242f133000 rw-p 00000000 00:00 0 
7f242f133000-7f242f217000 ---p 00000000 00:00 0 
7f242f217000-7f242f21c000 rw-p 00000000 00:00 0 
7f242f21c000-7f242f300000 ---p 00000000 00:00 0 
7f242f300000-7f242f304000 ---p 00000000 00:00 0 
7f242f304000-7f242f400000 rw-p 00000000 00:00 0 
7f242f400000-7f243070a000 r-xp 00000000 103:07 26949074                  /home/mindspice/code/jdk/openjdk-21-rc/lib/server/libjvm.so
7f243070a000-7f24307d7000 r--p 01309000 103:07 26949074                  /home/mindspice/code/jdk/openjdk-21-rc/lib/server/libjvm.so
7f24307d7000-7f2430805000 rw-p 013d6000 103:07 26949074                  /home/mindspice/code/jdk/openjdk-21-rc/lib/server/libjvm.so
7f2430805000-7f243086a000 rw-p 00000000 00:00 0 
7f243086a000-7f243086c000 r--p 00000000 103:07 23334908                  /usr/lib/x86_64-linux-gnu/libmd.so.0.0.5
7f243086c000-7f2430873000 r-xp 00002000 103:07 23334908                  /usr/lib/x86_64-linux-gnu/libmd.so.0.0.5
7f2430873000-7f2430875000 r--p 00009000 103:07 23334908                  /usr/lib/x86_64-linux-gnu/libmd.so.0.0.5
7f2430875000-7f2430876000 r--p 0000a000 103:07 23334908                  /usr/lib/x86_64-linux-gnu/libmd.so.0.0.5
7f2430876000-7f2430877000 rw-p 0000b000 103:07 23334908                  /usr/lib/x86_64-linux-gnu/libmd.so.0.0.5
7f2430877000-7f2430879000 r--p 00000000 103:07 23333804                  /usr/lib/x86_64-linux-gnu/libXdmcp.so.6.0.0
7f2430879000-7f243087b000 r-xp 00002000 103:07 23333804                  /usr/lib/x86_64-linux-gnu/libXdmcp.so.6.0.0
7f243087b000-7f243087d000 r--p 00004000 103:07 23333804                  /usr/lib/x86_64-linux-gnu/libXdmcp.so.6.0.0
7f243087d000-7f243087e000 r--p 00005000 103:07 23333804                  /usr/lib/x86_64-linux-gnu/libXdmcp.so.6.0.0
7f243087e000-7f243087f000 rw-p 00006000 103:07 23333804                  /usr/lib/x86_64-linux-gnu/libXdmcp.so.6.0.0
7f243087f000-7f2430880000 r--p 00000000 103:07 23333793                  /usr/lib/x86_64-linux-gnu/libXau.so.6.0.0
7f2430880000-7f2430882000 r-xp 00001000 103:07 23333793                  /usr/lib/x86_64-linux-gnu/libXau.so.6.0.0
7f2430882000-7f2430883000 r--p 00003000 103:07 23333793                  /usr/lib/x86_64-linux-gnu/libXau.so.6.0.0
7f2430883000-7f2430884000 r--p 00003000 103:07 23333793                  /usr/lib/x86_64-linux-gnu/libXau.so.6.0.0
7f2430884000-7f2430885000 rw-p 00004000 103:07 23333793                  /usr/lib/x86_64-linux-gnu/libXau.so.6.0.0
7f2430885000-7f2430898000 r-xp 00000000 103:07 26949055                  /home/mindspice/code/jdk/openjdk-21-rc/lib/libnio.so
7f2430898000-7f2430899000 ---p 00013000 103:07 26949055                  /home/mindspice/code/jdk/openjdk-21-rc/lib/libnio.so
7f2430899000-7f243089a000 r--p 00013000 103:07 26949055                  /home/mindspice/code/jdk/openjdk-21-rc/lib/libnio.so
7f243089a000-7f243089b000 rw-p 00014000 103:07 26949055                  /home/mindspice/code/jdk/openjdk-21-rc/lib/libnio.so
7f243089b000-7f2430919000 rw-p 00000000 00:00 0 
7f2430919000-7f2430927000 r--p 00000000 103:07 23333324                  /usr/lib/x86_64-linux-gnu/libm.so.6
7f2430927000-7f24309a3000 r-xp 0000e000 103:07 23333324                  /usr/lib/x86_64-linux-gnu/libm.so.6
7f24309a3000-7f24309fe000 r--p 0008a000 103:07 23333324                  /usr/lib/x86_64-linux-gnu/libm.so.6
7f24309fe000-7f24309ff000 r--p 000e4000 103:07 23333324                  /usr/lib/x86_64-linux-gnu/libm.so.6
7f24309ff000-7f2430a00000 rw-p 000e5000 103:07 23333324                  /usr/lib/x86_64-linux-gnu/libm.so.6
7f2430a00000-7f2430a28000 r--p 00000000 103:07 23332177                  /usr/lib/x86_64-linux-gnu/libc.so.6
7f2430a28000-7f2430bbd000 r-xp 00028000 103:07 23332177                  /usr/lib/x86_64-linux-gnu/libc.so.6
7f2430bbd000-7f2430c15000 r--p 001bd000 103:07 23332177                  /usr/lib/x86_64-linux-gnu/libc.so.6
7f2430c15000-7f2430c19000 r--p 00214000 103:07 23332177                  /usr/lib/x86_64-linux-gnu/libc.so.6
7f2430c19000-7f2430c1b000 rw-p 00218000 103:07 23332177                  /usr/lib/x86_64-linux-gnu/libc.so.6
7f2430c1b000-7f2430c29000 rw-p 00000000 00:00 0 
7f2430c29000-7f2430c35000 r-xp 00000000 103:07 26949054                  /home/mindspice/code/jdk/openjdk-21-rc/lib/libnet.so
7f2430c35000-7f2430c36000 r--p 0000b000 103:07 26949054                  /home/mindspice/code/jdk/openjdk-21-rc/lib/libnet.so
7f2430c36000-7f2430c37000 rw-p 0000c000 103:07 26949054                  /home/mindspice/code/jdk/openjdk-21-rc/lib/libnet.so
7f2430c37000-7f2430c3e000 r-xp 00000000 103:07 26949063                  /home/mindspice/code/jdk/openjdk-21-rc/lib/libzip.so
7f2430c3e000-7f2430c3f000 ---p 00007000 103:07 26949063                  /home/mindspice/code/jdk/openjdk-21-rc/lib/libzip.so
7f2430c3f000-7f2430c40000 r--p 00007000 103:07 26949063                  /home/mindspice/code/jdk/openjdk-21-rc/lib/libzip.so
7f2430c40000-7f2430c41000 rw-p 00008000 103:07 26949063                  /home/mindspice/code/jdk/openjdk-21-rc/lib/libzip.so
7f2430c41000-7f2430c88000 rw-p 00000000 00:00 0 
7f2430c88000-7f2430c8f000 ---p 00000000 00:00 0 
7f2430c8f000-7f2430caf000 r-xp 00000000 103:07 26949039                  /home/mindspice/code/jdk/openjdk-21-rc/lib/libjava.so
7f2430caf000-7f2430cb0000 ---p 00020000 103:07 26949039                  /home/mindspice/code/jdk/openjdk-21-rc/lib/libjava.so
7f2430cb0000-7f2430cb1000 r--p 00020000 103:07 26949039                  /home/mindspice/code/jdk/openjdk-21-rc/lib/libjava.so
7f2430cb1000-7f2430cb2000 rw-p 00021000 103:07 26949039                  /home/mindspice/code/jdk/openjdk-21-rc/lib/libjava.so
7f2430cb2000-7f2430cb3000 rw-p 00000000 00:00 0 
7f2430cb3000-7f2430cce000 r-xp 00000000 103:07 26949043                  /home/mindspice/code/jdk/openjdk-21-rc/lib/libjimage.so
7f2430cce000-7f2430ccf000 ---p 0001b000 103:07 26949043                  /home/mindspice/code/jdk/openjdk-21-rc/lib/libjimage.so
7f2430ccf000-7f2430cd1000 r--p 0001b000 103:07 26949043                  /home/mindspice/code/jdk/openjdk-21-rc/lib/libjimage.so
7f2430cd1000-7f2430cd2000 rw-p 0001d000 103:07 26949043                  /home/mindspice/code/jdk/openjdk-21-rc/lib/libjimage.so
7f2430cd2000-7f2430cd3000 r--p 00000000 103:07 23334891                  /usr/lib/x86_64-linux-gnu/librt.so.1
7f2430cd3000-7f2430cd4000 r-xp 00001000 103:07 23334891                  /usr/lib/x86_64-linux-gnu/librt.so.1
7f2430cd4000-7f2430cd5000 r--p 00002000 103:07 23334891                  /usr/lib/x86_64-linux-gnu/librt.so.1
7f2430cd5000-7f2430cd6000 r--p 00002000 103:07 23334891                  /usr/lib/x86_64-linux-gnu/librt.so.1
7f2430cd6000-7f2430cd7000 rw-p 00003000 103:07 23334891                  /usr/lib/x86_64-linux-gnu/librt.so.1
7f2430cd7000-7f2430cdb000 rw-p 00000000 00:00 0 
7f2430cdb000-7f2430cdc000 r--p 00000000 103:07 23333056                  /usr/lib/x86_64-linux-gnu/libdl.so.2
7f2430cdc000-7f2430cdd000 r-xp 00001000 103:07 23333056                  /usr/lib/x86_64-linux-gnu/libdl.so.2
7f2430cdd000-7f2430cde000 r--p 00002000 103:07 23333056                  /usr/lib/x86_64-linux-gnu/libdl.so.2
7f2430cde000-7f2430cdf000 r--p 00002000 103:07 23333056                  /usr/lib/x86_64-linux-gnu/libdl.so.2
7f2430cdf000-7f2430ce0000 rw-p 00003000 103:07 23333056                  /usr/lib/x86_64-linux-gnu/libdl.so.2
7f2430ce0000-7f2430ce1000 r--p 00000000 103:07 23334258                  /usr/lib/x86_64-linux-gnu/libpthread.so.0
7f2430ce1000-7f2430ce2000 r-xp 00001000 103:07 23334258                  /usr/lib/x86_64-linux-gnu/libpthread.so.0
7f2430ce2000-7f2430ce3000 r--p 00002000 103:07 23334258                  /usr/lib/x86_64-linux-gnu/libpthread.so.0
7f2430ce3000-7f2430ce4000 r--p 00002000 103:07 23334258                  /usr/lib/x86_64-linux-gnu/libpthread.so.0
7f2430ce4000-7f2430ce5000 rw-p 00003000 103:07 23334258                  /usr/lib/x86_64-linux-gnu/libpthread.so.0
7f2430ce5000-7f2430cf3000 r-xp 00000000 103:07 26949044                  /home/mindspice/code/jdk/openjdk-21-rc/lib/libjli.so
7f2430cf3000-7f2430cf4000 ---p 0000e000 103:07 26949044                  /home/mindspice/code/jdk/openjdk-21-rc/lib/libjli.so
7f2430cf4000-7f2430cf5000 r--p 0000e000 103:07 26949044                  /home/mindspice/code/jdk/openjdk-21-rc/lib/libjli.so
7f2430cf5000-7f2430cf6000 rw-p 0000f000 103:07 26949044                  /home/mindspice/code/jdk/openjdk-21-rc/lib/libjli.so
7f2430cf6000-7f2430cf8000 r--p 00000000 103:07 23331309                  /usr/lib/x86_64-linux-gnu/libz.so.1.2.11
7f2430cf8000-7f2430d09000 r-xp 00002000 103:07 23331309                  /usr/lib/x86_64-linux-gnu/libz.so.1.2.11
7f2430d09000-7f2430d0f000 r--p 00013000 103:07 23331309                  /usr/lib/x86_64-linux-gnu/libz.so.1.2.11
7f2430d0f000-7f2430d10000 ---p 00019000 103:07 23331309                  /usr/lib/x86_64-linux-gnu/libz.so.1.2.11
7f2430d10000-7f2430d11000 r--p 00019000 103:07 23331309                  /usr/lib/x86_64-linux-gnu/libz.so.1.2.11
7f2430d11000-7f2430d12000 rw-p 0001a000 103:07 23331309                  /usr/lib/x86_64-linux-gnu/libz.so.1.2.11
7f2430d12000-7f2430d13000 r-xp 00059000 103:07 9175153                   /tmp/lwjgl_mindspice/3.3.3+5/x64/liblwjgl.so
7f2430d13000-7f2430d14000 rw-p 00000000 00:00 0 
7f2430d14000-7f2430d16000 r-xp 00000000 103:07 26949032                  /home/mindspice/code/jdk/openjdk-21-rc/lib/libextnet.so
7f2430d16000-7f2430d17000 r--p 00001000 103:07 26949032                  /home/mindspice/code/jdk/openjdk-21-rc/lib/libextnet.so
7f2430d17000-7f2430d18000 rw-p 00002000 103:07 26949032                  /home/mindspice/code/jdk/openjdk-21-rc/lib/libextnet.so
7f2430d18000-7f2430d20000 rw-s 00000000 103:07 9175097                   /tmp/hsperfdata_mindspice/170330
7f2430d20000-7f2430d2a000 r-xp 00000000 103:07 26949034                  /home/mindspice/code/jdk/openjdk-21-rc/lib/libinstrument.so
7f2430d2a000-7f2430d2b000 ---p 0000a000 103:07 26949034                  /home/mindspice/code/jdk/openjdk-21-rc/lib/libinstrument.so
7f2430d2b000-7f2430d2c000 r--p 0000a000 103:07 26949034                  /home/mindspice/code/jdk/openjdk-21-rc/lib/libinstrument.so
7f2430d2c000-7f2430d2d000 rw-p 0000b000 103:07 26949034                  /home/mindspice/code/jdk/openjdk-21-rc/lib/libinstrument.so
7f2430d2d000-7f2430d2e000 ---p 00000000 00:00 0 
7f2430d2e000-7f2430d2f000 r--p 00000000 00:00 0 
7f2430d2f000-7f2430d31000 rw-p 00000000 00:00 0 
7f2430d31000-7f2430d33000 r--p 00000000 103:07 23332035                  /usr/lib/x86_64-linux-gnu/ld-linux-x86-64.so.2
7f2430d33000-7f2430d5d000 r-xp 00002000 103:07 23332035                  /usr/lib/x86_64-linux-gnu/ld-linux-x86-64.so.2
7f2430d5d000-7f2430d68000 r--p 0002c000 103:07 23332035                  /usr/lib/x86_64-linux-gnu/ld-linux-x86-64.so.2
7f2430d68000-7f2430d69000 ---p 00000000 00:00 0 
7f2430d69000-7f2430d6b000 r--p 00037000 103:07 23332035                  /usr/lib/x86_64-linux-gnu/ld-linux-x86-64.so.2
7f2430d6b000-7f2430d6d000 rw-p 00039000 103:07 23332035                  /usr/lib/x86_64-linux-gnu/ld-linux-x86-64.so.2
7ffc34a91000-7ffc34ab3000 rw-p 00000000 00:00 0                          [stack]
7ffc34ba1000-7ffc34ba5000 r--p 00000000 00:00 0                          [vvar]
7ffc34ba5000-7ffc34ba7000 r-xp 00000000 00:00 0                          [vdso]
ffffffffff600000-ffffffffff601000 --xp 00000000 00:00 0                  [vsyscall]
Total number of mappings: 366


VM Arguments:
jvm_args: -javaagent:/home/mindspice/.local/share/JetBrains/Toolbox/apps/IDEA-U/ch-0/222.4345.14/lib/idea_rt.jar=39261:/home/mindspice/.local/share/JetBrains/Toolbox/apps/IDEA-U/ch-0/222.4345.14/bin -Dfile.encoding=UTF-8 -Dsun.stdout.encoding=UTF-8 -Dsun.stderr.encoding=UTF-8 
java_command: io.mindspice.mspice.game.Main
java_class_path (initial): /home/mindspice/code/Java/game/mspice-engine/target/classes:/home/mindspice/.m2/repository/org/lwjgl/lwjgl/3.3.3/lwjgl-3.3.3.jar:/home/mindspice/.m2/repository/org/lwjgl/lwjgl-assimp/3.3.3/lwjgl-assimp-3.3.3.jar:/home/mindspice/.m2/repository/org/lwjgl/lwjgl-glfw/3.3.3/lwjgl-glfw-3.3.3.jar:/home/mindspice/.m2/repository/org/lwjgl/lwjgl-harfbuzz/3.3.3/lwjgl-harfbuzz-3.3.3.jar:/home/mindspice/.m2/repository/org/lwjgl/lwjgl-hwloc/3.3.3/lwjgl-hwloc-3.3.3.jar:/home/mindspice/.m2/repository/org/lwjgl/lwjgl-jemalloc/3.3.3/lwjgl-jemalloc-3.3.3.jar:/home/mindspice/.m2/repository/org/lwjgl/lwjgl-ktx/3.3.3/lwjgl-ktx-3.3.3.jar:/home/mindspice/.m2/repository/org/lwjgl/lwjgl-libdivide/3.3.3/lwjgl-libdivide-3.3.3.jar:/home/mindspice/.m2/repository/org/lwjgl/lwjgl-lz4/3.3.3/lwjgl-lz4-3.3.3.jar:/home/mindspice/.m2/repository/org/lwjgl/lwjgl-meshoptimizer/3.3.3/lwjgl-meshoptimizer-3.3.3.jar:/home/mindspice/.m2/repository/org/lwjgl/lwjgl-openal/3.3.3/lwjgl-openal-3.3.3.jar:/home/mindspice/.m2/repository/org/lwjgl/lwjgl-opengl/3.3.3/lwjgl-opengl-3.3.3.jar:/home/mindspice/.m2/repository/org/lwjgl/lwjgl-remotery/3.3.3/lwjgl-remotery-3.3.3.jar:/home/mindspice/.m2/repository/org/lwjgl/lwjgl-rpmalloc/3.3.3/lwjgl-rpmalloc-3.3.3.jar:/home/mindspice/.m2/repository/org/lwjgl/lwjgl-sse/3.3.3/lwjgl-sse-3.3.3.jar:/home/mindspice/.m2/repository/org/lwjgl/lwjgl-stb/3.3.3/lwjgl-stb-3.3.3.jar:/home/mindspice/.m2/repository/org/lwjgl/lwjgl-vma/3.3.3/lwjgl-vma-3.3.3.jar:/home/mindspice/.m2/repository/org/lwjgl/lwjgl-vulkan/3.3.3/lwjgl-vulkan-3.3.3.jar:/home/mindspice/.m2/repository/org/lwjgl/lwjgl/3.3.3/lwjgl-3.3.3-natives-linux.jar:/home/mindspice/.m2/repository/org/lwjgl/lwjgl-assimp/3.3.3/lwjgl-assimp-3.3.3-natives-linux.jar:/home/mindspice/.m2/repository/org/lwjgl/lwjgl-glfw/3.3.3/lwjgl-glfw-3.3.3-natives-linux.jar:/home/mindspice/.m2/repository/org/lwjgl/lwjgl-harfbuzz/3.3.3/lwjgl-harfbuzz-3.3.3-natives-linux.jar:/home/mindspice/.m2/repository/org/lwjgl/lwjgl-hwloc/3.3.3/lwjgl-hwloc-3.3.3-natives-linux.jar:/home/mindspice/.m2/repository/org/lwjgl/lwjgl-jemalloc/3.3.3/lwjgl-jemalloc-3.3.3-natives-linux.jar:/home/mindspice/.m2/repository/org/lwjgl/lwjgl-ktx/3.3.3/lwjgl-ktx-3.3.3-natives-linux.jar:/home/mindspice/.m2/repository/org/lwjgl/lwjgl-libdivide/3.3.3/lwjgl-libdivide-3.3.3-natives-linux.jar:/home/mindspice/.m2/repository/org/lwjgl/lwjgl-lz4/3.3.3/lwjgl-lz4-3.3.3-natives-linux.jar:/home/mindspice/.m2/repository/org/lwjgl/lwjgl-meshoptimizer/3.3.3/lwjgl-meshoptimizer-3.3.3-natives-linux.jar:/home/mindspice/.m2/repository/org/lwjgl/lwjgl-openal/3.3.3/lwjgl-openal-3.3.3-natives-linux.jar:/home/mindspice/.m2/repository/org/lwjgl/lwjgl-opengl/3.3.3/lwjgl-opengl-3.3.3-natives-linux.jar:/home/mindspice/.m2/repository/org/lwjgl/lwjgl-remotery/3.3.3/lwjgl-remotery-3.3.3-natives-linux.jar:/home/mindspice/.m2/repository/org/lwjgl/lwjgl-rpmalloc/3.3.3/lwjgl-rpmalloc-3.3.3-natives-linux.jar:/home/mindspice/.m2/repository/org/lwjgl/lwjgl-sse/3.3.3/lwjgl-sse-3.3.3-natives-linux.jar:/home/mindspice/.m2/repository/org/lwjgl/lwjgl-stb/3.3.3/lwjgl-stb-3.3.3-natives-linux.jar:/home/mindspice/.m2/repository/org/lwjgl/lwjgl-vma/3.3.3/lwjgl-vma-3.3.3-natives-linux.jar:/home/mindspice/.m2/repository/org/joml/joml/1.10.5/joml-1.10.5.jar
Launcher Type: SUN_STANDARD

[Global flags]
     intx CICompilerCount                          = 12                                        {product} {ergonomic}
     uint ConcGCThreads                            = 5                                         {product} {ergonomic}
     uint G1ConcRefinementThreads                  = 18                                        {product} {ergonomic}
   size_t G1HeapRegionSize                         = 8388608                                   {product} {ergonomic}
    uintx GCDrainStackTargetSize                   = 64                                        {product} {ergonomic}
   size_t InitialHeapSize                          = 1056964608                                {product} {ergonomic}
   size_t MarkStackSize                            = 4194304                                   {product} {ergonomic}
   size_t MaxHeapSize                              = 16835936256                               {product} {ergonomic}
   size_t MaxNewSize                               = 10099884032                               {product} {ergonomic}
   size_t MinHeapDeltaBytes                        = 8388608                                   {product} {ergonomic}
   size_t MinHeapSize                              = 8388608                                   {product} {ergonomic}
    uintx NonNMethodCodeHeapSize                   = 7602480                                {pd product} {ergonomic}
    uintx NonProfiledCodeHeapSize                  = 122027880                              {pd product} {ergonomic}
    uintx ProfiledCodeHeapSize                     = 122027880                              {pd product} {ergonomic}
    uintx ReservedCodeCacheSize                    = 251658240                              {pd product} {ergonomic}
     bool SegmentedCodeCache                       = true                                      {product} {ergonomic}
   size_t SoftMaxHeapSize                          = 16835936256                            {manageable} {ergonomic}
     bool UseCompressedOops                        = true                           {product lp64_product} {ergonomic}
     bool UseG1GC                                  = true                                      {product} {ergonomic}

Logging:
Log output configuration:
 #0: stdout all=warning uptime,level,tags foldmultilines=false
 #1: stderr all=off uptime,level,tags foldmultilines=false

Environment Variables:
PATH=/home/mindspice/.local/bin:/usr/local/sbin:/usr/local/bin:/usr/sbin:/usr/bin:/sbin:/bin:/usr/games:/usr/local/games:/snap/bin:/home/mindspice/.local/share/JetBrains/Toolbox/scripts
USERNAME=mindspice
SHELL=/bin/bash
DISPLAY=:1
LANG=en_US.UTF-8

Active Locale:
LC_ALL=en_US.UTF-8
LC_COLLATE=en_US.UTF-8
LC_CTYPE=en_US.UTF-8
LC_MESSAGES=en_US.UTF-8
LC_MONETARY=en_US.UTF-8
LC_NUMERIC=en_US.UTF-8
LC_TIME=en_US.UTF-8

Signal Handlers:
   SIGSEGV: crash_handler in libjvm.so, mask=11100100010111111101111111111110, flags=SA_RESTART|SA_SIGINFO, unblocked
    SIGBUS: crash_handler in libjvm.so, mask=11100100010111111101111111111110, flags=SA_RESTART|SA_SIGINFO, unblocked
    SIGFPE: crash_handler in libjvm.so, mask=11100100010111111101111111111110, flags=SA_RESTART|SA_SIGINFO, unblocked
   SIGPIPE: javaSignalHandler in libjvm.so, mask=11100100010111111101111111111110, flags=SA_RESTART|SA_SIGINFO, blocked
   SIGXFSZ: javaSignalHandler in libjvm.so, mask=11100100010111111101111111111110, flags=SA_RESTART|SA_SIGINFO, blocked
    SIGILL: crash_handler in libjvm.so, mask=11100100010111111101111111111110, flags=SA_RESTART|SA_SIGINFO, unblocked
   SIGUSR2: SR_handler in libjvm.so, mask=00100000000000000000000000000000, flags=SA_RESTART|SA_SIGINFO, blocked
    SIGHUP: SIG_IGN, mask=00000000000000000000000000000000, flags=none, blocked
    SIGINT: UserHandler in libjvm.so, mask=11100100010111111101111111111110, flags=SA_RESTART|SA_SIGINFO, blocked
   SIGTERM: UserHandler in libjvm.so, mask=11100100010111111101111111111110, flags=SA_RESTART|SA_SIGINFO, blocked
   SIGQUIT: UserHandler in libjvm.so, mask=11100100010111111101111111111110, flags=SA_RESTART|SA_SIGINFO, blocked
   SIGTRAP: crash_handler in libjvm.so, mask=11100100010111111101111111111110, flags=SA_RESTART|SA_SIGINFO, unblocked


---------------  S Y S T E M  ---------------

OS:
DISTRIB_ID=Pop
DISTRIB_RELEASE=22.04
DISTRIB_CODENAME=jammy
DISTRIB_DESCRIPTION="Pop!_OS 22.04 LTS"
uname: Linux 6.4.6-76060406-generic #202307241739~1694621917~22.04~ac5e1a8 SMP PREEMPT_DYNAMIC Wed S x86_64
OS uptime: 1 days 10:17 hours
libc: glibc 2.35 NPTL 2.35 
rlimit (soft/hard): STACK 8192k/infinity , CORE 0k/infinity , NPROC 256363/256363 , NOFILE 1048576/1048576 , AS infinity/infinity , CPU infinity/infinity , DATA infinity/infinity , FSIZE infinity/infinity , MEMLOCK 8219220k/8219220k
load average: 1.30 1.00 0.79

/proc/meminfo:
MemTotal:       65753772 kB
MemFree:         3730908 kB
MemAvailable:   18269104 kB
Buffers:          863348 kB
Cached:         17455092 kB
SwapCached:            0 kB
Active:         36702712 kB
Inactive:       21469884 kB
Active(anon):   32873844 kB
Inactive(anon):  7545388 kB
Active(file):    3828868 kB
Inactive(file): 13924496 kB
Unevictable:         504 kB
Mlocked:             504 kB
SwapTotal:      16777212 kB
SwapFree:       16776700 kB
Zswap:                 0 kB
Zswapped:              0 kB
Dirty:                96 kB
Writeback:             0 kB
AnonPages:      39847148 kB
Mapped:          2900204 kB
Shmem:            565076 kB
KReclaimable:    1651028 kB
Slab:            2261696 kB
SReclaimable:    1651028 kB
SUnreclaim:       610668 kB
KernelStack:       74464 kB
PageTables:       216664 kB
SecPageTables:     11916 kB
NFS_Unstable:          0 kB
Bounce:                0 kB
WritebackTmp:          0 kB
CommitLimit:    49654096 kB
Committed_AS:   73195820 kB
VmallocTotal:   34359738367 kB
VmallocUsed:      326280 kB
VmallocChunk:          0 kB
Percpu:            48384 kB
HardwareCorrupted:     0 kB
AnonHugePages:   5130240 kB
ShmemHugePages:        0 kB
ShmemPmdMapped:        0 kB
FileHugePages:         0 kB
FilePmdMapped:         0 kB
HugePages_Total:       0
HugePages_Free:        0
HugePages_Rsvd:        0
HugePages_Surp:        0
Hugepagesize:       2048 kB
Hugetlb:               0 kB
DirectMap4k:     2026820 kB
DirectMap2M:    46129152 kB
DirectMap1G:    18874368 kB

/sys/kernel/mm/transparent_hugepage/enabled: always [madvise] never
/sys/kernel/mm/transparent_hugepage/defrag (defrag/compaction efforts parameter): always defer defer+madvise [madvise] never

Process Memory:
Virtual Size: 20120480K (peak: 20120480K)
Resident Set Size: 133196K (peak: 133196K) (anon: 83092K, file: 50104K, shmem: 0K)
Swapped out: 0K
C-Heap outstanding allocations: 63285K, retained: 13850K
glibc malloc tunables: (default)

/proc/sys/kernel/threads-max (system-wide limit on the number of threads): 512726
/proc/sys/vm/max_map_count (maximum number of memory map areas a process may have): 2147483642
/proc/sys/kernel/pid_max (system-wide limit on number of process identifiers): 4194304

container (cgroup) information:
container_type: cgroupv2
cpu_cpuset_cpus: not supported
cpu_memory_nodes: not supported
active_processor_count: 24
cpu_quota: not supported
cpu_period: not supported
cpu_shares: not supported
memory_limit_in_bytes: unlimited
memory_and_swap_limit_in_bytes: unlimited
memory_soft_limit_in_bytes: unlimited
memory_usage_in_bytes: 11995236 k
memory_max_usage_in_bytes: not supported
memory_swap_current_in_bytes: unlimited
memory_swap_max_limit_in_bytes: unlimited
maximum number of tasks: 76908
current number of tasks: 1480

Steal ticks since vm start: 0
Steal ticks percentage since vm start:  0.000

CPU: total 24 (initial active 24) (24 cores per cpu, 2 threads per core) family 25 model 33 stepping 0 microcode 0xa201016, cx8, cmov, fxsr, ht, mmx, 3dnowpref, sse, sse2, sse3, ssse3, sse4a, sse4.1, sse4.2, popcnt, lzcnt, tsc, tscinvbit, avx, avx2, aes, erms, clmul, bmi1, bmi2, adx, sha, fma, vzeroupper, clflush, clflushopt, rdtscp, rdpid, fsrm, f16c, pku, ospke, cet_ss
CPU Model and flags from /proc/cpuinfo:
model name	: AMD Ryzen 9 5900X 12-Core Processor
flags		: fpu vme de pse tsc msr pae mce cx8 apic sep mtrr pge mca cmov pat pse36 clflush mmx fxsr sse sse2 ht syscall nx mmxext fxsr_opt pdpe1gb rdtscp lm constant_tsc rep_good nopl nonstop_tsc cpuid extd_apicid aperfmperf rapl pni pclmulqdq monitor ssse3 fma cx16 sse4_1 sse4_2 x2apic movbe popcnt aes xsave avx f16c rdrand lahf_lm cmp_legacy svm extapic cr8_legacy abm sse4a misalignsse 3dnowprefetch osvw ibs skinit wdt tce topoext perfctr_core perfctr_nb bpext perfctr_llc mwaitx cpb cat_l3 cdp_l3 hw_pstate ssbd mba ibrs ibpb stibp vmmcall fsgsbase bmi1 avx2 smep bmi2 erms invpcid cqm rdt_a rdseed adx smap clflushopt clwb sha_ni xsaveopt xsavec xgetbv1 xsaves cqm_llc cqm_occup_llc cqm_mbm_total cqm_mbm_local clzero irperf xsaveerptr rdpru wbnoinvd arat npt lbrv svm_lock nrip_save tsc_scale vmcb_clean flushbyasid decodeassists pausefilter pfthreshold avic v_vmsave_vmload vgif v_spec_ctrl umip pku ospke vaes vpclmulqdq rdpid overflow_recov succor smca fsrm

Online cpus: 0-23
Offline cpus: 24-31
BIOS frequency limitation: 3700000
Frequency switch latency (ns): 0
Available cpu frequencies: 3700000 2800000 2200000 
Current governor: schedutil
Core performance/turbo boost: 1

Memory: 4k page, physical 65753772k(18269104k free), swap 16777212k(16776700k free)
Page Sizes: 4k

vm_info: OpenJDK 64-Bit Server VM (21+35-2513) for linux-amd64 JRE (21+35-2513), built on 2023-08-09T20:25:10Z by "mach5one" with gcc 11.2.0

END.
