#
# A fatal error has been detected by the Java Runtime Environment:
#
#  SIGSEGV (0xb) at pc=0x00007f3c9ef8c473, pid=80637, tid=80639
#
# JRE version: OpenJDK Runtime Environment (21.0+35) (build 21+35-2513)
# Java VM: OpenJDK 64-Bit Server VM (21+35-2513, mixed mode, sharing, tiered, compressed oops, compressed class ptrs, g1 gc, linux-amd64)
# Problematic frame:
# V  [libjvm.so+0x58c473]  AccessInternal::PostRuntimeDispatch<G1BarrierSet::AccessBarrier<548964ul, G1BarrierSet>, (AccessInternal::BarrierType)0, 548964ul>::oop_access_barrier(void*, oopDesc*)+0x53
#
# Core dump will be written. Default location: Core dumps may be processed with "/usr/share/apport/apport -p%p -s%s -c%c -d%d -P%P -u%u -g%g -- %E" (or dumping to /home/mindspice/code/Java/game/mspice-engine/core.80637)
#
# If you would like to submit a bug report, please visit:
#   https://bugreport.java.com/bugreport/crash.jsp
#

---------------  S U M M A R Y ------------

Command Line: -javaagent:/home/mindspice/.local/share/JetBrains/Toolbox/apps/IDEA-U/ch-0/222.4345.14/lib/idea_rt.jar=46341:/home/mindspice/.local/share/JetBrains/Toolbox/apps/IDEA-U/ch-0/222.4345.14/bin -Dfile.encoding=UTF-8 -Dsun.stdout.encoding=UTF-8 -Dsun.stderr.encoding=UTF-8 io.mindspice.mspice.game.Main

Host: AMD Ryzen 9 5900X 12-Core Processor, 24 cores, 62G, Pop!_OS 22.04 LTS
Time: Sun Sep 24 19:24:04 2023 EDT elapsed time: 14.162780 seconds (0d 0h 0m 14s)

---------------  T H R E A D  ---------------

Current thread (0x00007f3c9802b110):  JavaThread "main"             [_thread_in_vm, id=80639, stack(0x00007f3c9e900000,0x00007f3c9ea00000) (1024K)]

Stack: [0x00007f3c9e900000,0x00007f3c9ea00000],  sp=0x00007f3c9e9fe4e0,  free space=1017k
Native frames: (J=compiled Java code, j=interpreted, Vv=VM code, C=native code)
V  [libjvm.so+0x58c473]  AccessInternal::PostRuntimeDispatch<G1BarrierSet::AccessBarrier<548964ul, G1BarrierSet>, (AccessInternal::BarrierType)0, 548964ul>::oop_access_barrier(void*, oopDesc*)+0x53
V  [libjvm.so+0x9a9cfe]  JNIHandles::destroy_global(_jobject*)+0x1e
V  [libjvm.so+0x9725cf]  jni_DeleteGlobalRef+0x6f
j  org.lwjgl.system.jni.JNINativeInterface.nDeleteGlobalRef(J)V+0
j  org.lwjgl.system.jni.JNINativeInterface.DeleteGlobalRef(J)V+12
j  org.lwjgl.system.Callback.free(J)V+25
j  org.lwjgl.system.Callback.free()V+4
j  io.mindspice.mspice.core.GameInput.cleanup()V+4
j  io.mindspice.mspice.core.GameEngine.cleanup()V+11
j  io.mindspice.mspice.core.GameEngine.run()V+272
j  io.mindspice.mspice.game.Main.main([Ljava/lang/String;)V+82
v  ~StubRoutines::call_stub 0x00007f3c87e5fcc6
V  [libjvm.so+0x8dd585]  JavaCalls::call_helper(JavaValue*, methodHandle const&, JavaCallArguments*, JavaThread*)+0x2e5
V  [libjvm.so+0x983b40]  jni_invoke_static(JNIEnv_*, JavaValue*, _jobject*, JNICallType, _jmethodID*, JNI_ArgumentPusher*, JavaThread*) [clone .constprop.1]+0x390
V  [libjvm.so+0x98643b]  jni_CallStaticVoidMethod+0x12b
C  [libjli.so+0x5294]  JavaMain+0x1054
C  [libjli.so+0x7e49]  ThreadJavaMain+0x9
Java frames: (J=compiled Java code, j=interpreted, Vv=VM code)
j  org.lwjgl.system.jni.JNINativeInterface.nDeleteGlobalRef(J)V+0
j  org.lwjgl.system.jni.JNINativeInterface.DeleteGlobalRef(J)V+12
j  org.lwjgl.system.Callback.free(J)V+25
j  org.lwjgl.system.Callback.free()V+4
j  io.mindspice.mspice.core.GameInput.cleanup()V+4
j  io.mindspice.mspice.core.GameEngine.cleanup()V+11
j  io.mindspice.mspice.core.GameEngine.run()V+272
j  io.mindspice.mspice.game.Main.main([Ljava/lang/String;)V+82
v  ~StubRoutines::call_stub 0x00007f3c87e5fcc6

siginfo: si_signo: 11 (SIGSEGV), si_code: 1 (SEGV_MAPERR), si_addr: 0x000000000000003e

Registers:
RAX=0x00007f3c9fe0b450, RBX=0x000000000000003e, RCX=0x0000000000000010, RDX=0x0000000000000040
RSP=0x00007f3c9e9fe4e0, RBP=0x00007f3c9e9fe500, RSI=0x0000000000000000, RDI=0x000000000000003e
R8 =0x00007f3c0b40ed80, R9 =0x0000000000000002, R10=0x00007f3c87e6b951, R11=0x0000000452807b68
R12=0x0000000000000000, R13=0x00007f3c98049ce0, R14=0x00007f3c9e9fe5d8, R15=0x00007f3c9802b110
RIP=0x00007f3c9ef8c473, EFLAGS=0x0000000000010246, CSGSFS=0x002b000000000033, ERR=0x0000000000000006
  TRAPNO=0x000000000000000e


Register to memory mapping:

RAX=0x00007f3c9fe0b450: <offset 0x000000000140b450> in /home/mindspice/code/jdk/openjdk-21-rc/lib/server/libjvm.so at 0x00007f3c9ea00000
RBX=0x000000000000003e is an unknown value
RCX=0x0000000000000010 is an unknown value
RDX=0x0000000000000040 is an unknown value
RSP=0x00007f3c9e9fe4e0 is pointing into the stack for thread: 0x00007f3c9802b110
RBP=0x00007f3c9e9fe500 is pointing into the stack for thread: 0x00007f3c9802b110
RSI=0x0 is null
RDI=0x000000000000003e is an unknown value
R8 ={method} {0x00007f3c0b40ed80} 'free' '()V' in 'org/lwjgl/system/Callback'
R9 =0x0000000000000002 is an unknown value
R10=0x00007f3c87e6b951 is at code_begin+1009 in an Interpreter codelet
native method entry point (kind = native)  [0x00007f3c87e6b560, 0x00007f3c87e6bfd0]  2672 bytes
R11=0x0000000452807b68 is an oop: java.lang.Class 
{0x0000000452807b68} - klass: 'java/lang/Class'
 - ---- fields (total size 27 words):
 - private volatile transient 'classRedefinedCount' 'I' @12  0 (0x00000000)
 - injected 'klass' 'J' @16  139895943269920 (0x00007f3c10010e20)
 - injected 'array_klass' 'J' @24  0 (0x0000000000000000)
 - injected 'oop_size' 'I' @32  27 (0x0000001b)
 - injected 'static_oop_field_count' 'I' @36  0 (0x00000000)
 - private volatile transient 'cachedConstructor' 'Ljava/lang/reflect/Constructor;' @40  null (0x00000000)
 - private transient 'name' 'Ljava/lang/String;' @44  "org.lwjgl.system.jni.JNINativeInterface"{0x0000000452807c40} (0x8a500f88)
 - private transient 'module' 'Ljava/lang/Module;' @48  a 'java/lang/Module'{0x0000000453015290} (0x8a602a52)
 - private final 'classLoader' 'Ljava/lang/ClassLoader;' @52  a 'jdk/internal/loader/ClassLoaders$AppClassLoader'{0x0000000453015100} (0x8a602a20)
 - private transient 'classData' 'Ljava/lang/Object;' @56  null (0x00000000)
 - private transient 'packageName' 'Ljava/lang/String;' @60  "org.lwjgl.system.jni"{0x00000004537a6348} (0x8a6f4c69)
 - private final 'componentType' 'Ljava/lang/Class;' @64  null (0x00000000)
 - private volatile transient 'reflectionData' 'Ljava/lang/ref/SoftReference;' @68  null (0x00000000)
 - private volatile transient 'genericInfo' 'Lsun/reflect/generics/repository/ClassRepository;' @72  null (0x00000000)
 - private volatile transient 'enumConstants' '[Ljava/lang/Object;' @76  null (0x00000000)
 - private volatile transient 'enumConstantDirectory' 'Ljava/util/Map;' @80  null (0x00000000)
 - private volatile transient 'annotationData' 'Ljava/lang/Class$AnnotationData;' @84  null (0x00000000)
 - private volatile transient 'annotationType' 'Lsun/reflect/annotation/AnnotationType;' @88  null (0x00000000)
 - transient 'classValueMap' 'Ljava/lang/ClassValue$ClassValueMap;' @92  null (0x00000000)
 - injected 'protection_domain' 'Ljava/lang/Object;' @96  a 'java/security/ProtectionDomain'{0x0000000453527d08} (0x8a6a4fa1)
 - injected 'signers_name' 'Ljava/lang/Object;' @100  null (0x00000000)
 - injected 'source_file' 'Ljava/lang/Object;' @104  null (0x00000000)
 - signature: Lorg/lwjgl/system/jni/JNINativeInterface;
 - ---- static fields (0):
 - public static final 'JNI_VERSION_1_1' 'I' @112  65537 (0x00010001)
 - public static final 'JNI_VERSION_1_2' 'I' @116  65538 (0x00010002)
 - public static final 'JNI_VERSION_1_4' 'I' @120  65540 (0x00010004)
 - public static final 'JNI_VERSION_1_6' 'I' @124  65542 (0x00010006)
 - public static final 'JNI_VERSION_1_8' 'I' @128  65544 (0x00010008)
 - public static final 'JNI_VERSION_9' 'I' @132  589824 (0x00090000)
 - public static final 'JNI_VERSION_10' 'I' @136  655360 (0x000a0000)
 - public static final 'JNI_VERSION_19' 'I' @140  1245184 (0x00130000)
 - public static final 'JNI_VERSION_20' 'I' @144  1310720 (0x00140000)
 - public static final 'JNI_VERSION_21' 'I' @148  1376256 (0x00150000)
 - public static final 'JNIInvalidRefType' 'I' @152  0 (0x00000000)
 - public static final 'JNILocalRefType' 'I' @156  1 (0x00000001)
 - public static final 'JNIGlobalRefType' 'I' @160  2 (0x00000002)
 - public static final 'JNIWeakGlobalRefType' 'I' @164  3 (0x00000003)
 - public static final 'JNI_FALSE' 'I' @168  0 (0x00000000)
 - public static final 'JNI_TRUE' 'I' @172  1 (0x00000001)
 - public static final 'JNI_OK' 'I' @176  0 (0x00000000)
 - public static final 'JNI_ERR' 'I' @180  -1 (0xffffffff)
 - public static final 'JNI_EDETACHED' 'I' @184  -2 (0xfffffffe)
 - public static final 'JNI_EVERSION' 'I' @188  -3 (0xfffffffd)
 - public static final 'JNI_ENOMEM' 'I' @192  -4 (0xfffffffc)
 - public static final 'JNI_EEXIST' 'I' @196  -5 (0xfffffffb)
 - public static final 'JNI_EINVAL' 'I' @200  -6 (0xfffffffa)
 - public static final 'JNI_COMMIT' 'I' @204  1 (0x00000001)
 - public static final 'JNI_ABORT' 'I' @208  2 (0x00000002)
R12=0x0 is null
R13=0x00007f3c98049ce0 points into unknown readable memory: 0x00007f3c9fdcaa68 | 68 aa dc 9f 3c 7f 00 00
R14=0x00007f3c9e9fe5d8 is pointing into the stack for thread: 0x00007f3c9802b110
R15=0x00007f3c9802b110 is a thread

Top of Stack: (sp=0x00007f3c9e9fe4e0)
0x00007f3c9e9fe4e0:   00007f3c9802b110 000000000000003e
0x00007f3c9e9fe4f0:   00007f3c0b467ba0 00007f3c9e9fe5d8
0x00007f3c9e9fe500:   00007f3c9e9fe520 00007f3c9f3a9cfe
0x00007f3c9e9fe510:   0000000000000000 0000000000000040
0x00007f3c9e9fe520:   00007f3c9e9fe540 00007f3c9f3725cf
0x00007f3c9e9fe530:   00007f3c0b467ba0 0000000000000000
0x00007f3c9e9fe540:   00007f3c9e9fe5b0 00007f3c87e6b980
0x00007f3c9e9fe550:   0000000452d9f9b0 0000000452d9f9b0
0x00007f3c9e9fe560:   00007f3c9e9fe5c8 00007f3c9e9fe568
0x00007f3c9e9fe570:   0000000000000000 0000000000000005
0x00007f3c9e9fe580:   00007f3c0b472c78 0000000000000000
0x00007f3c9e9fe590:   0000000452807b68 00007f3c0b467ba0
0x00007f3c9e9fe5a0:   0000000000000000 00007f3c9e9fe5d0
0x00007f3c9e9fe5b0:   00007f3c9e9fe628 00007f3c87e67166
0x00007f3c9e9fe5c0:   0000000452807b68 00007f3c87e68f97
0x00007f3c9e9fe5d0:   0000000000000040 0000000000000000
0x00007f3c9e9fe5e0:   00007f3c9e9fe5e0 00007f3c0b467c4c
0x00007f3c9e9fe5f0:   0000000000000003 00007f3c0b472c78
0x00007f3c9e9fe600:   0000000000000000 0000000452807b68
0x00007f3c9e9fe610:   00007f3c0b467c70 00007f3c9e9fe5d0
0x00007f3c9e9fe620:   00007f3c9e9fe638 00007f3c9e9fe690
0x00007f3c9e9fe630:   00007f3c87e67166 0000000000000040
0x00007f3c9e9fe640:   0000000000000000 00007f3c9e9fe648
0x00007f3c9e9fe650:   00007f3c0b40f319 0000000000000004
0x00007f3c9e9fe660:   00007f3c0b4177b8 00007f3c0b5d75f0
0x00007f3c9e9fe670:   000000045352faa0 00007f3c0b40f348
0x00007f3c9e9fe680:   00007f3c9e9fe638 00007f3c9e9fe6a8
0x00007f3c9e9fe690:   00007f3c9e9fe700 00007f3c87e67166
0x00007f3c9e9fe6a0:   00000004528d1e50 00007f3ca0271fe0
0x00007f3c9e9fe6b0:   0000000000000000 00007f3c9e9fe6b8
0x00007f3c9e9fe6c0:   00007f3c0b40ed64 0000000000000002
0x00007f3c9e9fe6d0:   00007f3c0b4177b8 00007f3c0b5d73c8 

Instructions: (pc=0x00007f3c9ef8c473)
0x00007f3c9ef8c373:   80 00 00 00 00 48 8d 05 41 00 00 00 e9 53 ff ff
0x00007f3c9ef8c383:   ff 0f 1f 40 00 48 8d 05 d1 fe ff ff e9 43 ff ff
0x00007f3c9ef8c393:   ff 48 8d 05 95 fc e4 00 48 8d 0d c6 c2 ad 00 ba
0x00007f3c9ef8c3a3:   e2 00 00 00 48 8d 35 f2 c2 ad 00 bf 00 00 00 e0
0x00007f3c9ef8c3b3:   48 8b 00 c6 00 58 31 c0 e8 30 14 10 00 55 48 8d
0x00007f3c9ef8c3c3:   05 88 f0 e7 00 48 89 e5 41 56 41 55 41 54 49 89
0x00007f3c9ef8c3d3:   f4 53 4c 8b 28 48 89 fb 41 80 bd 18 06 00 00 00
0x00007f3c9ef8c3e3:   74 2e 4c 8b 37 4d 85 f6 74 26 66 48 8d 3d db 9f
0x00007f3c9ef8c3f3:   e4 00 66 66 48 e8 a3 00 d0 ff 49 8d bd f0 04 00
0x00007f3c9ef8c403:   00 4c 89 f2 48 8b 30 48 83 c6 28 e8 fd 39 7e 00
0x00007f3c9ef8c413:   4c 89 23 5b 41 5c 41 5d 41 5e 5d c3 90 55 48 8d
0x00007f3c9ef8c423:   05 28 f0 e7 00 48 89 e5 41 56 41 55 41 54 49 89
0x00007f3c9ef8c433:   f4 53 4c 8b 28 48 89 fb 41 80 bd 18 06 00 00 00
0x00007f3c9ef8c443:   74 2e 4c 8b 37 4d 85 f6 74 26 66 48 8d 3d 7b 9f
0x00007f3c9ef8c453:   e4 00 66 66 48 e8 43 00 d0 ff 49 8d bd f0 04 00
0x00007f3c9ef8c463:   00 4c 89 f2 48 8b 30 48 83 c6 28 e8 9d 39 7e 00
0x00007f3c9ef8c473:   4c 89 23 5b 41 5c 41 5d 41 5e 5d c3 90 55 48 89
0x00007f3c9ef8c483:   e5 41 55 4c 8d 2d 93 21 b5 00 41 54 49 89 fc 53
0x00007f3c9ef8c493:   48 89 f3 48 83 ec 08 48 8b 07 48 8d 15 1c a6 ed
0x00007f3c9ef8c4a3:   00 48 89 c1 48 23 0a 75 34 48 8d 05 15 a6 ed 00
0x00007f3c9ef8c4b3:   48 8b 10 48 89 d0 48 c1 e8 0c 83 e0 0f 41 8b 4c
0x00007f3c9ef8c4c3:   85 00 48 d3 e3 48 09 d3 49 89 1c 24 48 83 c4 08
0x00007f3c9ef8c4d3:   5b 41 5c 41 5d 5d c3 66 0f 1f 44 00 00 48 89 c7
0x00007f3c9ef8c4e3:   48 81 e7 0f 00 ff ff 74 24 48 89 c2 48 89 c7 48
0x00007f3c9ef8c4f3:   89 c6 48 c1 ea 0c 83 e2 0f 41 8b 4c 95 00 48 8d
0x00007f3c9ef8c503:   15 d8 a5 ed 00 48 d3 ef 48 23 32 75 10 e8 1b 81
0x00007f3c9ef8c513:   a1 00 eb 95 66 0f 1f 84 00 00 00 00 00 48 8d 0d
0x00007f3c9ef8c523:   e9 a5 ed 00 48 89 c2 81 e2 00 f0 00 00 48 89 d6
0x00007f3c9ef8c533:   48 23 31 75 58 48 8d 0d d9 a5 ed 00 48 23 11 75
0x00007f3c9ef8c543:   5c 83 e0 30 48 83 f8 30 74 53 48 8d 05 d4 a7 ed
0x00007f3c9ef8c553:   00 48 8b 30 48 8d 05 d2 a5 ed 00 48 8b 08 48 8b
0x00007f3c9ef8c563:   56 28 48 21 f9 48 89 c8 48 c1 e8 15 48 8d 04 c2 


Stack slot to memory mapping:

stack at sp + 0 slots: 0x00007f3c9802b110 is a thread
stack at sp + 1 slots: 0x000000000000003e is an unknown value
stack at sp + 2 slots: {method} {0x00007f3c0b467ba0} 'nDeleteGlobalRef' '(J)V' in 'org/lwjgl/system/jni/JNINativeInterface'
stack at sp + 3 slots: 0x00007f3c9e9fe5d8 is pointing into the stack for thread: 0x00007f3c9802b110
stack at sp + 4 slots: 0x00007f3c9e9fe520 is pointing into the stack for thread: 0x00007f3c9802b110
stack at sp + 5 slots: 0x00007f3c9f3a9cfe: <offset 0x00000000009a9cfe> in /home/mindspice/code/jdk/openjdk-21-rc/lib/server/libjvm.so at 0x00007f3c9ea00000
stack at sp + 6 slots: 0x0 is null
stack at sp + 7 slots: 0x0000000000000040 is an unknown value


---------------  P R O C E S S  ---------------

Threads class SMR info:
_java_thread_list=0x00007f3bdc072800, length=12, elements={
0x00007f3c9802b110, 0x00007f3c9815cdd0, 0x00007f3c9815e420, 0x00007f3c9815ff00,
0x00007f3c98161540, 0x00007f3c98162ae0, 0x00007f3c981646a0, 0x00007f3c98165d60,
0x00007f3c9817f8e0, 0x00007f3c98335cd0, 0x00007f3c98336620, 0x00007f3bf4000ff0
}

Java Threads: ( => current thread )
=>0x00007f3c9802b110 JavaThread "main"                              [_thread_in_vm, id=80639, stack(0x00007f3c9e900000,0x00007f3c9ea00000) (1024K)]
  0x00007f3c9815cdd0 JavaThread "Reference Handler"          daemon [_thread_blocked, id=80652, stack(0x00007f3c6c987000,0x00007f3c6ca87000) (1024K)]
  0x00007f3c9815e420 JavaThread "Finalizer"                  daemon [_thread_blocked, id=80653, stack(0x00007f3c6c887000,0x00007f3c6c987000) (1024K)]
  0x00007f3c9815ff00 JavaThread "Signal Dispatcher"          daemon [_thread_blocked, id=80654, stack(0x00007f3c6c787000,0x00007f3c6c887000) (1024K)]
  0x00007f3c98161540 JavaThread "Service Thread"             daemon [_thread_blocked, id=80655, stack(0x00007f3c6c687000,0x00007f3c6c787000) (1024K)]
  0x00007f3c98162ae0 JavaThread "Monitor Deflation Thread"   daemon [_thread_blocked, id=80656, stack(0x00007f3c6c587000,0x00007f3c6c687000) (1024K)]
  0x00007f3c981646a0 JavaThread "C2 CompilerThread0"         daemon [_thread_blocked, id=80657, stack(0x00007f3c6c487000,0x00007f3c6c587000) (1024K)]
  0x00007f3c98165d60 JavaThread "C1 CompilerThread0"         daemon [_thread_blocked, id=80658, stack(0x00007f3c6c387000,0x00007f3c6c487000) (1024K)]
  0x00007f3c9817f8e0 JavaThread "Common-Cleaner"             daemon [_thread_blocked, id=80659, stack(0x00007f3c6c1b7000,0x00007f3c6c2b7000) (1024K)]
  0x00007f3c98335cd0 JavaThread "Monitor Ctrl-Break"         daemon [_thread_in_native, id=80662, stack(0x00007f3c5ce00000,0x00007f3c5cf00000) (1024K)]
  0x00007f3c98336620 JavaThread "Notification Thread"        daemon [_thread_blocked, id=80663, stack(0x00007f3c5cd00000,0x00007f3c5ce00000) (1024K)]
  0x00007f3bf4000ff0 JavaThread "Attach Listener"            daemon [_thread_blocked, id=80672, stack(0x00007f3c084b5000,0x00007f3c085b5000) (1024K)]
Total: 12

Other Threads:
  0x00007f3c9814f730 VMThread "VM Thread"                           [id=80651, stack(0x00007f3c6ca88000,0x00007f3c6cb88000) (1024K)]
  0x00007f3c98134b90 WatcherThread "VM Periodic Task Thread"        [id=80646, stack(0x00007f3c6cb89000,0x00007f3c6cc89000) (1024K)]
  0x00007f3c98058f50 WorkerThread "GC Thread#0"                     [id=80640, stack(0x00007f3c9d29f000,0x00007f3c9d39f000) (1024K)]
  0x00007f3c98069f90 ConcurrentGCThread "G1 Main Marker"            [id=80641, stack(0x00007f3c9d19e000,0x00007f3c9d29e000) (1024K)]
  0x00007f3c9806ae70 WorkerThread "G1 Conc#0"                       [id=80642, stack(0x00007f3c9d09d000,0x00007f3c9d19d000) (1024K)]
  0x00007f3c98122560 ConcurrentGCThread "G1 Refine#0"               [id=80643, stack(0x00007f3c6ce67000,0x00007f3c6cf67000) (1024K)]
  0x00007f3c98123510 ConcurrentGCThread "G1 Service"                [id=80644, stack(0x00007f3c6cd66000,0x00007f3c6ce66000) (1024K)]
Total: 7

Threads with active compile tasks:
Total: 0

VM state: not at safepoint (normal execution)

VM Mutex/Monitor currently owned by a thread: None

Heap address: 0x0000000414800000, size: 16056 MB, Compressed Oops mode: Zero based, Oop shift amount: 3

CDS archive(s) mapped at: [0x00007f3c0f000000-0x00007f3c0fca5000-0x00007f3c0fca5000), size 13258752, SharedBaseAddress: 0x00007f3c0f000000, ArchiveRelocationMode: 1.
Compressed class space mapped at: 0x00007f3c10000000-0x00007f3c50000000, reserved size: 1073741824
Narrow klass base: 0x00007f3c0f000000, Narrow klass shift: 0, Narrow klass range: 0x100000000

GC Precious Log:
 CardTable entry size: 512
 Card Set container configuration: InlinePtr #cards 4 size 8 Array Of Cards #cards 64 size 144 Howl #buckets 8 coarsen threshold 14745 Howl Bitmap #cards 2048 size 272 coarsen threshold 1843 Card regions per heap region 1 cards per card region 16384
 CPUs: 24 total, 24 available
 Memory: 64212M
 Large Page Support: Disabled
 NUMA Support: Disabled
 Compressed Oops: Enabled (Zero based)
 Heap Region Size: 8M
 Heap Min Capacity: 8M
 Heap Initial Capacity: 1008M
 Heap Max Capacity: 16056M
 Pre-touch: Disabled
 Parallel Workers: 18
 Concurrent Workers: 5
 Concurrent Refinement Workers: 18
 Periodic GC: Disabled

Heap:
 garbage-first heap   total 1040384K, used 9245K [0x0000000414800000, 0x0000000800000000)
  region size 8192K, 2 young (16384K), 0 survivors (0K)
 Metaspace       used 4303K, committed 4480K, reserved 1114112K
  class space    used 289K, committed 384K, reserved 1048576K

Heap Regions: E=young(eden), S=young(survivor), O=old, HS=humongous(starts), HC=humongous(continues), CS=collection set, F=free, TAMS=top-at-mark-start, PB=parsable bottom
|   0|0x0000000414800000, 0x0000000414800000, 0x0000000415000000|  0%| F|  |TAMS 0x0000000414800000| PB 0x0000000414800000| Untracked 
|   1|0x0000000415000000, 0x0000000415000000, 0x0000000415800000|  0%| F|  |TAMS 0x0000000415000000| PB 0x0000000415000000| Untracked 
|   2|0x0000000415800000, 0x0000000415800000, 0x0000000416000000|  0%| F|  |TAMS 0x0000000415800000| PB 0x0000000415800000| Untracked 
|   3|0x0000000416000000, 0x0000000416000000, 0x0000000416800000|  0%| F|  |TAMS 0x0000000416000000| PB 0x0000000416000000| Untracked 
|   4|0x0000000416800000, 0x0000000416800000, 0x0000000417000000|  0%| F|  |TAMS 0x0000000416800000| PB 0x0000000416800000| Untracked 
|   5|0x0000000417000000, 0x0000000417000000, 0x0000000417800000|  0%| F|  |TAMS 0x0000000417000000| PB 0x0000000417000000| Untracked 
|   6|0x0000000417800000, 0x0000000417800000, 0x0000000418000000|  0%| F|  |TAMS 0x0000000417800000| PB 0x0000000417800000| Untracked 
|   7|0x0000000418000000, 0x0000000418000000, 0x0000000418800000|  0%| F|  |TAMS 0x0000000418000000| PB 0x0000000418000000| Untracked 
|   8|0x0000000418800000, 0x0000000418800000, 0x0000000419000000|  0%| F|  |TAMS 0x0000000418800000| PB 0x0000000418800000| Untracked 
|   9|0x0000000419000000, 0x0000000419000000, 0x0000000419800000|  0%| F|  |TAMS 0x0000000419000000| PB 0x0000000419000000| Untracked 
|  10|0x0000000419800000, 0x0000000419800000, 0x000000041a000000|  0%| F|  |TAMS 0x0000000419800000| PB 0x0000000419800000| Untracked 
|  11|0x000000041a000000, 0x000000041a000000, 0x000000041a800000|  0%| F|  |TAMS 0x000000041a000000| PB 0x000000041a000000| Untracked 
|  12|0x000000041a800000, 0x000000041a800000, 0x000000041b000000|  0%| F|  |TAMS 0x000000041a800000| PB 0x000000041a800000| Untracked 
|  13|0x000000041b000000, 0x000000041b000000, 0x000000041b800000|  0%| F|  |TAMS 0x000000041b000000| PB 0x000000041b000000| Untracked 
|  14|0x000000041b800000, 0x000000041b800000, 0x000000041c000000|  0%| F|  |TAMS 0x000000041b800000| PB 0x000000041b800000| Untracked 
|  15|0x000000041c000000, 0x000000041c000000, 0x000000041c800000|  0%| F|  |TAMS 0x000000041c000000| PB 0x000000041c000000| Untracked 
|  16|0x000000041c800000, 0x000000041c800000, 0x000000041d000000|  0%| F|  |TAMS 0x000000041c800000| PB 0x000000041c800000| Untracked 
|  17|0x000000041d000000, 0x000000041d000000, 0x000000041d800000|  0%| F|  |TAMS 0x000000041d000000| PB 0x000000041d000000| Untracked 
|  18|0x000000041d800000, 0x000000041d800000, 0x000000041e000000|  0%| F|  |TAMS 0x000000041d800000| PB 0x000000041d800000| Untracked 
|  19|0x000000041e000000, 0x000000041e000000, 0x000000041e800000|  0%| F|  |TAMS 0x000000041e000000| PB 0x000000041e000000| Untracked 
|  20|0x000000041e800000, 0x000000041e800000, 0x000000041f000000|  0%| F|  |TAMS 0x000000041e800000| PB 0x000000041e800000| Untracked 
|  21|0x000000041f000000, 0x000000041f000000, 0x000000041f800000|  0%| F|  |TAMS 0x000000041f000000| PB 0x000000041f000000| Untracked 
|  22|0x000000041f800000, 0x000000041f800000, 0x0000000420000000|  0%| F|  |TAMS 0x000000041f800000| PB 0x000000041f800000| Untracked 
|  23|0x0000000420000000, 0x0000000420000000, 0x0000000420800000|  0%| F|  |TAMS 0x0000000420000000| PB 0x0000000420000000| Untracked 
|  24|0x0000000420800000, 0x0000000420800000, 0x0000000421000000|  0%| F|  |TAMS 0x0000000420800000| PB 0x0000000420800000| Untracked 
|  25|0x0000000421000000, 0x0000000421000000, 0x0000000421800000|  0%| F|  |TAMS 0x0000000421000000| PB 0x0000000421000000| Untracked 
|  26|0x0000000421800000, 0x0000000421800000, 0x0000000422000000|  0%| F|  |TAMS 0x0000000421800000| PB 0x0000000421800000| Untracked 
|  27|0x0000000422000000, 0x0000000422000000, 0x0000000422800000|  0%| F|  |TAMS 0x0000000422000000| PB 0x0000000422000000| Untracked 
|  28|0x0000000422800000, 0x0000000422800000, 0x0000000423000000|  0%| F|  |TAMS 0x0000000422800000| PB 0x0000000422800000| Untracked 
|  29|0x0000000423000000, 0x0000000423000000, 0x0000000423800000|  0%| F|  |TAMS 0x0000000423000000| PB 0x0000000423000000| Untracked 
|  30|0x0000000423800000, 0x0000000423800000, 0x0000000424000000|  0%| F|  |TAMS 0x0000000423800000| PB 0x0000000423800000| Untracked 
|  31|0x0000000424000000, 0x0000000424000000, 0x0000000424800000|  0%| F|  |TAMS 0x0000000424000000| PB 0x0000000424000000| Untracked 
|  32|0x0000000424800000, 0x0000000424800000, 0x0000000425000000|  0%| F|  |TAMS 0x0000000424800000| PB 0x0000000424800000| Untracked 
|  33|0x0000000425000000, 0x0000000425000000, 0x0000000425800000|  0%| F|  |TAMS 0x0000000425000000| PB 0x0000000425000000| Untracked 
|  34|0x0000000425800000, 0x0000000425800000, 0x0000000426000000|  0%| F|  |TAMS 0x0000000425800000| PB 0x0000000425800000| Untracked 
|  35|0x0000000426000000, 0x0000000426000000, 0x0000000426800000|  0%| F|  |TAMS 0x0000000426000000| PB 0x0000000426000000| Untracked 
|  36|0x0000000426800000, 0x0000000426800000, 0x0000000427000000|  0%| F|  |TAMS 0x0000000426800000| PB 0x0000000426800000| Untracked 
|  37|0x0000000427000000, 0x0000000427000000, 0x0000000427800000|  0%| F|  |TAMS 0x0000000427000000| PB 0x0000000427000000| Untracked 
|  38|0x0000000427800000, 0x0000000427800000, 0x0000000428000000|  0%| F|  |TAMS 0x0000000427800000| PB 0x0000000427800000| Untracked 
|  39|0x0000000428000000, 0x0000000428000000, 0x0000000428800000|  0%| F|  |TAMS 0x0000000428000000| PB 0x0000000428000000| Untracked 
|  40|0x0000000428800000, 0x0000000428800000, 0x0000000429000000|  0%| F|  |TAMS 0x0000000428800000| PB 0x0000000428800000| Untracked 
|  41|0x0000000429000000, 0x0000000429000000, 0x0000000429800000|  0%| F|  |TAMS 0x0000000429000000| PB 0x0000000429000000| Untracked 
|  42|0x0000000429800000, 0x0000000429800000, 0x000000042a000000|  0%| F|  |TAMS 0x0000000429800000| PB 0x0000000429800000| Untracked 
|  43|0x000000042a000000, 0x000000042a000000, 0x000000042a800000|  0%| F|  |TAMS 0x000000042a000000| PB 0x000000042a000000| Untracked 
|  44|0x000000042a800000, 0x000000042a800000, 0x000000042b000000|  0%| F|  |TAMS 0x000000042a800000| PB 0x000000042a800000| Untracked 
|  45|0x000000042b000000, 0x000000042b000000, 0x000000042b800000|  0%| F|  |TAMS 0x000000042b000000| PB 0x000000042b000000| Untracked 
|  46|0x000000042b800000, 0x000000042b800000, 0x000000042c000000|  0%| F|  |TAMS 0x000000042b800000| PB 0x000000042b800000| Untracked 
|  47|0x000000042c000000, 0x000000042c000000, 0x000000042c800000|  0%| F|  |TAMS 0x000000042c000000| PB 0x000000042c000000| Untracked 
|  48|0x000000042c800000, 0x000000042c800000, 0x000000042d000000|  0%| F|  |TAMS 0x000000042c800000| PB 0x000000042c800000| Untracked 
|  49|0x000000042d000000, 0x000000042d000000, 0x000000042d800000|  0%| F|  |TAMS 0x000000042d000000| PB 0x000000042d000000| Untracked 
|  50|0x000000042d800000, 0x000000042d800000, 0x000000042e000000|  0%| F|  |TAMS 0x000000042d800000| PB 0x000000042d800000| Untracked 
|  51|0x000000042e000000, 0x000000042e000000, 0x000000042e800000|  0%| F|  |TAMS 0x000000042e000000| PB 0x000000042e000000| Untracked 
|  52|0x000000042e800000, 0x000000042e800000, 0x000000042f000000|  0%| F|  |TAMS 0x000000042e800000| PB 0x000000042e800000| Untracked 
|  53|0x000000042f000000, 0x000000042f000000, 0x000000042f800000|  0%| F|  |TAMS 0x000000042f000000| PB 0x000000042f000000| Untracked 
|  54|0x000000042f800000, 0x000000042f800000, 0x0000000430000000|  0%| F|  |TAMS 0x000000042f800000| PB 0x000000042f800000| Untracked 
|  55|0x0000000430000000, 0x0000000430000000, 0x0000000430800000|  0%| F|  |TAMS 0x0000000430000000| PB 0x0000000430000000| Untracked 
|  56|0x0000000430800000, 0x0000000430800000, 0x0000000431000000|  0%| F|  |TAMS 0x0000000430800000| PB 0x0000000430800000| Untracked 
|  57|0x0000000431000000, 0x0000000431000000, 0x0000000431800000|  0%| F|  |TAMS 0x0000000431000000| PB 0x0000000431000000| Untracked 
|  58|0x0000000431800000, 0x0000000431800000, 0x0000000432000000|  0%| F|  |TAMS 0x0000000431800000| PB 0x0000000431800000| Untracked 
|  59|0x0000000432000000, 0x0000000432000000, 0x0000000432800000|  0%| F|  |TAMS 0x0000000432000000| PB 0x0000000432000000| Untracked 
|  60|0x0000000432800000, 0x0000000432800000, 0x0000000433000000|  0%| F|  |TAMS 0x0000000432800000| PB 0x0000000432800000| Untracked 
|  61|0x0000000433000000, 0x0000000433000000, 0x0000000433800000|  0%| F|  |TAMS 0x0000000433000000| PB 0x0000000433000000| Untracked 
|  62|0x0000000433800000, 0x0000000433800000, 0x0000000434000000|  0%| F|  |TAMS 0x0000000433800000| PB 0x0000000433800000| Untracked 
|  63|0x0000000434000000, 0x0000000434000000, 0x0000000434800000|  0%| F|  |TAMS 0x0000000434000000| PB 0x0000000434000000| Untracked 
|  64|0x0000000434800000, 0x0000000434800000, 0x0000000435000000|  0%| F|  |TAMS 0x0000000434800000| PB 0x0000000434800000| Untracked 
|  65|0x0000000435000000, 0x0000000435000000, 0x0000000435800000|  0%| F|  |TAMS 0x0000000435000000| PB 0x0000000435000000| Untracked 
|  66|0x0000000435800000, 0x0000000435800000, 0x0000000436000000|  0%| F|  |TAMS 0x0000000435800000| PB 0x0000000435800000| Untracked 
|  67|0x0000000436000000, 0x0000000436000000, 0x0000000436800000|  0%| F|  |TAMS 0x0000000436000000| PB 0x0000000436000000| Untracked 
|  68|0x0000000436800000, 0x0000000436800000, 0x0000000437000000|  0%| F|  |TAMS 0x0000000436800000| PB 0x0000000436800000| Untracked 
|  69|0x0000000437000000, 0x0000000437000000, 0x0000000437800000|  0%| F|  |TAMS 0x0000000437000000| PB 0x0000000437000000| Untracked 
|  70|0x0000000437800000, 0x0000000437800000, 0x0000000438000000|  0%| F|  |TAMS 0x0000000437800000| PB 0x0000000437800000| Untracked 
|  71|0x0000000438000000, 0x0000000438000000, 0x0000000438800000|  0%| F|  |TAMS 0x0000000438000000| PB 0x0000000438000000| Untracked 
|  72|0x0000000438800000, 0x0000000438800000, 0x0000000439000000|  0%| F|  |TAMS 0x0000000438800000| PB 0x0000000438800000| Untracked 
|  73|0x0000000439000000, 0x0000000439000000, 0x0000000439800000|  0%| F|  |TAMS 0x0000000439000000| PB 0x0000000439000000| Untracked 
|  74|0x0000000439800000, 0x0000000439800000, 0x000000043a000000|  0%| F|  |TAMS 0x0000000439800000| PB 0x0000000439800000| Untracked 
|  75|0x000000043a000000, 0x000000043a000000, 0x000000043a800000|  0%| F|  |TAMS 0x000000043a000000| PB 0x000000043a000000| Untracked 
|  76|0x000000043a800000, 0x000000043a800000, 0x000000043b000000|  0%| F|  |TAMS 0x000000043a800000| PB 0x000000043a800000| Untracked 
|  77|0x000000043b000000, 0x000000043b000000, 0x000000043b800000|  0%| F|  |TAMS 0x000000043b000000| PB 0x000000043b000000| Untracked 
|  78|0x000000043b800000, 0x000000043b800000, 0x000000043c000000|  0%| F|  |TAMS 0x000000043b800000| PB 0x000000043b800000| Untracked 
|  79|0x000000043c000000, 0x000000043c000000, 0x000000043c800000|  0%| F|  |TAMS 0x000000043c000000| PB 0x000000043c000000| Untracked 
|  80|0x000000043c800000, 0x000000043c800000, 0x000000043d000000|  0%| F|  |TAMS 0x000000043c800000| PB 0x000000043c800000| Untracked 
|  81|0x000000043d000000, 0x000000043d000000, 0x000000043d800000|  0%| F|  |TAMS 0x000000043d000000| PB 0x000000043d000000| Untracked 
|  82|0x000000043d800000, 0x000000043d800000, 0x000000043e000000|  0%| F|  |TAMS 0x000000043d800000| PB 0x000000043d800000| Untracked 
|  83|0x000000043e000000, 0x000000043e000000, 0x000000043e800000|  0%| F|  |TAMS 0x000000043e000000| PB 0x000000043e000000| Untracked 
|  84|0x000000043e800000, 0x000000043e800000, 0x000000043f000000|  0%| F|  |TAMS 0x000000043e800000| PB 0x000000043e800000| Untracked 
|  85|0x000000043f000000, 0x000000043f000000, 0x000000043f800000|  0%| F|  |TAMS 0x000000043f000000| PB 0x000000043f000000| Untracked 
|  86|0x000000043f800000, 0x000000043f800000, 0x0000000440000000|  0%| F|  |TAMS 0x000000043f800000| PB 0x000000043f800000| Untracked 
|  87|0x0000000440000000, 0x0000000440000000, 0x0000000440800000|  0%| F|  |TAMS 0x0000000440000000| PB 0x0000000440000000| Untracked 
|  88|0x0000000440800000, 0x0000000440800000, 0x0000000441000000|  0%| F|  |TAMS 0x0000000440800000| PB 0x0000000440800000| Untracked 
|  89|0x0000000441000000, 0x0000000441000000, 0x0000000441800000|  0%| F|  |TAMS 0x0000000441000000| PB 0x0000000441000000| Untracked 
|  90|0x0000000441800000, 0x0000000441800000, 0x0000000442000000|  0%| F|  |TAMS 0x0000000441800000| PB 0x0000000441800000| Untracked 
|  91|0x0000000442000000, 0x0000000442000000, 0x0000000442800000|  0%| F|  |TAMS 0x0000000442000000| PB 0x0000000442000000| Untracked 
|  92|0x0000000442800000, 0x0000000442800000, 0x0000000443000000|  0%| F|  |TAMS 0x0000000442800000| PB 0x0000000442800000| Untracked 
|  93|0x0000000443000000, 0x0000000443000000, 0x0000000443800000|  0%| F|  |TAMS 0x0000000443000000| PB 0x0000000443000000| Untracked 
|  94|0x0000000443800000, 0x0000000443800000, 0x0000000444000000|  0%| F|  |TAMS 0x0000000443800000| PB 0x0000000443800000| Untracked 
|  95|0x0000000444000000, 0x0000000444000000, 0x0000000444800000|  0%| F|  |TAMS 0x0000000444000000| PB 0x0000000444000000| Untracked 
|  96|0x0000000444800000, 0x0000000444800000, 0x0000000445000000|  0%| F|  |TAMS 0x0000000444800000| PB 0x0000000444800000| Untracked 
|  97|0x0000000445000000, 0x0000000445000000, 0x0000000445800000|  0%| F|  |TAMS 0x0000000445000000| PB 0x0000000445000000| Untracked 
|  98|0x0000000445800000, 0x0000000445800000, 0x0000000446000000|  0%| F|  |TAMS 0x0000000445800000| PB 0x0000000445800000| Untracked 
|  99|0x0000000446000000, 0x0000000446000000, 0x0000000446800000|  0%| F|  |TAMS 0x0000000446000000| PB 0x0000000446000000| Untracked 
| 100|0x0000000446800000, 0x0000000446800000, 0x0000000447000000|  0%| F|  |TAMS 0x0000000446800000| PB 0x0000000446800000| Untracked 
| 101|0x0000000447000000, 0x0000000447000000, 0x0000000447800000|  0%| F|  |TAMS 0x0000000447000000| PB 0x0000000447000000| Untracked 
| 102|0x0000000447800000, 0x0000000447800000, 0x0000000448000000|  0%| F|  |TAMS 0x0000000447800000| PB 0x0000000447800000| Untracked 
| 103|0x0000000448000000, 0x0000000448000000, 0x0000000448800000|  0%| F|  |TAMS 0x0000000448000000| PB 0x0000000448000000| Untracked 
| 104|0x0000000448800000, 0x0000000448800000, 0x0000000449000000|  0%| F|  |TAMS 0x0000000448800000| PB 0x0000000448800000| Untracked 
| 105|0x0000000449000000, 0x0000000449000000, 0x0000000449800000|  0%| F|  |TAMS 0x0000000449000000| PB 0x0000000449000000| Untracked 
| 106|0x0000000449800000, 0x0000000449800000, 0x000000044a000000|  0%| F|  |TAMS 0x0000000449800000| PB 0x0000000449800000| Untracked 
| 107|0x000000044a000000, 0x000000044a000000, 0x000000044a800000|  0%| F|  |TAMS 0x000000044a000000| PB 0x000000044a000000| Untracked 
| 108|0x000000044a800000, 0x000000044a800000, 0x000000044b000000|  0%| F|  |TAMS 0x000000044a800000| PB 0x000000044a800000| Untracked 
| 109|0x000000044b000000, 0x000000044b000000, 0x000000044b800000|  0%| F|  |TAMS 0x000000044b000000| PB 0x000000044b000000| Untracked 
| 110|0x000000044b800000, 0x000000044b800000, 0x000000044c000000|  0%| F|  |TAMS 0x000000044b800000| PB 0x000000044b800000| Untracked 
| 111|0x000000044c000000, 0x000000044c000000, 0x000000044c800000|  0%| F|  |TAMS 0x000000044c000000| PB 0x000000044c000000| Untracked 
| 112|0x000000044c800000, 0x000000044c800000, 0x000000044d000000|  0%| F|  |TAMS 0x000000044c800000| PB 0x000000044c800000| Untracked 
| 113|0x000000044d000000, 0x000000044d000000, 0x000000044d800000|  0%| F|  |TAMS 0x000000044d000000| PB 0x000000044d000000| Untracked 
| 114|0x000000044d800000, 0x000000044d800000, 0x000000044e000000|  0%| F|  |TAMS 0x000000044d800000| PB 0x000000044d800000| Untracked 
| 115|0x000000044e000000, 0x000000044e000000, 0x000000044e800000|  0%| F|  |TAMS 0x000000044e000000| PB 0x000000044e000000| Untracked 
| 116|0x000000044e800000, 0x000000044e800000, 0x000000044f000000|  0%| F|  |TAMS 0x000000044e800000| PB 0x000000044e800000| Untracked 
| 117|0x000000044f000000, 0x000000044f000000, 0x000000044f800000|  0%| F|  |TAMS 0x000000044f000000| PB 0x000000044f000000| Untracked 
| 118|0x000000044f800000, 0x000000044f800000, 0x0000000450000000|  0%| F|  |TAMS 0x000000044f800000| PB 0x000000044f800000| Untracked 
| 119|0x0000000450000000, 0x0000000450000000, 0x0000000450800000|  0%| F|  |TAMS 0x0000000450000000| PB 0x0000000450000000| Untracked 
| 120|0x0000000450800000, 0x0000000450800000, 0x0000000451000000|  0%| F|  |TAMS 0x0000000450800000| PB 0x0000000450800000| Untracked 
| 121|0x0000000451000000, 0x0000000451000000, 0x0000000451800000|  0%| F|  |TAMS 0x0000000451000000| PB 0x0000000451000000| Untracked 
| 122|0x0000000451800000, 0x0000000451800000, 0x0000000452000000|  0%| F|  |TAMS 0x0000000451800000| PB 0x0000000451800000| Untracked 
| 123|0x0000000452000000, 0x0000000452000000, 0x0000000452800000|  0%| F|  |TAMS 0x0000000452000000| PB 0x0000000452000000| Untracked 
| 124|0x0000000452800000, 0x0000000452e17f10, 0x0000000453000000| 76%| E|  |TAMS 0x0000000452800000| PB 0x0000000452800000| Complete 
| 125|0x0000000453000000, 0x0000000453800000, 0x0000000453800000|100%| E|CS|TAMS 0x0000000453000000| PB 0x0000000453000000| Complete 
|2006|0x00000007ff800000, 0x00000007ff907430, 0x0000000800000000| 12%| O|  |TAMS 0x00000007ff800000| PB 0x00000007ff800000| Untracked 

Card table byte_map: [0x00007f3c7cb48000,0x00007f3c7eaa4000] _byte_map_base: 0x00007f3c7aaa4000

Marking Bits: (CMBitMap*) 0x00007f3c98059980
 Bits: [0x00007f3c6d068000, 0x00007f3c7cb48000)

Polling page: 0x00007f3ca028c000

Metaspace:

Usage:
  Non-class:      3.92 MB used.
      Class:    289.13 KB used.
       Both:      4.20 MB used.

Virtual space:
  Non-class space:       64.00 MB reserved,       4.00 MB (  6%) committed,  1 nodes.
      Class space:        1.00 GB reserved,     384.00 KB ( <1%) committed,  1 nodes.
             Both:        1.06 GB reserved,       4.38 MB ( <1%) committed. 

Chunk freelists:
   Non-Class:  10.14 MB
       Class:  15.60 MB
        Both:  25.74 MB

MaxMetaspaceSize: unlimited
CompressedClassSpaceSize: 1.00 GB
Initial GC threshold: 21.00 MB
Current GC threshold: 21.00 MB
CDS: on
 - commit_granule_bytes: 65536.
 - commit_granule_words: 8192.
 - virtual_space_node_default_size: 8388608.
 - enlarge_chunks_in_place: 1.
 - use_allocation_guard: 0.


Internal statistics:

num_allocs_failed_limit: 0.
num_arena_births: 104.
num_arena_deaths: 0.
num_vsnodes_births: 2.
num_vsnodes_deaths: 0.
num_space_committed: 68.
num_space_uncommitted: 0.
num_chunks_returned_to_freelist: 0.
num_chunks_taken_from_freelist: 197.
num_chunk_merges: 0.
num_chunk_splits: 132.
num_chunks_enlarged: 84.
num_inconsistent_stats: 0.

CodeHeap 'non-profiled nmethods': size=119168Kb used=364Kb max_used=364Kb free=118803Kb
 bounds [0x00007f3c885a0000, 0x00007f3c88810000, 0x00007f3c8fa00000]
CodeHeap 'profiled nmethods': size=119164Kb used=1651Kb max_used=1651Kb free=117512Kb
 bounds [0x00007f3c80a00000, 0x00007f3c80c70000, 0x00007f3c87e5f000]
CodeHeap 'non-nmethods': size=7428Kb used=2029Kb max_used=3734Kb free=5399Kb
 bounds [0x00007f3c87e5f000, 0x00007f3c8820f000, 0x00007f3c885a0000]
 total_blobs=2076 nmethods=1031 adapters=951
 compilation: enabled
              stopped_count=0, restarted_count=0
 full_count=0

Compilation events (20 events):
Event: 7.477 Thread 0x00007f3c981646a0 1022       4       java.util.concurrent.locks.AbstractQueuedSynchronizer::release (19 bytes)
Event: 7.478 Thread 0x00007f3c981646a0 nmethod 1022 0x00007f3c885f8910 code [0x00007f3c885f8aa0, 0x00007f3c885f8c60]
Event: 7.984 Thread 0x00007f3c981646a0 1023   !   4       jdk.internal.misc.Blocker::begin (97 bytes)
Event: 7.984 Thread 0x00007f3c981646a0 nmethod 1023 0x00007f3c885f8d90 code [0x00007f3c885f8f20, 0x00007f3c885f8fe8]
Event: 8.004 Thread 0x00007f3c981646a0 1024       4       jdk.internal.misc.Blocker::end (71 bytes)
Event: 8.004 Thread 0x00007f3c981646a0 nmethod 1024 0x00007f3c885f9110 code [0x00007f3c885f9280, 0x00007f3c885f9318]
Event: 9.654 Thread 0x00007f3c981646a0 1025       4       java.nio.Buffer::limit (65 bytes)
Event: 9.654 Thread 0x00007f3c981646a0 nmethod 1025 0x00007f3c885f9410 code [0x00007f3c885f95a0, 0x00007f3c885f96a8]
Event: 11.166 Thread 0x00007f3c981646a0 1026       4       java.nio.ByteBuffer::position (6 bytes)
Event: 11.167 Thread 0x00007f3c981646a0 nmethod 1026 0x00007f3c885f9790 code [0x00007f3c885f9920, 0x00007f3c885f9a38]
Event: 11.186 Thread 0x00007f3c981646a0 1027       4       java.nio.CharBuffer::limit (6 bytes)
Event: 11.186 Thread 0x00007f3c981646a0 nmethod 1027 0x00007f3c885f9b90 code [0x00007f3c885f9d20, 0x00007f3c885f9e28]
Event: 11.190 Thread 0x00007f3c981646a0 1028       4       java.nio.CharBuffer::array (35 bytes)
Event: 11.190 Thread 0x00007f3c981646a0 nmethod 1028 0x00007f3c885f9f10 code [0x00007f3c885fa0a0, 0x00007f3c885fa168]
Event: 11.452 Thread 0x00007f3c981646a0 1029       4       java.lang.System$2::encodeASCII (11 bytes)
Event: 11.452 Thread 0x00007f3c981646a0 nmethod 1029 0x00007f3c885fa210 code [0x00007f3c885fa380, 0x00007f3c885fa4f8]
Event: 12.522 Thread 0x00007f3c981646a0 1030   !   4       java.io.FileOutputStream::write (47 bytes)
Event: 12.523 Thread 0x00007f3c981646a0 nmethod 1030 0x00007f3c885fa590 code [0x00007f3c885fa740, 0x00007f3c885fa8d8]
Event: 13.500 Thread 0x00007f3c981646a0 1031       4       sun.nio.cs.UTF_8::updatePositions (23 bytes)
Event: 13.501 Thread 0x00007f3c981646a0 nmethod 1031 0x00007f3c885fab10 code [0x00007f3c885facc0, 0x00007f3c885faf68]

GC Heap History (0 events):
No events

Dll operation events (11 events):
Event: 0.002 Loaded shared library /home/mindspice/code/jdk/openjdk-21-rc/lib/libjava.so
Event: 0.015 Loaded shared library /home/mindspice/code/jdk/openjdk-21-rc/lib/libjsvml.so
Event: 0.038 Loaded shared library /home/mindspice/code/jdk/openjdk-21-rc/lib/libzip.so
Event: 0.039 Loaded shared library /home/mindspice/code/jdk/openjdk-21-rc/lib/libinstrument.so
Event: 0.042 Loaded shared library /home/mindspice/code/jdk/openjdk-21-rc/lib/libnio.so
Event: 0.046 Loaded shared library /home/mindspice/code/jdk/openjdk-21-rc/lib/libzip.so
Event: 0.066 Loaded shared library /home/mindspice/code/jdk/openjdk-21-rc/lib/libnet.so
Event: 0.068 Loaded shared library /home/mindspice/code/jdk/openjdk-21-rc/lib/libextnet.so
Event: 0.088 Loaded shared library /home/mindspice/code/jdk/openjdk-21-rc/lib/libjimage.so
Event: 0.098 Loaded shared library /tmp/lwjgl_mindspice/3.3.3+5/x64/liblwjgl.so
Event: 0.281 Loaded shared library /tmp/lwjgl_mindspice/3.3.3+5/x64/liblwjgl_opengl.so

Deoptimization events (20 events):
Event: 0.127 Thread 0x00007f3c9802b110 DEOPT PACKING pc=0x00007f3c80ab2242 sp=0x00007f3c9e9fbae0
Event: 0.127 Thread 0x00007f3c9802b110 DEOPT UNPACKING pc=0x00007f3c87eb372f sp=0x00007f3c9e9faf98 mode 0
Event: 0.127 Thread 0x00007f3c9802b110 DEOPT PACKING pc=0x00007f3c80ab2242 sp=0x00007f3c9e9fbae0
Event: 0.127 Thread 0x00007f3c9802b110 DEOPT UNPACKING pc=0x00007f3c87eb372f sp=0x00007f3c9e9faf98 mode 0
Event: 0.128 Thread 0x00007f3c9802b110 DEOPT PACKING pc=0x00007f3c80ab2242 sp=0x00007f3c9e9fbae0
Event: 0.128 Thread 0x00007f3c9802b110 DEOPT UNPACKING pc=0x00007f3c87eb372f sp=0x00007f3c9e9faf98 mode 0
Event: 0.132 Thread 0x00007f3c9802b110 DEOPT PACKING pc=0x00007f3c80a12015 sp=0x00007f3c9e9fb2a0
Event: 0.132 Thread 0x00007f3c9802b110 DEOPT UNPACKING pc=0x00007f3c87eb372f sp=0x00007f3c9e9fa6e0 mode 0
Event: 0.141 Thread 0x00007f3c9802b110 DEOPT PACKING pc=0x00007f3c80a02a5e sp=0x00007f3c9e9fb1a0
Event: 0.141 Thread 0x00007f3c9802b110 DEOPT UNPACKING pc=0x00007f3c87eb372f sp=0x00007f3c9e9fa628 mode 0
Event: 1.676 Thread 0x00007f3bf4000ff0 Uncommon trap: trap_request=0xffffff45 fr.pc=0x00007f3c885c5af4 relative=0x00000000000001b4
Event: 1.676 Thread 0x00007f3bf4000ff0 Uncommon trap: reason=unstable_if action=reinterpret pc=0x00007f3c885c5af4 method=java.lang.invoke.VarHandle.checkAccessModeThenIsDirect(Ljava/lang/invoke/VarHandle$AccessDescriptor;)Z @ 4 c2
Event: 1.676 Thread 0x00007f3bf4000ff0 DEOPT PACKING pc=0x00007f3c885c5af4 sp=0x00007f3c085b2500
Event: 1.676 Thread 0x00007f3bf4000ff0 DEOPT UNPACKING pc=0x00007f3c87eb2f99 sp=0x00007f3c085b2458 mode 2
Event: 6.580 Thread 0x00007f3c9802b110 DEOPT PACKING pc=0x00007f3c80b9583f sp=0x00007f3c9e9fe6a0
Event: 6.580 Thread 0x00007f3c9802b110 DEOPT UNPACKING pc=0x00007f3c87eb372f sp=0x00007f3c9e9fdcb8 mode 0
Event: 14.148 Thread 0x00007f3c9802b110 Uncommon trap: trap_request=0xffffff45 fr.pc=0x00007f3c885eb580 relative=0x0000000000002d40
Event: 14.148 Thread 0x00007f3c9802b110 Uncommon trap: reason=unstable_if action=reinterpret pc=0x00007f3c885eb580 method=org.lwjgl.glfw.GLFW.glfwWindowShouldClose(J)Z @ 20 c2
Event: 14.148 Thread 0x00007f3c9802b110 DEOPT PACKING pc=0x00007f3c885eb580 sp=0x00007f3c9e9fe7d0
Event: 14.148 Thread 0x00007f3c9802b110 DEOPT UNPACKING pc=0x00007f3c87eb2f99 sp=0x00007f3c9e9fe6e8 mode 2

Classes loaded (20 events):
Event: 1.682 Loading class jdk/internal/module/ModulePatcher$PatchedModuleReader
Event: 1.682 Loading class jdk/internal/module/ModulePatcher$PatchedModuleReader done
Event: 1.682 Loading class sun/net/www/protocol/jrt/Handler
Event: 1.682 Loading class sun/net/www/protocol/jrt/Handler done
Event: 1.683 Loading class sun/util/cldr/CLDRTimeZoneNameProviderImpl
Event: 1.683 Loading class sun/util/locale/provider/TimeZoneNameProviderImpl
Event: 1.683 Loading class sun/util/locale/provider/TimeZoneNameProviderImpl done
Event: 1.683 Loading class sun/util/cldr/CLDRTimeZoneNameProviderImpl done
Event: 1.685 Loading class sun/util/locale/provider/BaseLocaleDataMetaInfo
Event: 1.685 Loading class sun/util/locale/provider/BaseLocaleDataMetaInfo done
Event: 1.687 Loading class sun/util/resources/cldr/TimeZoneNames
Event: 1.687 Loading class sun/util/resources/TimeZoneNamesBundle
Event: 1.687 Loading class sun/util/resources/OpenListResourceBundle
Event: 1.687 Loading class sun/util/resources/OpenListResourceBundle done
Event: 1.687 Loading class sun/util/resources/TimeZoneNamesBundle done
Event: 1.687 Loading class sun/util/resources/cldr/TimeZoneNames done
Event: 1.687 Loading class sun/util/resources/cldr/TimeZoneNames_en
Event: 1.688 Loading class sun/util/resources/cldr/TimeZoneNames_en done
Event: 1.688 Loading class sun/util/resources/cldr/TimeZoneNames_en_US
Event: 1.688 Loading class sun/util/resources/cldr/TimeZoneNames_en_US done

Classes unloaded (0 events):
No events

Classes redefined (0 events):
No events

Internal exceptions (20 events):
Event: 0.133 Thread 0x00007f3c9802b110 Exception <a 'java/lang/NoSuchMethodError'{0x0000000452832e08}: 'java.lang.Object java.lang.invoke.DirectMethodHandle$Holder.newInvokeSpecial(java.lang.Object, java.lang.Object, long)'> (0x0000000452832e08) 
thrown [open/src/hotspot/share/interpreter/linkResolver.cpp, line 772]
Event: 0.133 Thread 0x00007f3c9802b110 Exception <a 'java/lang/NoSuchMethodError'{0x0000000452836bc0}: 'java.lang.Object java.lang.invoke.Invokers$Holder.linkToTargetMethod(java.lang.Object, long, java.lang.Object)'> (0x0000000452836bc0) 
thrown [open/src/hotspot/share/interpreter/linkResolver.cpp, line 772]
Event: 0.133 Thread 0x00007f3c9802b110 Exception <a 'java/lang/NoSuchMethodError'{0x000000045283dc48}: 'int java.lang.invoke.DirectMethodHandle$Holder.invokeStaticInit(java.lang.Object, java.lang.Object, java.lang.Object, long)'> (0x000000045283dc48) 
thrown [open/src/hotspot/share/interpreter/linkResolver.cpp, line 772]
Event: 0.138 Thread 0x00007f3c9802b110 Exception <a 'sun/nio/fs/UnixException'{0x0000000452890068}> (0x0000000452890068) 
thrown [open/src/hotspot/share/prims/jni.cpp, line 520]
Event: 0.139 Thread 0x00007f3c9802b110 Exception <a 'sun/nio/fs/UnixException'{0x0000000452896190}> (0x0000000452896190) 
thrown [open/src/hotspot/share/prims/jni.cpp, line 520]
Event: 0.141 Thread 0x00007f3c9802b110 Exception <a 'sun/nio/fs/UnixException'{0x000000045289ac30}> (0x000000045289ac30) 
thrown [open/src/hotspot/share/prims/jni.cpp, line 520]
Event: 0.151 Thread 0x00007f3c9802b110 Exception <a 'sun/nio/fs/UnixException'{0x0000000452916600}> (0x0000000452916600) 
thrown [open/src/hotspot/share/prims/jni.cpp, line 520]
Event: 0.151 Thread 0x00007f3c9802b110 Exception <a 'sun/nio/fs/UnixException'{0x000000045291c6e0}> (0x000000045291c6e0) 
thrown [open/src/hotspot/share/prims/jni.cpp, line 520]
Event: 0.152 Thread 0x00007f3c9802b110 Exception <a 'sun/nio/fs/UnixException'{0x0000000452921150}> (0x0000000452921150) 
thrown [open/src/hotspot/share/prims/jni.cpp, line 520]
Event: 0.275 Thread 0x00007f3c9802b110 Exception <a 'java/lang/NoSuchMethodError'{0x000000045293c480}: 'void java.lang.invoke.DirectMethodHandle$Holder.invokeStatic(java.lang.Object, int, long)'> (0x000000045293c480) 
thrown [open/src/hotspot/share/interpreter/linkResolver.cpp, line 772]
Event: 0.279 Thread 0x00007f3c9802b110 Exception <a 'java/lang/NoSuchMethodError'{0x00000004529783b0}: 'void java.lang.System.load(java.lang.String, java.lang.Class)'> (0x00000004529783b0) 
thrown [open/src/hotspot/share/interpreter/linkResolver.cpp, line 772]
Event: 0.279 Thread 0x00007f3c9802b110 Exception <a 'java/lang/NoSuchMethodError'{0x000000045297ad50}: 'void java.lang.System.loadLibrary(java.lang.String, java.lang.Class)'> (0x000000045297ad50) 
thrown [open/src/hotspot/share/interpreter/linkResolver.cpp, line 772]
Event: 0.279 Thread 0x00007f3c9802b110 Exception <a 'sun/nio/fs/UnixException'{0x0000000452980540}> (0x0000000452980540) 
thrown [open/src/hotspot/share/prims/jni.cpp, line 520]
Event: 0.280 Thread 0x00007f3c9802b110 Exception <a 'sun/nio/fs/UnixException'{0x0000000452986630}> (0x0000000452986630) 
thrown [open/src/hotspot/share/prims/jni.cpp, line 520]
Event: 0.281 Thread 0x00007f3c9802b110 Exception <a 'sun/nio/fs/UnixException'{0x000000045298b128}> (0x000000045298b128) 
thrown [open/src/hotspot/share/prims/jni.cpp, line 520]
Event: 0.282 Thread 0x00007f3c9802b110 Exception <a 'sun/nio/fs/UnixException'{0x0000000452994420}> (0x0000000452994420) 
thrown [open/src/hotspot/share/prims/jni.cpp, line 520]
Event: 0.443 Thread 0x00007f3c9802b110 Exception <a 'java/lang/NoSuchMethodError'{0x0000000452ae5608}: 'void java.lang.invoke.DirectMethodHandle$Holder.invokeVirtual(java.lang.Object, java.lang.Object, int)'> (0x0000000452ae5608) 
thrown [open/src/hotspot/share/interpreter/linkResolver.cpp, line 772]
Event: 0.444 Thread 0x00007f3c9802b110 Exception <a 'java/lang/NoSuchMethodError'{0x0000000452aec3a8}: 'void java.lang.invoke.DirectMethodHandle$Holder.invokeStatic(java.lang.Object, java.lang.Object, int)'> (0x0000000452aec3a8) 
thrown [open/src/hotspot/share/interpreter/linkResolver.cpp, line 772]
Event: 0.446 Thread 0x00007f3c9802b110 Exception <a 'java/lang/NoSuchMethodError'{0x0000000452af7b48}: 'void java.lang.invoke.DirectMethodHandle$Holder.invokeStatic(java.lang.Object, int, double)'> (0x0000000452af7b48) 
thrown [open/src/hotspot/share/interpreter/linkResolver.cpp, line 772]
Event: 1.689 Thread 0x00007f3bf4000ff0 Exception <a 'java/lang/NoSuchMethodError'{0x0000000452ca9600}: 'java.lang.Object java.lang.invoke.Invokers$Holder.invokeExact_MT(java.lang.Object, java.lang.Object, java.lang.Object, java.lang.Object, java.lang.Object, java.lang.Object)'> (0x0000000452ca9600) 
thrown [open/src/hotspot/share/interpreter/linkResolver.cpp, line 772]

ZGC Phase Switch (0 events):
No events

VM Operations (16 events):
Event: 0.031 Executing VM operation: HandshakeAllThreads (Deoptimize)
Event: 0.031 Executing VM operation: HandshakeAllThreads (Deoptimize) done
Event: 0.071 Executing VM operation: HandshakeAllThreads (Deoptimize)
Event: 0.071 Executing VM operation: HandshakeAllThreads (Deoptimize) done
Event: 1.071 Executing VM operation: Cleanup
Event: 1.071 Executing VM operation: Cleanup done
Event: 1.675 Executing VM operation: HandshakeAllThreads (Deoptimize)
Event: 1.675 Executing VM operation: HandshakeAllThreads (Deoptimize) done
Event: 2.675 Executing VM operation: Cleanup
Event: 2.675 Executing VM operation: Cleanup done
Event: 6.675 Executing VM operation: Cleanup
Event: 6.675 Executing VM operation: Cleanup done
Event: 7.675 Executing VM operation: Cleanup
Event: 7.676 Executing VM operation: Cleanup done
Event: 11.676 Executing VM operation: Cleanup
Event: 11.676 Executing VM operation: Cleanup done

Events (20 events):
Event: 0.031 Protecting memory [0x00007f3c6c0b7000,0x00007f3c6c0bb000] with protection modes 0
Event: 0.031 Thread 0x00007f3be4057bd0 Thread added: 0x00007f3be4057bd0
Event: 0.031 Protecting memory [0x00007f3c5cf00000,0x00007f3c5cf04000] with protection modes 0
Event: 0.065 Thread 0x00007f3c98335cd0 Thread added: 0x00007f3c98335cd0
Event: 0.065 Protecting memory [0x00007f3c5ce00000,0x00007f3c5ce04000] with protection modes 0
Event: 0.065 Thread 0x00007f3c98336620 Thread added: 0x00007f3c98336620
Event: 0.065 Protecting memory [0x00007f3c5cd00000,0x00007f3c5cd04000] with protection modes 0
Event: 0.131 Thread 0x00007f3be0067f80 Thread added: 0x00007f3be0067f80
Event: 0.131 Protecting memory [0x00007f3c5cc00000,0x00007f3c5cc04000] with protection modes 0
Event: 0.274 Thread 0x00007f3be0067f80 Thread exited: 0x00007f3be0067f80
Event: 0.285 Thread 0x00007f3be40b5580 Thread added: 0x00007f3be40b5580
Event: 0.285 Protecting memory [0x00007f3c5cc00000,0x00007f3c5cc04000] with protection modes 0
Event: 0.443 Thread 0x00007f3be40b5580 Thread exited: 0x00007f3be40b5580
Event: 1.216 Thread 0x00007f3be0097900 Thread added: 0x00007f3be0097900
Event: 1.216 Protecting memory [0x00007f3c5cc00000,0x00007f3c5cc04000] with protection modes 0
Event: 1.574 Thread 0x00007f3bf4000ff0 Thread added: 0x00007f3bf4000ff0
Event: 1.575 Protecting memory [0x00007f3c084b5000,0x00007f3c084b9000] with protection modes 0
Event: 2.608 Thread 0x00007f3be0097900 Thread exited: 0x00007f3be0097900
Event: 2.608 Thread 0x00007f3be4057bd0 Thread exited: 0x00007f3be4057bd0
Event: 3.897 Thread 0x00007f3be404e6d0 Thread exited: 0x00007f3be404e6d0


Dynamic libraries:
414800000-453800000 rw-p 00000000 00:00 0 
453800000-7ff800000 ---p 00000000 00:00 0 
7ff800000-7ff908000 rw-p 00ce4000 103:07 26949071                        /home/mindspice/code/jdk/openjdk-21-rc/lib/server/classes.jsa
7ff908000-800000000 rw-p 00000000 00:00 0 
55f1d184a000-55f1d184b000 r-xp 00000000 103:07 26943862                  /home/mindspice/code/jdk/openjdk-21-rc/bin/java
55f1d184c000-55f1d184d000 r--p 00001000 103:07 26943862                  /home/mindspice/code/jdk/openjdk-21-rc/bin/java
55f1d184d000-55f1d184e000 rw-p 00002000 103:07 26943862                  /home/mindspice/code/jdk/openjdk-21-rc/bin/java
55f1d1f00000-55f1d1f47000 rw-p 00000000 00:00 0                          [heap]
7f3bbc000000-7f3bbc021000 rw-p 00000000 00:00 0 
7f3bbc021000-7f3bc0000000 ---p 00000000 00:00 0 
7f3bc4000000-7f3bc425b000 rw-p 00000000 00:00 0 
7f3bc425b000-7f3bc8000000 ---p 00000000 00:00 0 
7f3bc9600000-7f3bcb638000 r-xp 00000000 103:07 23333760                  /usr/lib/x86_64-linux-gnu/libnvidia-glvkspirv.so.535.104.05
7f3bcb638000-7f3bcb838000 ---p 02038000 103:07 23333760                  /usr/lib/x86_64-linux-gnu/libnvidia-glvkspirv.so.535.104.05
7f3bcb838000-7f3bcbe54000 r--p 02038000 103:07 23333760                  /usr/lib/x86_64-linux-gnu/libnvidia-glvkspirv.so.535.104.05
7f3bcbe54000-7f3bcbee3000 rw-p 02654000 103:07 23333760                  /usr/lib/x86_64-linux-gnu/libnvidia-glvkspirv.so.535.104.05
7f3bcbee3000-7f3bcbf36000 rw-p 00000000 00:00 0 
7f3bcc000000-7f3bcc05e000 rw-p 00000000 00:00 0 
7f3bcc05e000-7f3bd0000000 ---p 00000000 00:00 0 
7f3bd1200000-7f3bd14d8000 r-xp 00000000 103:07 23333644                  /usr/lib/x86_64-linux-gnu/libnvidia-glcore.so.535.104.05
7f3bd14d8000-7f3bd14f9000 rwxp 002d8000 103:07 23333644                  /usr/lib/x86_64-linux-gnu/libnvidia-glcore.so.535.104.05
7f3bd14f9000-7f3bd3b96000 r-xp 002f9000 103:07 23333644                  /usr/lib/x86_64-linux-gnu/libnvidia-glcore.so.535.104.05
7f3bd3b96000-7f3bd3d69000 r--p 02995000 103:07 23333644                  /usr/lib/x86_64-linux-gnu/libnvidia-glcore.so.535.104.05
7f3bd3d69000-7f3bd3dd2000 rw-p 02b68000 103:07 23333644                  /usr/lib/x86_64-linux-gnu/libnvidia-glcore.so.535.104.05
7f3bd3dd2000-7f3bd3e0f000 rw-p 00000000 00:00 0 
7f3bd4000000-7f3bd4021000 rw-p 00000000 00:00 0 
7f3bd4021000-7f3bd8000000 ---p 00000000 00:00 0 
7f3bd8000000-7f3bd8021000 rw-p 00000000 00:00 0 
7f3bd8021000-7f3bdc000000 ---p 00000000 00:00 0 
7f3bdc000000-7f3bdc075000 rw-p 00000000 00:00 0 
7f3bdc075000-7f3be0000000 ---p 00000000 00:00 0 
7f3be0000000-7f3be009d000 rw-p 00000000 00:00 0 
7f3be009d000-7f3be4000000 ---p 00000000 00:00 0 
7f3be4000000-7f3be40bc000 rw-p 00000000 00:00 0 
7f3be40bc000-7f3be8000000 ---p 00000000 00:00 0 
7f3be8000000-7f3be8021000 rw-p 00000000 00:00 0 
7f3be8021000-7f3bec000000 ---p 00000000 00:00 0 
7f3bec000000-7f3bec021000 rw-p 00000000 00:00 0 
7f3bec021000-7f3bf0000000 ---p 00000000 00:00 0 
7f3bf0000000-7f3bf170b000 rw-p 00000000 00:00 0 
7f3bf170b000-7f3bf4000000 ---p 00000000 00:00 0 
7f3bf4000000-7f3bf4021000 rw-p 00000000 00:00 0 
7f3bf4021000-7f3bf8000000 ---p 00000000 00:00 0 
7f3bf8000000-7f3bf8021000 rw-p 00000000 00:00 0 
7f3bf8021000-7f3bfc000000 ---p 00000000 00:00 0 
7f3bfc000000-7f3bfc021000 rw-p 00000000 00:00 0 
7f3bfc021000-7f3c00000000 ---p 00000000 00:00 0 
7f3c00000000-7f3c00021000 rw-p 00000000 00:00 0 
7f3c00021000-7f3c04000000 ---p 00000000 00:00 0 
7f3c04000000-7f3c04021000 rw-p 00000000 00:00 0 
7f3c04021000-7f3c08000000 ---p 00000000 00:00 0 
7f3c081fd000-7f3c084b5000 rw-p 00000000 00:00 0 
7f3c084b5000-7f3c084b9000 ---p 00000000 00:00 0 
7f3c084b9000-7f3c085b5000 rw-p 00000000 00:00 0 
7f3c085b5000-7f3c08635000 rw-s 00000000 00:05 1028                       /dev/nvidiactl
7f3c08635000-7f3c086b5000 rw-s 00000000 00:05 1028                       /dev/nvidiactl
7f3c086b5000-7f3c086e8000 r--p 00000000 103:07 9175154                   /tmp/lwjgl_mindspice/3.3.3+5/x64/liblwjgl_opengl.so
7f3c086e8000-7f3c086fc000 r-xp 00033000 103:07 9175154                   /tmp/lwjgl_mindspice/3.3.3+5/x64/liblwjgl_opengl.so
7f3c086fc000-7f3c0870c000 r--p 00047000 103:07 9175154                   /tmp/lwjgl_mindspice/3.3.3+5/x64/liblwjgl_opengl.so
7f3c0870c000-7f3c0870d000 r--p 00056000 103:07 9175154                   /tmp/lwjgl_mindspice/3.3.3+5/x64/liblwjgl_opengl.so
7f3c0870d000-7f3c0870e000 rw-p 00057000 103:07 9175154                   /tmp/lwjgl_mindspice/3.3.3+5/x64/liblwjgl_opengl.so
7f3c0870e000-7f3c09519000 rw-p 00000000 00:00 0 
7f3c09519000-7f3c09619000 rw-s 00000000 00:05 1028                       /dev/nvidiactl
7f3c09619000-7f3c09699000 rw-s 00000000 00:05 1028                       /dev/nvidiactl
7f3c09699000-7f3c096d9000 rw-s 00000000 00:05 1028                       /dev/nvidiactl
7f3c096d9000-7f3c0991e000 rw-s 00000000 00:01 15368                      /memfd:/.nvidia_drv.XXXXXX (deleted)
7f3c0991e000-7f3c0a1ff000 rw-p 00000000 00:00 0 
7f3c0a1ff000-7f3c0a200000 ---p 00000000 00:00 0 
7f3c0a200000-7f3c0aa00000 rw-p 00000000 00:00 0 
7f3c0aa00000-7f3c0aa76000 r-xp 00000000 103:07 23333651                  /usr/lib/x86_64-linux-gnu/libnvidia-glsi.so.535.104.05
7f3c0aa76000-7f3c0ac75000 ---p 00076000 103:07 23333651                  /usr/lib/x86_64-linux-gnu/libnvidia-glsi.so.535.104.05
7f3c0ac75000-7f3c0ac9f000 r--p 00075000 103:07 23333651                  /usr/lib/x86_64-linux-gnu/libnvidia-glsi.so.535.104.05
7f3c0ac9f000-7f3c0aca0000 rw-p 0009f000 103:07 23333651                  /usr/lib/x86_64-linux-gnu/libnvidia-glsi.so.535.104.05
7f3c0aca0000-7f3c0aca8000 rw-p 00000000 00:00 0 
7f3c0acb8000-7f3c0accb000 rw-s 00000000 00:05 1028                       /dev/nvidiactl
7f3c0accb000-7f3c0aceb000 rw-s 00000000 00:05 1028                       /dev/nvidiactl
7f3c0aceb000-7f3c0ad2b000 rw-s 00000000 00:05 1028                       /dev/nvidiactl
7f3c0ad2b000-7f3c0ad4b000 rw-s 00000000 00:05 1028                       /dev/nvidiactl
7f3c0ad4b000-7f3c0adcb000 rw-s 00000000 00:05 1043                       /dev/nvidia0
7f3c0adcb000-7f3c0ae0b000 rw-s 00000000 00:05 1028                       /dev/nvidiactl
7f3c0ae0b000-7f3c0ae10000 r--p 00000000 103:07 23331149                  /usr/lib/x86_64-linux-gnu/libdrm.so.2.4.0
7f3c0ae10000-7f3c0ae1b000 r-xp 00005000 103:07 23331149                  /usr/lib/x86_64-linux-gnu/libdrm.so.2.4.0
7f3c0ae1b000-7f3c0ae1f000 r--p 00010000 103:07 23331149                  /usr/lib/x86_64-linux-gnu/libdrm.so.2.4.0
7f3c0ae1f000-7f3c0ae20000 r--p 00013000 103:07 23331149                  /usr/lib/x86_64-linux-gnu/libdrm.so.2.4.0
7f3c0ae20000-7f3c0ae21000 rw-p 00014000 103:07 23331149                  /usr/lib/x86_64-linux-gnu/libdrm.so.2.4.0
7f3c0ae21000-7f3c0ae72000 r--p 00000000 103:07 23331931                  /usr/lib/x86_64-linux-gnu/libGLX_nvidia.so.535.104.05
7f3c0ae72000-7f3c0aecc000 r-xp 00051000 103:07 23331931                  /usr/lib/x86_64-linux-gnu/libGLX_nvidia.so.535.104.05
7f3c0aecc000-7f3c0af01000 rwxp 000ab000 103:07 23331931                  /usr/lib/x86_64-linux-gnu/libGLX_nvidia.so.535.104.05
7f3c0af01000-7f3c0af02000 r-xp 000e0000 103:07 23331931                  /usr/lib/x86_64-linux-gnu/libGLX_nvidia.so.535.104.05
7f3c0af02000-7f3c0af21000 r--p 000e1000 103:07 23331931                  /usr/lib/x86_64-linux-gnu/libGLX_nvidia.so.535.104.05
7f3c0af21000-7f3c0af41000 r--p 000ff000 103:07 23331931                  /usr/lib/x86_64-linux-gnu/libGLX_nvidia.so.535.104.05
7f3c0af41000-7f3c0af46000 rw-p 0011f000 103:07 23331931                  /usr/lib/x86_64-linux-gnu/libGLX_nvidia.so.535.104.05
7f3c0af46000-7f3c0af48000 rw-p 00000000 00:00 0 
7f3c0af48000-7f3c0af88000 r--p 00000000 103:07 23333765                  /usr/lib/x86_64-linux-gnu/libGLdispatch.so.0.0.0
7f3c0af88000-7f3c0af8b000 r-xp 00040000 103:07 23333765                  /usr/lib/x86_64-linux-gnu/libGLdispatch.so.0.0.0
7f3c0af8b000-7f3c0afc6000 r-xp 00043000 103:07 23333765                  /usr/lib/x86_64-linux-gnu/libGLdispatch.so.0.0.0
7f3c0afc6000-7f3c0afc7000 r-xp 0007e000 103:07 23333765                  /usr/lib/x86_64-linux-gnu/libGLdispatch.so.0.0.0
7f3c0afc7000-7f3c0afda000 r--p 0007f000 103:07 23333765                  /usr/lib/x86_64-linux-gnu/libGLdispatch.so.0.0.0
7f3c0afda000-7f3c0afdb000 ---p 00092000 103:07 23333765                  /usr/lib/x86_64-linux-gnu/libGLdispatch.so.0.0.0
7f3c0afdb000-7f3c0aff7000 r--p 00092000 103:07 23333765                  /usr/lib/x86_64-linux-gnu/libGLdispatch.so.0.0.0
7f3c0aff7000-7f3c0aff8000 rw-p 000ae000 103:07 23333765                  /usr/lib/x86_64-linux-gnu/libGLdispatch.so.0.0.0
7f3c0aff8000-7f3c0b220000 rw-p 00000000 00:00 0 
7f3c0b220000-7f3c0b400000 ---p 00000000 00:00 0 
7f3c0b400000-7f3c0b530000 rw-p 00000000 00:00 0 
7f3c0b530000-7f3c0b570000 rw-p 00000000 00:00 0 
7f3c0b570000-7f3c0b5e0000 rw-p 00000000 00:00 0 
7f3c0b5e0000-7f3c0f000000 ---p 00000000 00:00 0 
7f3c0f000000-7f3c0fca5000 rw-p 00001000 103:07 26949071                  /home/mindspice/code/jdk/openjdk-21-rc/lib/server/classes.jsa
7f3c0fca5000-7f3c10000000 ---p 00000000 00:00 0 
7f3c10000000-7f3c10030000 rw-p 00000000 00:00 0 
7f3c10030000-7f3c10040000 ---p 00000000 00:00 0 
7f3c10040000-7f3c10070000 rw-p 00000000 00:00 0 
7f3c10070000-7f3c50000000 ---p 00000000 00:00 0 
7f3c50000000-7f3c50021000 rw-p 00000000 00:00 0 
7f3c50021000-7f3c54000000 ---p 00000000 00:00 0 
7f3c54000000-7f3c54021000 rw-p 00000000 00:00 0 
7f3c54021000-7f3c58000000 ---p 00000000 00:00 0 
7f3c58000000-7f3c58021000 rw-p 00000000 00:00 0 
7f3c58021000-7f3c5c000000 ---p 00000000 00:00 0 
7f3c5c000000-7f3c5c800000 rw-p 00000000 00:00 0 
7f3c5c800000-7f3c5c808000 r--p 00000000 103:07 9175118                   /tmp/lwjgl_mindspice/3.3.3+5/x64/libjemalloc.so
7f3c5c808000-7f3c5c85d000 r-xp 00008000 103:07 9175118                   /tmp/lwjgl_mindspice/3.3.3+5/x64/libjemalloc.so
7f3c5c85d000-7f3c5c86d000 r--p 0005d000 103:07 9175118                   /tmp/lwjgl_mindspice/3.3.3+5/x64/libjemalloc.so
7f3c5c86d000-7f3c5c86e000 ---p 0006d000 103:07 9175118                   /tmp/lwjgl_mindspice/3.3.3+5/x64/libjemalloc.so
7f3c5c86e000-7f3c5c874000 r--p 0006d000 103:07 9175118                   /tmp/lwjgl_mindspice/3.3.3+5/x64/libjemalloc.so
7f3c5c874000-7f3c5c875000 rw-p 00073000 103:07 9175118                   /tmp/lwjgl_mindspice/3.3.3+5/x64/libjemalloc.so
7f3c5c875000-7f3c5ca7f000 rw-p 00000000 00:00 0 
7f3c5caa3000-7f3c5caae000 r--p 00000000 103:07 23335615                  /usr/lib/x86_64-linux-gnu/libxcb-glx.so.0.0.0
7f3c5caae000-7f3c5cab7000 r-xp 0000b000 103:07 23335615                  /usr/lib/x86_64-linux-gnu/libxcb-glx.so.0.0.0
7f3c5cab7000-7f3c5cabc000 r--p 00014000 103:07 23335615                  /usr/lib/x86_64-linux-gnu/libxcb-glx.so.0.0.0
7f3c5cabc000-7f3c5cabd000 ---p 00019000 103:07 23335615                  /usr/lib/x86_64-linux-gnu/libxcb-glx.so.0.0.0
7f3c5cabd000-7f3c5cabf000 r--p 00019000 103:07 23335615                  /usr/lib/x86_64-linux-gnu/libxcb-glx.so.0.0.0
7f3c5cabf000-7f3c5cac0000 rw-p 0001b000 103:07 23335615                  /usr/lib/x86_64-linux-gnu/libxcb-glx.so.0.0.0
7f3c5cac0000-7f3c5cad9000 r--p 00000000 103:07 23334788                  /usr/lib/x86_64-linux-gnu/libX11.so.6.4.0
7f3c5cad9000-7f3c5cb65000 r-xp 00019000 103:07 23334788                  /usr/lib/x86_64-linux-gnu/libX11.so.6.4.0
7f3c5cb65000-7f3c5cbfa000 r--p 000a5000 103:07 23334788                  /usr/lib/x86_64-linux-gnu/libX11.so.6.4.0
7f3c5cbfa000-7f3c5cbfb000 ---p 0013a000 103:07 23334788                  /usr/lib/x86_64-linux-gnu/libX11.so.6.4.0
7f3c5cbfb000-7f3c5cbfc000 r--p 0013a000 103:07 23334788                  /usr/lib/x86_64-linux-gnu/libX11.so.6.4.0
7f3c5cbfc000-7f3c5cc00000 rw-p 0013b000 103:07 23334788                  /usr/lib/x86_64-linux-gnu/libX11.so.6.4.0
7f3c5cc00000-7f3c5cc04000 ---p 00000000 00:00 0 
7f3c5cc04000-7f3c5cd00000 rw-p 00000000 00:00 0 
7f3c5cd00000-7f3c5cd04000 ---p 00000000 00:00 0 
7f3c5cd04000-7f3c5ce00000 rw-p 00000000 00:00 0 
7f3c5ce00000-7f3c5ce04000 ---p 00000000 00:00 0 
7f3c5ce04000-7f3c5cf00000 rw-p 00000000 00:00 0 
7f3c5cf00000-7f3c5cf04000 ---p 00000000 00:00 0 
7f3c5cf04000-7f3c5d000000 rw-p 00000000 00:00 0 
7f3c5d000000-7f3c5df06000 r--p 00000000 103:07 22806593                  /usr/lib/locale/locale-archive
7f3c5df16000-7f3c5df17000 r--p 00000000 103:07 23334069                  /usr/lib/x86_64-linux-gnu/libnvidia-tls.so.535.104.05
7f3c5df17000-7f3c5df19000 r-xp 00001000 103:07 23334069                  /usr/lib/x86_64-linux-gnu/libnvidia-tls.so.535.104.05
7f3c5df19000-7f3c5df1a000 r--p 00003000 103:07 23334069                  /usr/lib/x86_64-linux-gnu/libnvidia-tls.so.535.104.05
7f3c5df1a000-7f3c5df1b000 r--p 00003000 103:07 23334069                  /usr/lib/x86_64-linux-gnu/libnvidia-tls.so.535.104.05
7f3c5df1b000-7f3c5df1c000 rw-p 00004000 103:07 23334069                  /usr/lib/x86_64-linux-gnu/libnvidia-tls.so.535.104.05
7f3c5df1c000-7f3c5df1f000 r--p 00000000 103:07 23333758                  /usr/lib/x86_64-linux-gnu/libGLX.so.0.0.0
7f3c5df1f000-7f3c5df3a000 r-xp 00003000 103:07 23333758                  /usr/lib/x86_64-linux-gnu/libGLX.so.0.0.0
7f3c5df3a000-7f3c5df3d000 r--p 0001e000 103:07 23333758                  /usr/lib/x86_64-linux-gnu/libGLX.so.0.0.0
7f3c5df3d000-7f3c5df3e000 ---p 00021000 103:07 23333758                  /usr/lib/x86_64-linux-gnu/libGLX.so.0.0.0
7f3c5df3e000-7f3c5df3f000 r--p 00021000 103:07 23333758                  /usr/lib/x86_64-linux-gnu/libGLX.so.0.0.0
7f3c5df3f000-7f3c5df40000 rw-p 00022000 103:07 23333758                  /usr/lib/x86_64-linux-gnu/libGLX.so.0.0.0
7f3c5df40000-7f3c5df50000 rw-p 00000000 00:00 0 
7f3c5df76000-7f3c5df84000 r--p 00000000 103:07 9175136                   /tmp/lwjgl_mindspice/3.3.3+5/x64/libglfw.so
7f3c5df84000-7f3c5dfa3000 r-xp 0000e000 103:07 9175136                   /tmp/lwjgl_mindspice/3.3.3+5/x64/libglfw.so
7f3c5dfa3000-7f3c5dfd6000 r--p 0002d000 103:07 9175136                   /tmp/lwjgl_mindspice/3.3.3+5/x64/libglfw.so
7f3c5dfd6000-7f3c5dfd7000 ---p 00060000 103:07 9175136                   /tmp/lwjgl_mindspice/3.3.3+5/x64/libglfw.so
7f3c5dfd7000-7f3c5dfda000 r--p 00060000 103:07 9175136                   /tmp/lwjgl_mindspice/3.3.3+5/x64/libglfw.so
7f3c5dfda000-7f3c5dfdd000 rw-p 00063000 103:07 9175136                   /tmp/lwjgl_mindspice/3.3.3+5/x64/libglfw.so
7f3c5dfdd000-7f3c60000000 rw-p 00000000 00:00 0 
7f3c60000000-7f3c60021000 rw-p 00000000 00:00 0 
7f3c60021000-7f3c64000000 ---p 00000000 00:00 0 
7f3c64000000-7f3c64021000 rw-p 00000000 00:00 0 
7f3c64021000-7f3c68000000 ---p 00000000 00:00 0 
7f3c68000000-7f3c68021000 rw-p 00000000 00:00 0 
7f3c68021000-7f3c6c000000 ---p 00000000 00:00 0 
7f3c6c014000-7f3c6c018000 r--p 00000000 103:07 23333806                  /usr/lib/x86_64-linux-gnu/libXext.so.6.4.0
7f3c6c018000-7f3c6c023000 r-xp 00004000 103:07 23333806                  /usr/lib/x86_64-linux-gnu/libXext.so.6.4.0
7f3c6c023000-7f3c6c027000 r--p 0000f000 103:07 23333806                  /usr/lib/x86_64-linux-gnu/libXext.so.6.4.0
7f3c6c027000-7f3c6c028000 r--p 00012000 103:07 23333806                  /usr/lib/x86_64-linux-gnu/libXext.so.6.4.0
7f3c6c028000-7f3c6c029000 rw-p 00013000 103:07 23333806                  /usr/lib/x86_64-linux-gnu/libXext.so.6.4.0
7f3c6c029000-7f3c6c02d000 r--p 00000000 103:07 23334094                  /usr/lib/x86_64-linux-gnu/libbsd.so.0.11.5
7f3c6c02d000-7f3c6c03a000 r-xp 00004000 103:07 23334094                  /usr/lib/x86_64-linux-gnu/libbsd.so.0.11.5
7f3c6c03a000-7f3c6c03d000 r--p 00011000 103:07 23334094                  /usr/lib/x86_64-linux-gnu/libbsd.so.0.11.5
7f3c6c03d000-7f3c6c03e000 ---p 00014000 103:07 23334094                  /usr/lib/x86_64-linux-gnu/libbsd.so.0.11.5
7f3c6c03e000-7f3c6c03f000 r--p 00014000 103:07 23334094                  /usr/lib/x86_64-linux-gnu/libbsd.so.0.11.5
7f3c6c03f000-7f3c6c040000 rw-p 00015000 103:07 23334094                  /usr/lib/x86_64-linux-gnu/libbsd.so.0.11.5
7f3c6c040000-7f3c6c041000 rw-p 00000000 00:00 0 
7f3c6c041000-7f3c6c06a000 r--p 00000000 103:07 9175153                   /tmp/lwjgl_mindspice/3.3.3+5/x64/liblwjgl.so
7f3c6c06a000-7f3c6c09c000 r-xp 00029000 103:07 9175153                   /tmp/lwjgl_mindspice/3.3.3+5/x64/liblwjgl.so
7f3c6c09c000-7f3c6c0b5000 r--p 0005b000 103:07 9175153                   /tmp/lwjgl_mindspice/3.3.3+5/x64/liblwjgl.so
7f3c6c0b5000-7f3c6c0b6000 r--p 00073000 103:07 9175153                   /tmp/lwjgl_mindspice/3.3.3+5/x64/liblwjgl.so
7f3c6c0b6000-7f3c6c0b7000 rw-p 00074000 103:07 9175153                   /tmp/lwjgl_mindspice/3.3.3+5/x64/liblwjgl.so
7f3c6c0b7000-7f3c6c0bb000 ---p 00000000 00:00 0 
7f3c6c0bb000-7f3c6c1b7000 rw-p 00000000 00:00 0 
7f3c6c1b7000-7f3c6c1bb000 ---p 00000000 00:00 0 
7f3c6c1bb000-7f3c6c2b7000 rw-p 00000000 00:00 0 
7f3c6c2b7000-7f3c6c385000 r-xp 00000000 103:07 26949047                  /home/mindspice/code/jdk/openjdk-21-rc/lib/libjsvml.so
7f3c6c385000-7f3c6c386000 r--p 000cd000 103:07 26949047                  /home/mindspice/code/jdk/openjdk-21-rc/lib/libjsvml.so
7f3c6c386000-7f3c6c387000 rw-p 000ce000 103:07 26949047                  /home/mindspice/code/jdk/openjdk-21-rc/lib/libjsvml.so
7f3c6c387000-7f3c6c38b000 ---p 00000000 00:00 0 
7f3c6c38b000-7f3c6c487000 rw-p 00000000 00:00 0 
7f3c6c487000-7f3c6c48b000 ---p 00000000 00:00 0 
7f3c6c48b000-7f3c6c587000 rw-p 00000000 00:00 0 
7f3c6c587000-7f3c6c58b000 ---p 00000000 00:00 0 
7f3c6c58b000-7f3c6c687000 rw-p 00000000 00:00 0 
7f3c6c687000-7f3c6c68b000 ---p 00000000 00:00 0 
7f3c6c68b000-7f3c6c787000 rw-p 00000000 00:00 0 
7f3c6c787000-7f3c6c78b000 ---p 00000000 00:00 0 
7f3c6c78b000-7f3c6c887000 rw-p 00000000 00:00 0 
7f3c6c887000-7f3c6c88b000 ---p 00000000 00:00 0 
7f3c6c88b000-7f3c6c987000 rw-p 00000000 00:00 0 
7f3c6c987000-7f3c6c98b000 ---p 00000000 00:00 0 
7f3c6c98b000-7f3c6ca87000 rw-p 00000000 00:00 0 
7f3c6ca87000-7f3c6ca88000 ---p 00000000 00:00 0 
7f3c6ca88000-7f3c6cb88000 rw-p 00000000 00:00 0 
7f3c6cb88000-7f3c6cb89000 ---p 00000000 00:00 0 
7f3c6cb89000-7f3c6cd65000 rw-p 00000000 00:00 0 
7f3c6cd65000-7f3c6cd66000 ---p 00000000 00:00 0 
7f3c6cd66000-7f3c6ce66000 rw-p 00000000 00:00 0 
7f3c6ce66000-7f3c6ce67000 ---p 00000000 00:00 0 
7f3c6ce67000-7f3c6e028000 rw-p 00000000 00:00 0 
7f3c6e028000-7f3c7cb28000 ---p 00000000 00:00 0 
7f3c7cb28000-7f3c7cd40000 rw-p 00000000 00:00 0 
7f3c7cd40000-7f3c7eaa0000 ---p 00000000 00:00 0 
7f3c7eaa0000-7f3c7ec9c000 rw-p 00000000 00:00 0 
7f3c7ec9c000-7f3c809fc000 ---p 00000000 00:00 0 
7f3c809fc000-7f3c80a00000 rw-p 00000000 00:00 0 
7f3c80a00000-7f3c80c70000 rwxp 00000000 00:00 0 
7f3c80c70000-7f3c87e5f000 ---p 00000000 00:00 0 
7f3c87e5f000-7f3c8820f000 rwxp 00000000 00:00 0 
7f3c8820f000-7f3c885a0000 ---p 00000000 00:00 0 
7f3c885a0000-7f3c88810000 rwxp 00000000 00:00 0 
7f3c88810000-7f3c8fa00000 ---p 00000000 00:00 0 
7f3c8fa00000-7f3c97ec1000 r--s 00000000 103:07 26949064                  /home/mindspice/code/jdk/openjdk-21-rc/lib/modules
7f3c97ece000-7f3c97ed5000 r--s 00000000 103:07 23337321                  /usr/lib/x86_64-linux-gnu/gconv/gconv-modules.cache
7f3c97ed5000-7f3c97ee0000 r--p 00000000 103:07 23335647                  /usr/lib/x86_64-linux-gnu/libxcb.so.1.1.0
7f3c97ee0000-7f3c97ef4000 r-xp 0000b000 103:07 23335647                  /usr/lib/x86_64-linux-gnu/libxcb.so.1.1.0
7f3c97ef4000-7f3c97efd000 r--p 0001f000 103:07 23335647                  /usr/lib/x86_64-linux-gnu/libxcb.so.1.1.0
7f3c97efd000-7f3c97efe000 r--p 00027000 103:07 23335647                  /usr/lib/x86_64-linux-gnu/libxcb.so.1.1.0
7f3c97efe000-7f3c97eff000 rw-p 00028000 103:07 23335647                  /usr/lib/x86_64-linux-gnu/libxcb.so.1.1.0
7f3c97eff000-7f3c98000000 rw-p 00000000 00:00 0 
7f3c98000000-7f3c98929000 rw-p 00000000 00:00 0 
7f3c98929000-7f3c9c000000 ---p 00000000 00:00 0 
7f3c9c003000-7f3c9c005000 r--p 00000000 103:07 23334908                  /usr/lib/x86_64-linux-gnu/libmd.so.0.0.5
7f3c9c005000-7f3c9c00c000 r-xp 00002000 103:07 23334908                  /usr/lib/x86_64-linux-gnu/libmd.so.0.0.5
7f3c9c00c000-7f3c9c00e000 r--p 00009000 103:07 23334908                  /usr/lib/x86_64-linux-gnu/libmd.so.0.0.5
7f3c9c00e000-7f3c9c00f000 r--p 0000a000 103:07 23334908                  /usr/lib/x86_64-linux-gnu/libmd.so.0.0.5
7f3c9c00f000-7f3c9c010000 rw-p 0000b000 103:07 23334908                  /usr/lib/x86_64-linux-gnu/libmd.so.0.0.5
7f3c9c010000-7f3c9c012000 r--p 00000000 103:07 23333804                  /usr/lib/x86_64-linux-gnu/libXdmcp.so.6.0.0
7f3c9c012000-7f3c9c014000 r-xp 00002000 103:07 23333804                  /usr/lib/x86_64-linux-gnu/libXdmcp.so.6.0.0
7f3c9c014000-7f3c9c016000 r--p 00004000 103:07 23333804                  /usr/lib/x86_64-linux-gnu/libXdmcp.so.6.0.0
7f3c9c016000-7f3c9c017000 r--p 00005000 103:07 23333804                  /usr/lib/x86_64-linux-gnu/libXdmcp.so.6.0.0
7f3c9c017000-7f3c9c018000 rw-p 00006000 103:07 23333804                  /usr/lib/x86_64-linux-gnu/libXdmcp.so.6.0.0
7f3c9c018000-7f3c9c01c000 rw-s 00000000 00:05 1028                       /dev/nvidiactl
7f3c9c01c000-7f3c9c01d000 rw-s 00000000 00:05 1043                       /dev/nvidia0
7f3c9c01d000-7f3c9c01f000 rw-s 00000000 00:05 1028                       /dev/nvidiactl
7f3c9c01f000-7f3c9c023000 rw-s 00000000 00:05 1028                       /dev/nvidiactl
7f3c9c023000-7f3c9c024000 rw-s 00000000 00:05 1028                       /dev/nvidiactl
7f3c9c024000-7f3c9c025000 rw-s 00000000 00:05 1028                       /dev/nvidiactl
7f3c9c025000-7f3c9c035000 rw-s 00000000 00:05 1043                       /dev/nvidia0
7f3c9c035000-7f3c9c048000 r-xp 00000000 103:07 26949055                  /home/mindspice/code/jdk/openjdk-21-rc/lib/libnio.so
7f3c9c048000-7f3c9c049000 ---p 00013000 103:07 26949055                  /home/mindspice/code/jdk/openjdk-21-rc/lib/libnio.so
7f3c9c049000-7f3c9c04a000 r--p 00013000 103:07 26949055                  /home/mindspice/code/jdk/openjdk-21-rc/lib/libnio.so
7f3c9c04a000-7f3c9c04b000 rw-p 00014000 103:07 26949055                  /home/mindspice/code/jdk/openjdk-21-rc/lib/libnio.so
7f3c9c04b000-7f3c9d09c000 rw-p 00000000 00:00 0 
7f3c9d09c000-7f3c9d09d000 ---p 00000000 00:00 0 
7f3c9d09d000-7f3c9d19d000 rw-p 00000000 00:00 0 
7f3c9d19d000-7f3c9d19e000 ---p 00000000 00:00 0 
7f3c9d19e000-7f3c9d29e000 rw-p 00000000 00:00 0 
7f3c9d29e000-7f3c9d29f000 ---p 00000000 00:00 0 
7f3c9d29f000-7f3c9e733000 rw-p 00000000 00:00 0 
7f3c9e733000-7f3c9e817000 ---p 00000000 00:00 0 
7f3c9e817000-7f3c9e81c000 rw-p 00000000 00:00 0 
7f3c9e81c000-7f3c9e900000 ---p 00000000 00:00 0 
7f3c9e900000-7f3c9e904000 ---p 00000000 00:00 0 
7f3c9e904000-7f3c9ea00000 rw-p 00000000 00:00 0 
7f3c9ea00000-7f3c9fd0a000 r-xp 00000000 103:07 26949074                  /home/mindspice/code/jdk/openjdk-21-rc/lib/server/libjvm.so
7f3c9fd0a000-7f3c9fdd7000 r--p 01309000 103:07 26949074                  /home/mindspice/code/jdk/openjdk-21-rc/lib/server/libjvm.so
7f3c9fdd7000-7f3c9fe05000 rw-p 013d6000 103:07 26949074                  /home/mindspice/code/jdk/openjdk-21-rc/lib/server/libjvm.so
7f3c9fe05000-7f3c9fe6a000 rw-p 00000000 00:00 0 
7f3c9fe6a000-7f3c9fe6b000 rw-s 00000000 00:05 1028                       /dev/nvidiactl
7f3c9fe70000-7f3c9fe7c000 r-xp 00000000 103:07 26949054                  /home/mindspice/code/jdk/openjdk-21-rc/lib/libnet.so
7f3c9fe7c000-7f3c9fe7d000 r--p 0000b000 103:07 26949054                  /home/mindspice/code/jdk/openjdk-21-rc/lib/libnet.so
7f3c9fe7d000-7f3c9fe7e000 rw-p 0000c000 103:07 26949054                  /home/mindspice/code/jdk/openjdk-21-rc/lib/libnet.so
7f3c9fe7e000-7f3c9fe85000 r-xp 00000000 103:07 26949063                  /home/mindspice/code/jdk/openjdk-21-rc/lib/libzip.so
7f3c9fe85000-7f3c9fe86000 ---p 00007000 103:07 26949063                  /home/mindspice/code/jdk/openjdk-21-rc/lib/libzip.so
7f3c9fe86000-7f3c9fe87000 r--p 00007000 103:07 26949063                  /home/mindspice/code/jdk/openjdk-21-rc/lib/libzip.so
7f3c9fe87000-7f3c9fe88000 rw-p 00008000 103:07 26949063                  /home/mindspice/code/jdk/openjdk-21-rc/lib/libzip.so
7f3c9fe88000-7f3c9fecf000 rw-p 00000000 00:00 0 
7f3c9fecf000-7f3c9fed6000 ---p 00000000 00:00 0 
7f3c9fed6000-7f3c9fef6000 r-xp 00000000 103:07 26949039                  /home/mindspice/code/jdk/openjdk-21-rc/lib/libjava.so
7f3c9fef6000-7f3c9fef7000 ---p 00020000 103:07 26949039                  /home/mindspice/code/jdk/openjdk-21-rc/lib/libjava.so
7f3c9fef7000-7f3c9fef8000 r--p 00020000 103:07 26949039                  /home/mindspice/code/jdk/openjdk-21-rc/lib/libjava.so
7f3c9fef8000-7f3c9fef9000 rw-p 00021000 103:07 26949039                  /home/mindspice/code/jdk/openjdk-21-rc/lib/libjava.so
7f3c9fef9000-7f3c9fefa000 rw-p 00000000 00:00 0 
7f3c9fefa000-7f3c9ff15000 r-xp 00000000 103:07 26949043                  /home/mindspice/code/jdk/openjdk-21-rc/lib/libjimage.so
7f3c9ff15000-7f3c9ff16000 ---p 0001b000 103:07 26949043                  /home/mindspice/code/jdk/openjdk-21-rc/lib/libjimage.so
7f3c9ff16000-7f3c9ff18000 r--p 0001b000 103:07 26949043                  /home/mindspice/code/jdk/openjdk-21-rc/lib/libjimage.so
7f3c9ff18000-7f3c9ff19000 rw-p 0001d000 103:07 26949043                  /home/mindspice/code/jdk/openjdk-21-rc/lib/libjimage.so
7f3c9ff19000-7f3c9ff27000 r--p 00000000 103:07 23333324                  /usr/lib/x86_64-linux-gnu/libm.so.6
7f3c9ff27000-7f3c9ffa3000 r-xp 0000e000 103:07 23333324                  /usr/lib/x86_64-linux-gnu/libm.so.6
7f3c9ffa3000-7f3c9fffe000 r--p 0008a000 103:07 23333324                  /usr/lib/x86_64-linux-gnu/libm.so.6
7f3c9fffe000-7f3c9ffff000 r--p 000e4000 103:07 23333324                  /usr/lib/x86_64-linux-gnu/libm.so.6
7f3c9ffff000-7f3ca0000000 rw-p 000e5000 103:07 23333324                  /usr/lib/x86_64-linux-gnu/libm.so.6
7f3ca0000000-7f3ca0028000 r--p 00000000 103:07 23332177                  /usr/lib/x86_64-linux-gnu/libc.so.6
7f3ca0028000-7f3ca01bd000 r-xp 00028000 103:07 23332177                  /usr/lib/x86_64-linux-gnu/libc.so.6
7f3ca01bd000-7f3ca0215000 r--p 001bd000 103:07 23332177                  /usr/lib/x86_64-linux-gnu/libc.so.6
7f3ca0215000-7f3ca0219000 r--p 00214000 103:07 23332177                  /usr/lib/x86_64-linux-gnu/libc.so.6
7f3ca0219000-7f3ca021b000 rw-p 00218000 103:07 23332177                  /usr/lib/x86_64-linux-gnu/libc.so.6
7f3ca021b000-7f3ca0228000 rw-p 00000000 00:00 0 
7f3ca0228000-7f3ca0229000 rw-s 00044000 00:01 15368                      /memfd:/.nvidia_drv.XXXXXX (deleted)
7f3ca0229000-7f3ca022a000 r-xp 00000000 00:00 0 
7f3ca022a000-7f3ca022b000 r--p 00000000 103:07 23333793                  /usr/lib/x86_64-linux-gnu/libXau.so.6.0.0
7f3ca022b000-7f3ca022d000 r-xp 00001000 103:07 23333793                  /usr/lib/x86_64-linux-gnu/libXau.so.6.0.0
7f3ca022d000-7f3ca022e000 r--p 00003000 103:07 23333793                  /usr/lib/x86_64-linux-gnu/libXau.so.6.0.0
7f3ca022e000-7f3ca022f000 r--p 00003000 103:07 23333793                  /usr/lib/x86_64-linux-gnu/libXau.so.6.0.0
7f3ca022f000-7f3ca0230000 rw-p 00004000 103:07 23333793                  /usr/lib/x86_64-linux-gnu/libXau.so.6.0.0
7f3ca0230000-7f3ca0231000 rw-p 00000000 00:00 0 
7f3ca0231000-7f3ca0232000 r--p 00000000 103:07 23334891                  /usr/lib/x86_64-linux-gnu/librt.so.1
7f3ca0232000-7f3ca0233000 r-xp 00001000 103:07 23334891                  /usr/lib/x86_64-linux-gnu/librt.so.1
7f3ca0233000-7f3ca0234000 r--p 00002000 103:07 23334891                  /usr/lib/x86_64-linux-gnu/librt.so.1
7f3ca0234000-7f3ca0235000 r--p 00002000 103:07 23334891                  /usr/lib/x86_64-linux-gnu/librt.so.1
7f3ca0235000-7f3ca0236000 rw-p 00003000 103:07 23334891                  /usr/lib/x86_64-linux-gnu/librt.so.1
7f3ca0236000-7f3ca023a000 rw-p 00000000 00:00 0 
7f3ca023a000-7f3ca023b000 r--p 00000000 103:07 23333056                  /usr/lib/x86_64-linux-gnu/libdl.so.2
7f3ca023b000-7f3ca023c000 r-xp 00001000 103:07 23333056                  /usr/lib/x86_64-linux-gnu/libdl.so.2
7f3ca023c000-7f3ca023d000 r--p 00002000 103:07 23333056                  /usr/lib/x86_64-linux-gnu/libdl.so.2
7f3ca023d000-7f3ca023e000 r--p 00002000 103:07 23333056                  /usr/lib/x86_64-linux-gnu/libdl.so.2
7f3ca023e000-7f3ca023f000 rw-p 00003000 103:07 23333056                  /usr/lib/x86_64-linux-gnu/libdl.so.2
7f3ca023f000-7f3ca0240000 r--p 00000000 103:07 23334258                  /usr/lib/x86_64-linux-gnu/libpthread.so.0
7f3ca0240000-7f3ca0241000 r-xp 00001000 103:07 23334258                  /usr/lib/x86_64-linux-gnu/libpthread.so.0
7f3ca0241000-7f3ca0242000 r--p 00002000 103:07 23334258                  /usr/lib/x86_64-linux-gnu/libpthread.so.0
7f3ca0242000-7f3ca0243000 r--p 00002000 103:07 23334258                  /usr/lib/x86_64-linux-gnu/libpthread.so.0
7f3ca0243000-7f3ca0244000 rw-p 00003000 103:07 23334258                  /usr/lib/x86_64-linux-gnu/libpthread.so.0
7f3ca0244000-7f3ca0252000 r-xp 00000000 103:07 26949044                  /home/mindspice/code/jdk/openjdk-21-rc/lib/libjli.so
7f3ca0252000-7f3ca0253000 ---p 0000e000 103:07 26949044                  /home/mindspice/code/jdk/openjdk-21-rc/lib/libjli.so
7f3ca0253000-7f3ca0254000 r--p 0000e000 103:07 26949044                  /home/mindspice/code/jdk/openjdk-21-rc/lib/libjli.so
7f3ca0254000-7f3ca0255000 rw-p 0000f000 103:07 26949044                  /home/mindspice/code/jdk/openjdk-21-rc/lib/libjli.so
7f3ca0255000-7f3ca0257000 r--p 00000000 103:07 23331309                  /usr/lib/x86_64-linux-gnu/libz.so.1.2.11
7f3ca0257000-7f3ca0268000 r-xp 00002000 103:07 23331309                  /usr/lib/x86_64-linux-gnu/libz.so.1.2.11
7f3ca0268000-7f3ca026e000 r--p 00013000 103:07 23331309                  /usr/lib/x86_64-linux-gnu/libz.so.1.2.11
7f3ca026e000-7f3ca026f000 ---p 00019000 103:07 23331309                  /usr/lib/x86_64-linux-gnu/libz.so.1.2.11
7f3ca026f000-7f3ca0270000 r--p 00019000 103:07 23331309                  /usr/lib/x86_64-linux-gnu/libz.so.1.2.11
7f3ca0270000-7f3ca0271000 rw-p 0001a000 103:07 23331309                  /usr/lib/x86_64-linux-gnu/libz.so.1.2.11
7f3ca0271000-7f3ca0272000 r-xp 00059000 103:07 9175153                   /tmp/lwjgl_mindspice/3.3.3+5/x64/liblwjgl.so
7f3ca0272000-7f3ca0273000 rw-p 00000000 00:00 0 
7f3ca0273000-7f3ca0275000 r-xp 00000000 103:07 26949032                  /home/mindspice/code/jdk/openjdk-21-rc/lib/libextnet.so
7f3ca0275000-7f3ca0276000 r--p 00001000 103:07 26949032                  /home/mindspice/code/jdk/openjdk-21-rc/lib/libextnet.so
7f3ca0276000-7f3ca0277000 rw-p 00002000 103:07 26949032                  /home/mindspice/code/jdk/openjdk-21-rc/lib/libextnet.so
7f3ca0277000-7f3ca027f000 rw-s 00000000 103:07 9175151                   /tmp/hsperfdata_mindspice/80637
7f3ca027f000-7f3ca0289000 r-xp 00000000 103:07 26949034                  /home/mindspice/code/jdk/openjdk-21-rc/lib/libinstrument.so
7f3ca0289000-7f3ca028a000 ---p 0000a000 103:07 26949034                  /home/mindspice/code/jdk/openjdk-21-rc/lib/libinstrument.so
7f3ca028a000-7f3ca028b000 r--p 0000a000 103:07 26949034                  /home/mindspice/code/jdk/openjdk-21-rc/lib/libinstrument.so
7f3ca028b000-7f3ca028c000 rw-p 0000b000 103:07 26949034                  /home/mindspice/code/jdk/openjdk-21-rc/lib/libinstrument.so
7f3ca028c000-7f3ca028d000 ---p 00000000 00:00 0 
7f3ca028d000-7f3ca028e000 r--p 00000000 00:00 0 
7f3ca028e000-7f3ca0290000 rw-p 00000000 00:00 0 
7f3ca0290000-7f3ca0292000 r--p 00000000 103:07 23332035                  /usr/lib/x86_64-linux-gnu/ld-linux-x86-64.so.2
7f3ca0292000-7f3ca02bc000 r-xp 00002000 103:07 23332035                  /usr/lib/x86_64-linux-gnu/ld-linux-x86-64.so.2
7f3ca02bc000-7f3ca02c7000 r--p 0002c000 103:07 23332035                  /usr/lib/x86_64-linux-gnu/ld-linux-x86-64.so.2
7f3ca02c7000-7f3ca02c8000 ---p 00000000 00:00 0 
7f3ca02c8000-7f3ca02ca000 r--p 00037000 103:07 23332035                  /usr/lib/x86_64-linux-gnu/ld-linux-x86-64.so.2
7f3ca02ca000-7f3ca02cc000 rw-p 00039000 103:07 23332035                  /usr/lib/x86_64-linux-gnu/ld-linux-x86-64.so.2
7fffdb593000-7fffdb5b5000 rw-p 00000000 00:00 0                          [stack]
7fffdb5c3000-7fffdb5c7000 r--p 00000000 00:00 0                          [vvar]
7fffdb5c7000-7fffdb5c9000 r-xp 00000000 00:00 0                          [vdso]
ffffffffff600000-ffffffffff601000 --xp 00000000 00:00 0                  [vsyscall]
Total number of mappings: 365


VM Arguments:
jvm_args: -javaagent:/home/mindspice/.local/share/JetBrains/Toolbox/apps/IDEA-U/ch-0/222.4345.14/lib/idea_rt.jar=46341:/home/mindspice/.local/share/JetBrains/Toolbox/apps/IDEA-U/ch-0/222.4345.14/bin -Dfile.encoding=UTF-8 -Dsun.stdout.encoding=UTF-8 -Dsun.stderr.encoding=UTF-8 
java_command: io.mindspice.mspice.game.Main
java_class_path (initial): /home/mindspice/code/Java/game/mspice-engine/target/classes:/home/mindspice/.m2/repository/org/lwjgl/lwjgl/3.3.3/lwjgl-3.3.3.jar:/home/mindspice/.m2/repository/org/lwjgl/lwjgl-assimp/3.3.3/lwjgl-assimp-3.3.3.jar:/home/mindspice/.m2/repository/org/lwjgl/lwjgl-glfw/3.3.3/lwjgl-glfw-3.3.3.jar:/home/mindspice/.m2/repository/org/lwjgl/lwjgl-harfbuzz/3.3.3/lwjgl-harfbuzz-3.3.3.jar:/home/mindspice/.m2/repository/org/lwjgl/lwjgl-hwloc/3.3.3/lwjgl-hwloc-3.3.3.jar:/home/mindspice/.m2/repository/org/lwjgl/lwjgl-jemalloc/3.3.3/lwjgl-jemalloc-3.3.3.jar:/home/mindspice/.m2/repository/org/lwjgl/lwjgl-ktx/3.3.3/lwjgl-ktx-3.3.3.jar:/home/mindspice/.m2/repository/org/lwjgl/lwjgl-libdivide/3.3.3/lwjgl-libdivide-3.3.3.jar:/home/mindspice/.m2/repository/org/lwjgl/lwjgl-lz4/3.3.3/lwjgl-lz4-3.3.3.jar:/home/mindspice/.m2/repository/org/lwjgl/lwjgl-meshoptimizer/3.3.3/lwjgl-meshoptimizer-3.3.3.jar:/home/mindspice/.m2/repository/org/lwjgl/lwjgl-openal/3.3.3/lwjgl-openal-3.3.3.jar:/home/mindspice/.m2/repository/org/lwjgl/lwjgl-opengl/3.3.3/lwjgl-opengl-3.3.3.jar:/home/mindspice/.m2/repository/org/lwjgl/lwjgl-remotery/3.3.3/lwjgl-remotery-3.3.3.jar:/home/mindspice/.m2/repository/org/lwjgl/lwjgl-rpmalloc/3.3.3/lwjgl-rpmalloc-3.3.3.jar:/home/mindspice/.m2/repository/org/lwjgl/lwjgl-sse/3.3.3/lwjgl-sse-3.3.3.jar:/home/mindspice/.m2/repository/org/lwjgl/lwjgl-stb/3.3.3/lwjgl-stb-3.3.3.jar:/home/mindspice/.m2/repository/org/lwjgl/lwjgl-vma/3.3.3/lwjgl-vma-3.3.3.jar:/home/mindspice/.m2/repository/org/lwjgl/lwjgl-vulkan/3.3.3/lwjgl-vulkan-3.3.3.jar:/home/mindspice/.m2/repository/org/lwjgl/lwjgl/3.3.3/lwjgl-3.3.3-natives-linux.jar:/home/mindspice/.m2/repository/org/lwjgl/lwjgl-assimp/3.3.3/lwjgl-assimp-3.3.3-natives-linux.jar:/home/mindspice/.m2/repository/org/lwjgl/lwjgl-glfw/3.3.3/lwjgl-glfw-3.3.3-natives-linux.jar:/home/mindspice/.m2/repository/org/lwjgl/lwjgl-harfbuzz/3.3.3/lwjgl-harfbuzz-3.3.3-natives-linux.jar:/home/mindspice/.m2/repository/org/lwjgl/lwjgl-hwloc/3.3.3/lwjgl-hwloc-3.3.3-natives-linux.jar:/home/mindspice/.m2/repository/org/lwjgl/lwjgl-jemalloc/3.3.3/lwjgl-jemalloc-3.3.3-natives-linux.jar:/home/mindspice/.m2/repository/org/lwjgl/lwjgl-ktx/3.3.3/lwjgl-ktx-3.3.3-natives-linux.jar:/home/mindspice/.m2/repository/org/lwjgl/lwjgl-libdivide/3.3.3/lwjgl-libdivide-3.3.3-natives-linux.jar:/home/mindspice/.m2/repository/org/lwjgl/lwjgl-lz4/3.3.3/lwjgl-lz4-3.3.3-natives-linux.jar:/home/mindspice/.m2/repository/org/lwjgl/lwjgl-meshoptimizer/3.3.3/lwjgl-meshoptimizer-3.3.3-natives-linux.jar:/home/mindspice/.m2/repository/org/lwjgl/lwjgl-openal/3.3.3/lwjgl-openal-3.3.3-natives-linux.jar:/home/mindspice/.m2/repository/org/lwjgl/lwjgl-opengl/3.3.3/lwjgl-opengl-3.3.3-natives-linux.jar:/home/mindspice/.m2/repository/org/lwjgl/lwjgl-remotery/3.3.3/lwjgl-remotery-3.3.3-natives-linux.jar:/home/mindspice/.m2/repository/org/lwjgl/lwjgl-rpmalloc/3.3.3/lwjgl-rpmalloc-3.3.3-natives-linux.jar:/home/mindspice/.m2/repository/org/lwjgl/lwjgl-sse/3.3.3/lwjgl-sse-3.3.3-natives-linux.jar:/home/mindspice/.m2/repository/org/lwjgl/lwjgl-stb/3.3.3/lwjgl-stb-3.3.3-natives-linux.jar:/home/mindspice/.m2/repository/org/lwjgl/lwjgl-vma/3.3.3/lwjgl-vma-3.3.3-natives-linux.jar:/home/mindspice/.m2/repository/org/joml/joml/1.10.5/joml-1.10.5.jar
Launcher Type: SUN_STANDARD

[Global flags]
     intx CICompilerCount                          = 12                                        {product} {ergonomic}
     uint ConcGCThreads                            = 5                                         {product} {ergonomic}
     uint G1ConcRefinementThreads                  = 18                                        {product} {ergonomic}
   size_t G1HeapRegionSize                         = 8388608                                   {product} {ergonomic}
    uintx GCDrainStackTargetSize                   = 64                                        {product} {ergonomic}
   size_t InitialHeapSize                          = 1056964608                                {product} {ergonomic}
   size_t MarkStackSize                            = 4194304                                   {product} {ergonomic}
   size_t MaxHeapSize                              = 16835936256                               {product} {ergonomic}
   size_t MaxNewSize                               = 10099884032                               {product} {ergonomic}
   size_t MinHeapDeltaBytes                        = 8388608                                   {product} {ergonomic}
   size_t MinHeapSize                              = 8388608                                   {product} {ergonomic}
    uintx NonNMethodCodeHeapSize                   = 7602480                                {pd product} {ergonomic}
    uintx NonProfiledCodeHeapSize                  = 122027880                              {pd product} {ergonomic}
    uintx ProfiledCodeHeapSize                     = 122027880                              {pd product} {ergonomic}
    uintx ReservedCodeCacheSize                    = 251658240                              {pd product} {ergonomic}
     bool SegmentedCodeCache                       = true                                      {product} {ergonomic}
   size_t SoftMaxHeapSize                          = 16835936256                            {manageable} {ergonomic}
     bool UseCompressedOops                        = true                           {product lp64_product} {ergonomic}
     bool UseG1GC                                  = true                                      {product} {ergonomic}

Logging:
Log output configuration:
 #0: stdout all=warning uptime,level,tags foldmultilines=false
 #1: stderr all=off uptime,level,tags foldmultilines=false

Environment Variables:
PATH=/home/mindspice/.local/bin:/usr/local/sbin:/usr/local/bin:/usr/sbin:/usr/bin:/sbin:/bin:/usr/games:/usr/local/games:/snap/bin:/home/mindspice/.local/share/JetBrains/Toolbox/scripts
USERNAME=mindspice
SHELL=/bin/bash
DISPLAY=:1
LANG=en_US.UTF-8

Active Locale:
LC_ALL=en_US.UTF-8
LC_COLLATE=en_US.UTF-8
LC_CTYPE=en_US.UTF-8
LC_MESSAGES=en_US.UTF-8
LC_MONETARY=en_US.UTF-8
LC_NUMERIC=en_US.UTF-8
LC_TIME=en_US.UTF-8

Signal Handlers:
   SIGSEGV: crash_handler in libjvm.so, mask=11100100010111111101111111111110, flags=SA_RESTART|SA_SIGINFO, unblocked
    SIGBUS: crash_handler in libjvm.so, mask=11100100010111111101111111111110, flags=SA_RESTART|SA_SIGINFO, unblocked
    SIGFPE: crash_handler in libjvm.so, mask=11100100010111111101111111111110, flags=SA_RESTART|SA_SIGINFO, unblocked
   SIGPIPE: javaSignalHandler in libjvm.so, mask=11100100010111111101111111111110, flags=SA_RESTART|SA_SIGINFO, blocked
   SIGXFSZ: javaSignalHandler in libjvm.so, mask=11100100010111111101111111111110, flags=SA_RESTART|SA_SIGINFO, blocked
    SIGILL: crash_handler in libjvm.so, mask=11100100010111111101111111111110, flags=SA_RESTART|SA_SIGINFO, unblocked
   SIGUSR2: SR_handler in libjvm.so, mask=00100000000000000000000000000000, flags=SA_RESTART|SA_SIGINFO, blocked
    SIGHUP: SIG_IGN, mask=00000000000000000000000000000000, flags=none, blocked
    SIGINT: UserHandler in libjvm.so, mask=11100100010111111101111111111110, flags=SA_RESTART|SA_SIGINFO, blocked
   SIGTERM: UserHandler in libjvm.so, mask=11100100010111111101111111111110, flags=SA_RESTART|SA_SIGINFO, blocked
   SIGQUIT: UserHandler in libjvm.so, mask=11100100010111111101111111111110, flags=SA_RESTART|SA_SIGINFO, blocked
   SIGTRAP: crash_handler in libjvm.so, mask=11100100010111111101111111111110, flags=SA_RESTART|SA_SIGINFO, unblocked


---------------  S Y S T E M  ---------------

OS:
DISTRIB_ID=Pop
DISTRIB_RELEASE=22.04
DISTRIB_CODENAME=jammy
DISTRIB_DESCRIPTION="Pop!_OS 22.04 LTS"
uname: Linux 6.4.6-76060406-generic #202307241739~1694621917~22.04~ac5e1a8 SMP PREEMPT_DYNAMIC Wed S x86_64
OS uptime: 0 days 11:31 hours
libc: glibc 2.35 NPTL 2.35 
rlimit (soft/hard): STACK 8192k/infinity , CORE 0k/infinity , NPROC 256363/256363 , NOFILE 1048576/1048576 , AS infinity/infinity , CPU infinity/infinity , DATA infinity/infinity , FSIZE infinity/infinity , MEMLOCK 8219220k/8219220k
load average: 3.41 1.60 1.10

/proc/meminfo:
MemTotal:       65753772 kB
MemFree:         6123488 kB
MemAvailable:   26049308 kB
Buffers:          651344 kB
Cached:         22758920 kB
SwapCached:            0 kB
Active:         28623440 kB
Inactive:       27059372 kB
Active(anon):   25119980 kB
Inactive(anon):  7531520 kB
Active(file):    3503460 kB
Inactive(file): 19527852 kB
Unevictable:         216 kB
Mlocked:             216 kB
SwapTotal:      16777212 kB
SwapFree:       16776700 kB
Zswap:                 0 kB
Zswapped:              0 kB
Dirty:               148 kB
Writeback:             0 kB
AnonPages:      32266848 kB
Mapped:          2549692 kB
Shmem:            378888 kB
KReclaimable:    1870384 kB
Slab:            2445212 kB
SReclaimable:    1870384 kB
SUnreclaim:       574828 kB
KernelStack:       54496 kB
PageTables:       166972 kB
SecPageTables:      7968 kB
NFS_Unstable:          0 kB
Bounce:                0 kB
WritebackTmp:          0 kB
CommitLimit:    49654096 kB
Committed_AS:   64740360 kB
VmallocTotal:   34359738367 kB
VmallocUsed:      306212 kB
VmallocChunk:          0 kB
Percpu:            46464 kB
HardwareCorrupted:     0 kB
AnonHugePages:   6940672 kB
ShmemHugePages:        0 kB
ShmemPmdMapped:        0 kB
FileHugePages:         0 kB
FilePmdMapped:         0 kB
HugePages_Total:       0
HugePages_Free:        0
HugePages_Rsvd:        0
HugePages_Surp:        0
Hugepagesize:       2048 kB
Hugetlb:               0 kB
DirectMap4k:     2026820 kB
DirectMap2M:    46129152 kB
DirectMap1G:    18874368 kB

/sys/kernel/mm/transparent_hugepage/enabled: always [madvise] never
/sys/kernel/mm/transparent_hugepage/defrag (defrag/compaction efforts parameter): always defer defer+madvise [madvise] never

Process Memory:
Virtual Size: 20068300K (peak: 20132084K)
Resident Set Size: 146916K (peak: 149936K) (anon: 91956K, file: 54960K, shmem: 0K)
Swapped out: 0K
C-Heap outstanding allocations: 76579K, retained: 22700K
glibc malloc tunables: (default)

/proc/sys/kernel/threads-max (system-wide limit on the number of threads): 512726
/proc/sys/vm/max_map_count (maximum number of memory map areas a process may have): 2147483642
/proc/sys/kernel/pid_max (system-wide limit on number of process identifiers): 4194304

container (cgroup) information:
container_type: cgroupv2
cpu_cpuset_cpus: not supported
cpu_memory_nodes: not supported
active_processor_count: 24
cpu_quota: not supported
cpu_period: not supported
cpu_shares: not supported
memory_limit_in_bytes: unlimited
memory_and_swap_limit_in_bytes: unlimited
memory_soft_limit_in_bytes: unlimited
memory_usage_in_bytes: 10841720 k
memory_max_usage_in_bytes: not supported
memory_swap_current_in_bytes: unlimited
memory_swap_max_limit_in_bytes: unlimited
maximum number of tasks: 76908
current number of tasks: 763

Steal ticks since vm start: 0
Steal ticks percentage since vm start:  0.000

CPU: total 24 (initial active 24) (24 cores per cpu, 2 threads per core) family 25 model 33 stepping 0 microcode 0xa201016, cx8, cmov, fxsr, ht, mmx, 3dnowpref, sse, sse2, sse3, ssse3, sse4a, sse4.1, sse4.2, popcnt, lzcnt, tsc, tscinvbit, avx, avx2, aes, erms, clmul, bmi1, bmi2, adx, sha, fma, vzeroupper, clflush, clflushopt, rdtscp, rdpid, fsrm, f16c, pku, ospke, cet_ss
CPU Model and flags from /proc/cpuinfo:
model name	: AMD Ryzen 9 5900X 12-Core Processor
flags		: fpu vme de pse tsc msr pae mce cx8 apic sep mtrr pge mca cmov pat pse36 clflush mmx fxsr sse sse2 ht syscall nx mmxext fxsr_opt pdpe1gb rdtscp lm constant_tsc rep_good nopl nonstop_tsc cpuid extd_apicid aperfmperf rapl pni pclmulqdq monitor ssse3 fma cx16 sse4_1 sse4_2 x2apic movbe popcnt aes xsave avx f16c rdrand lahf_lm cmp_legacy svm extapic cr8_legacy abm sse4a misalignsse 3dnowprefetch osvw ibs skinit wdt tce topoext perfctr_core perfctr_nb bpext perfctr_llc mwaitx cpb cat_l3 cdp_l3 hw_pstate ssbd mba ibrs ibpb stibp vmmcall fsgsbase bmi1 avx2 smep bmi2 erms invpcid cqm rdt_a rdseed adx smap clflushopt clwb sha_ni xsaveopt xsavec xgetbv1 xsaves cqm_llc cqm_occup_llc cqm_mbm_total cqm_mbm_local clzero irperf xsaveerptr rdpru wbnoinvd arat npt lbrv svm_lock nrip_save tsc_scale vmcb_clean flushbyasid decodeassists pausefilter pfthreshold avic v_vmsave_vmload vgif v_spec_ctrl umip pku ospke vaes vpclmulqdq rdpid overflow_recov succor smca fsrm

Online cpus: 0-23
Offline cpus: 24-31
BIOS frequency limitation: 3700000
Frequency switch latency (ns): 0
Available cpu frequencies: 3700000 2800000 2200000 
Current governor: schedutil
Core performance/turbo boost: 1

Memory: 4k page, physical 65753772k(26049308k free), swap 16777212k(16776700k free)
Page Sizes: 4k

vm_info: OpenJDK 64-Bit Server VM (21+35-2513) for linux-amd64 JRE (21+35-2513), built on 2023-08-09T20:25:10Z by "mach5one" with gcc 11.2.0

END.
