#
# A fatal error has been detected by the Java Runtime Environment:
#
#  SIGSEGV (0xb) at pc=0x00007fdfc938c473, pid=80778, tid=80782
#
# JRE version: OpenJDK Runtime Environment (21.0+35) (build 21+35-2513)
# Java VM: OpenJDK 64-Bit Server VM (21+35-2513, mixed mode, sharing, tiered, compressed oops, compressed class ptrs, g1 gc, linux-amd64)
# Problematic frame:
# V  [libjvm.so+0x58c473]  AccessInternal::PostRuntimeDispatch<G1BarrierSet::AccessBarrier<548964ul, G1BarrierSet>, (AccessInternal::BarrierType)0, 548964ul>::oop_access_barrier(void*, oopDesc*)+0x53
#
# Core dump will be written. Default location: Core dumps may be processed with "/usr/share/apport/apport -p%p -s%s -c%c -d%d -P%P -u%u -g%g -- %E" (or dumping to /home/mindspice/code/Java/game/mspice-engine/core.80778)
#
# If you would like to submit a bug report, please visit:
#   https://bugreport.java.com/bugreport/crash.jsp
#

---------------  S U M M A R Y ------------

Command Line: -javaagent:/home/mindspice/.local/share/JetBrains/Toolbox/apps/IDEA-U/ch-0/222.4345.14/lib/idea_rt.jar=38843:/home/mindspice/.local/share/JetBrains/Toolbox/apps/IDEA-U/ch-0/222.4345.14/bin -Dfile.encoding=UTF-8 -Dsun.stdout.encoding=UTF-8 -Dsun.stderr.encoding=UTF-8 io.mindspice.mspice.game.Main

Host: AMD Ryzen 9 5900X 12-Core Processor, 24 cores, 62G, Pop!_OS 22.04 LTS
Time: Sun Sep 24 19:24:42 2023 EDT elapsed time: 13.699059 seconds (0d 0h 0m 13s)

---------------  T H R E A D  ---------------

Current thread (0x00007fdfc402b110):  JavaThread "main"             [_thread_in_vm, id=80782, stack(0x00007fdfca300000,0x00007fdfca400000) (1024K)]

Stack: [0x00007fdfca300000,0x00007fdfca400000],  sp=0x00007fdfca3fe4e0,  free space=1017k
Native frames: (J=compiled Java code, j=interpreted, Vv=VM code, C=native code)
V  [libjvm.so+0x58c473]  AccessInternal::PostRuntimeDispatch<G1BarrierSet::AccessBarrier<548964ul, G1BarrierSet>, (AccessInternal::BarrierType)0, 548964ul>::oop_access_barrier(void*, oopDesc*)+0x53
V  [libjvm.so+0x9a9cfe]  JNIHandles::destroy_global(_jobject*)+0x1e
V  [libjvm.so+0x9725cf]  jni_DeleteGlobalRef+0x6f
j  org.lwjgl.system.jni.JNINativeInterface.nDeleteGlobalRef(J)V+0
j  org.lwjgl.system.jni.JNINativeInterface.DeleteGlobalRef(J)V+12
j  org.lwjgl.system.Callback.free(J)V+25
j  org.lwjgl.system.Callback.free()V+4
j  io.mindspice.mspice.core.GameInput.cleanup()V+4
j  io.mindspice.mspice.core.GameEngine.cleanup()V+11
j  io.mindspice.mspice.core.GameEngine.run()V+272
j  io.mindspice.mspice.game.Main.main([Ljava/lang/String;)V+82
v  ~StubRoutines::call_stub 0x00007fdfb3e5fcc6
V  [libjvm.so+0x8dd585]  JavaCalls::call_helper(JavaValue*, methodHandle const&, JavaCallArguments*, JavaThread*)+0x2e5
V  [libjvm.so+0x983b40]  jni_invoke_static(JNIEnv_*, JavaValue*, _jobject*, JNICallType, _jmethodID*, JNI_ArgumentPusher*, JavaThread*) [clone .constprop.1]+0x390
V  [libjvm.so+0x98643b]  jni_CallStaticVoidMethod+0x12b
C  [libjli.so+0x5294]  JavaMain+0x1054
C  [libjli.so+0x7e49]  ThreadJavaMain+0x9
Java frames: (J=compiled Java code, j=interpreted, Vv=VM code)
j  org.lwjgl.system.jni.JNINativeInterface.nDeleteGlobalRef(J)V+0
j  org.lwjgl.system.jni.JNINativeInterface.DeleteGlobalRef(J)V+12
j  org.lwjgl.system.Callback.free(J)V+25
j  org.lwjgl.system.Callback.free()V+4
j  io.mindspice.mspice.core.GameInput.cleanup()V+4
j  io.mindspice.mspice.core.GameEngine.cleanup()V+11
j  io.mindspice.mspice.core.GameEngine.run()V+272
j  io.mindspice.mspice.game.Main.main([Ljava/lang/String;)V+82
v  ~StubRoutines::call_stub 0x00007fdfb3e5fcc6

siginfo: si_signo: 11 (SIGSEGV), si_code: 1 (SEGV_MAPERR), si_addr: 0x000000000000003e

Registers:
RAX=0x00007fdfca20b450, RBX=0x000000000000003e, RCX=0x0000000000000010, RDX=0x0000000000000040
RSP=0x00007fdfca3fe4e0, RBP=0x00007fdfca3fe500, RSI=0x0000000000000000, RDI=0x000000000000003e
R8 =0x00007fdf3740ed80, R9 =0x0000000000000002, R10=0x00007fdfb3e6b951, R11=0x0000000452803f58
R12=0x0000000000000000, R13=0x00007fdfc4049ce0, R14=0x00007fdfca3fe5d8, R15=0x00007fdfc402b110
RIP=0x00007fdfc938c473, EFLAGS=0x0000000000010246, CSGSFS=0x002b000000000033, ERR=0x0000000000000006
  TRAPNO=0x000000000000000e


Register to memory mapping:

RAX=0x00007fdfca20b450: <offset 0x000000000140b450> in /home/mindspice/code/jdk/openjdk-21-rc/lib/server/libjvm.so at 0x00007fdfc8e00000
RBX=0x000000000000003e is an unknown value
RCX=0x0000000000000010 is an unknown value
RDX=0x0000000000000040 is an unknown value
RSP=0x00007fdfca3fe4e0 is pointing into the stack for thread: 0x00007fdfc402b110
RBP=0x00007fdfca3fe500 is pointing into the stack for thread: 0x00007fdfc402b110
RSI=0x0 is null
RDI=0x000000000000003e is an unknown value
R8 ={method} {0x00007fdf3740ed80} 'free' '()V' in 'org/lwjgl/system/Callback'
R9 =0x0000000000000002 is an unknown value
R10=0x00007fdfb3e6b951 is at code_begin+1009 in an Interpreter codelet
native method entry point (kind = native)  [0x00007fdfb3e6b560, 0x00007fdfb3e6bfd0]  2672 bytes
R11=0x0000000452803f58 is an oop: java.lang.Class 
{0x0000000452803f58} - klass: 'java/lang/Class'
 - ---- fields (total size 27 words):
 - private volatile transient 'classRedefinedCount' 'I' @12  0 (0x00000000)
 - injected 'klass' 'J' @16  140596761136672 (0x00007fdf3c010e20)
 - injected 'array_klass' 'J' @24  0 (0x0000000000000000)
 - injected 'oop_size' 'I' @32  27 (0x0000001b)
 - injected 'static_oop_field_count' 'I' @36  0 (0x00000000)
 - private volatile transient 'cachedConstructor' 'Ljava/lang/reflect/Constructor;' @40  null (0x00000000)
 - private transient 'name' 'Ljava/lang/String;' @44  "org.lwjgl.system.jni.JNINativeInterface"{0x0000000452804030} (0x8a500806)
 - private transient 'module' 'Ljava/lang/Module;' @48  a 'java/lang/Module'{0x0000000453015290} (0x8a602a52)
 - private final 'classLoader' 'Ljava/lang/ClassLoader;' @52  a 'jdk/internal/loader/ClassLoaders$AppClassLoader'{0x0000000453015100} (0x8a602a20)
 - private transient 'classData' 'Ljava/lang/Object;' @56  null (0x00000000)
 - private transient 'packageName' 'Ljava/lang/String;' @60  "org.lwjgl.system.jni"{0x00000004537a4790} (0x8a6f48f2)
 - private final 'componentType' 'Ljava/lang/Class;' @64  null (0x00000000)
 - private volatile transient 'reflectionData' 'Ljava/lang/ref/SoftReference;' @68  null (0x00000000)
 - private volatile transient 'genericInfo' 'Lsun/reflect/generics/repository/ClassRepository;' @72  null (0x00000000)
 - private volatile transient 'enumConstants' '[Ljava/lang/Object;' @76  null (0x00000000)
 - private volatile transient 'enumConstantDirectory' 'Ljava/util/Map;' @80  null (0x00000000)
 - private volatile transient 'annotationData' 'Ljava/lang/Class$AnnotationData;' @84  null (0x00000000)
 - private volatile transient 'annotationType' 'Lsun/reflect/annotation/AnnotationType;' @88  null (0x00000000)
 - transient 'classValueMap' 'Ljava/lang/ClassValue$ClassValueMap;' @92  null (0x00000000)
 - injected 'protection_domain' 'Ljava/lang/Object;' @96  a 'java/security/ProtectionDomain'{0x0000000453527d08} (0x8a6a4fa1)
 - injected 'signers_name' 'Ljava/lang/Object;' @100  null (0x00000000)
 - injected 'source_file' 'Ljava/lang/Object;' @104  null (0x00000000)
 - signature: Lorg/lwjgl/system/jni/JNINativeInterface;
 - ---- static fields (0):
 - public static final 'JNI_VERSION_1_1' 'I' @112  65537 (0x00010001)
 - public static final 'JNI_VERSION_1_2' 'I' @116  65538 (0x00010002)
 - public static final 'JNI_VERSION_1_4' 'I' @120  65540 (0x00010004)
 - public static final 'JNI_VERSION_1_6' 'I' @124  65542 (0x00010006)
 - public static final 'JNI_VERSION_1_8' 'I' @128  65544 (0x00010008)
 - public static final 'JNI_VERSION_9' 'I' @132  589824 (0x00090000)
 - public static final 'JNI_VERSION_10' 'I' @136  655360 (0x000a0000)
 - public static final 'JNI_VERSION_19' 'I' @140  1245184 (0x00130000)
 - public static final 'JNI_VERSION_20' 'I' @144  1310720 (0x00140000)
 - public static final 'JNI_VERSION_21' 'I' @148  1376256 (0x00150000)
 - public static final 'JNIInvalidRefType' 'I' @152  0 (0x00000000)
 - public static final 'JNILocalRefType' 'I' @156  1 (0x00000001)
 - public static final 'JNIGlobalRefType' 'I' @160  2 (0x00000002)
 - public static final 'JNIWeakGlobalRefType' 'I' @164  3 (0x00000003)
 - public static final 'JNI_FALSE' 'I' @168  0 (0x00000000)
 - public static final 'JNI_TRUE' 'I' @172  1 (0x00000001)
 - public static final 'JNI_OK' 'I' @176  0 (0x00000000)
 - public static final 'JNI_ERR' 'I' @180  -1 (0xffffffff)
 - public static final 'JNI_EDETACHED' 'I' @184  -2 (0xfffffffe)
 - public static final 'JNI_EVERSION' 'I' @188  -3 (0xfffffffd)
 - public static final 'JNI_ENOMEM' 'I' @192  -4 (0xfffffffc)
 - public static final 'JNI_EEXIST' 'I' @196  -5 (0xfffffffb)
 - public static final 'JNI_EINVAL' 'I' @200  -6 (0xfffffffa)
 - public static final 'JNI_COMMIT' 'I' @204  1 (0x00000001)
 - public static final 'JNI_ABORT' 'I' @208  2 (0x00000002)
R12=0x0 is null
R13=0x00007fdfc4049ce0 points into unknown readable memory: 0x00007fdfca1caa68 | 68 aa 1c ca df 7f 00 00
R14=0x00007fdfca3fe5d8 is pointing into the stack for thread: 0x00007fdfc402b110
R15=0x00007fdfc402b110 is a thread

Top of Stack: (sp=0x00007fdfca3fe4e0)
0x00007fdfca3fe4e0:   00007fdfc402b110 000000000000003e
0x00007fdfca3fe4f0:   00007fdf37467a80 00007fdfca3fe5d8
0x00007fdfca3fe500:   00007fdfca3fe520 00007fdfc97a9cfe
0x00007fdfca3fe510:   0000000000000000 0000000000000040
0x00007fdfca3fe520:   00007fdfca3fe540 00007fdfc97725cf
0x00007fdfca3fe530:   00007fdf37467a80 0000000000000000
0x00007fdfca3fe540:   00007fdfca3fe5b0 00007fdfb3e6b980
0x00007fdfca3fe550:   0000000452e909b8 0000000452e909b8
0x00007fdfca3fe560:   00007fdfca3fe5c8 00007fdfca3fe568
0x00007fdfca3fe570:   0000000000000000 0000000000000005
0x00007fdfca3fe580:   00007fdf37472cc0 0000000000000000
0x00007fdfca3fe590:   0000000452803f58 00007fdf37467a80
0x00007fdfca3fe5a0:   0000000000000000 00007fdfca3fe5d0
0x00007fdfca3fe5b0:   00007fdfca3fe628 00007fdfb3e67166
0x00007fdfca3fe5c0:   0000000452803f58 00007fdfb3e68f97
0x00007fdfca3fe5d0:   0000000000000040 0000000000000000
0x00007fdfca3fe5e0:   00007fdfca3fe5e0 00007fdf37467b2c
0x00007fdfca3fe5f0:   0000000000000003 00007fdf37472cc0
0x00007fdfca3fe600:   0000000000000000 0000000452803f58
0x00007fdfca3fe610:   00007fdf37467b50 00007fdfca3fe5d0
0x00007fdfca3fe620:   00007fdfca3fe638 00007fdfca3fe690
0x00007fdfca3fe630:   00007fdfb3e67166 0000000000000040
0x00007fdfca3fe640:   0000000000000000 00007fdfca3fe648
0x00007fdfca3fe650:   00007fdf3740f319 0000000000000004
0x00007fdfca3fe660:   00007fdf374177b8 00007fdf375d7920
0x00007fdfca3fe670:   000000045352faa0 00007fdf3740f348
0x00007fdfca3fe680:   00007fdfca3fe638 00007fdfca3fe6a8
0x00007fdfca3fe690:   00007fdfca3fe700 00007fdfb3e67166
0x00007fdfca3fe6a0:   00000004528cda70 00007fdfca765fe0
0x00007fdfca3fe6b0:   0000000000000000 00007fdfca3fe6b8
0x00007fdfca3fe6c0:   00007fdf3740ed64 0000000000000002
0x00007fdfca3fe6d0:   00007fdf374177b8 00007fdf375d76f8 

Instructions: (pc=0x00007fdfc938c473)
0x00007fdfc938c373:   80 00 00 00 00 48 8d 05 41 00 00 00 e9 53 ff ff
0x00007fdfc938c383:   ff 0f 1f 40 00 48 8d 05 d1 fe ff ff e9 43 ff ff
0x00007fdfc938c393:   ff 48 8d 05 95 fc e4 00 48 8d 0d c6 c2 ad 00 ba
0x00007fdfc938c3a3:   e2 00 00 00 48 8d 35 f2 c2 ad 00 bf 00 00 00 e0
0x00007fdfc938c3b3:   48 8b 00 c6 00 58 31 c0 e8 30 14 10 00 55 48 8d
0x00007fdfc938c3c3:   05 88 f0 e7 00 48 89 e5 41 56 41 55 41 54 49 89
0x00007fdfc938c3d3:   f4 53 4c 8b 28 48 89 fb 41 80 bd 18 06 00 00 00
0x00007fdfc938c3e3:   74 2e 4c 8b 37 4d 85 f6 74 26 66 48 8d 3d db 9f
0x00007fdfc938c3f3:   e4 00 66 66 48 e8 a3 00 d0 ff 49 8d bd f0 04 00
0x00007fdfc938c403:   00 4c 89 f2 48 8b 30 48 83 c6 28 e8 fd 39 7e 00
0x00007fdfc938c413:   4c 89 23 5b 41 5c 41 5d 41 5e 5d c3 90 55 48 8d
0x00007fdfc938c423:   05 28 f0 e7 00 48 89 e5 41 56 41 55 41 54 49 89
0x00007fdfc938c433:   f4 53 4c 8b 28 48 89 fb 41 80 bd 18 06 00 00 00
0x00007fdfc938c443:   74 2e 4c 8b 37 4d 85 f6 74 26 66 48 8d 3d 7b 9f
0x00007fdfc938c453:   e4 00 66 66 48 e8 43 00 d0 ff 49 8d bd f0 04 00
0x00007fdfc938c463:   00 4c 89 f2 48 8b 30 48 83 c6 28 e8 9d 39 7e 00
0x00007fdfc938c473:   4c 89 23 5b 41 5c 41 5d 41 5e 5d c3 90 55 48 89
0x00007fdfc938c483:   e5 41 55 4c 8d 2d 93 21 b5 00 41 54 49 89 fc 53
0x00007fdfc938c493:   48 89 f3 48 83 ec 08 48 8b 07 48 8d 15 1c a6 ed
0x00007fdfc938c4a3:   00 48 89 c1 48 23 0a 75 34 48 8d 05 15 a6 ed 00
0x00007fdfc938c4b3:   48 8b 10 48 89 d0 48 c1 e8 0c 83 e0 0f 41 8b 4c
0x00007fdfc938c4c3:   85 00 48 d3 e3 48 09 d3 49 89 1c 24 48 83 c4 08
0x00007fdfc938c4d3:   5b 41 5c 41 5d 5d c3 66 0f 1f 44 00 00 48 89 c7
0x00007fdfc938c4e3:   48 81 e7 0f 00 ff ff 74 24 48 89 c2 48 89 c7 48
0x00007fdfc938c4f3:   89 c6 48 c1 ea 0c 83 e2 0f 41 8b 4c 95 00 48 8d
0x00007fdfc938c503:   15 d8 a5 ed 00 48 d3 ef 48 23 32 75 10 e8 1b 81
0x00007fdfc938c513:   a1 00 eb 95 66 0f 1f 84 00 00 00 00 00 48 8d 0d
0x00007fdfc938c523:   e9 a5 ed 00 48 89 c2 81 e2 00 f0 00 00 48 89 d6
0x00007fdfc938c533:   48 23 31 75 58 48 8d 0d d9 a5 ed 00 48 23 11 75
0x00007fdfc938c543:   5c 83 e0 30 48 83 f8 30 74 53 48 8d 05 d4 a7 ed
0x00007fdfc938c553:   00 48 8b 30 48 8d 05 d2 a5 ed 00 48 8b 08 48 8b
0x00007fdfc938c563:   56 28 48 21 f9 48 89 c8 48 c1 e8 15 48 8d 04 c2 


Stack slot to memory mapping:

stack at sp + 0 slots: 0x00007fdfc402b110 is a thread
stack at sp + 1 slots: 0x000000000000003e is an unknown value
stack at sp + 2 slots: {method} {0x00007fdf37467a80} 'nDeleteGlobalRef' '(J)V' in 'org/lwjgl/system/jni/JNINativeInterface'
stack at sp + 3 slots: 0x00007fdfca3fe5d8 is pointing into the stack for thread: 0x00007fdfc402b110
stack at sp + 4 slots: 0x00007fdfca3fe520 is pointing into the stack for thread: 0x00007fdfc402b110
stack at sp + 5 slots: 0x00007fdfc97a9cfe: <offset 0x00000000009a9cfe> in /home/mindspice/code/jdk/openjdk-21-rc/lib/server/libjvm.so at 0x00007fdfc8e00000
stack at sp + 6 slots: 0x0 is null
stack at sp + 7 slots: 0x0000000000000040 is an unknown value


---------------  P R O C E S S  ---------------

Threads class SMR info:
_java_thread_list=0x00007fdf08003680, length=12, elements={
0x00007fdfc402b110, 0x00007fdfc415cdd0, 0x00007fdfc415e420, 0x00007fdfc415ff00,
0x00007fdfc4161540, 0x00007fdfc4162ae0, 0x00007fdfc41646a0, 0x00007fdfc4165d60,
0x00007fdfc417f8e0, 0x00007fdfc433e090, 0x00007fdfc433e970, 0x00007fdf20000ff0
}

Java Threads: ( => current thread )
=>0x00007fdfc402b110 JavaThread "main"                              [_thread_in_vm, id=80782, stack(0x00007fdfca300000,0x00007fdfca400000) (1024K)]
  0x00007fdfc415cdd0 JavaThread "Reference Handler"          daemon [_thread_blocked, id=80792, stack(0x00007fdf88e6f000,0x00007fdf88f6f000) (1024K)]
  0x00007fdfc415e420 JavaThread "Finalizer"                  daemon [_thread_blocked, id=80793, stack(0x00007fdf88d6f000,0x00007fdf88e6f000) (1024K)]
  0x00007fdfc415ff00 JavaThread "Signal Dispatcher"          daemon [_thread_blocked, id=80794, stack(0x00007fdf88c6f000,0x00007fdf88d6f000) (1024K)]
  0x00007fdfc4161540 JavaThread "Service Thread"             daemon [_thread_blocked, id=80795, stack(0x00007fdf88b6f000,0x00007fdf88c6f000) (1024K)]
  0x00007fdfc4162ae0 JavaThread "Monitor Deflation Thread"   daemon [_thread_blocked, id=80796, stack(0x00007fdf88a6f000,0x00007fdf88b6f000) (1024K)]
  0x00007fdfc41646a0 JavaThread "C2 CompilerThread0"         daemon [_thread_blocked, id=80797, stack(0x00007fdf8896f000,0x00007fdf88a6f000) (1024K)]
  0x00007fdfc4165d60 JavaThread "C1 CompilerThread0"         daemon [_thread_blocked, id=80798, stack(0x00007fdf8886f000,0x00007fdf8896f000) (1024K)]
  0x00007fdfc417f8e0 JavaThread "Common-Cleaner"             daemon [_thread_blocked, id=80802, stack(0x00007fdf8869f000,0x00007fdf8879f000) (1024K)]
  0x00007fdfc433e090 JavaThread "Monitor Ctrl-Break"         daemon [_thread_in_native, id=80813, stack(0x00007fdf8829f000,0x00007fdf8839f000) (1024K)]
  0x00007fdfc433e970 JavaThread "Notification Thread"        daemon [_thread_blocked, id=80814, stack(0x00007fdf8819f000,0x00007fdf8829f000) (1024K)]
  0x00007fdf20000ff0 JavaThread "Attach Listener"            daemon [_thread_blocked, id=80850, stack(0x00007fdf3408e000,0x00007fdf3418e000) (1024K)]
Total: 12

Other Threads:
  0x00007fdfc414f730 VMThread "VM Thread"                           [id=80791, stack(0x00007fdf88f70000,0x00007fdf89070000) (1024K)]
  0x00007fdfc4134b90 WatcherThread "VM Periodic Task Thread"        [id=80790, stack(0x00007fdf89071000,0x00007fdf89171000) (1024K)]
  0x00007fdfc4058f50 WorkerThread "GC Thread#0"                     [id=80783, stack(0x00007fdf988e6000,0x00007fdf989e6000) (1024K)]
  0x00007fdfc4069f90 ConcurrentGCThread "G1 Main Marker"            [id=80784, stack(0x00007fdf987e5000,0x00007fdf988e5000) (1024K)]
  0x00007fdfc406ae70 WorkerThread "G1 Conc#0"                       [id=80785, stack(0x00007fdf986e4000,0x00007fdf987e4000) (1024K)]
  0x00007fdfc4122560 ConcurrentGCThread "G1 Refine#0"               [id=80788, stack(0x00007fdf892f4000,0x00007fdf893f4000) (1024K)]
  0x00007fdfc4123510 ConcurrentGCThread "G1 Service"                [id=80789, stack(0x00007fdf891f3000,0x00007fdf892f3000) (1024K)]
Total: 7

Threads with active compile tasks:
Total: 0

VM state: not at safepoint (normal execution)

VM Mutex/Monitor currently owned by a thread: None

Heap address: 0x0000000414800000, size: 16056 MB, Compressed Oops mode: Zero based, Oop shift amount: 3

CDS archive(s) mapped at: [0x00007fdf3b000000-0x00007fdf3bca5000-0x00007fdf3bca5000), size 13258752, SharedBaseAddress: 0x00007fdf3b000000, ArchiveRelocationMode: 1.
Compressed class space mapped at: 0x00007fdf3c000000-0x00007fdf7c000000, reserved size: 1073741824
Narrow klass base: 0x00007fdf3b000000, Narrow klass shift: 0, Narrow klass range: 0x100000000

GC Precious Log:
 CardTable entry size: 512
 Card Set container configuration: InlinePtr #cards 4 size 8 Array Of Cards #cards 64 size 144 Howl #buckets 8 coarsen threshold 14745 Howl Bitmap #cards 2048 size 272 coarsen threshold 1843 Card regions per heap region 1 cards per card region 16384
 CPUs: 24 total, 24 available
 Memory: 64212M
 Large Page Support: Disabled
 NUMA Support: Disabled
 Compressed Oops: Enabled (Zero based)
 Heap Region Size: 8M
 Heap Min Capacity: 8M
 Heap Initial Capacity: 1008M
 Heap Max Capacity: 16056M
 Pre-touch: Disabled
 Parallel Workers: 18
 Concurrent Workers: 5
 Concurrent Refinement Workers: 18
 Periodic GC: Disabled

Heap:
 garbage-first heap   total 1040384K, used 9245K [0x0000000414800000, 0x0000000800000000)
  region size 8192K, 2 young (16384K), 0 survivors (0K)
 Metaspace       used 4329K, committed 4544K, reserved 1114112K
  class space    used 288K, committed 384K, reserved 1048576K

Heap Regions: E=young(eden), S=young(survivor), O=old, HS=humongous(starts), HC=humongous(continues), CS=collection set, F=free, TAMS=top-at-mark-start, PB=parsable bottom
|   0|0x0000000414800000, 0x0000000414800000, 0x0000000415000000|  0%| F|  |TAMS 0x0000000414800000| PB 0x0000000414800000| Untracked 
|   1|0x0000000415000000, 0x0000000415000000, 0x0000000415800000|  0%| F|  |TAMS 0x0000000415000000| PB 0x0000000415000000| Untracked 
|   2|0x0000000415800000, 0x0000000415800000, 0x0000000416000000|  0%| F|  |TAMS 0x0000000415800000| PB 0x0000000415800000| Untracked 
|   3|0x0000000416000000, 0x0000000416000000, 0x0000000416800000|  0%| F|  |TAMS 0x0000000416000000| PB 0x0000000416000000| Untracked 
|   4|0x0000000416800000, 0x0000000416800000, 0x0000000417000000|  0%| F|  |TAMS 0x0000000416800000| PB 0x0000000416800000| Untracked 
|   5|0x0000000417000000, 0x0000000417000000, 0x0000000417800000|  0%| F|  |TAMS 0x0000000417000000| PB 0x0000000417000000| Untracked 
|   6|0x0000000417800000, 0x0000000417800000, 0x0000000418000000|  0%| F|  |TAMS 0x0000000417800000| PB 0x0000000417800000| Untracked 
|   7|0x0000000418000000, 0x0000000418000000, 0x0000000418800000|  0%| F|  |TAMS 0x0000000418000000| PB 0x0000000418000000| Untracked 
|   8|0x0000000418800000, 0x0000000418800000, 0x0000000419000000|  0%| F|  |TAMS 0x0000000418800000| PB 0x0000000418800000| Untracked 
|   9|0x0000000419000000, 0x0000000419000000, 0x0000000419800000|  0%| F|  |TAMS 0x0000000419000000| PB 0x0000000419000000| Untracked 
|  10|0x0000000419800000, 0x0000000419800000, 0x000000041a000000|  0%| F|  |TAMS 0x0000000419800000| PB 0x0000000419800000| Untracked 
|  11|0x000000041a000000, 0x000000041a000000, 0x000000041a800000|  0%| F|  |TAMS 0x000000041a000000| PB 0x000000041a000000| Untracked 
|  12|0x000000041a800000, 0x000000041a800000, 0x000000041b000000|  0%| F|  |TAMS 0x000000041a800000| PB 0x000000041a800000| Untracked 
|  13|0x000000041b000000, 0x000000041b000000, 0x000000041b800000|  0%| F|  |TAMS 0x000000041b000000| PB 0x000000041b000000| Untracked 
|  14|0x000000041b800000, 0x000000041b800000, 0x000000041c000000|  0%| F|  |TAMS 0x000000041b800000| PB 0x000000041b800000| Untracked 
|  15|0x000000041c000000, 0x000000041c000000, 0x000000041c800000|  0%| F|  |TAMS 0x000000041c000000| PB 0x000000041c000000| Untracked 
|  16|0x000000041c800000, 0x000000041c800000, 0x000000041d000000|  0%| F|  |TAMS 0x000000041c800000| PB 0x000000041c800000| Untracked 
|  17|0x000000041d000000, 0x000000041d000000, 0x000000041d800000|  0%| F|  |TAMS 0x000000041d000000| PB 0x000000041d000000| Untracked 
|  18|0x000000041d800000, 0x000000041d800000, 0x000000041e000000|  0%| F|  |TAMS 0x000000041d800000| PB 0x000000041d800000| Untracked 
|  19|0x000000041e000000, 0x000000041e000000, 0x000000041e800000|  0%| F|  |TAMS 0x000000041e000000| PB 0x000000041e000000| Untracked 
|  20|0x000000041e800000, 0x000000041e800000, 0x000000041f000000|  0%| F|  |TAMS 0x000000041e800000| PB 0x000000041e800000| Untracked 
|  21|0x000000041f000000, 0x000000041f000000, 0x000000041f800000|  0%| F|  |TAMS 0x000000041f000000| PB 0x000000041f000000| Untracked 
|  22|0x000000041f800000, 0x000000041f800000, 0x0000000420000000|  0%| F|  |TAMS 0x000000041f800000| PB 0x000000041f800000| Untracked 
|  23|0x0000000420000000, 0x0000000420000000, 0x0000000420800000|  0%| F|  |TAMS 0x0000000420000000| PB 0x0000000420000000| Untracked 
|  24|0x0000000420800000, 0x0000000420800000, 0x0000000421000000|  0%| F|  |TAMS 0x0000000420800000| PB 0x0000000420800000| Untracked 
|  25|0x0000000421000000, 0x0000000421000000, 0x0000000421800000|  0%| F|  |TAMS 0x0000000421000000| PB 0x0000000421000000| Untracked 
|  26|0x0000000421800000, 0x0000000421800000, 0x0000000422000000|  0%| F|  |TAMS 0x0000000421800000| PB 0x0000000421800000| Untracked 
|  27|0x0000000422000000, 0x0000000422000000, 0x0000000422800000|  0%| F|  |TAMS 0x0000000422000000| PB 0x0000000422000000| Untracked 
|  28|0x0000000422800000, 0x0000000422800000, 0x0000000423000000|  0%| F|  |TAMS 0x0000000422800000| PB 0x0000000422800000| Untracked 
|  29|0x0000000423000000, 0x0000000423000000, 0x0000000423800000|  0%| F|  |TAMS 0x0000000423000000| PB 0x0000000423000000| Untracked 
|  30|0x0000000423800000, 0x0000000423800000, 0x0000000424000000|  0%| F|  |TAMS 0x0000000423800000| PB 0x0000000423800000| Untracked 
|  31|0x0000000424000000, 0x0000000424000000, 0x0000000424800000|  0%| F|  |TAMS 0x0000000424000000| PB 0x0000000424000000| Untracked 
|  32|0x0000000424800000, 0x0000000424800000, 0x0000000425000000|  0%| F|  |TAMS 0x0000000424800000| PB 0x0000000424800000| Untracked 
|  33|0x0000000425000000, 0x0000000425000000, 0x0000000425800000|  0%| F|  |TAMS 0x0000000425000000| PB 0x0000000425000000| Untracked 
|  34|0x0000000425800000, 0x0000000425800000, 0x0000000426000000|  0%| F|  |TAMS 0x0000000425800000| PB 0x0000000425800000| Untracked 
|  35|0x0000000426000000, 0x0000000426000000, 0x0000000426800000|  0%| F|  |TAMS 0x0000000426000000| PB 0x0000000426000000| Untracked 
|  36|0x0000000426800000, 0x0000000426800000, 0x0000000427000000|  0%| F|  |TAMS 0x0000000426800000| PB 0x0000000426800000| Untracked 
|  37|0x0000000427000000, 0x0000000427000000, 0x0000000427800000|  0%| F|  |TAMS 0x0000000427000000| PB 0x0000000427000000| Untracked 
|  38|0x0000000427800000, 0x0000000427800000, 0x0000000428000000|  0%| F|  |TAMS 0x0000000427800000| PB 0x0000000427800000| Untracked 
|  39|0x0000000428000000, 0x0000000428000000, 0x0000000428800000|  0%| F|  |TAMS 0x0000000428000000| PB 0x0000000428000000| Untracked 
|  40|0x0000000428800000, 0x0000000428800000, 0x0000000429000000|  0%| F|  |TAMS 0x0000000428800000| PB 0x0000000428800000| Untracked 
|  41|0x0000000429000000, 0x0000000429000000, 0x0000000429800000|  0%| F|  |TAMS 0x0000000429000000| PB 0x0000000429000000| Untracked 
|  42|0x0000000429800000, 0x0000000429800000, 0x000000042a000000|  0%| F|  |TAMS 0x0000000429800000| PB 0x0000000429800000| Untracked 
|  43|0x000000042a000000, 0x000000042a000000, 0x000000042a800000|  0%| F|  |TAMS 0x000000042a000000| PB 0x000000042a000000| Untracked 
|  44|0x000000042a800000, 0x000000042a800000, 0x000000042b000000|  0%| F|  |TAMS 0x000000042a800000| PB 0x000000042a800000| Untracked 
|  45|0x000000042b000000, 0x000000042b000000, 0x000000042b800000|  0%| F|  |TAMS 0x000000042b000000| PB 0x000000042b000000| Untracked 
|  46|0x000000042b800000, 0x000000042b800000, 0x000000042c000000|  0%| F|  |TAMS 0x000000042b800000| PB 0x000000042b800000| Untracked 
|  47|0x000000042c000000, 0x000000042c000000, 0x000000042c800000|  0%| F|  |TAMS 0x000000042c000000| PB 0x000000042c000000| Untracked 
|  48|0x000000042c800000, 0x000000042c800000, 0x000000042d000000|  0%| F|  |TAMS 0x000000042c800000| PB 0x000000042c800000| Untracked 
|  49|0x000000042d000000, 0x000000042d000000, 0x000000042d800000|  0%| F|  |TAMS 0x000000042d000000| PB 0x000000042d000000| Untracked 
|  50|0x000000042d800000, 0x000000042d800000, 0x000000042e000000|  0%| F|  |TAMS 0x000000042d800000| PB 0x000000042d800000| Untracked 
|  51|0x000000042e000000, 0x000000042e000000, 0x000000042e800000|  0%| F|  |TAMS 0x000000042e000000| PB 0x000000042e000000| Untracked 
|  52|0x000000042e800000, 0x000000042e800000, 0x000000042f000000|  0%| F|  |TAMS 0x000000042e800000| PB 0x000000042e800000| Untracked 
|  53|0x000000042f000000, 0x000000042f000000, 0x000000042f800000|  0%| F|  |TAMS 0x000000042f000000| PB 0x000000042f000000| Untracked 
|  54|0x000000042f800000, 0x000000042f800000, 0x0000000430000000|  0%| F|  |TAMS 0x000000042f800000| PB 0x000000042f800000| Untracked 
|  55|0x0000000430000000, 0x0000000430000000, 0x0000000430800000|  0%| F|  |TAMS 0x0000000430000000| PB 0x0000000430000000| Untracked 
|  56|0x0000000430800000, 0x0000000430800000, 0x0000000431000000|  0%| F|  |TAMS 0x0000000430800000| PB 0x0000000430800000| Untracked 
|  57|0x0000000431000000, 0x0000000431000000, 0x0000000431800000|  0%| F|  |TAMS 0x0000000431000000| PB 0x0000000431000000| Untracked 
|  58|0x0000000431800000, 0x0000000431800000, 0x0000000432000000|  0%| F|  |TAMS 0x0000000431800000| PB 0x0000000431800000| Untracked 
|  59|0x0000000432000000, 0x0000000432000000, 0x0000000432800000|  0%| F|  |TAMS 0x0000000432000000| PB 0x0000000432000000| Untracked 
|  60|0x0000000432800000, 0x0000000432800000, 0x0000000433000000|  0%| F|  |TAMS 0x0000000432800000| PB 0x0000000432800000| Untracked 
|  61|0x0000000433000000, 0x0000000433000000, 0x0000000433800000|  0%| F|  |TAMS 0x0000000433000000| PB 0x0000000433000000| Untracked 
|  62|0x0000000433800000, 0x0000000433800000, 0x0000000434000000|  0%| F|  |TAMS 0x0000000433800000| PB 0x0000000433800000| Untracked 
|  63|0x0000000434000000, 0x0000000434000000, 0x0000000434800000|  0%| F|  |TAMS 0x0000000434000000| PB 0x0000000434000000| Untracked 
|  64|0x0000000434800000, 0x0000000434800000, 0x0000000435000000|  0%| F|  |TAMS 0x0000000434800000| PB 0x0000000434800000| Untracked 
|  65|0x0000000435000000, 0x0000000435000000, 0x0000000435800000|  0%| F|  |TAMS 0x0000000435000000| PB 0x0000000435000000| Untracked 
|  66|0x0000000435800000, 0x0000000435800000, 0x0000000436000000|  0%| F|  |TAMS 0x0000000435800000| PB 0x0000000435800000| Untracked 
|  67|0x0000000436000000, 0x0000000436000000, 0x0000000436800000|  0%| F|  |TAMS 0x0000000436000000| PB 0x0000000436000000| Untracked 
|  68|0x0000000436800000, 0x0000000436800000, 0x0000000437000000|  0%| F|  |TAMS 0x0000000436800000| PB 0x0000000436800000| Untracked 
|  69|0x0000000437000000, 0x0000000437000000, 0x0000000437800000|  0%| F|  |TAMS 0x0000000437000000| PB 0x0000000437000000| Untracked 
|  70|0x0000000437800000, 0x0000000437800000, 0x0000000438000000|  0%| F|  |TAMS 0x0000000437800000| PB 0x0000000437800000| Untracked 
|  71|0x0000000438000000, 0x0000000438000000, 0x0000000438800000|  0%| F|  |TAMS 0x0000000438000000| PB 0x0000000438000000| Untracked 
|  72|0x0000000438800000, 0x0000000438800000, 0x0000000439000000|  0%| F|  |TAMS 0x0000000438800000| PB 0x0000000438800000| Untracked 
|  73|0x0000000439000000, 0x0000000439000000, 0x0000000439800000|  0%| F|  |TAMS 0x0000000439000000| PB 0x0000000439000000| Untracked 
|  74|0x0000000439800000, 0x0000000439800000, 0x000000043a000000|  0%| F|  |TAMS 0x0000000439800000| PB 0x0000000439800000| Untracked 
|  75|0x000000043a000000, 0x000000043a000000, 0x000000043a800000|  0%| F|  |TAMS 0x000000043a000000| PB 0x000000043a000000| Untracked 
|  76|0x000000043a800000, 0x000000043a800000, 0x000000043b000000|  0%| F|  |TAMS 0x000000043a800000| PB 0x000000043a800000| Untracked 
|  77|0x000000043b000000, 0x000000043b000000, 0x000000043b800000|  0%| F|  |TAMS 0x000000043b000000| PB 0x000000043b000000| Untracked 
|  78|0x000000043b800000, 0x000000043b800000, 0x000000043c000000|  0%| F|  |TAMS 0x000000043b800000| PB 0x000000043b800000| Untracked 
|  79|0x000000043c000000, 0x000000043c000000, 0x000000043c800000|  0%| F|  |TAMS 0x000000043c000000| PB 0x000000043c000000| Untracked 
|  80|0x000000043c800000, 0x000000043c800000, 0x000000043d000000|  0%| F|  |TAMS 0x000000043c800000| PB 0x000000043c800000| Untracked 
|  81|0x000000043d000000, 0x000000043d000000, 0x000000043d800000|  0%| F|  |TAMS 0x000000043d000000| PB 0x000000043d000000| Untracked 
|  82|0x000000043d800000, 0x000000043d800000, 0x000000043e000000|  0%| F|  |TAMS 0x000000043d800000| PB 0x000000043d800000| Untracked 
|  83|0x000000043e000000, 0x000000043e000000, 0x000000043e800000|  0%| F|  |TAMS 0x000000043e000000| PB 0x000000043e000000| Untracked 
|  84|0x000000043e800000, 0x000000043e800000, 0x000000043f000000|  0%| F|  |TAMS 0x000000043e800000| PB 0x000000043e800000| Untracked 
|  85|0x000000043f000000, 0x000000043f000000, 0x000000043f800000|  0%| F|  |TAMS 0x000000043f000000| PB 0x000000043f000000| Untracked 
|  86|0x000000043f800000, 0x000000043f800000, 0x0000000440000000|  0%| F|  |TAMS 0x000000043f800000| PB 0x000000043f800000| Untracked 
|  87|0x0000000440000000, 0x0000000440000000, 0x0000000440800000|  0%| F|  |TAMS 0x0000000440000000| PB 0x0000000440000000| Untracked 
|  88|0x0000000440800000, 0x0000000440800000, 0x0000000441000000|  0%| F|  |TAMS 0x0000000440800000| PB 0x0000000440800000| Untracked 
|  89|0x0000000441000000, 0x0000000441000000, 0x0000000441800000|  0%| F|  |TAMS 0x0000000441000000| PB 0x0000000441000000| Untracked 
|  90|0x0000000441800000, 0x0000000441800000, 0x0000000442000000|  0%| F|  |TAMS 0x0000000441800000| PB 0x0000000441800000| Untracked 
|  91|0x0000000442000000, 0x0000000442000000, 0x0000000442800000|  0%| F|  |TAMS 0x0000000442000000| PB 0x0000000442000000| Untracked 
|  92|0x0000000442800000, 0x0000000442800000, 0x0000000443000000|  0%| F|  |TAMS 0x0000000442800000| PB 0x0000000442800000| Untracked 
|  93|0x0000000443000000, 0x0000000443000000, 0x0000000443800000|  0%| F|  |TAMS 0x0000000443000000| PB 0x0000000443000000| Untracked 
|  94|0x0000000443800000, 0x0000000443800000, 0x0000000444000000|  0%| F|  |TAMS 0x0000000443800000| PB 0x0000000443800000| Untracked 
|  95|0x0000000444000000, 0x0000000444000000, 0x0000000444800000|  0%| F|  |TAMS 0x0000000444000000| PB 0x0000000444000000| Untracked 
|  96|0x0000000444800000, 0x0000000444800000, 0x0000000445000000|  0%| F|  |TAMS 0x0000000444800000| PB 0x0000000444800000| Untracked 
|  97|0x0000000445000000, 0x0000000445000000, 0x0000000445800000|  0%| F|  |TAMS 0x0000000445000000| PB 0x0000000445000000| Untracked 
|  98|0x0000000445800000, 0x0000000445800000, 0x0000000446000000|  0%| F|  |TAMS 0x0000000445800000| PB 0x0000000445800000| Untracked 
|  99|0x0000000446000000, 0x0000000446000000, 0x0000000446800000|  0%| F|  |TAMS 0x0000000446000000| PB 0x0000000446000000| Untracked 
| 100|0x0000000446800000, 0x0000000446800000, 0x0000000447000000|  0%| F|  |TAMS 0x0000000446800000| PB 0x0000000446800000| Untracked 
| 101|0x0000000447000000, 0x0000000447000000, 0x0000000447800000|  0%| F|  |TAMS 0x0000000447000000| PB 0x0000000447000000| Untracked 
| 102|0x0000000447800000, 0x0000000447800000, 0x0000000448000000|  0%| F|  |TAMS 0x0000000447800000| PB 0x0000000447800000| Untracked 
| 103|0x0000000448000000, 0x0000000448000000, 0x0000000448800000|  0%| F|  |TAMS 0x0000000448000000| PB 0x0000000448000000| Untracked 
| 104|0x0000000448800000, 0x0000000448800000, 0x0000000449000000|  0%| F|  |TAMS 0x0000000448800000| PB 0x0000000448800000| Untracked 
| 105|0x0000000449000000, 0x0000000449000000, 0x0000000449800000|  0%| F|  |TAMS 0x0000000449000000| PB 0x0000000449000000| Untracked 
| 106|0x0000000449800000, 0x0000000449800000, 0x000000044a000000|  0%| F|  |TAMS 0x0000000449800000| PB 0x0000000449800000| Untracked 
| 107|0x000000044a000000, 0x000000044a000000, 0x000000044a800000|  0%| F|  |TAMS 0x000000044a000000| PB 0x000000044a000000| Untracked 
| 108|0x000000044a800000, 0x000000044a800000, 0x000000044b000000|  0%| F|  |TAMS 0x000000044a800000| PB 0x000000044a800000| Untracked 
| 109|0x000000044b000000, 0x000000044b000000, 0x000000044b800000|  0%| F|  |TAMS 0x000000044b000000| PB 0x000000044b000000| Untracked 
| 110|0x000000044b800000, 0x000000044b800000, 0x000000044c000000|  0%| F|  |TAMS 0x000000044b800000| PB 0x000000044b800000| Untracked 
| 111|0x000000044c000000, 0x000000044c000000, 0x000000044c800000|  0%| F|  |TAMS 0x000000044c000000| PB 0x000000044c000000| Untracked 
| 112|0x000000044c800000, 0x000000044c800000, 0x000000044d000000|  0%| F|  |TAMS 0x000000044c800000| PB 0x000000044c800000| Untracked 
| 113|0x000000044d000000, 0x000000044d000000, 0x000000044d800000|  0%| F|  |TAMS 0x000000044d000000| PB 0x000000044d000000| Untracked 
| 114|0x000000044d800000, 0x000000044d800000, 0x000000044e000000|  0%| F|  |TAMS 0x000000044d800000| PB 0x000000044d800000| Untracked 
| 115|0x000000044e000000, 0x000000044e000000, 0x000000044e800000|  0%| F|  |TAMS 0x000000044e000000| PB 0x000000044e000000| Untracked 
| 116|0x000000044e800000, 0x000000044e800000, 0x000000044f000000|  0%| F|  |TAMS 0x000000044e800000| PB 0x000000044e800000| Untracked 
| 117|0x000000044f000000, 0x000000044f000000, 0x000000044f800000|  0%| F|  |TAMS 0x000000044f000000| PB 0x000000044f000000| Untracked 
| 118|0x000000044f800000, 0x000000044f800000, 0x0000000450000000|  0%| F|  |TAMS 0x000000044f800000| PB 0x000000044f800000| Untracked 
| 119|0x0000000450000000, 0x0000000450000000, 0x0000000450800000|  0%| F|  |TAMS 0x0000000450000000| PB 0x0000000450000000| Untracked 
| 120|0x0000000450800000, 0x0000000450800000, 0x0000000451000000|  0%| F|  |TAMS 0x0000000450800000| PB 0x0000000450800000| Untracked 
| 121|0x0000000451000000, 0x0000000451000000, 0x0000000451800000|  0%| F|  |TAMS 0x0000000451000000| PB 0x0000000451000000| Untracked 
| 122|0x0000000451800000, 0x0000000451800000, 0x0000000452000000|  0%| F|  |TAMS 0x0000000451800000| PB 0x0000000451800000| Untracked 
| 123|0x0000000452000000, 0x0000000452000000, 0x0000000452800000|  0%| F|  |TAMS 0x0000000452000000| PB 0x0000000452000000| Untracked 
| 124|0x0000000452800000, 0x0000000452f09ca0, 0x0000000453000000| 87%| E|  |TAMS 0x0000000452800000| PB 0x0000000452800000| Complete 
| 125|0x0000000453000000, 0x0000000453800000, 0x0000000453800000|100%| E|CS|TAMS 0x0000000453000000| PB 0x0000000453000000| Complete 
|2006|0x00000007ff800000, 0x00000007ff907430, 0x0000000800000000| 12%| O|  |TAMS 0x00000007ff800000| PB 0x00000007ff800000| Untracked 

Card table byte_map: [0x00007fdfa85c5000,0x00007fdfaa521000] _byte_map_base: 0x00007fdfa6521000

Marking Bits: (CMBitMap*) 0x00007fdfc4059980
 Bits: [0x00007fdf98ae5000, 0x00007fdfa85c5000)

Polling page: 0x00007fdfca780000

Metaspace:

Usage:
  Non-class:      3.95 MB used.
      Class:    288.45 KB used.
       Both:      4.23 MB used.

Virtual space:
  Non-class space:       64.00 MB reserved,       4.06 MB (  6%) committed,  1 nodes.
      Class space:        1.00 GB reserved,     384.00 KB ( <1%) committed,  1 nodes.
             Both:        1.06 GB reserved,       4.44 MB ( <1%) committed. 

Chunk freelists:
   Non-Class:  10.14 MB
       Class:  15.60 MB
        Both:  25.74 MB

MaxMetaspaceSize: unlimited
CompressedClassSpaceSize: 1.00 GB
Initial GC threshold: 21.00 MB
Current GC threshold: 21.00 MB
CDS: on
 - commit_granule_bytes: 65536.
 - commit_granule_words: 8192.
 - virtual_space_node_default_size: 8388608.
 - enlarge_chunks_in_place: 1.
 - use_allocation_guard: 0.


Internal statistics:

num_allocs_failed_limit: 0.
num_arena_births: 104.
num_arena_deaths: 0.
num_vsnodes_births: 2.
num_vsnodes_deaths: 0.
num_space_committed: 69.
num_space_uncommitted: 0.
num_chunks_returned_to_freelist: 0.
num_chunks_taken_from_freelist: 197.
num_chunk_merges: 0.
num_chunk_splits: 134.
num_chunks_enlarged: 85.
num_inconsistent_stats: 0.

CodeHeap 'non-profiled nmethods': size=119168Kb used=372Kb max_used=372Kb free=118795Kb
 bounds [0x00007fdfb45a0000, 0x00007fdfb4810000, 0x00007fdfbba00000]
CodeHeap 'profiled nmethods': size=119164Kb used=1707Kb max_used=1707Kb free=117456Kb
 bounds [0x00007fdfaca00000, 0x00007fdfacc70000, 0x00007fdfb3e5f000]
CodeHeap 'non-nmethods': size=7428Kb used=2028Kb max_used=3731Kb free=5399Kb
 bounds [0x00007fdfb3e5f000, 0x00007fdfb420f000, 0x00007fdfb45a0000]
 total_blobs=2093 nmethods=1048 adapters=951
 compilation: enabled
              stopped_count=0, restarted_count=0
 full_count=0

Compilation events (20 events):
Event: 8.500 Thread 0x00007fdfc41646a0 1039       4       java.nio.ByteBuffer::arrayOffset (35 bytes)
Event: 8.500 Thread 0x00007fdfc41646a0 nmethod 1039 0x00007fdfb45fa910 code [0x00007fdfb45faaa0, 0x00007fdfb45fab68]
Event: 8.757 Thread 0x00007fdfc41646a0 1040   !   4       jdk.internal.misc.Blocker::begin (97 bytes)
Event: 8.757 Thread 0x00007fdfc41646a0 nmethod 1040 0x00007fdfb45fac10 code [0x00007fdfb45fada0, 0x00007fdfb45fae68]
Event: 8.781 Thread 0x00007fdfc41646a0 1041       4       jdk.internal.misc.Blocker::end (71 bytes)
Event: 8.781 Thread 0x00007fdfc41646a0 nmethod 1041 0x00007fdfb45faf90 code [0x00007fdfb45fb100, 0x00007fdfb45fb198]
Event: 9.214 Thread 0x00007fdfc41646a0 1042       4       java.nio.Buffer::limit (65 bytes)
Event: 9.215 Thread 0x00007fdfc41646a0 nmethod 1042 0x00007fdfb45fb290 code [0x00007fdfb45fb420, 0x00007fdfb45fb540]
Event: 11.061 Thread 0x00007fdfc41646a0 1043       4       java.nio.ByteBuffer::position (6 bytes)
Event: 11.061 Thread 0x00007fdfc41646a0 nmethod 1043 0x00007fdfb45fb610 code [0x00007fdfb45fb7a0, 0x00007fdfb45fb8b8]
Event: 11.080 Thread 0x00007fdfc41646a0 1044       4       java.nio.CharBuffer::limit (6 bytes)
Event: 11.081 Thread 0x00007fdfc41646a0 nmethod 1044 0x00007fdfb45fba10 code [0x00007fdfb45fbba0, 0x00007fdfb45fbcc0]
Event: 11.084 Thread 0x00007fdfc41646a0 1045       4       java.nio.CharBuffer::array (35 bytes)
Event: 11.085 Thread 0x00007fdfc41646a0 nmethod 1045 0x00007fdfb45fbe10 code [0x00007fdfb45fbfa0, 0x00007fdfb45fc068]
Event: 11.346 Thread 0x00007fdfc41646a0 1046       4       java.lang.System$2::encodeASCII (11 bytes)
Event: 11.347 Thread 0x00007fdfc41646a0 nmethod 1046 0x00007fdfb45fc110 code [0x00007fdfb45fc280, 0x00007fdfb45fc3f8]
Event: 13.394 Thread 0x00007fdfc41646a0 1047       4       sun.nio.cs.UTF_8::updatePositions (23 bytes)
Event: 13.396 Thread 0x00007fdfc41646a0 nmethod 1047 0x00007fdfb45fc490 code [0x00007fdfb45fc640, 0x00007fdfb45fc8e8]
Event: 13.426 Thread 0x00007fdfc41646a0 1048   !   4       java.io.FileOutputStream::write (47 bytes)
Event: 13.427 Thread 0x00007fdfc41646a0 nmethod 1048 0x00007fdfb45fcc10 code [0x00007fdfb45fcdc0, 0x00007fdfb45fcf58]

GC Heap History (0 events):
No events

Dll operation events (11 events):
Event: 0.001 Loaded shared library /home/mindspice/code/jdk/openjdk-21-rc/lib/libjava.so
Event: 0.012 Loaded shared library /home/mindspice/code/jdk/openjdk-21-rc/lib/libjsvml.so
Event: 0.030 Loaded shared library /home/mindspice/code/jdk/openjdk-21-rc/lib/libzip.so
Event: 0.030 Loaded shared library /home/mindspice/code/jdk/openjdk-21-rc/lib/libinstrument.so
Event: 0.032 Loaded shared library /home/mindspice/code/jdk/openjdk-21-rc/lib/libnio.so
Event: 0.033 Loaded shared library /home/mindspice/code/jdk/openjdk-21-rc/lib/libzip.so
Event: 0.047 Loaded shared library /home/mindspice/code/jdk/openjdk-21-rc/lib/libnet.so
Event: 0.049 Loaded shared library /home/mindspice/code/jdk/openjdk-21-rc/lib/libextnet.so
Event: 0.063 Loaded shared library /home/mindspice/code/jdk/openjdk-21-rc/lib/libjimage.so
Event: 0.070 Loaded shared library /tmp/lwjgl_mindspice/3.3.3+5/x64/liblwjgl.so
Event: 0.239 Loaded shared library /tmp/lwjgl_mindspice/3.3.3+5/x64/liblwjgl_opengl.so

Deoptimization events (20 events):
Event: 0.042 Thread 0x00007fdfc402b110 DEOPT PACKING pc=0x00007fdfb45b07d4 sp=0x00007fdfca3fe100
Event: 0.042 Thread 0x00007fdfc402b110 DEOPT UNPACKING pc=0x00007fdfb3eb2f99 sp=0x00007fdfca3fe0b8 mode 2
Event: 0.083 Thread 0x00007fdfc402b110 Uncommon trap: trap_request=0xffffff45 fr.pc=0x00007fdfb45af2e4 relative=0x0000000000000aa4
Event: 0.083 Thread 0x00007fdfc402b110 Uncommon trap: reason=unstable_if action=reinterpret pc=0x00007fdfb45af2e4 method=java.util.HashMap.putVal(ILjava/lang/Object;Ljava/lang/Object;ZZ)Ljava/lang/Object; @ 181 c2
Event: 0.083 Thread 0x00007fdfc402b110 DEOPT PACKING pc=0x00007fdfb45af2e4 sp=0x00007fdfca3fb990
Event: 0.083 Thread 0x00007fdfc402b110 DEOPT UNPACKING pc=0x00007fdfb3eb2f99 sp=0x00007fdfca3fb950 mode 2
Event: 0.098 Thread 0x00007fdfc402b110 DEOPT PACKING pc=0x00007fdfaca11e15 sp=0x00007fdfca3fb500
Event: 0.098 Thread 0x00007fdfc402b110 DEOPT UNPACKING pc=0x00007fdfb3eb372f sp=0x00007fdfca3fa940 mode 0
Event: 0.106 Thread 0x00007fdfc402b110 DEOPT PACKING pc=0x00007fdfaca02a5e sp=0x00007fdfca3f7bd0
Event: 0.106 Thread 0x00007fdfc402b110 DEOPT UNPACKING pc=0x00007fdfb3eb372f sp=0x00007fdfca3f7058 mode 0
Event: 1.163 Thread 0x00007fdf20000ff0 Uncommon trap: trap_request=0xffffff45 fr.pc=0x00007fdfb45c65f4 relative=0x00000000000001b4
Event: 1.163 Thread 0x00007fdf20000ff0 Uncommon trap: reason=unstable_if action=reinterpret pc=0x00007fdfb45c65f4 method=java.lang.invoke.VarHandle.checkAccessModeThenIsDirect(Ljava/lang/invoke/VarHandle$AccessDescriptor;)Z @ 4 c2
Event: 1.163 Thread 0x00007fdf20000ff0 DEOPT PACKING pc=0x00007fdfb45c65f4 sp=0x00007fdf3418b500
Event: 1.163 Thread 0x00007fdf20000ff0 DEOPT UNPACKING pc=0x00007fdfb3eb2f99 sp=0x00007fdf3418b458 mode 2
Event: 7.614 Thread 0x00007fdfc402b110 DEOPT PACKING pc=0x00007fdfacba423f sp=0x00007fdfca3fe6a0
Event: 7.614 Thread 0x00007fdfc402b110 DEOPT UNPACKING pc=0x00007fdfb3eb372f sp=0x00007fdfca3fdcb8 mode 0
Event: 13.694 Thread 0x00007fdfc402b110 Uncommon trap: trap_request=0xffffff45 fr.pc=0x00007fdfb45ed428 relative=0x0000000000002e28
Event: 13.694 Thread 0x00007fdfc402b110 Uncommon trap: reason=unstable_if action=reinterpret pc=0x00007fdfb45ed428 method=org.lwjgl.glfw.GLFW.glfwWindowShouldClose(J)Z @ 20 c2
Event: 13.694 Thread 0x00007fdfc402b110 DEOPT PACKING pc=0x00007fdfb45ed428 sp=0x00007fdfca3fe7d0
Event: 13.694 Thread 0x00007fdfc402b110 DEOPT UNPACKING pc=0x00007fdfb3eb2f99 sp=0x00007fdfca3fe6e8 mode 2

Classes loaded (20 events):
Event: 1.170 Loading class jdk/internal/module/ModulePatcher$PatchedModuleReader
Event: 1.170 Loading class jdk/internal/module/ModulePatcher$PatchedModuleReader done
Event: 1.170 Loading class sun/net/www/protocol/jrt/Handler
Event: 1.170 Loading class sun/net/www/protocol/jrt/Handler done
Event: 1.170 Loading class sun/util/cldr/CLDRTimeZoneNameProviderImpl
Event: 1.171 Loading class sun/util/locale/provider/TimeZoneNameProviderImpl
Event: 1.171 Loading class sun/util/locale/provider/TimeZoneNameProviderImpl done
Event: 1.171 Loading class sun/util/cldr/CLDRTimeZoneNameProviderImpl done
Event: 1.175 Loading class sun/util/locale/provider/BaseLocaleDataMetaInfo
Event: 1.175 Loading class sun/util/locale/provider/BaseLocaleDataMetaInfo done
Event: 1.177 Loading class sun/util/resources/cldr/TimeZoneNames
Event: 1.177 Loading class sun/util/resources/TimeZoneNamesBundle
Event: 1.177 Loading class sun/util/resources/OpenListResourceBundle
Event: 1.177 Loading class sun/util/resources/OpenListResourceBundle done
Event: 1.177 Loading class sun/util/resources/TimeZoneNamesBundle done
Event: 1.177 Loading class sun/util/resources/cldr/TimeZoneNames done
Event: 1.178 Loading class sun/util/resources/cldr/TimeZoneNames_en
Event: 1.178 Loading class sun/util/resources/cldr/TimeZoneNames_en done
Event: 1.178 Loading class sun/util/resources/cldr/TimeZoneNames_en_US
Event: 1.178 Loading class sun/util/resources/cldr/TimeZoneNames_en_US done

Classes unloaded (0 events):
No events

Classes redefined (0 events):
No events

Internal exceptions (20 events):
Event: 0.060 Thread 0x00007fdfc402b110 Exception <a 'java/lang/NoSuchMethodError'{0x00000004536f18b8}: 'int java.lang.invoke.DirectMethodHandle$Holder.invokeSpecial(java.lang.Object, java.lang.Object, java.lang.Object)'> (0x00000004536f18b8) 
thrown [open/src/hotspot/share/interpreter/linkResolver.cpp, line 772]
Event: 0.062 Thread 0x00007fdfc402b110 Exception <a 'java/lang/NoSuchMethodError'{0x000000045370a7f8}: 'void java.lang.System.loadLibrary(java.lang.String, java.lang.Class)'> (0x000000045370a7f8) 
thrown [open/src/hotspot/share/interpreter/linkResolver.cpp, line 772]
Event: 0.069 Thread 0x00007fdfc402b110 Exception <a 'sun/nio/fs/UnixException'{0x0000000453735e50}> (0x0000000453735e50) 
thrown [open/src/hotspot/share/prims/jni.cpp, line 520]
Event: 0.096 Thread 0x00007fdfc402b110 Exception <a 'java/lang/NoSuchMethodError'{0x00000004528166f8}: 'int java.lang.invoke.DirectMethodHandle$Holder.invokeStaticInit(java.lang.Object, java.lang.Object, int, long)'> (0x00000004528166f8) 
thrown [open/src/hotspot/share/interpreter/linkResolver.cpp, line 772]
Event: 0.097 Thread 0x00007fdfc402b110 Exception <a 'java/lang/NoSuchMethodError'{0x000000045281b720}: 'java.lang.Object java.lang.invoke.DirectMethodHandle$Holder.newInvokeSpecial(java.lang.Object, java.lang.Object, int)'> (0x000000045281b720) 
thrown [open/src/hotspot/share/interpreter/linkResolver.cpp, line 772]
Event: 0.098 Thread 0x00007fdfc402b110 Exception <a 'java/lang/NoSuchMethodError'{0x0000000452829990}: 'int java.lang.invoke.DirectMethodHandle$Holder.invokeStaticInit(java.lang.Object, java.lang.Object, long, long)'> (0x0000000452829990) 
thrown [open/src/hotspot/share/interpreter/linkResolver.cpp, line 772]
Event: 0.098 Thread 0x00007fdfc402b110 Exception <a 'java/lang/NoSuchMethodError'{0x000000045282f1f8}: 'java.lang.Object java.lang.invoke.DirectMethodHandle$Holder.newInvokeSpecial(java.lang.Object, java.lang.Object, long)'> (0x000000045282f1f8) 
thrown [open/src/hotspot/share/interpreter/linkResolver.cpp, line 772]
Event: 0.098 Thread 0x00007fdfc402b110 Exception <a 'java/lang/NoSuchMethodError'{0x0000000452832fb0}: 'java.lang.Object java.lang.invoke.Invokers$Holder.linkToTargetMethod(java.lang.Object, long, java.lang.Object)'> (0x0000000452832fb0) 
thrown [open/src/hotspot/share/interpreter/linkResolver.cpp, line 772]
Event: 0.099 Thread 0x00007fdfc402b110 Exception <a 'java/lang/NoSuchMethodError'{0x000000045283a038}: 'int java.lang.invoke.DirectMethodHandle$Holder.invokeStaticInit(java.lang.Object, java.lang.Object, java.lang.Object, long)'> (0x000000045283a038) 
thrown [open/src/hotspot/share/interpreter/linkResolver.cpp, line 772]
Event: 0.106 Thread 0x00007fdfc402b110 Exception <a 'sun/nio/fs/UnixException'{0x0000000452896850}> (0x0000000452896850) 
thrown [open/src/hotspot/share/prims/jni.cpp, line 520]
Event: 0.118 Thread 0x00007fdfc402b110 Exception <a 'sun/nio/fs/UnixException'{0x000000045291cea0}> (0x000000045291cea0) 
thrown [open/src/hotspot/share/prims/jni.cpp, line 520]
Event: 0.234 Thread 0x00007fdfc402b110 Exception <a 'java/lang/NoSuchMethodError'{0x00000004529381d0}: 'void java.lang.invoke.DirectMethodHandle$Holder.invokeStatic(java.lang.Object, int, long)'> (0x00000004529381d0) 
thrown [open/src/hotspot/share/interpreter/linkResolver.cpp, line 772]
Event: 0.237 Thread 0x00007fdfc402b110 Exception <a 'java/lang/NoSuchMethodError'{0x0000000452974120}: 'void java.lang.System.load(java.lang.String, java.lang.Class)'> (0x0000000452974120) 
thrown [open/src/hotspot/share/interpreter/linkResolver.cpp, line 772]
Event: 0.238 Thread 0x00007fdfc402b110 Exception <a 'java/lang/NoSuchMethodError'{0x0000000452976ac0}: 'void java.lang.System.loadLibrary(java.lang.String, java.lang.Class)'> (0x0000000452976ac0) 
thrown [open/src/hotspot/share/interpreter/linkResolver.cpp, line 772]
Event: 0.239 Thread 0x00007fdfc402b110 Exception <a 'sun/nio/fs/UnixException'{0x00000004529866d8}> (0x00000004529866d8) 
thrown [open/src/hotspot/share/prims/jni.cpp, line 520]
Event: 0.240 Thread 0x00007fdfc402b110 Exception <a 'sun/nio/fs/UnixException'{0x000000045298f9d0}> (0x000000045298f9d0) 
thrown [open/src/hotspot/share/prims/jni.cpp, line 520]
Event: 0.370 Thread 0x00007fdfc402b110 Exception <a 'java/lang/NoSuchMethodError'{0x0000000452ae0a20}: 'void java.lang.invoke.DirectMethodHandle$Holder.invokeVirtual(java.lang.Object, java.lang.Object, int)'> (0x0000000452ae0a20) 
thrown [open/src/hotspot/share/interpreter/linkResolver.cpp, line 772]
Event: 0.371 Thread 0x00007fdfc402b110 Exception <a 'java/lang/NoSuchMethodError'{0x0000000452ae77c0}: 'void java.lang.invoke.DirectMethodHandle$Holder.invokeStatic(java.lang.Object, java.lang.Object, int)'> (0x0000000452ae77c0) 
thrown [open/src/hotspot/share/interpreter/linkResolver.cpp, line 772]
Event: 0.372 Thread 0x00007fdfc402b110 Exception <a 'java/lang/NoSuchMethodError'{0x0000000452af2f60}: 'void java.lang.invoke.DirectMethodHandle$Holder.invokeStatic(java.lang.Object, int, double)'> (0x0000000452af2f60) 
thrown [open/src/hotspot/share/interpreter/linkResolver.cpp, line 772]
Event: 1.180 Thread 0x00007fdf20000ff0 Exception <a 'java/lang/NoSuchMethodError'{0x0000000452d9b390}: 'java.lang.Object java.lang.invoke.Invokers$Holder.invokeExact_MT(java.lang.Object, java.lang.Object, java.lang.Object, java.lang.Object, java.lang.Object, java.lang.Object)'> (0x0000000452d9b390) 
thrown [open/src/hotspot/share/interpreter/linkResolver.cpp, line 772]

ZGC Phase Switch (0 events):
No events

VM Operations (18 events):
Event: 0.024 Executing VM operation: HandshakeAllThreads (Deoptimize)
Event: 0.024 Executing VM operation: HandshakeAllThreads (Deoptimize) done
Event: 0.051 Executing VM operation: HandshakeAllThreads (Deoptimize)
Event: 0.052 Executing VM operation: HandshakeAllThreads (Deoptimize) done
Event: 1.052 Executing VM operation: Cleanup
Event: 1.052 Executing VM operation: Cleanup done
Event: 1.162 Executing VM operation: HandshakeAllThreads (Deoptimize)
Event: 1.162 Executing VM operation: HandshakeAllThreads (Deoptimize) done
Event: 2.162 Executing VM operation: Cleanup
Event: 2.162 Executing VM operation: Cleanup done
Event: 6.162 Executing VM operation: Cleanup
Event: 6.162 Executing VM operation: Cleanup done
Event: 7.162 Executing VM operation: Cleanup
Event: 7.162 Executing VM operation: Cleanup done
Event: 9.162 Executing VM operation: Cleanup
Event: 9.162 Executing VM operation: Cleanup done
Event: 11.162 Executing VM operation: Cleanup
Event: 11.162 Executing VM operation: Cleanup done

Events (20 events):
Event: 0.024 Protecting memory [0x00007fdf8859f000,0x00007fdf885a3000] with protection modes 0
Event: 0.025 Thread 0x00007fdf08001400 Thread added: 0x00007fdf08001400
Event: 0.025 Protecting memory [0x00007fdf8849f000,0x00007fdf884a3000] with protection modes 0
Event: 0.034 Thread 0x00007fdf08033390 Thread added: 0x00007fdf08033390
Event: 0.034 Protecting memory [0x00007fdf8839f000,0x00007fdf883a3000] with protection modes 0
Event: 0.046 Thread 0x00007fdfc433e090 Thread added: 0x00007fdfc433e090
Event: 0.046 Protecting memory [0x00007fdf8829f000,0x00007fdf882a3000] with protection modes 0
Event: 0.046 Thread 0x00007fdfc433e970 Thread added: 0x00007fdfc433e970
Event: 0.046 Protecting memory [0x00007fdf8819f000,0x00007fdf881a3000] with protection modes 0
Event: 0.233 Thread 0x00007fdf08033390 Thread exited: 0x00007fdf08033390
Event: 0.239 Thread 0x00007fdf100f4dc0 Thread added: 0x00007fdf100f4dc0
Event: 0.239 Protecting memory [0x00007fdf8839f000,0x00007fdf883a3000] with protection modes 0
Event: 1.061 Thread 0x00007fdf20000ff0 Thread added: 0x00007fdf20000ff0
Event: 1.061 Protecting memory [0x00007fdf3408e000,0x00007fdf34092000] with protection modes 0
Event: 2.854 Thread 0x00007fdf100f4dc0 Thread exited: 0x00007fdf100f4dc0
Event: 2.854 Thread 0x00007fdf08001400 Thread exited: 0x00007fdf08001400
Event: 3.929 Thread 0x00007fdf1005e420 Thread exited: 0x00007fdf1005e420
Event: 6.637 Thread 0x00007fdf1c0640a0 Thread added: 0x00007fdf1c0640a0
Event: 6.637 Protecting memory [0x00007fdf8859f000,0x00007fdf885a3000] with protection modes 0
Event: 6.799 Thread 0x00007fdf1c0640a0 Thread exited: 0x00007fdf1c0640a0


Dynamic libraries:
414800000-453800000 rw-p 00000000 00:00 0 
453800000-7ff800000 ---p 00000000 00:00 0 
7ff800000-7ff908000 rw-p 00ce4000 103:07 26949071                        /home/mindspice/code/jdk/openjdk-21-rc/lib/server/classes.jsa
7ff908000-800000000 rw-p 00000000 00:00 0 
557b1dfb8000-557b1dfb9000 r-xp 00000000 103:07 26943862                  /home/mindspice/code/jdk/openjdk-21-rc/bin/java
557b1dfba000-557b1dfbb000 r--p 00001000 103:07 26943862                  /home/mindspice/code/jdk/openjdk-21-rc/bin/java
557b1dfbb000-557b1dfbc000 rw-p 00002000 103:07 26943862                  /home/mindspice/code/jdk/openjdk-21-rc/bin/java
557b1e318000-557b1e35f000 rw-p 00000000 00:00 0                          [heap]
7fdee8000000-7fdee8021000 rw-p 00000000 00:00 0 
7fdee8021000-7fdeec000000 ---p 00000000 00:00 0 
7fdef0000000-7fdef021f000 rw-p 00000000 00:00 0 
7fdef021f000-7fdef4000000 ---p 00000000 00:00 0 
7fdef5600000-7fdef7638000 r-xp 00000000 103:07 23333760                  /usr/lib/x86_64-linux-gnu/libnvidia-glvkspirv.so.535.104.05
7fdef7638000-7fdef7838000 ---p 02038000 103:07 23333760                  /usr/lib/x86_64-linux-gnu/libnvidia-glvkspirv.so.535.104.05
7fdef7838000-7fdef7e54000 r--p 02038000 103:07 23333760                  /usr/lib/x86_64-linux-gnu/libnvidia-glvkspirv.so.535.104.05
7fdef7e54000-7fdef7ee3000 rw-p 02654000 103:07 23333760                  /usr/lib/x86_64-linux-gnu/libnvidia-glvkspirv.so.535.104.05
7fdef7ee3000-7fdef7f36000 rw-p 00000000 00:00 0 
7fdef8000000-7fdef8021000 rw-p 00000000 00:00 0 
7fdef8021000-7fdefc000000 ---p 00000000 00:00 0 
7fdefc667000-7fdefd200000 rw-p 00000000 00:00 0 
7fdefd200000-7fdefd4d8000 r-xp 00000000 103:07 23333644                  /usr/lib/x86_64-linux-gnu/libnvidia-glcore.so.535.104.05
7fdefd4d8000-7fdefd4f9000 rwxp 002d8000 103:07 23333644                  /usr/lib/x86_64-linux-gnu/libnvidia-glcore.so.535.104.05
7fdefd4f9000-7fdeffb96000 r-xp 002f9000 103:07 23333644                  /usr/lib/x86_64-linux-gnu/libnvidia-glcore.so.535.104.05
7fdeffb96000-7fdeffd69000 r--p 02995000 103:07 23333644                  /usr/lib/x86_64-linux-gnu/libnvidia-glcore.so.535.104.05
7fdeffd69000-7fdeffdd2000 rw-p 02b68000 103:07 23333644                  /usr/lib/x86_64-linux-gnu/libnvidia-glcore.so.535.104.05
7fdeffdd2000-7fdeffe0f000 rw-p 00000000 00:00 0 
7fdf00000000-7fdf000b1000 rw-p 00000000 00:00 0 
7fdf000b1000-7fdf04000000 ---p 00000000 00:00 0 
7fdf04000000-7fdf04021000 rw-p 00000000 00:00 0 
7fdf04021000-7fdf08000000 ---p 00000000 00:00 0 
7fdf08000000-7fdf08082000 rw-p 00000000 00:00 0 
7fdf08082000-7fdf0c000000 ---p 00000000 00:00 0 
7fdf0c000000-7fdf0c0b5000 rw-p 00000000 00:00 0 
7fdf0c0b5000-7fdf10000000 ---p 00000000 00:00 0 
7fdf10000000-7fdf10115000 rw-p 00000000 00:00 0 
7fdf10115000-7fdf14000000 ---p 00000000 00:00 0 
7fdf14000000-7fdf14021000 rw-p 00000000 00:00 0 
7fdf14021000-7fdf18000000 ---p 00000000 00:00 0 
7fdf18000000-7fdf18021000 rw-p 00000000 00:00 0 
7fdf18021000-7fdf1c000000 ---p 00000000 00:00 0 
7fdf1c000000-7fdf1d7dc000 rw-p 00000000 00:00 0 
7fdf1d7dc000-7fdf20000000 ---p 00000000 00:00 0 
7fdf20000000-7fdf20021000 rw-p 00000000 00:00 0 
7fdf20021000-7fdf24000000 ---p 00000000 00:00 0 
7fdf24000000-7fdf24021000 rw-p 00000000 00:00 0 
7fdf24021000-7fdf28000000 ---p 00000000 00:00 0 
7fdf28000000-7fdf28021000 rw-p 00000000 00:00 0 
7fdf28021000-7fdf2c000000 ---p 00000000 00:00 0 
7fdf2c000000-7fdf2c021000 rw-p 00000000 00:00 0 
7fdf2c021000-7fdf30000000 ---p 00000000 00:00 0 
7fdf30000000-7fdf30021000 rw-p 00000000 00:00 0 
7fdf30021000-7fdf34000000 ---p 00000000 00:00 0 
7fdf3408e000-7fdf34092000 ---p 00000000 00:00 0 
7fdf34092000-7fdf3418e000 rw-p 00000000 00:00 0 
7fdf3418e000-7fdf3420e000 rw-s 00000000 00:05 1028                       /dev/nvidiactl
7fdf3420e000-7fdf3428e000 rw-s 00000000 00:05 1028                       /dev/nvidiactl
7fdf3428e000-7fdf342c1000 r--p 00000000 103:07 9175154                   /tmp/lwjgl_mindspice/3.3.3+5/x64/liblwjgl_opengl.so
7fdf342c1000-7fdf342d5000 r-xp 00033000 103:07 9175154                   /tmp/lwjgl_mindspice/3.3.3+5/x64/liblwjgl_opengl.so
7fdf342d5000-7fdf342e5000 r--p 00047000 103:07 9175154                   /tmp/lwjgl_mindspice/3.3.3+5/x64/liblwjgl_opengl.so
7fdf342e5000-7fdf342e6000 r--p 00056000 103:07 9175154                   /tmp/lwjgl_mindspice/3.3.3+5/x64/liblwjgl_opengl.so
7fdf342e6000-7fdf342e7000 rw-p 00057000 103:07 9175154                   /tmp/lwjgl_mindspice/3.3.3+5/x64/liblwjgl_opengl.so
7fdf342e7000-7fdf343e7000 rw-s 00000000 00:05 1028                       /dev/nvidiactl
7fdf343e7000-7fdf34467000 rw-s 00000000 00:05 1028                       /dev/nvidiactl
7fdf34467000-7fdf3447a000 rw-s 00000000 00:05 1028                       /dev/nvidiactl
7fdf3447a000-7fdf344ba000 rw-s 00000000 00:05 1028                       /dev/nvidiactl
7fdf344ba000-7fdf344fa000 rw-s 00000000 00:05 1028                       /dev/nvidiactl
7fdf344fa000-7fdf3457a000 rw-s 00000000 00:05 1043                       /dev/nvidia0
7fdf3457a000-7fdf345ba000 rw-s 00000000 00:05 1028                       /dev/nvidiactl
7fdf345ba000-7fdf347ff000 rw-s 00000000 00:01 15368                      /memfd:/.nvidia_drv.XXXXXX (deleted)
7fdf347ff000-7fdf34800000 ---p 00000000 00:00 0 
7fdf34800000-7fdf35000000 rw-p 00000000 00:00 0 
7fdf35000000-7fdf35076000 r-xp 00000000 103:07 23333651                  /usr/lib/x86_64-linux-gnu/libnvidia-glsi.so.535.104.05
7fdf35076000-7fdf35275000 ---p 00076000 103:07 23333651                  /usr/lib/x86_64-linux-gnu/libnvidia-glsi.so.535.104.05
7fdf35275000-7fdf3529f000 r--p 00075000 103:07 23333651                  /usr/lib/x86_64-linux-gnu/libnvidia-glsi.so.535.104.05
7fdf3529f000-7fdf352a0000 rw-p 0009f000 103:07 23333651                  /usr/lib/x86_64-linux-gnu/libnvidia-glsi.so.535.104.05
7fdf352a0000-7fdf352a8000 rw-p 00000000 00:00 0 
7fdf352b9000-7fdf352d9000 rw-s 00000000 00:05 1028                       /dev/nvidiactl
7fdf352d9000-7fdf3532a000 r--p 00000000 103:07 23331931                  /usr/lib/x86_64-linux-gnu/libGLX_nvidia.so.535.104.05
7fdf3532a000-7fdf35384000 r-xp 00051000 103:07 23331931                  /usr/lib/x86_64-linux-gnu/libGLX_nvidia.so.535.104.05
7fdf35384000-7fdf353b9000 rwxp 000ab000 103:07 23331931                  /usr/lib/x86_64-linux-gnu/libGLX_nvidia.so.535.104.05
7fdf353b9000-7fdf353ba000 r-xp 000e0000 103:07 23331931                  /usr/lib/x86_64-linux-gnu/libGLX_nvidia.so.535.104.05
7fdf353ba000-7fdf353d9000 r--p 000e1000 103:07 23331931                  /usr/lib/x86_64-linux-gnu/libGLX_nvidia.so.535.104.05
7fdf353d9000-7fdf353f9000 r--p 000ff000 103:07 23331931                  /usr/lib/x86_64-linux-gnu/libGLX_nvidia.so.535.104.05
7fdf353f9000-7fdf353fe000 rw-p 0011f000 103:07 23331931                  /usr/lib/x86_64-linux-gnu/libGLX_nvidia.so.535.104.05
7fdf353fe000-7fdf35400000 rw-p 00000000 00:00 0 
7fdf35400000-7fdf35c00000 rw-p 00000000 00:00 0 
7fdf35c00000-7fdf35c08000 r--p 00000000 103:07 9175118                   /tmp/lwjgl_mindspice/3.3.3+5/x64/libjemalloc.so
7fdf35c08000-7fdf35c5d000 r-xp 00008000 103:07 9175118                   /tmp/lwjgl_mindspice/3.3.3+5/x64/libjemalloc.so
7fdf35c5d000-7fdf35c6d000 r--p 0005d000 103:07 9175118                   /tmp/lwjgl_mindspice/3.3.3+5/x64/libjemalloc.so
7fdf35c6d000-7fdf35c6e000 ---p 0006d000 103:07 9175118                   /tmp/lwjgl_mindspice/3.3.3+5/x64/libjemalloc.so
7fdf35c6e000-7fdf35c74000 r--p 0006d000 103:07 9175118                   /tmp/lwjgl_mindspice/3.3.3+5/x64/libjemalloc.so
7fdf35c74000-7fdf35c75000 rw-p 00073000 103:07 9175118                   /tmp/lwjgl_mindspice/3.3.3+5/x64/libjemalloc.so
7fdf35c75000-7fdf35e7f000 rw-p 00000000 00:00 0 
7fdf35e8a000-7fdf35eaa000 rw-s 00000000 00:05 1028                       /dev/nvidiactl
7fdf35eaa000-7fdf35eaf000 r--p 00000000 103:07 23331149                  /usr/lib/x86_64-linux-gnu/libdrm.so.2.4.0
7fdf35eaf000-7fdf35eba000 r-xp 00005000 103:07 23331149                  /usr/lib/x86_64-linux-gnu/libdrm.so.2.4.0
7fdf35eba000-7fdf35ebe000 r--p 00010000 103:07 23331149                  /usr/lib/x86_64-linux-gnu/libdrm.so.2.4.0
7fdf35ebe000-7fdf35ebf000 r--p 00013000 103:07 23331149                  /usr/lib/x86_64-linux-gnu/libdrm.so.2.4.0
7fdf35ebf000-7fdf35ec0000 rw-p 00014000 103:07 23331149                  /usr/lib/x86_64-linux-gnu/libdrm.so.2.4.0
7fdf35ec0000-7fdf35ed9000 r--p 00000000 103:07 23334788                  /usr/lib/x86_64-linux-gnu/libX11.so.6.4.0
7fdf35ed9000-7fdf35f65000 r-xp 00019000 103:07 23334788                  /usr/lib/x86_64-linux-gnu/libX11.so.6.4.0
7fdf35f65000-7fdf35ffa000 r--p 000a5000 103:07 23334788                  /usr/lib/x86_64-linux-gnu/libX11.so.6.4.0
7fdf35ffa000-7fdf35ffb000 ---p 0013a000 103:07 23334788                  /usr/lib/x86_64-linux-gnu/libX11.so.6.4.0
7fdf35ffb000-7fdf35ffc000 r--p 0013a000 103:07 23334788                  /usr/lib/x86_64-linux-gnu/libX11.so.6.4.0
7fdf35ffc000-7fdf36000000 rw-p 0013b000 103:07 23334788                  /usr/lib/x86_64-linux-gnu/libX11.so.6.4.0
7fdf36000000-7fdf36f06000 r--p 00000000 103:07 22806593                  /usr/lib/locale/locale-archive
7fdf36f2b000-7fdf36f36000 r--p 00000000 103:07 23335615                  /usr/lib/x86_64-linux-gnu/libxcb-glx.so.0.0.0
7fdf36f36000-7fdf36f3f000 r-xp 0000b000 103:07 23335615                  /usr/lib/x86_64-linux-gnu/libxcb-glx.so.0.0.0
7fdf36f3f000-7fdf36f44000 r--p 00014000 103:07 23335615                  /usr/lib/x86_64-linux-gnu/libxcb-glx.so.0.0.0
7fdf36f44000-7fdf36f45000 ---p 00019000 103:07 23335615                  /usr/lib/x86_64-linux-gnu/libxcb-glx.so.0.0.0
7fdf36f45000-7fdf36f47000 r--p 00019000 103:07 23335615                  /usr/lib/x86_64-linux-gnu/libxcb-glx.so.0.0.0
7fdf36f47000-7fdf36f48000 rw-p 0001b000 103:07 23335615                  /usr/lib/x86_64-linux-gnu/libxcb-glx.so.0.0.0
7fdf36f48000-7fdf36f88000 r--p 00000000 103:07 23333765                  /usr/lib/x86_64-linux-gnu/libGLdispatch.so.0.0.0
7fdf36f88000-7fdf36f8b000 r-xp 00040000 103:07 23333765                  /usr/lib/x86_64-linux-gnu/libGLdispatch.so.0.0.0
7fdf36f8b000-7fdf36fc6000 r-xp 00043000 103:07 23333765                  /usr/lib/x86_64-linux-gnu/libGLdispatch.so.0.0.0
7fdf36fc6000-7fdf36fc7000 r-xp 0007e000 103:07 23333765                  /usr/lib/x86_64-linux-gnu/libGLdispatch.so.0.0.0
7fdf36fc7000-7fdf36fda000 r--p 0007f000 103:07 23333765                  /usr/lib/x86_64-linux-gnu/libGLdispatch.so.0.0.0
7fdf36fda000-7fdf36fdb000 ---p 00092000 103:07 23333765                  /usr/lib/x86_64-linux-gnu/libGLdispatch.so.0.0.0
7fdf36fdb000-7fdf36ff7000 r--p 00092000 103:07 23333765                  /usr/lib/x86_64-linux-gnu/libGLdispatch.so.0.0.0
7fdf36ff7000-7fdf36ff8000 rw-p 000ae000 103:07 23333765                  /usr/lib/x86_64-linux-gnu/libGLdispatch.so.0.0.0
7fdf36ff8000-7fdf37230000 rw-p 00000000 00:00 0 
7fdf37230000-7fdf37400000 ---p 00000000 00:00 0 
7fdf37400000-7fdf37530000 rw-p 00000000 00:00 0 
7fdf37530000-7fdf37570000 rw-p 00000000 00:00 0 
7fdf37570000-7fdf375e0000 rw-p 00000000 00:00 0 
7fdf375e0000-7fdf3b000000 ---p 00000000 00:00 0 
7fdf3b000000-7fdf3bca5000 rw-p 00001000 103:07 26949071                  /home/mindspice/code/jdk/openjdk-21-rc/lib/server/classes.jsa
7fdf3bca5000-7fdf3c000000 ---p 00000000 00:00 0 
7fdf3c000000-7fdf3c030000 rw-p 00000000 00:00 0 
7fdf3c030000-7fdf3c040000 ---p 00000000 00:00 0 
7fdf3c040000-7fdf3c070000 rw-p 00000000 00:00 0 
7fdf3c070000-7fdf7c000000 ---p 00000000 00:00 0 
7fdf7c000000-7fdf7c021000 rw-p 00000000 00:00 0 
7fdf7c021000-7fdf80000000 ---p 00000000 00:00 0 
7fdf80000000-7fdf80021000 rw-p 00000000 00:00 0 
7fdf80021000-7fdf84000000 ---p 00000000 00:00 0 
7fdf84000000-7fdf84021000 rw-p 00000000 00:00 0 
7fdf84021000-7fdf88000000 ---p 00000000 00:00 0 
7fdf88007000-7fdf8800b000 rw-s 00000000 00:05 1028                       /dev/nvidiactl
7fdf8800b000-7fdf8800c000 r--p 00000000 103:07 23334069                  /usr/lib/x86_64-linux-gnu/libnvidia-tls.so.535.104.05
7fdf8800c000-7fdf8800e000 r-xp 00001000 103:07 23334069                  /usr/lib/x86_64-linux-gnu/libnvidia-tls.so.535.104.05
7fdf8800e000-7fdf8800f000 r--p 00003000 103:07 23334069                  /usr/lib/x86_64-linux-gnu/libnvidia-tls.so.535.104.05
7fdf8800f000-7fdf88010000 r--p 00003000 103:07 23334069                  /usr/lib/x86_64-linux-gnu/libnvidia-tls.so.535.104.05
7fdf88010000-7fdf88011000 rw-p 00004000 103:07 23334069                  /usr/lib/x86_64-linux-gnu/libnvidia-tls.so.535.104.05
7fdf88011000-7fdf88014000 r--p 00000000 103:07 23333758                  /usr/lib/x86_64-linux-gnu/libGLX.so.0.0.0
7fdf88014000-7fdf8802f000 r-xp 00003000 103:07 23333758                  /usr/lib/x86_64-linux-gnu/libGLX.so.0.0.0
7fdf8802f000-7fdf88032000 r--p 0001e000 103:07 23333758                  /usr/lib/x86_64-linux-gnu/libGLX.so.0.0.0
7fdf88032000-7fdf88033000 ---p 00021000 103:07 23333758                  /usr/lib/x86_64-linux-gnu/libGLX.so.0.0.0
7fdf88033000-7fdf88034000 r--p 00021000 103:07 23333758                  /usr/lib/x86_64-linux-gnu/libGLX.so.0.0.0
7fdf88034000-7fdf88035000 rw-p 00022000 103:07 23333758                  /usr/lib/x86_64-linux-gnu/libGLX.so.0.0.0
7fdf88035000-7fdf88045000 rw-p 00000000 00:00 0 
7fdf88087000-7fdf8808b000 r--p 00000000 103:07 23334094                  /usr/lib/x86_64-linux-gnu/libbsd.so.0.11.5
7fdf8808b000-7fdf88098000 r-xp 00004000 103:07 23334094                  /usr/lib/x86_64-linux-gnu/libbsd.so.0.11.5
7fdf88098000-7fdf8809b000 r--p 00011000 103:07 23334094                  /usr/lib/x86_64-linux-gnu/libbsd.so.0.11.5
7fdf8809b000-7fdf8809c000 ---p 00014000 103:07 23334094                  /usr/lib/x86_64-linux-gnu/libbsd.so.0.11.5
7fdf8809c000-7fdf8809d000 r--p 00014000 103:07 23334094                  /usr/lib/x86_64-linux-gnu/libbsd.so.0.11.5
7fdf8809d000-7fdf8809e000 rw-p 00015000 103:07 23334094                  /usr/lib/x86_64-linux-gnu/libbsd.so.0.11.5
7fdf8809e000-7fdf8809f000 rw-p 00000000 00:00 0 
7fdf8809f000-7fdf880ad000 r--p 00000000 103:07 9175136                   /tmp/lwjgl_mindspice/3.3.3+5/x64/libglfw.so
7fdf880ad000-7fdf880cc000 r-xp 0000e000 103:07 9175136                   /tmp/lwjgl_mindspice/3.3.3+5/x64/libglfw.so
7fdf880cc000-7fdf880ff000 r--p 0002d000 103:07 9175136                   /tmp/lwjgl_mindspice/3.3.3+5/x64/libglfw.so
7fdf880ff000-7fdf88100000 ---p 00060000 103:07 9175136                   /tmp/lwjgl_mindspice/3.3.3+5/x64/libglfw.so
7fdf88100000-7fdf88103000 r--p 00060000 103:07 9175136                   /tmp/lwjgl_mindspice/3.3.3+5/x64/libglfw.so
7fdf88103000-7fdf88106000 rw-p 00063000 103:07 9175136                   /tmp/lwjgl_mindspice/3.3.3+5/x64/libglfw.so
7fdf88106000-7fdf88129000 rw-p 00000000 00:00 0 
7fdf88129000-7fdf88152000 r--p 00000000 103:07 9175153                   /tmp/lwjgl_mindspice/3.3.3+5/x64/liblwjgl.so
7fdf88152000-7fdf88184000 r-xp 00029000 103:07 9175153                   /tmp/lwjgl_mindspice/3.3.3+5/x64/liblwjgl.so
7fdf88184000-7fdf8819d000 r--p 0005b000 103:07 9175153                   /tmp/lwjgl_mindspice/3.3.3+5/x64/liblwjgl.so
7fdf8819d000-7fdf8819e000 r--p 00073000 103:07 9175153                   /tmp/lwjgl_mindspice/3.3.3+5/x64/liblwjgl.so
7fdf8819e000-7fdf8819f000 rw-p 00074000 103:07 9175153                   /tmp/lwjgl_mindspice/3.3.3+5/x64/liblwjgl.so
7fdf8819f000-7fdf881a3000 ---p 00000000 00:00 0 
7fdf881a3000-7fdf8829f000 rw-p 00000000 00:00 0 
7fdf8829f000-7fdf882a3000 ---p 00000000 00:00 0 
7fdf882a3000-7fdf8839f000 rw-p 00000000 00:00 0 
7fdf8839f000-7fdf883a3000 ---p 00000000 00:00 0 
7fdf883a3000-7fdf8849f000 rw-p 00000000 00:00 0 
7fdf8849f000-7fdf884a3000 ---p 00000000 00:00 0 
7fdf884a3000-7fdf8859f000 rw-p 00000000 00:00 0 
7fdf8859f000-7fdf885a3000 ---p 00000000 00:00 0 
7fdf885a3000-7fdf8869f000 rw-p 00000000 00:00 0 
7fdf8869f000-7fdf886a3000 ---p 00000000 00:00 0 
7fdf886a3000-7fdf8879f000 rw-p 00000000 00:00 0 
7fdf8879f000-7fdf8886d000 r-xp 00000000 103:07 26949047                  /home/mindspice/code/jdk/openjdk-21-rc/lib/libjsvml.so
7fdf8886d000-7fdf8886e000 r--p 000cd000 103:07 26949047                  /home/mindspice/code/jdk/openjdk-21-rc/lib/libjsvml.so
7fdf8886e000-7fdf8886f000 rw-p 000ce000 103:07 26949047                  /home/mindspice/code/jdk/openjdk-21-rc/lib/libjsvml.so
7fdf8886f000-7fdf88873000 ---p 00000000 00:00 0 
7fdf88873000-7fdf8896f000 rw-p 00000000 00:00 0 
7fdf8896f000-7fdf88973000 ---p 00000000 00:00 0 
7fdf88973000-7fdf88a6f000 rw-p 00000000 00:00 0 
7fdf88a6f000-7fdf88a73000 ---p 00000000 00:00 0 
7fdf88a73000-7fdf88b6f000 rw-p 00000000 00:00 0 
7fdf88b6f000-7fdf88b73000 ---p 00000000 00:00 0 
7fdf88b73000-7fdf88c6f000 rw-p 00000000 00:00 0 
7fdf88c6f000-7fdf88c73000 ---p 00000000 00:00 0 
7fdf88c73000-7fdf88d6f000 rw-p 00000000 00:00 0 
7fdf88d6f000-7fdf88d73000 ---p 00000000 00:00 0 
7fdf88d73000-7fdf88e6f000 rw-p 00000000 00:00 0 
7fdf88e6f000-7fdf88e73000 ---p 00000000 00:00 0 
7fdf88e73000-7fdf88f6f000 rw-p 00000000 00:00 0 
7fdf88f6f000-7fdf88f70000 ---p 00000000 00:00 0 
7fdf88f70000-7fdf89070000 rw-p 00000000 00:00 0 
7fdf89070000-7fdf89071000 ---p 00000000 00:00 0 
7fdf89071000-7fdf891f2000 rw-p 00000000 00:00 0 
7fdf891f2000-7fdf891f3000 ---p 00000000 00:00 0 
7fdf891f3000-7fdf892f3000 rw-p 00000000 00:00 0 
7fdf892f3000-7fdf892f4000 ---p 00000000 00:00 0 
7fdf892f4000-7fdf8c000000 rw-p 00000000 00:00 0 
7fdf8c000000-7fdf8c021000 rw-p 00000000 00:00 0 
7fdf8c021000-7fdf90000000 ---p 00000000 00:00 0 
7fdf90000000-7fdf90021000 rw-p 00000000 00:00 0 
7fdf90021000-7fdf94000000 ---p 00000000 00:00 0 
7fdf94000000-7fdf94021000 rw-p 00000000 00:00 0 
7fdf94021000-7fdf98000000 ---p 00000000 00:00 0 
7fdf98002000-7fdf98006000 r--p 00000000 103:07 23333806                  /usr/lib/x86_64-linux-gnu/libXext.so.6.4.0
7fdf98006000-7fdf98011000 r-xp 00004000 103:07 23333806                  /usr/lib/x86_64-linux-gnu/libXext.so.6.4.0
7fdf98011000-7fdf98015000 r--p 0000f000 103:07 23333806                  /usr/lib/x86_64-linux-gnu/libXext.so.6.4.0
7fdf98015000-7fdf98016000 r--p 00012000 103:07 23333806                  /usr/lib/x86_64-linux-gnu/libXext.so.6.4.0
7fdf98016000-7fdf98017000 rw-p 00013000 103:07 23333806                  /usr/lib/x86_64-linux-gnu/libXext.so.6.4.0
7fdf98017000-7fdf98022000 r--p 00000000 103:07 23335647                  /usr/lib/x86_64-linux-gnu/libxcb.so.1.1.0
7fdf98022000-7fdf98036000 r-xp 0000b000 103:07 23335647                  /usr/lib/x86_64-linux-gnu/libxcb.so.1.1.0
7fdf98036000-7fdf9803f000 r--p 0001f000 103:07 23335647                  /usr/lib/x86_64-linux-gnu/libxcb.so.1.1.0
7fdf9803f000-7fdf98040000 r--p 00027000 103:07 23335647                  /usr/lib/x86_64-linux-gnu/libxcb.so.1.1.0
7fdf98040000-7fdf98041000 rw-p 00028000 103:07 23335647                  /usr/lib/x86_64-linux-gnu/libxcb.so.1.1.0
7fdf98041000-7fdf986e3000 rw-p 00000000 00:00 0 
7fdf986e3000-7fdf986e4000 ---p 00000000 00:00 0 
7fdf986e4000-7fdf987e4000 rw-p 00000000 00:00 0 
7fdf987e4000-7fdf987e5000 ---p 00000000 00:00 0 
7fdf987e5000-7fdf988e5000 rw-p 00000000 00:00 0 
7fdf988e5000-7fdf988e6000 ---p 00000000 00:00 0 
7fdf988e6000-7fdf99aa5000 rw-p 00000000 00:00 0 
7fdf99aa5000-7fdfa85a5000 ---p 00000000 00:00 0 
7fdfa85a5000-7fdfa87bd000 rw-p 00000000 00:00 0 
7fdfa87bd000-7fdfaa51d000 ---p 00000000 00:00 0 
7fdfaa51d000-7fdfaa719000 rw-p 00000000 00:00 0 
7fdfaa719000-7fdfac479000 ---p 00000000 00:00 0 
7fdfac479000-7fdfaca00000 rw-p 00000000 00:00 0 
7fdfaca00000-7fdfacc70000 rwxp 00000000 00:00 0 
7fdfacc70000-7fdfb3e5f000 ---p 00000000 00:00 0 
7fdfb3e5f000-7fdfb420f000 rwxp 00000000 00:00 0 
7fdfb420f000-7fdfb45a0000 ---p 00000000 00:00 0 
7fdfb45a0000-7fdfb4810000 rwxp 00000000 00:00 0 
7fdfb4810000-7fdfbba00000 ---p 00000000 00:00 0 
7fdfbba00000-7fdfc3ec1000 r--s 00000000 103:07 26949064                  /home/mindspice/code/jdk/openjdk-21-rc/lib/modules
7fdfc3ec7000-7fdfc3ec9000 r--p 00000000 103:07 23334908                  /usr/lib/x86_64-linux-gnu/libmd.so.0.0.5
7fdfc3ec9000-7fdfc3ed0000 r-xp 00002000 103:07 23334908                  /usr/lib/x86_64-linux-gnu/libmd.so.0.0.5
7fdfc3ed0000-7fdfc3ed2000 r--p 00009000 103:07 23334908                  /usr/lib/x86_64-linux-gnu/libmd.so.0.0.5
7fdfc3ed2000-7fdfc3ed3000 r--p 0000a000 103:07 23334908                  /usr/lib/x86_64-linux-gnu/libmd.so.0.0.5
7fdfc3ed3000-7fdfc3ed4000 rw-p 0000b000 103:07 23334908                  /usr/lib/x86_64-linux-gnu/libmd.so.0.0.5
7fdfc3ed7000-7fdfc3ed8000 rw-s 00000000 00:05 1043                       /dev/nvidia0
7fdfc3ed8000-7fdfc3eda000 rw-s 00000000 00:05 1028                       /dev/nvidiactl
7fdfc3eda000-7fdfc3ede000 rw-s 00000000 00:05 1028                       /dev/nvidiactl
7fdfc3ede000-7fdfc3edf000 rw-s 00000000 00:05 1028                       /dev/nvidiactl
7fdfc3edf000-7fdfc3ee0000 rw-s 00000000 00:05 1028                       /dev/nvidiactl
7fdfc3ee0000-7fdfc3ee1000 rw-s 00000000 00:05 1028                       /dev/nvidiactl
7fdfc3ee1000-7fdfc3ef1000 rw-s 00000000 00:05 1043                       /dev/nvidia0
7fdfc3ef1000-7fdfc3efd000 r-xp 00000000 103:07 26949054                  /home/mindspice/code/jdk/openjdk-21-rc/lib/libnet.so
7fdfc3efd000-7fdfc3efe000 r--p 0000b000 103:07 26949054                  /home/mindspice/code/jdk/openjdk-21-rc/lib/libnet.so
7fdfc3efe000-7fdfc3eff000 rw-p 0000c000 103:07 26949054                  /home/mindspice/code/jdk/openjdk-21-rc/lib/libnet.so
7fdfc3eff000-7fdfc4000000 rw-p 00000000 00:00 0 
7fdfc4000000-7fdfc492a000 rw-p 00000000 00:00 0 
7fdfc492a000-7fdfc8000000 ---p 00000000 00:00 0 
7fdfc8005000-7fdfc800c000 r--s 00000000 103:07 23337321                  /usr/lib/x86_64-linux-gnu/gconv/gconv-modules.cache
7fdfc800c000-7fdfc801f000 r-xp 00000000 103:07 26949055                  /home/mindspice/code/jdk/openjdk-21-rc/lib/libnio.so
7fdfc801f000-7fdfc8020000 ---p 00013000 103:07 26949055                  /home/mindspice/code/jdk/openjdk-21-rc/lib/libnio.so
7fdfc8020000-7fdfc8021000 r--p 00013000 103:07 26949055                  /home/mindspice/code/jdk/openjdk-21-rc/lib/libnio.so
7fdfc8021000-7fdfc8022000 rw-p 00014000 103:07 26949055                  /home/mindspice/code/jdk/openjdk-21-rc/lib/libnio.so
7fdfc8022000-7fdfc8c33000 rw-p 00000000 00:00 0 
7fdfc8c33000-7fdfc8d17000 ---p 00000000 00:00 0 
7fdfc8d17000-7fdfc8d1c000 rw-p 00000000 00:00 0 
7fdfc8d1c000-7fdfc8e00000 ---p 00000000 00:00 0 
7fdfc8e00000-7fdfca10a000 r-xp 00000000 103:07 26949074                  /home/mindspice/code/jdk/openjdk-21-rc/lib/server/libjvm.so
7fdfca10a000-7fdfca1d7000 r--p 01309000 103:07 26949074                  /home/mindspice/code/jdk/openjdk-21-rc/lib/server/libjvm.so
7fdfca1d7000-7fdfca205000 rw-p 013d6000 103:07 26949074                  /home/mindspice/code/jdk/openjdk-21-rc/lib/server/libjvm.so
7fdfca205000-7fdfca26a000 rw-p 00000000 00:00 0 
7fdfca26a000-7fdfca26b000 rw-s 00044000 00:01 15368                      /memfd:/.nvidia_drv.XXXXXX (deleted)
7fdfca26b000-7fdfca26c000 r-xp 00000000 00:00 0 
7fdfca26c000-7fdfca26e000 r--p 00000000 103:07 23333804                  /usr/lib/x86_64-linux-gnu/libXdmcp.so.6.0.0
7fdfca26e000-7fdfca270000 r-xp 00002000 103:07 23333804                  /usr/lib/x86_64-linux-gnu/libXdmcp.so.6.0.0
7fdfca270000-7fdfca272000 r--p 00004000 103:07 23333804                  /usr/lib/x86_64-linux-gnu/libXdmcp.so.6.0.0
7fdfca272000-7fdfca273000 r--p 00005000 103:07 23333804                  /usr/lib/x86_64-linux-gnu/libXdmcp.so.6.0.0
7fdfca273000-7fdfca274000 rw-p 00006000 103:07 23333804                  /usr/lib/x86_64-linux-gnu/libXdmcp.so.6.0.0
7fdfca274000-7fdfca27b000 r-xp 00000000 103:07 26949063                  /home/mindspice/code/jdk/openjdk-21-rc/lib/libzip.so
7fdfca27b000-7fdfca27c000 ---p 00007000 103:07 26949063                  /home/mindspice/code/jdk/openjdk-21-rc/lib/libzip.so
7fdfca27c000-7fdfca27d000 r--p 00007000 103:07 26949063                  /home/mindspice/code/jdk/openjdk-21-rc/lib/libzip.so
7fdfca27d000-7fdfca27e000 rw-p 00008000 103:07 26949063                  /home/mindspice/code/jdk/openjdk-21-rc/lib/libzip.so
7fdfca27e000-7fdfca2bd000 rw-p 00000000 00:00 0 
7fdfca2bd000-7fdfca2dd000 r-xp 00000000 103:07 26949039                  /home/mindspice/code/jdk/openjdk-21-rc/lib/libjava.so
7fdfca2dd000-7fdfca2de000 ---p 00020000 103:07 26949039                  /home/mindspice/code/jdk/openjdk-21-rc/lib/libjava.so
7fdfca2de000-7fdfca2df000 r--p 00020000 103:07 26949039                  /home/mindspice/code/jdk/openjdk-21-rc/lib/libjava.so
7fdfca2df000-7fdfca2e0000 rw-p 00021000 103:07 26949039                  /home/mindspice/code/jdk/openjdk-21-rc/lib/libjava.so
7fdfca2e0000-7fdfca2e1000 rw-p 00000000 00:00 0 
7fdfca2e1000-7fdfca2fc000 r-xp 00000000 103:07 26949043                  /home/mindspice/code/jdk/openjdk-21-rc/lib/libjimage.so
7fdfca2fc000-7fdfca2fd000 ---p 0001b000 103:07 26949043                  /home/mindspice/code/jdk/openjdk-21-rc/lib/libjimage.so
7fdfca2fd000-7fdfca2ff000 r--p 0001b000 103:07 26949043                  /home/mindspice/code/jdk/openjdk-21-rc/lib/libjimage.so
7fdfca2ff000-7fdfca300000 rw-p 0001d000 103:07 26949043                  /home/mindspice/code/jdk/openjdk-21-rc/lib/libjimage.so
7fdfca300000-7fdfca304000 ---p 00000000 00:00 0 
7fdfca304000-7fdfca400000 rw-p 00000000 00:00 0 
7fdfca400000-7fdfca428000 r--p 00000000 103:07 23332177                  /usr/lib/x86_64-linux-gnu/libc.so.6
7fdfca428000-7fdfca5bd000 r-xp 00028000 103:07 23332177                  /usr/lib/x86_64-linux-gnu/libc.so.6
7fdfca5bd000-7fdfca615000 r--p 001bd000 103:07 23332177                  /usr/lib/x86_64-linux-gnu/libc.so.6
7fdfca615000-7fdfca619000 r--p 00214000 103:07 23332177                  /usr/lib/x86_64-linux-gnu/libc.so.6
7fdfca619000-7fdfca61b000 rw-p 00218000 103:07 23332177                  /usr/lib/x86_64-linux-gnu/libc.so.6
7fdfca61b000-7fdfca628000 rw-p 00000000 00:00 0 
7fdfca628000-7fdfca629000 r--p 00000000 103:07 23333793                  /usr/lib/x86_64-linux-gnu/libXau.so.6.0.0
7fdfca629000-7fdfca62b000 r-xp 00001000 103:07 23333793                  /usr/lib/x86_64-linux-gnu/libXau.so.6.0.0
7fdfca62b000-7fdfca62c000 r--p 00003000 103:07 23333793                  /usr/lib/x86_64-linux-gnu/libXau.so.6.0.0
7fdfca62c000-7fdfca62d000 r--p 00003000 103:07 23333793                  /usr/lib/x86_64-linux-gnu/libXau.so.6.0.0
7fdfca62d000-7fdfca62e000 rw-p 00004000 103:07 23333793                  /usr/lib/x86_64-linux-gnu/libXau.so.6.0.0
7fdfca62e000-7fdfca637000 rw-p 00000000 00:00 0 
7fdfca637000-7fdfca63e000 ---p 00000000 00:00 0 
7fdfca63e000-7fdfca64c000 r--p 00000000 103:07 23333324                  /usr/lib/x86_64-linux-gnu/libm.so.6
7fdfca64c000-7fdfca6c8000 r-xp 0000e000 103:07 23333324                  /usr/lib/x86_64-linux-gnu/libm.so.6
7fdfca6c8000-7fdfca723000 r--p 0008a000 103:07 23333324                  /usr/lib/x86_64-linux-gnu/libm.so.6
7fdfca723000-7fdfca724000 r--p 000e4000 103:07 23333324                  /usr/lib/x86_64-linux-gnu/libm.so.6
7fdfca724000-7fdfca725000 rw-p 000e5000 103:07 23333324                  /usr/lib/x86_64-linux-gnu/libm.so.6
7fdfca725000-7fdfca726000 r--p 00000000 103:07 23334891                  /usr/lib/x86_64-linux-gnu/librt.so.1
7fdfca726000-7fdfca727000 r-xp 00001000 103:07 23334891                  /usr/lib/x86_64-linux-gnu/librt.so.1
7fdfca727000-7fdfca728000 r--p 00002000 103:07 23334891                  /usr/lib/x86_64-linux-gnu/librt.so.1
7fdfca728000-7fdfca729000 r--p 00002000 103:07 23334891                  /usr/lib/x86_64-linux-gnu/librt.so.1
7fdfca729000-7fdfca72a000 rw-p 00003000 103:07 23334891                  /usr/lib/x86_64-linux-gnu/librt.so.1
7fdfca72a000-7fdfca72e000 rw-p 00000000 00:00 0 
7fdfca72e000-7fdfca72f000 r--p 00000000 103:07 23333056                  /usr/lib/x86_64-linux-gnu/libdl.so.2
7fdfca72f000-7fdfca730000 r-xp 00001000 103:07 23333056                  /usr/lib/x86_64-linux-gnu/libdl.so.2
7fdfca730000-7fdfca731000 r--p 00002000 103:07 23333056                  /usr/lib/x86_64-linux-gnu/libdl.so.2
7fdfca731000-7fdfca732000 r--p 00002000 103:07 23333056                  /usr/lib/x86_64-linux-gnu/libdl.so.2
7fdfca732000-7fdfca733000 rw-p 00003000 103:07 23333056                  /usr/lib/x86_64-linux-gnu/libdl.so.2
7fdfca733000-7fdfca734000 r--p 00000000 103:07 23334258                  /usr/lib/x86_64-linux-gnu/libpthread.so.0
7fdfca734000-7fdfca735000 r-xp 00001000 103:07 23334258                  /usr/lib/x86_64-linux-gnu/libpthread.so.0
7fdfca735000-7fdfca736000 r--p 00002000 103:07 23334258                  /usr/lib/x86_64-linux-gnu/libpthread.so.0
7fdfca736000-7fdfca737000 r--p 00002000 103:07 23334258                  /usr/lib/x86_64-linux-gnu/libpthread.so.0
7fdfca737000-7fdfca738000 rw-p 00003000 103:07 23334258                  /usr/lib/x86_64-linux-gnu/libpthread.so.0
7fdfca738000-7fdfca746000 r-xp 00000000 103:07 26949044                  /home/mindspice/code/jdk/openjdk-21-rc/lib/libjli.so
7fdfca746000-7fdfca747000 ---p 0000e000 103:07 26949044                  /home/mindspice/code/jdk/openjdk-21-rc/lib/libjli.so
7fdfca747000-7fdfca748000 r--p 0000e000 103:07 26949044                  /home/mindspice/code/jdk/openjdk-21-rc/lib/libjli.so
7fdfca748000-7fdfca749000 rw-p 0000f000 103:07 26949044                  /home/mindspice/code/jdk/openjdk-21-rc/lib/libjli.so
7fdfca749000-7fdfca74b000 r--p 00000000 103:07 23331309                  /usr/lib/x86_64-linux-gnu/libz.so.1.2.11
7fdfca74b000-7fdfca75c000 r-xp 00002000 103:07 23331309                  /usr/lib/x86_64-linux-gnu/libz.so.1.2.11
7fdfca75c000-7fdfca762000 r--p 00013000 103:07 23331309                  /usr/lib/x86_64-linux-gnu/libz.so.1.2.11
7fdfca762000-7fdfca763000 ---p 00019000 103:07 23331309                  /usr/lib/x86_64-linux-gnu/libz.so.1.2.11
7fdfca763000-7fdfca764000 r--p 00019000 103:07 23331309                  /usr/lib/x86_64-linux-gnu/libz.so.1.2.11
7fdfca764000-7fdfca765000 rw-p 0001a000 103:07 23331309                  /usr/lib/x86_64-linux-gnu/libz.so.1.2.11
7fdfca765000-7fdfca766000 r-xp 00059000 103:07 9175153                   /tmp/lwjgl_mindspice/3.3.3+5/x64/liblwjgl.so
7fdfca766000-7fdfca767000 rw-p 00000000 00:00 0 
7fdfca767000-7fdfca769000 r-xp 00000000 103:07 26949032                  /home/mindspice/code/jdk/openjdk-21-rc/lib/libextnet.so
7fdfca769000-7fdfca76a000 r--p 00001000 103:07 26949032                  /home/mindspice/code/jdk/openjdk-21-rc/lib/libextnet.so
7fdfca76a000-7fdfca76b000 rw-p 00002000 103:07 26949032                  /home/mindspice/code/jdk/openjdk-21-rc/lib/libextnet.so
7fdfca76b000-7fdfca773000 rw-s 00000000 103:07 9175155                   /tmp/hsperfdata_mindspice/80778
7fdfca773000-7fdfca77d000 r-xp 00000000 103:07 26949034                  /home/mindspice/code/jdk/openjdk-21-rc/lib/libinstrument.so
7fdfca77d000-7fdfca77e000 ---p 0000a000 103:07 26949034                  /home/mindspice/code/jdk/openjdk-21-rc/lib/libinstrument.so
7fdfca77e000-7fdfca77f000 r--p 0000a000 103:07 26949034                  /home/mindspice/code/jdk/openjdk-21-rc/lib/libinstrument.so
7fdfca77f000-7fdfca780000 rw-p 0000b000 103:07 26949034                  /home/mindspice/code/jdk/openjdk-21-rc/lib/libinstrument.so
7fdfca780000-7fdfca781000 ---p 00000000 00:00 0 
7fdfca781000-7fdfca782000 r--p 00000000 00:00 0 
7fdfca782000-7fdfca784000 rw-p 00000000 00:00 0 
7fdfca784000-7fdfca786000 r--p 00000000 103:07 23332035                  /usr/lib/x86_64-linux-gnu/ld-linux-x86-64.so.2
7fdfca786000-7fdfca7b0000 r-xp 00002000 103:07 23332035                  /usr/lib/x86_64-linux-gnu/ld-linux-x86-64.so.2
7fdfca7b0000-7fdfca7bb000 r--p 0002c000 103:07 23332035                  /usr/lib/x86_64-linux-gnu/ld-linux-x86-64.so.2
7fdfca7bb000-7fdfca7bc000 ---p 00000000 00:00 0 
7fdfca7bc000-7fdfca7be000 r--p 00037000 103:07 23332035                  /usr/lib/x86_64-linux-gnu/ld-linux-x86-64.so.2
7fdfca7be000-7fdfca7c0000 rw-p 00039000 103:07 23332035                  /usr/lib/x86_64-linux-gnu/ld-linux-x86-64.so.2
7ffd7f079000-7ffd7f09b000 rw-p 00000000 00:00 0                          [stack]
7ffd7f1f6000-7ffd7f1fa000 r--p 00000000 00:00 0                          [vvar]
7ffd7f1fa000-7ffd7f1fc000 r-xp 00000000 00:00 0                          [vdso]
ffffffffff600000-ffffffffff601000 --xp 00000000 00:00 0                  [vsyscall]
Total number of mappings: 364


VM Arguments:
jvm_args: -javaagent:/home/mindspice/.local/share/JetBrains/Toolbox/apps/IDEA-U/ch-0/222.4345.14/lib/idea_rt.jar=38843:/home/mindspice/.local/share/JetBrains/Toolbox/apps/IDEA-U/ch-0/222.4345.14/bin -Dfile.encoding=UTF-8 -Dsun.stdout.encoding=UTF-8 -Dsun.stderr.encoding=UTF-8 
java_command: io.mindspice.mspice.game.Main
java_class_path (initial): /home/mindspice/code/Java/game/mspice-engine/target/classes:/home/mindspice/.m2/repository/org/lwjgl/lwjgl/3.3.3/lwjgl-3.3.3.jar:/home/mindspice/.m2/repository/org/lwjgl/lwjgl-assimp/3.3.3/lwjgl-assimp-3.3.3.jar:/home/mindspice/.m2/repository/org/lwjgl/lwjgl-glfw/3.3.3/lwjgl-glfw-3.3.3.jar:/home/mindspice/.m2/repository/org/lwjgl/lwjgl-harfbuzz/3.3.3/lwjgl-harfbuzz-3.3.3.jar:/home/mindspice/.m2/repository/org/lwjgl/lwjgl-hwloc/3.3.3/lwjgl-hwloc-3.3.3.jar:/home/mindspice/.m2/repository/org/lwjgl/lwjgl-jemalloc/3.3.3/lwjgl-jemalloc-3.3.3.jar:/home/mindspice/.m2/repository/org/lwjgl/lwjgl-ktx/3.3.3/lwjgl-ktx-3.3.3.jar:/home/mindspice/.m2/repository/org/lwjgl/lwjgl-libdivide/3.3.3/lwjgl-libdivide-3.3.3.jar:/home/mindspice/.m2/repository/org/lwjgl/lwjgl-lz4/3.3.3/lwjgl-lz4-3.3.3.jar:/home/mindspice/.m2/repository/org/lwjgl/lwjgl-meshoptimizer/3.3.3/lwjgl-meshoptimizer-3.3.3.jar:/home/mindspice/.m2/repository/org/lwjgl/lwjgl-openal/3.3.3/lwjgl-openal-3.3.3.jar:/home/mindspice/.m2/repository/org/lwjgl/lwjgl-opengl/3.3.3/lwjgl-opengl-3.3.3.jar:/home/mindspice/.m2/repository/org/lwjgl/lwjgl-remotery/3.3.3/lwjgl-remotery-3.3.3.jar:/home/mindspice/.m2/repository/org/lwjgl/lwjgl-rpmalloc/3.3.3/lwjgl-rpmalloc-3.3.3.jar:/home/mindspice/.m2/repository/org/lwjgl/lwjgl-sse/3.3.3/lwjgl-sse-3.3.3.jar:/home/mindspice/.m2/repository/org/lwjgl/lwjgl-stb/3.3.3/lwjgl-stb-3.3.3.jar:/home/mindspice/.m2/repository/org/lwjgl/lwjgl-vma/3.3.3/lwjgl-vma-3.3.3.jar:/home/mindspice/.m2/repository/org/lwjgl/lwjgl-vulkan/3.3.3/lwjgl-vulkan-3.3.3.jar:/home/mindspice/.m2/repository/org/lwjgl/lwjgl/3.3.3/lwjgl-3.3.3-natives-linux.jar:/home/mindspice/.m2/repository/org/lwjgl/lwjgl-assimp/3.3.3/lwjgl-assimp-3.3.3-natives-linux.jar:/home/mindspice/.m2/repository/org/lwjgl/lwjgl-glfw/3.3.3/lwjgl-glfw-3.3.3-natives-linux.jar:/home/mindspice/.m2/repository/org/lwjgl/lwjgl-harfbuzz/3.3.3/lwjgl-harfbuzz-3.3.3-natives-linux.jar:/home/mindspice/.m2/repository/org/lwjgl/lwjgl-hwloc/3.3.3/lwjgl-hwloc-3.3.3-natives-linux.jar:/home/mindspice/.m2/repository/org/lwjgl/lwjgl-jemalloc/3.3.3/lwjgl-jemalloc-3.3.3-natives-linux.jar:/home/mindspice/.m2/repository/org/lwjgl/lwjgl-ktx/3.3.3/lwjgl-ktx-3.3.3-natives-linux.jar:/home/mindspice/.m2/repository/org/lwjgl/lwjgl-libdivide/3.3.3/lwjgl-libdivide-3.3.3-natives-linux.jar:/home/mindspice/.m2/repository/org/lwjgl/lwjgl-lz4/3.3.3/lwjgl-lz4-3.3.3-natives-linux.jar:/home/mindspice/.m2/repository/org/lwjgl/lwjgl-meshoptimizer/3.3.3/lwjgl-meshoptimizer-3.3.3-natives-linux.jar:/home/mindspice/.m2/repository/org/lwjgl/lwjgl-openal/3.3.3/lwjgl-openal-3.3.3-natives-linux.jar:/home/mindspice/.m2/repository/org/lwjgl/lwjgl-opengl/3.3.3/lwjgl-opengl-3.3.3-natives-linux.jar:/home/mindspice/.m2/repository/org/lwjgl/lwjgl-remotery/3.3.3/lwjgl-remotery-3.3.3-natives-linux.jar:/home/mindspice/.m2/repository/org/lwjgl/lwjgl-rpmalloc/3.3.3/lwjgl-rpmalloc-3.3.3-natives-linux.jar:/home/mindspice/.m2/repository/org/lwjgl/lwjgl-sse/3.3.3/lwjgl-sse-3.3.3-natives-linux.jar:/home/mindspice/.m2/repository/org/lwjgl/lwjgl-stb/3.3.3/lwjgl-stb-3.3.3-natives-linux.jar:/home/mindspice/.m2/repository/org/lwjgl/lwjgl-vma/3.3.3/lwjgl-vma-3.3.3-natives-linux.jar:/home/mindspice/.m2/repository/org/joml/joml/1.10.5/joml-1.10.5.jar
Launcher Type: SUN_STANDARD

[Global flags]
     intx CICompilerCount                          = 12                                        {product} {ergonomic}
     uint ConcGCThreads                            = 5                                         {product} {ergonomic}
     uint G1ConcRefinementThreads                  = 18                                        {product} {ergonomic}
   size_t G1HeapRegionSize                         = 8388608                                   {product} {ergonomic}
    uintx GCDrainStackTargetSize                   = 64                                        {product} {ergonomic}
   size_t InitialHeapSize                          = 1056964608                                {product} {ergonomic}
   size_t MarkStackSize                            = 4194304                                   {product} {ergonomic}
   size_t MaxHeapSize                              = 16835936256                               {product} {ergonomic}
   size_t MaxNewSize                               = 10099884032                               {product} {ergonomic}
   size_t MinHeapDeltaBytes                        = 8388608                                   {product} {ergonomic}
   size_t MinHeapSize                              = 8388608                                   {product} {ergonomic}
    uintx NonNMethodCodeHeapSize                   = 7602480                                {pd product} {ergonomic}
    uintx NonProfiledCodeHeapSize                  = 122027880                              {pd product} {ergonomic}
    uintx ProfiledCodeHeapSize                     = 122027880                              {pd product} {ergonomic}
    uintx ReservedCodeCacheSize                    = 251658240                              {pd product} {ergonomic}
     bool SegmentedCodeCache                       = true                                      {product} {ergonomic}
   size_t SoftMaxHeapSize                          = 16835936256                            {manageable} {ergonomic}
     bool UseCompressedOops                        = true                           {product lp64_product} {ergonomic}
     bool UseG1GC                                  = true                                      {product} {ergonomic}

Logging:
Log output configuration:
 #0: stdout all=warning uptime,level,tags foldmultilines=false
 #1: stderr all=off uptime,level,tags foldmultilines=false

Environment Variables:
PATH=/home/mindspice/.local/bin:/usr/local/sbin:/usr/local/bin:/usr/sbin:/usr/bin:/sbin:/bin:/usr/games:/usr/local/games:/snap/bin:/home/mindspice/.local/share/JetBrains/Toolbox/scripts
USERNAME=mindspice
SHELL=/bin/bash
DISPLAY=:1
LANG=en_US.UTF-8

Active Locale:
LC_ALL=en_US.UTF-8
LC_COLLATE=en_US.UTF-8
LC_CTYPE=en_US.UTF-8
LC_MESSAGES=en_US.UTF-8
LC_MONETARY=en_US.UTF-8
LC_NUMERIC=en_US.UTF-8
LC_TIME=en_US.UTF-8

Signal Handlers:
   SIGSEGV: crash_handler in libjvm.so, mask=11100100010111111101111111111110, flags=SA_RESTART|SA_SIGINFO, unblocked
    SIGBUS: crash_handler in libjvm.so, mask=11100100010111111101111111111110, flags=SA_RESTART|SA_SIGINFO, unblocked
    SIGFPE: crash_handler in libjvm.so, mask=11100100010111111101111111111110, flags=SA_RESTART|SA_SIGINFO, unblocked
   SIGPIPE: javaSignalHandler in libjvm.so, mask=11100100010111111101111111111110, flags=SA_RESTART|SA_SIGINFO, blocked
   SIGXFSZ: javaSignalHandler in libjvm.so, mask=11100100010111111101111111111110, flags=SA_RESTART|SA_SIGINFO, blocked
    SIGILL: crash_handler in libjvm.so, mask=11100100010111111101111111111110, flags=SA_RESTART|SA_SIGINFO, unblocked
   SIGUSR2: SR_handler in libjvm.so, mask=00100000000000000000000000000000, flags=SA_RESTART|SA_SIGINFO, blocked
    SIGHUP: SIG_IGN, mask=00000000000000000000000000000000, flags=none, blocked
    SIGINT: UserHandler in libjvm.so, mask=11100100010111111101111111111110, flags=SA_RESTART|SA_SIGINFO, blocked
   SIGTERM: UserHandler in libjvm.so, mask=11100100010111111101111111111110, flags=SA_RESTART|SA_SIGINFO, blocked
   SIGQUIT: UserHandler in libjvm.so, mask=11100100010111111101111111111110, flags=SA_RESTART|SA_SIGINFO, blocked
   SIGTRAP: crash_handler in libjvm.so, mask=11100100010111111101111111111110, flags=SA_RESTART|SA_SIGINFO, unblocked


---------------  S Y S T E M  ---------------

OS:
DISTRIB_ID=Pop
DISTRIB_RELEASE=22.04
DISTRIB_CODENAME=jammy
DISTRIB_DESCRIPTION="Pop!_OS 22.04 LTS"
uname: Linux 6.4.6-76060406-generic #202307241739~1694621917~22.04~ac5e1a8 SMP PREEMPT_DYNAMIC Wed S x86_64
OS uptime: 0 days 11:31 hours
libc: glibc 2.35 NPTL 2.35 
rlimit (soft/hard): STACK 8192k/infinity , CORE 0k/infinity , NPROC 256363/256363 , NOFILE 1048576/1048576 , AS infinity/infinity , CPU infinity/infinity , DATA infinity/infinity , FSIZE infinity/infinity , MEMLOCK 8219220k/8219220k
load average: 2.74 1.64 1.13

/proc/meminfo:
MemTotal:       65753772 kB
MemFree:         5981144 kB
MemAvailable:   25912080 kB
Buffers:          651852 kB
Cached:         22763372 kB
SwapCached:            0 kB
Active:         28633212 kB
Inactive:       27059704 kB
Active(anon):   25127188 kB
Inactive(anon):  7529456 kB
Active(file):    3506024 kB
Inactive(file): 19530248 kB
Unevictable:         216 kB
Mlocked:             216 kB
SwapTotal:      16777212 kB
SwapFree:       16776700 kB
Zswap:                 0 kB
Zswapped:              0 kB
Dirty:                64 kB
Writeback:             0 kB
AnonPages:      32271968 kB
Mapped:          2554120 kB
Shmem:            378944 kB
KReclaimable:    1870696 kB
Slab:            2445932 kB
SReclaimable:    1870696 kB
SUnreclaim:       575236 kB
KernelStack:       54992 kB
PageTables:       167648 kB
SecPageTables:      7908 kB
NFS_Unstable:          0 kB
Bounce:                0 kB
WritebackTmp:          0 kB
CommitLimit:    49654096 kB
Committed_AS:   64739012 kB
VmallocTotal:   34359738367 kB
VmallocUsed:      306612 kB
VmallocChunk:          0 kB
Percpu:            46464 kB
HardwareCorrupted:     0 kB
AnonHugePages:   6967296 kB
ShmemHugePages:        0 kB
ShmemPmdMapped:        0 kB
FileHugePages:         0 kB
FilePmdMapped:         0 kB
HugePages_Total:       0
HugePages_Free:        0
HugePages_Rsvd:        0
HugePages_Surp:        0
Hugepagesize:       2048 kB
Hugetlb:               0 kB
DirectMap4k:     2026820 kB
DirectMap2M:    46129152 kB
DirectMap1G:    18874368 kB

/sys/kernel/mm/transparent_hugepage/enabled: always [madvise] never
/sys/kernel/mm/transparent_hugepage/defrag (defrag/compaction efforts parameter): always defer defer+madvise [madvise] never

Process Memory:
Virtual Size: 20053920K (peak: 20117704K)
Resident Set Size: 122492K (peak: 134436K) (anon: 72908K, file: 49584K, shmem: 0K)
Swapped out: 0K
C-Heap outstanding allocations: 62121K, retained: 15198K
glibc malloc tunables: (default)

/proc/sys/kernel/threads-max (system-wide limit on the number of threads): 512726
/proc/sys/vm/max_map_count (maximum number of memory map areas a process may have): 2147483642
/proc/sys/kernel/pid_max (system-wide limit on number of process identifiers): 4194304

container (cgroup) information:
container_type: cgroupv2
cpu_cpuset_cpus: not supported
cpu_memory_nodes: not supported
active_processor_count: 24
cpu_quota: not supported
cpu_period: not supported
cpu_shares: not supported
memory_limit_in_bytes: unlimited
memory_and_swap_limit_in_bytes: unlimited
memory_soft_limit_in_bytes: unlimited
memory_usage_in_bytes: 10886384 k
memory_max_usage_in_bytes: not supported
memory_swap_current_in_bytes: unlimited
memory_swap_max_limit_in_bytes: unlimited
maximum number of tasks: 76908
current number of tasks: 790

Steal ticks since vm start: 0
Steal ticks percentage since vm start:  0.000

CPU: total 24 (initial active 24) (24 cores per cpu, 2 threads per core) family 25 model 33 stepping 0 microcode 0xa201016, cx8, cmov, fxsr, ht, mmx, 3dnowpref, sse, sse2, sse3, ssse3, sse4a, sse4.1, sse4.2, popcnt, lzcnt, tsc, tscinvbit, avx, avx2, aes, erms, clmul, bmi1, bmi2, adx, sha, fma, vzeroupper, clflush, clflushopt, rdtscp, rdpid, fsrm, f16c, pku, ospke, cet_ss
CPU Model and flags from /proc/cpuinfo:
model name	: AMD Ryzen 9 5900X 12-Core Processor
flags		: fpu vme de pse tsc msr pae mce cx8 apic sep mtrr pge mca cmov pat pse36 clflush mmx fxsr sse sse2 ht syscall nx mmxext fxsr_opt pdpe1gb rdtscp lm constant_tsc rep_good nopl nonstop_tsc cpuid extd_apicid aperfmperf rapl pni pclmulqdq monitor ssse3 fma cx16 sse4_1 sse4_2 x2apic movbe popcnt aes xsave avx f16c rdrand lahf_lm cmp_legacy svm extapic cr8_legacy abm sse4a misalignsse 3dnowprefetch osvw ibs skinit wdt tce topoext perfctr_core perfctr_nb bpext perfctr_llc mwaitx cpb cat_l3 cdp_l3 hw_pstate ssbd mba ibrs ibpb stibp vmmcall fsgsbase bmi1 avx2 smep bmi2 erms invpcid cqm rdt_a rdseed adx smap clflushopt clwb sha_ni xsaveopt xsavec xgetbv1 xsaves cqm_llc cqm_occup_llc cqm_mbm_total cqm_mbm_local clzero irperf xsaveerptr rdpru wbnoinvd arat npt lbrv svm_lock nrip_save tsc_scale vmcb_clean flushbyasid decodeassists pausefilter pfthreshold avic v_vmsave_vmload vgif v_spec_ctrl umip pku ospke vaes vpclmulqdq rdpid overflow_recov succor smca fsrm

Online cpus: 0-23
Offline cpus: 24-31
BIOS frequency limitation: 3700000
Frequency switch latency (ns): 0
Available cpu frequencies: 3700000 2800000 2200000 
Current governor: schedutil
Core performance/turbo boost: 1

Memory: 4k page, physical 65753772k(25912080k free), swap 16777212k(16776700k free)
Page Sizes: 4k

vm_info: OpenJDK 64-Bit Server VM (21+35-2513) for linux-amd64 JRE (21+35-2513), built on 2023-08-09T20:25:10Z by "mach5one" with gcc 11.2.0

END.
