#
# A fatal error has been detected by the Java Runtime Environment:
#
#  SIGSEGV (0xb) at pc=0x00007f817e78c473, pid=82326, tid=82331
#
# JRE version: OpenJDK Runtime Environment (21.0+35) (build 21+35-2513)
# Java VM: OpenJDK 64-Bit Server VM (21+35-2513, mixed mode, sharing, tiered, compressed oops, compressed class ptrs, g1 gc, linux-amd64)
# Problematic frame:
# V  [libjvm.so+0x58c473]  AccessInternal::PostRuntimeDispatch<G1BarrierSet::AccessBarrier<548964ul, G1BarrierSet>, (AccessInternal::BarrierType)0, 548964ul>::oop_access_barrier(void*, oopDesc*)+0x53
#
# Core dump will be written. Default location: Core dumps may be processed with "/usr/share/apport/apport -p%p -s%s -c%c -d%d -P%P -u%u -g%g -- %E" (or dumping to /home/mindspice/code/Java/game/mspice-engine/core.82326)
#
# If you would like to submit a bug report, please visit:
#   https://bugreport.java.com/bugreport/crash.jsp
#

---------------  S U M M A R Y ------------

Command Line: -javaagent:/home/mindspice/.local/share/JetBrains/Toolbox/apps/IDEA-U/ch-0/222.4345.14/lib/idea_rt.jar=43183:/home/mindspice/.local/share/JetBrains/Toolbox/apps/IDEA-U/ch-0/222.4345.14/bin -Dfile.encoding=UTF-8 -Dsun.stdout.encoding=UTF-8 -Dsun.stderr.encoding=UTF-8 io.mindspice.mspice.game.Main

Host: AMD Ryzen 9 5900X 12-Core Processor, 24 cores, 62G, Pop!_OS 22.04 LTS
Time: Sun Sep 24 19:40:21 2023 EDT elapsed time: 2.842761 seconds (0d 0h 0m 2s)

---------------  T H R E A D  ---------------

Current thread (0x00007f817802b110):  JavaThread "main"             [_thread_in_vm, id=82331, stack(0x00007f817e100000,0x00007f817e200000) (1024K)]

Stack: [0x00007f817e100000,0x00007f817e200000],  sp=0x00007f817e1fe4e0,  free space=1017k
Native frames: (J=compiled Java code, j=interpreted, Vv=VM code, C=native code)
V  [libjvm.so+0x58c473]  AccessInternal::PostRuntimeDispatch<G1BarrierSet::AccessBarrier<548964ul, G1BarrierSet>, (AccessInternal::BarrierType)0, 548964ul>::oop_access_barrier(void*, oopDesc*)+0x53
V  [libjvm.so+0x9a9cfe]  JNIHandles::destroy_global(_jobject*)+0x1e
V  [libjvm.so+0x9725cf]  jni_DeleteGlobalRef+0x6f
j  org.lwjgl.system.jni.JNINativeInterface.nDeleteGlobalRef(J)V+0
j  org.lwjgl.system.jni.JNINativeInterface.DeleteGlobalRef(J)V+12
j  org.lwjgl.system.Callback.free(J)V+25
j  org.lwjgl.system.Callback.free()V+4
j  io.mindspice.mspice.core.GameInput.cleanup()V+4
j  io.mindspice.mspice.core.GameEngine.cleanup()V+11
j  io.mindspice.mspice.core.GameEngine.run()V+293
j  io.mindspice.mspice.game.Main.main([Ljava/lang/String;)V+82
v  ~StubRoutines::call_stub 0x00007f8167e5fcc6
V  [libjvm.so+0x8dd585]  JavaCalls::call_helper(JavaValue*, methodHandle const&, JavaCallArguments*, JavaThread*)+0x2e5
V  [libjvm.so+0x983b40]  jni_invoke_static(JNIEnv_*, JavaValue*, _jobject*, JNICallType, _jmethodID*, JNI_ArgumentPusher*, JavaThread*) [clone .constprop.1]+0x390
V  [libjvm.so+0x98643b]  jni_CallStaticVoidMethod+0x12b
C  [libjli.so+0x5294]  JavaMain+0x1054
C  [libjli.so+0x7e49]  ThreadJavaMain+0x9
Java frames: (J=compiled Java code, j=interpreted, Vv=VM code)
j  org.lwjgl.system.jni.JNINativeInterface.nDeleteGlobalRef(J)V+0
j  org.lwjgl.system.jni.JNINativeInterface.DeleteGlobalRef(J)V+12
j  org.lwjgl.system.Callback.free(J)V+25
j  org.lwjgl.system.Callback.free()V+4
j  io.mindspice.mspice.core.GameInput.cleanup()V+4
j  io.mindspice.mspice.core.GameEngine.cleanup()V+11
j  io.mindspice.mspice.core.GameEngine.run()V+293
j  io.mindspice.mspice.game.Main.main([Ljava/lang/String;)V+82
v  ~StubRoutines::call_stub 0x00007f8167e5fcc6

siginfo: si_signo: 11 (SIGSEGV), si_code: 1 (SEGV_MAPERR), si_addr: 0x000000000000003e

Registers:
RAX=0x00007f817f60b450, RBX=0x000000000000003e, RCX=0x0000000000000010, RDX=0x0000000000000040
RSP=0x00007f817e1fe4e0, RBP=0x00007f817e1fe500, RSI=0x0000000000000000, RDI=0x000000000000003e
R8 =0x00007f80eb40ef18, R9 =0x0000000000000002, R10=0x00007f8167e6b951, R11=0x0000000452804758
R12=0x0000000000000000, R13=0x00007f8178049ce0, R14=0x00007f817e1fe5d8, R15=0x00007f817802b110
RIP=0x00007f817e78c473, EFLAGS=0x0000000000010246, CSGSFS=0x002b000000000033, ERR=0x0000000000000006
  TRAPNO=0x000000000000000e


Register to memory mapping:

RAX=0x00007f817f60b450: <offset 0x000000000140b450> in /home/mindspice/code/jdk/openjdk-21-rc/lib/server/libjvm.so at 0x00007f817e200000
RBX=0x000000000000003e is an unknown value
RCX=0x0000000000000010 is an unknown value
RDX=0x0000000000000040 is an unknown value
RSP=0x00007f817e1fe4e0 is pointing into the stack for thread: 0x00007f817802b110
RBP=0x00007f817e1fe500 is pointing into the stack for thread: 0x00007f817802b110
RSI=0x0 is null
RDI=0x000000000000003e is an unknown value
R8 ={method} {0x00007f80eb40ef18} 'free' '()V' in 'org/lwjgl/system/Callback'
R9 =0x0000000000000002 is an unknown value
R10=0x00007f8167e6b951 is at code_begin+1009 in an Interpreter codelet
native method entry point (kind = native)  [0x00007f8167e6b560, 0x00007f8167e6bfd0]  2672 bytes
R11=0x0000000452804758 is an oop: java.lang.Class 
{0x0000000452804758} - klass: 'java/lang/Class'
 - ---- fields (total size 27 words):
 - private volatile transient 'classRedefinedCount' 'I' @12  0 (0x00000000)
 - injected 'klass' 'J' @16  140191759142432 (0x00007f80f0010e20)
 - injected 'array_klass' 'J' @24  0 (0x0000000000000000)
 - injected 'oop_size' 'I' @32  27 (0x0000001b)
 - injected 'static_oop_field_count' 'I' @36  0 (0x00000000)
 - private volatile transient 'cachedConstructor' 'Ljava/lang/reflect/Constructor;' @40  null (0x00000000)
 - private transient 'name' 'Ljava/lang/String;' @44  "org.lwjgl.system.jni.JNINativeInterface"{0x0000000452804830} (0x8a500906)
 - private transient 'module' 'Ljava/lang/Module;' @48  a 'java/lang/Module'{0x0000000453015290} (0x8a602a52)
 - private final 'classLoader' 'Ljava/lang/ClassLoader;' @52  a 'jdk/internal/loader/ClassLoaders$AppClassLoader'{0x0000000453015100} (0x8a602a20)
 - private transient 'classData' 'Ljava/lang/Object;' @56  null (0x00000000)
 - private transient 'packageName' 'Ljava/lang/String;' @60  "org.lwjgl.system.jni"{0x00000004537a4bb8} (0x8a6f4977)
 - private final 'componentType' 'Ljava/lang/Class;' @64  null (0x00000000)
 - private volatile transient 'reflectionData' 'Ljava/lang/ref/SoftReference;' @68  null (0x00000000)
 - private volatile transient 'genericInfo' 'Lsun/reflect/generics/repository/ClassRepository;' @72  null (0x00000000)
 - private volatile transient 'enumConstants' '[Ljava/lang/Object;' @76  null (0x00000000)
 - private volatile transient 'enumConstantDirectory' 'Ljava/util/Map;' @80  null (0x00000000)
 - private volatile transient 'annotationData' 'Ljava/lang/Class$AnnotationData;' @84  null (0x00000000)
 - private volatile transient 'annotationType' 'Lsun/reflect/annotation/AnnotationType;' @88  null (0x00000000)
 - transient 'classValueMap' 'Ljava/lang/ClassValue$ClassValueMap;' @92  null (0x00000000)
 - injected 'protection_domain' 'Ljava/lang/Object;' @96  a 'java/security/ProtectionDomain'{0x0000000453527eb8} (0x8a6a4fd7)
 - injected 'signers_name' 'Ljava/lang/Object;' @100  null (0x00000000)
 - injected 'source_file' 'Ljava/lang/Object;' @104  null (0x00000000)
 - signature: Lorg/lwjgl/system/jni/JNINativeInterface;
 - ---- static fields (0):
 - public static final 'JNI_VERSION_1_1' 'I' @112  65537 (0x00010001)
 - public static final 'JNI_VERSION_1_2' 'I' @116  65538 (0x00010002)
 - public static final 'JNI_VERSION_1_4' 'I' @120  65540 (0x00010004)
 - public static final 'JNI_VERSION_1_6' 'I' @124  65542 (0x00010006)
 - public static final 'JNI_VERSION_1_8' 'I' @128  65544 (0x00010008)
 - public static final 'JNI_VERSION_9' 'I' @132  589824 (0x00090000)
 - public static final 'JNI_VERSION_10' 'I' @136  655360 (0x000a0000)
 - public static final 'JNI_VERSION_19' 'I' @140  1245184 (0x00130000)
 - public static final 'JNI_VERSION_20' 'I' @144  1310720 (0x00140000)
 - public static final 'JNI_VERSION_21' 'I' @148  1376256 (0x00150000)
 - public static final 'JNIInvalidRefType' 'I' @152  0 (0x00000000)
 - public static final 'JNILocalRefType' 'I' @156  1 (0x00000001)
 - public static final 'JNIGlobalRefType' 'I' @160  2 (0x00000002)
 - public static final 'JNIWeakGlobalRefType' 'I' @164  3 (0x00000003)
 - public static final 'JNI_FALSE' 'I' @168  0 (0x00000000)
 - public static final 'JNI_TRUE' 'I' @172  1 (0x00000001)
 - public static final 'JNI_OK' 'I' @176  0 (0x00000000)
 - public static final 'JNI_ERR' 'I' @180  -1 (0xffffffff)
 - public static final 'JNI_EDETACHED' 'I' @184  -2 (0xfffffffe)
 - public static final 'JNI_EVERSION' 'I' @188  -3 (0xfffffffd)
 - public static final 'JNI_ENOMEM' 'I' @192  -4 (0xfffffffc)
 - public static final 'JNI_EEXIST' 'I' @196  -5 (0xfffffffb)
 - public static final 'JNI_EINVAL' 'I' @200  -6 (0xfffffffa)
 - public static final 'JNI_COMMIT' 'I' @204  1 (0x00000001)
 - public static final 'JNI_ABORT' 'I' @208  2 (0x00000002)
R12=0x0 is null
R13=0x00007f8178049ce0 points into unknown readable memory: 0x00007f817f5caa68 | 68 aa 5c 7f 81 7f 00 00
R14=0x00007f817e1fe5d8 is pointing into the stack for thread: 0x00007f817802b110
R15=0x00007f817802b110 is a thread

Top of Stack: (sp=0x00007f817e1fe4e0)
0x00007f817e1fe4e0:   00007f817802b110 000000000000003e
0x00007f817e1fe4f0:   00007f80eb467d70 00007f817e1fe5d8
0x00007f817e1fe500:   00007f817e1fe520 00007f817eba9cfe
0x00007f817e1fe510:   0000000000000000 0000000000000040
0x00007f817e1fe520:   00007f817e1fe540 00007f817eb725cf
0x00007f817e1fe530:   00007f80eb467d70 0000000000000000
0x00007f817e1fe540:   00007f817e1fe5b0 00007f8167e6b980
0x00007f817e1fe550:   0000000452d53948 0000000452d53948
0x00007f817e1fe560:   00007f817e1fe5c8 00007f817e1fe568
0x00007f817e1fe570:   0000000000000000 0000000000000005
0x00007f817e1fe580:   00007f80eb473d48 0000000000000000
0x00007f817e1fe590:   0000000452804758 00007f80eb467d70
0x00007f817e1fe5a0:   0000000000000000 00007f817e1fe5d0
0x00007f817e1fe5b0:   00007f817e1fe628 00007f8167e67166
0x00007f817e1fe5c0:   0000000452804758 00007f8167e68f97
0x00007f817e1fe5d0:   0000000000000040 0000000000000000
0x00007f817e1fe5e0:   00007f817e1fe5e0 00007f80eb467e1c
0x00007f817e1fe5f0:   0000000000000003 00007f80eb473d48
0x00007f817e1fe600:   0000000000000000 0000000452804758
0x00007f817e1fe610:   00007f80eb467e40 00007f817e1fe5d0
0x00007f817e1fe620:   00007f817e1fe638 00007f817e1fe690
0x00007f817e1fe630:   00007f8167e67166 0000000000000040
0x00007f817e1fe640:   0000000000000000 00007f817e1fe648
0x00007f817e1fe650:   00007f80eb40f4b1 0000000000000004
0x00007f817e1fe660:   00007f80eb418198 0000000000000000
0x00007f817e1fe670:   000000045352fc50 00007f80eb40f4e0
0x00007f817e1fe680:   00007f817e1fe638 00007f817e1fe6a8
0x00007f817e1fe690:   00007f817e1fe700 00007f8167e67166
0x00007f817e1fe6a0:   00000004528ce270 00007f817fab2fe0
0x00007f817e1fe6b0:   0000000000000000 00007f817e1fe6b8
0x00007f817e1fe6c0:   00007f80eb40eefc 0000000000000002
0x00007f817e1fe6d0:   00007f80eb418198 0000000000000000 

Instructions: (pc=0x00007f817e78c473)
0x00007f817e78c373:   80 00 00 00 00 48 8d 05 41 00 00 00 e9 53 ff ff
0x00007f817e78c383:   ff 0f 1f 40 00 48 8d 05 d1 fe ff ff e9 43 ff ff
0x00007f817e78c393:   ff 48 8d 05 95 fc e4 00 48 8d 0d c6 c2 ad 00 ba
0x00007f817e78c3a3:   e2 00 00 00 48 8d 35 f2 c2 ad 00 bf 00 00 00 e0
0x00007f817e78c3b3:   48 8b 00 c6 00 58 31 c0 e8 30 14 10 00 55 48 8d
0x00007f817e78c3c3:   05 88 f0 e7 00 48 89 e5 41 56 41 55 41 54 49 89
0x00007f817e78c3d3:   f4 53 4c 8b 28 48 89 fb 41 80 bd 18 06 00 00 00
0x00007f817e78c3e3:   74 2e 4c 8b 37 4d 85 f6 74 26 66 48 8d 3d db 9f
0x00007f817e78c3f3:   e4 00 66 66 48 e8 a3 00 d0 ff 49 8d bd f0 04 00
0x00007f817e78c403:   00 4c 89 f2 48 8b 30 48 83 c6 28 e8 fd 39 7e 00
0x00007f817e78c413:   4c 89 23 5b 41 5c 41 5d 41 5e 5d c3 90 55 48 8d
0x00007f817e78c423:   05 28 f0 e7 00 48 89 e5 41 56 41 55 41 54 49 89
0x00007f817e78c433:   f4 53 4c 8b 28 48 89 fb 41 80 bd 18 06 00 00 00
0x00007f817e78c443:   74 2e 4c 8b 37 4d 85 f6 74 26 66 48 8d 3d 7b 9f
0x00007f817e78c453:   e4 00 66 66 48 e8 43 00 d0 ff 49 8d bd f0 04 00
0x00007f817e78c463:   00 4c 89 f2 48 8b 30 48 83 c6 28 e8 9d 39 7e 00
0x00007f817e78c473:   4c 89 23 5b 41 5c 41 5d 41 5e 5d c3 90 55 48 89
0x00007f817e78c483:   e5 41 55 4c 8d 2d 93 21 b5 00 41 54 49 89 fc 53
0x00007f817e78c493:   48 89 f3 48 83 ec 08 48 8b 07 48 8d 15 1c a6 ed
0x00007f817e78c4a3:   00 48 89 c1 48 23 0a 75 34 48 8d 05 15 a6 ed 00
0x00007f817e78c4b3:   48 8b 10 48 89 d0 48 c1 e8 0c 83 e0 0f 41 8b 4c
0x00007f817e78c4c3:   85 00 48 d3 e3 48 09 d3 49 89 1c 24 48 83 c4 08
0x00007f817e78c4d3:   5b 41 5c 41 5d 5d c3 66 0f 1f 44 00 00 48 89 c7
0x00007f817e78c4e3:   48 81 e7 0f 00 ff ff 74 24 48 89 c2 48 89 c7 48
0x00007f817e78c4f3:   89 c6 48 c1 ea 0c 83 e2 0f 41 8b 4c 95 00 48 8d
0x00007f817e78c503:   15 d8 a5 ed 00 48 d3 ef 48 23 32 75 10 e8 1b 81
0x00007f817e78c513:   a1 00 eb 95 66 0f 1f 84 00 00 00 00 00 48 8d 0d
0x00007f817e78c523:   e9 a5 ed 00 48 89 c2 81 e2 00 f0 00 00 48 89 d6
0x00007f817e78c533:   48 23 31 75 58 48 8d 0d d9 a5 ed 00 48 23 11 75
0x00007f817e78c543:   5c 83 e0 30 48 83 f8 30 74 53 48 8d 05 d4 a7 ed
0x00007f817e78c553:   00 48 8b 30 48 8d 05 d2 a5 ed 00 48 8b 08 48 8b
0x00007f817e78c563:   56 28 48 21 f9 48 89 c8 48 c1 e8 15 48 8d 04 c2 


Stack slot to memory mapping:

stack at sp + 0 slots: 0x00007f817802b110 is a thread
stack at sp + 1 slots: 0x000000000000003e is an unknown value
stack at sp + 2 slots: {method} {0x00007f80eb467d70} 'nDeleteGlobalRef' '(J)V' in 'org/lwjgl/system/jni/JNINativeInterface'
stack at sp + 3 slots: 0x00007f817e1fe5d8 is pointing into the stack for thread: 0x00007f817802b110
stack at sp + 4 slots: 0x00007f817e1fe520 is pointing into the stack for thread: 0x00007f817802b110
stack at sp + 5 slots: 0x00007f817eba9cfe: <offset 0x00000000009a9cfe> in /home/mindspice/code/jdk/openjdk-21-rc/lib/server/libjvm.so at 0x00007f817e200000
stack at sp + 6 slots: 0x0 is null
stack at sp + 7 slots: 0x0000000000000040 is an unknown value


---------------  P R O C E S S  ---------------

Threads class SMR info:
_java_thread_list=0x00007f80c0070870, length=13, elements={
0x00007f817802b110, 0x00007f817815cdd0, 0x00007f817815e420, 0x00007f817815ff00,
0x00007f8178161540, 0x00007f8178162ae0, 0x00007f81781646a0, 0x00007f8178165d60,
0x00007f817817f900, 0x00007f80c405e400, 0x00007f8178334ef0, 0x00007f81783367c0,
0x00007f80d4000ff0
}

Java Threads: ( => current thread )
=>0x00007f817802b110 JavaThread "main"                              [_thread_in_vm, id=82331, stack(0x00007f817e100000,0x00007f817e200000) (1024K)]
  0x00007f817815cdd0 JavaThread "Reference Handler"          daemon [_thread_blocked, id=82342, stack(0x00007f814c1da000,0x00007f814c2da000) (1024K)]
  0x00007f817815e420 JavaThread "Finalizer"                  daemon [_thread_blocked, id=82343, stack(0x00007f814c0da000,0x00007f814c1da000) (1024K)]
  0x00007f817815ff00 JavaThread "Signal Dispatcher"          daemon [_thread_blocked, id=82344, stack(0x00007f813cf00000,0x00007f813d000000) (1024K)]
  0x00007f8178161540 JavaThread "Service Thread"             daemon [_thread_blocked, id=82345, stack(0x00007f813ce00000,0x00007f813cf00000) (1024K)]
  0x00007f8178162ae0 JavaThread "Monitor Deflation Thread"   daemon [_thread_blocked, id=82346, stack(0x00007f813cd00000,0x00007f813ce00000) (1024K)]
  0x00007f81781646a0 JavaThread "C2 CompilerThread0"         daemon [_thread_blocked, id=82347, stack(0x00007f813cc00000,0x00007f813cd00000) (1024K)]
  0x00007f8178165d60 JavaThread "C1 CompilerThread0"         daemon [_thread_blocked, id=82348, stack(0x00007f813cb00000,0x00007f813cc00000) (1024K)]
  0x00007f817817f900 JavaThread "Common-Cleaner"             daemon [_thread_blocked, id=82352, stack(0x00007f813ca00000,0x00007f813cb00000) (1024K)]
  0x00007f80c405e400 JavaThread "C1 CompilerThread1"         daemon [_thread_blocked, id=82359, stack(0x00007f813c900000,0x00007f813ca00000) (1024K)]
  0x00007f8178334ef0 JavaThread "Monitor Ctrl-Break"         daemon [_thread_in_native, id=82363, stack(0x00007f813c600000,0x00007f813c700000) (1024K)]
  0x00007f81783367c0 JavaThread "Notification Thread"        daemon [_thread_blocked, id=82364, stack(0x00007f813c500000,0x00007f813c600000) (1024K)]
  0x00007f80d4000ff0 JavaThread "Attach Listener"            daemon [_thread_blocked, id=82400, stack(0x00007f80e8c00000,0x00007f80e8d00000) (1024K)]
Total: 13

Other Threads:
  0x00007f817814f730 VMThread "VM Thread"                           [id=82341, stack(0x00007f814c2db000,0x00007f814c3db000) (1024K)]
  0x00007f8178134b90 WatcherThread "VM Periodic Task Thread"        [id=82340, stack(0x00007f814c3dc000,0x00007f814c4dc000) (1024K)]
  0x00007f8178058f50 WorkerThread "GC Thread#0"                     [id=82332, stack(0x00007f817cade000,0x00007f817cbde000) (1024K)]
  0x00007f8178069f90 ConcurrentGCThread "G1 Main Marker"            [id=82335, stack(0x00007f817c9dd000,0x00007f817cadd000) (1024K)]
  0x00007f817806ae70 WorkerThread "G1 Conc#0"                       [id=82336, stack(0x00007f817c8dc000,0x00007f817c9dc000) (1024K)]
  0x00007f8178122560 ConcurrentGCThread "G1 Refine#0"               [id=82337, stack(0x00007f814c65f000,0x00007f814c75f000) (1024K)]
  0x00007f8178123510 ConcurrentGCThread "G1 Service"                [id=82338, stack(0x00007f814c55e000,0x00007f814c65e000) (1024K)]
Total: 7

Threads with active compile tasks:
Total: 0

VM state: not at safepoint (normal execution)

VM Mutex/Monitor currently owned by a thread: None

Heap address: 0x0000000414800000, size: 16056 MB, Compressed Oops mode: Zero based, Oop shift amount: 3

CDS archive(s) mapped at: [0x00007f80ef000000-0x00007f80efca5000-0x00007f80efca5000), size 13258752, SharedBaseAddress: 0x00007f80ef000000, ArchiveRelocationMode: 1.
Compressed class space mapped at: 0x00007f80f0000000-0x00007f8130000000, reserved size: 1073741824
Narrow klass base: 0x00007f80ef000000, Narrow klass shift: 0, Narrow klass range: 0x100000000

GC Precious Log:
 CardTable entry size: 512
 Card Set container configuration: InlinePtr #cards 4 size 8 Array Of Cards #cards 64 size 144 Howl #buckets 8 coarsen threshold 14745 Howl Bitmap #cards 2048 size 272 coarsen threshold 1843 Card regions per heap region 1 cards per card region 16384
 CPUs: 24 total, 24 available
 Memory: 64212M
 Large Page Support: Disabled
 NUMA Support: Disabled
 Compressed Oops: Enabled (Zero based)
 Heap Region Size: 8M
 Heap Min Capacity: 8M
 Heap Initial Capacity: 1008M
 Heap Max Capacity: 16056M
 Pre-touch: Disabled
 Parallel Workers: 18
 Concurrent Workers: 5
 Concurrent Refinement Workers: 18
 Periodic GC: Disabled

Heap:
 garbage-first heap   total 1040384K, used 9245K [0x0000000414800000, 0x0000000800000000)
  region size 8192K, 2 young (16384K), 0 survivors (0K)
 Metaspace       used 4313K, committed 4544K, reserved 1114112K
  class space    used 288K, committed 384K, reserved 1048576K

Heap Regions: E=young(eden), S=young(survivor), O=old, HS=humongous(starts), HC=humongous(continues), CS=collection set, F=free, TAMS=top-at-mark-start, PB=parsable bottom
|   0|0x0000000414800000, 0x0000000414800000, 0x0000000415000000|  0%| F|  |TAMS 0x0000000414800000| PB 0x0000000414800000| Untracked 
|   1|0x0000000415000000, 0x0000000415000000, 0x0000000415800000|  0%| F|  |TAMS 0x0000000415000000| PB 0x0000000415000000| Untracked 
|   2|0x0000000415800000, 0x0000000415800000, 0x0000000416000000|  0%| F|  |TAMS 0x0000000415800000| PB 0x0000000415800000| Untracked 
|   3|0x0000000416000000, 0x0000000416000000, 0x0000000416800000|  0%| F|  |TAMS 0x0000000416000000| PB 0x0000000416000000| Untracked 
|   4|0x0000000416800000, 0x0000000416800000, 0x0000000417000000|  0%| F|  |TAMS 0x0000000416800000| PB 0x0000000416800000| Untracked 
|   5|0x0000000417000000, 0x0000000417000000, 0x0000000417800000|  0%| F|  |TAMS 0x0000000417000000| PB 0x0000000417000000| Untracked 
|   6|0x0000000417800000, 0x0000000417800000, 0x0000000418000000|  0%| F|  |TAMS 0x0000000417800000| PB 0x0000000417800000| Untracked 
|   7|0x0000000418000000, 0x0000000418000000, 0x0000000418800000|  0%| F|  |TAMS 0x0000000418000000| PB 0x0000000418000000| Untracked 
|   8|0x0000000418800000, 0x0000000418800000, 0x0000000419000000|  0%| F|  |TAMS 0x0000000418800000| PB 0x0000000418800000| Untracked 
|   9|0x0000000419000000, 0x0000000419000000, 0x0000000419800000|  0%| F|  |TAMS 0x0000000419000000| PB 0x0000000419000000| Untracked 
|  10|0x0000000419800000, 0x0000000419800000, 0x000000041a000000|  0%| F|  |TAMS 0x0000000419800000| PB 0x0000000419800000| Untracked 
|  11|0x000000041a000000, 0x000000041a000000, 0x000000041a800000|  0%| F|  |TAMS 0x000000041a000000| PB 0x000000041a000000| Untracked 
|  12|0x000000041a800000, 0x000000041a800000, 0x000000041b000000|  0%| F|  |TAMS 0x000000041a800000| PB 0x000000041a800000| Untracked 
|  13|0x000000041b000000, 0x000000041b000000, 0x000000041b800000|  0%| F|  |TAMS 0x000000041b000000| PB 0x000000041b000000| Untracked 
|  14|0x000000041b800000, 0x000000041b800000, 0x000000041c000000|  0%| F|  |TAMS 0x000000041b800000| PB 0x000000041b800000| Untracked 
|  15|0x000000041c000000, 0x000000041c000000, 0x000000041c800000|  0%| F|  |TAMS 0x000000041c000000| PB 0x000000041c000000| Untracked 
|  16|0x000000041c800000, 0x000000041c800000, 0x000000041d000000|  0%| F|  |TAMS 0x000000041c800000| PB 0x000000041c800000| Untracked 
|  17|0x000000041d000000, 0x000000041d000000, 0x000000041d800000|  0%| F|  |TAMS 0x000000041d000000| PB 0x000000041d000000| Untracked 
|  18|0x000000041d800000, 0x000000041d800000, 0x000000041e000000|  0%| F|  |TAMS 0x000000041d800000| PB 0x000000041d800000| Untracked 
|  19|0x000000041e000000, 0x000000041e000000, 0x000000041e800000|  0%| F|  |TAMS 0x000000041e000000| PB 0x000000041e000000| Untracked 
|  20|0x000000041e800000, 0x000000041e800000, 0x000000041f000000|  0%| F|  |TAMS 0x000000041e800000| PB 0x000000041e800000| Untracked 
|  21|0x000000041f000000, 0x000000041f000000, 0x000000041f800000|  0%| F|  |TAMS 0x000000041f000000| PB 0x000000041f000000| Untracked 
|  22|0x000000041f800000, 0x000000041f800000, 0x0000000420000000|  0%| F|  |TAMS 0x000000041f800000| PB 0x000000041f800000| Untracked 
|  23|0x0000000420000000, 0x0000000420000000, 0x0000000420800000|  0%| F|  |TAMS 0x0000000420000000| PB 0x0000000420000000| Untracked 
|  24|0x0000000420800000, 0x0000000420800000, 0x0000000421000000|  0%| F|  |TAMS 0x0000000420800000| PB 0x0000000420800000| Untracked 
|  25|0x0000000421000000, 0x0000000421000000, 0x0000000421800000|  0%| F|  |TAMS 0x0000000421000000| PB 0x0000000421000000| Untracked 
|  26|0x0000000421800000, 0x0000000421800000, 0x0000000422000000|  0%| F|  |TAMS 0x0000000421800000| PB 0x0000000421800000| Untracked 
|  27|0x0000000422000000, 0x0000000422000000, 0x0000000422800000|  0%| F|  |TAMS 0x0000000422000000| PB 0x0000000422000000| Untracked 
|  28|0x0000000422800000, 0x0000000422800000, 0x0000000423000000|  0%| F|  |TAMS 0x0000000422800000| PB 0x0000000422800000| Untracked 
|  29|0x0000000423000000, 0x0000000423000000, 0x0000000423800000|  0%| F|  |TAMS 0x0000000423000000| PB 0x0000000423000000| Untracked 
|  30|0x0000000423800000, 0x0000000423800000, 0x0000000424000000|  0%| F|  |TAMS 0x0000000423800000| PB 0x0000000423800000| Untracked 
|  31|0x0000000424000000, 0x0000000424000000, 0x0000000424800000|  0%| F|  |TAMS 0x0000000424000000| PB 0x0000000424000000| Untracked 
|  32|0x0000000424800000, 0x0000000424800000, 0x0000000425000000|  0%| F|  |TAMS 0x0000000424800000| PB 0x0000000424800000| Untracked 
|  33|0x0000000425000000, 0x0000000425000000, 0x0000000425800000|  0%| F|  |TAMS 0x0000000425000000| PB 0x0000000425000000| Untracked 
|  34|0x0000000425800000, 0x0000000425800000, 0x0000000426000000|  0%| F|  |TAMS 0x0000000425800000| PB 0x0000000425800000| Untracked 
|  35|0x0000000426000000, 0x0000000426000000, 0x0000000426800000|  0%| F|  |TAMS 0x0000000426000000| PB 0x0000000426000000| Untracked 
|  36|0x0000000426800000, 0x0000000426800000, 0x0000000427000000|  0%| F|  |TAMS 0x0000000426800000| PB 0x0000000426800000| Untracked 
|  37|0x0000000427000000, 0x0000000427000000, 0x0000000427800000|  0%| F|  |TAMS 0x0000000427000000| PB 0x0000000427000000| Untracked 
|  38|0x0000000427800000, 0x0000000427800000, 0x0000000428000000|  0%| F|  |TAMS 0x0000000427800000| PB 0x0000000427800000| Untracked 
|  39|0x0000000428000000, 0x0000000428000000, 0x0000000428800000|  0%| F|  |TAMS 0x0000000428000000| PB 0x0000000428000000| Untracked 
|  40|0x0000000428800000, 0x0000000428800000, 0x0000000429000000|  0%| F|  |TAMS 0x0000000428800000| PB 0x0000000428800000| Untracked 
|  41|0x0000000429000000, 0x0000000429000000, 0x0000000429800000|  0%| F|  |TAMS 0x0000000429000000| PB 0x0000000429000000| Untracked 
|  42|0x0000000429800000, 0x0000000429800000, 0x000000042a000000|  0%| F|  |TAMS 0x0000000429800000| PB 0x0000000429800000| Untracked 
|  43|0x000000042a000000, 0x000000042a000000, 0x000000042a800000|  0%| F|  |TAMS 0x000000042a000000| PB 0x000000042a000000| Untracked 
|  44|0x000000042a800000, 0x000000042a800000, 0x000000042b000000|  0%| F|  |TAMS 0x000000042a800000| PB 0x000000042a800000| Untracked 
|  45|0x000000042b000000, 0x000000042b000000, 0x000000042b800000|  0%| F|  |TAMS 0x000000042b000000| PB 0x000000042b000000| Untracked 
|  46|0x000000042b800000, 0x000000042b800000, 0x000000042c000000|  0%| F|  |TAMS 0x000000042b800000| PB 0x000000042b800000| Untracked 
|  47|0x000000042c000000, 0x000000042c000000, 0x000000042c800000|  0%| F|  |TAMS 0x000000042c000000| PB 0x000000042c000000| Untracked 
|  48|0x000000042c800000, 0x000000042c800000, 0x000000042d000000|  0%| F|  |TAMS 0x000000042c800000| PB 0x000000042c800000| Untracked 
|  49|0x000000042d000000, 0x000000042d000000, 0x000000042d800000|  0%| F|  |TAMS 0x000000042d000000| PB 0x000000042d000000| Untracked 
|  50|0x000000042d800000, 0x000000042d800000, 0x000000042e000000|  0%| F|  |TAMS 0x000000042d800000| PB 0x000000042d800000| Untracked 
|  51|0x000000042e000000, 0x000000042e000000, 0x000000042e800000|  0%| F|  |TAMS 0x000000042e000000| PB 0x000000042e000000| Untracked 
|  52|0x000000042e800000, 0x000000042e800000, 0x000000042f000000|  0%| F|  |TAMS 0x000000042e800000| PB 0x000000042e800000| Untracked 
|  53|0x000000042f000000, 0x000000042f000000, 0x000000042f800000|  0%| F|  |TAMS 0x000000042f000000| PB 0x000000042f000000| Untracked 
|  54|0x000000042f800000, 0x000000042f800000, 0x0000000430000000|  0%| F|  |TAMS 0x000000042f800000| PB 0x000000042f800000| Untracked 
|  55|0x0000000430000000, 0x0000000430000000, 0x0000000430800000|  0%| F|  |TAMS 0x0000000430000000| PB 0x0000000430000000| Untracked 
|  56|0x0000000430800000, 0x0000000430800000, 0x0000000431000000|  0%| F|  |TAMS 0x0000000430800000| PB 0x0000000430800000| Untracked 
|  57|0x0000000431000000, 0x0000000431000000, 0x0000000431800000|  0%| F|  |TAMS 0x0000000431000000| PB 0x0000000431000000| Untracked 
|  58|0x0000000431800000, 0x0000000431800000, 0x0000000432000000|  0%| F|  |TAMS 0x0000000431800000| PB 0x0000000431800000| Untracked 
|  59|0x0000000432000000, 0x0000000432000000, 0x0000000432800000|  0%| F|  |TAMS 0x0000000432000000| PB 0x0000000432000000| Untracked 
|  60|0x0000000432800000, 0x0000000432800000, 0x0000000433000000|  0%| F|  |TAMS 0x0000000432800000| PB 0x0000000432800000| Untracked 
|  61|0x0000000433000000, 0x0000000433000000, 0x0000000433800000|  0%| F|  |TAMS 0x0000000433000000| PB 0x0000000433000000| Untracked 
|  62|0x0000000433800000, 0x0000000433800000, 0x0000000434000000|  0%| F|  |TAMS 0x0000000433800000| PB 0x0000000433800000| Untracked 
|  63|0x0000000434000000, 0x0000000434000000, 0x0000000434800000|  0%| F|  |TAMS 0x0000000434000000| PB 0x0000000434000000| Untracked 
|  64|0x0000000434800000, 0x0000000434800000, 0x0000000435000000|  0%| F|  |TAMS 0x0000000434800000| PB 0x0000000434800000| Untracked 
|  65|0x0000000435000000, 0x0000000435000000, 0x0000000435800000|  0%| F|  |TAMS 0x0000000435000000| PB 0x0000000435000000| Untracked 
|  66|0x0000000435800000, 0x0000000435800000, 0x0000000436000000|  0%| F|  |TAMS 0x0000000435800000| PB 0x0000000435800000| Untracked 
|  67|0x0000000436000000, 0x0000000436000000, 0x0000000436800000|  0%| F|  |TAMS 0x0000000436000000| PB 0x0000000436000000| Untracked 
|  68|0x0000000436800000, 0x0000000436800000, 0x0000000437000000|  0%| F|  |TAMS 0x0000000436800000| PB 0x0000000436800000| Untracked 
|  69|0x0000000437000000, 0x0000000437000000, 0x0000000437800000|  0%| F|  |TAMS 0x0000000437000000| PB 0x0000000437000000| Untracked 
|  70|0x0000000437800000, 0x0000000437800000, 0x0000000438000000|  0%| F|  |TAMS 0x0000000437800000| PB 0x0000000437800000| Untracked 
|  71|0x0000000438000000, 0x0000000438000000, 0x0000000438800000|  0%| F|  |TAMS 0x0000000438000000| PB 0x0000000438000000| Untracked 
|  72|0x0000000438800000, 0x0000000438800000, 0x0000000439000000|  0%| F|  |TAMS 0x0000000438800000| PB 0x0000000438800000| Untracked 
|  73|0x0000000439000000, 0x0000000439000000, 0x0000000439800000|  0%| F|  |TAMS 0x0000000439000000| PB 0x0000000439000000| Untracked 
|  74|0x0000000439800000, 0x0000000439800000, 0x000000043a000000|  0%| F|  |TAMS 0x0000000439800000| PB 0x0000000439800000| Untracked 
|  75|0x000000043a000000, 0x000000043a000000, 0x000000043a800000|  0%| F|  |TAMS 0x000000043a000000| PB 0x000000043a000000| Untracked 
|  76|0x000000043a800000, 0x000000043a800000, 0x000000043b000000|  0%| F|  |TAMS 0x000000043a800000| PB 0x000000043a800000| Untracked 
|  77|0x000000043b000000, 0x000000043b000000, 0x000000043b800000|  0%| F|  |TAMS 0x000000043b000000| PB 0x000000043b000000| Untracked 
|  78|0x000000043b800000, 0x000000043b800000, 0x000000043c000000|  0%| F|  |TAMS 0x000000043b800000| PB 0x000000043b800000| Untracked 
|  79|0x000000043c000000, 0x000000043c000000, 0x000000043c800000|  0%| F|  |TAMS 0x000000043c000000| PB 0x000000043c000000| Untracked 
|  80|0x000000043c800000, 0x000000043c800000, 0x000000043d000000|  0%| F|  |TAMS 0x000000043c800000| PB 0x000000043c800000| Untracked 
|  81|0x000000043d000000, 0x000000043d000000, 0x000000043d800000|  0%| F|  |TAMS 0x000000043d000000| PB 0x000000043d000000| Untracked 
|  82|0x000000043d800000, 0x000000043d800000, 0x000000043e000000|  0%| F|  |TAMS 0x000000043d800000| PB 0x000000043d800000| Untracked 
|  83|0x000000043e000000, 0x000000043e000000, 0x000000043e800000|  0%| F|  |TAMS 0x000000043e000000| PB 0x000000043e000000| Untracked 
|  84|0x000000043e800000, 0x000000043e800000, 0x000000043f000000|  0%| F|  |TAMS 0x000000043e800000| PB 0x000000043e800000| Untracked 
|  85|0x000000043f000000, 0x000000043f000000, 0x000000043f800000|  0%| F|  |TAMS 0x000000043f000000| PB 0x000000043f000000| Untracked 
|  86|0x000000043f800000, 0x000000043f800000, 0x0000000440000000|  0%| F|  |TAMS 0x000000043f800000| PB 0x000000043f800000| Untracked 
|  87|0x0000000440000000, 0x0000000440000000, 0x0000000440800000|  0%| F|  |TAMS 0x0000000440000000| PB 0x0000000440000000| Untracked 
|  88|0x0000000440800000, 0x0000000440800000, 0x0000000441000000|  0%| F|  |TAMS 0x0000000440800000| PB 0x0000000440800000| Untracked 
|  89|0x0000000441000000, 0x0000000441000000, 0x0000000441800000|  0%| F|  |TAMS 0x0000000441000000| PB 0x0000000441000000| Untracked 
|  90|0x0000000441800000, 0x0000000441800000, 0x0000000442000000|  0%| F|  |TAMS 0x0000000441800000| PB 0x0000000441800000| Untracked 
|  91|0x0000000442000000, 0x0000000442000000, 0x0000000442800000|  0%| F|  |TAMS 0x0000000442000000| PB 0x0000000442000000| Untracked 
|  92|0x0000000442800000, 0x0000000442800000, 0x0000000443000000|  0%| F|  |TAMS 0x0000000442800000| PB 0x0000000442800000| Untracked 
|  93|0x0000000443000000, 0x0000000443000000, 0x0000000443800000|  0%| F|  |TAMS 0x0000000443000000| PB 0x0000000443000000| Untracked 
|  94|0x0000000443800000, 0x0000000443800000, 0x0000000444000000|  0%| F|  |TAMS 0x0000000443800000| PB 0x0000000443800000| Untracked 
|  95|0x0000000444000000, 0x0000000444000000, 0x0000000444800000|  0%| F|  |TAMS 0x0000000444000000| PB 0x0000000444000000| Untracked 
|  96|0x0000000444800000, 0x0000000444800000, 0x0000000445000000|  0%| F|  |TAMS 0x0000000444800000| PB 0x0000000444800000| Untracked 
|  97|0x0000000445000000, 0x0000000445000000, 0x0000000445800000|  0%| F|  |TAMS 0x0000000445000000| PB 0x0000000445000000| Untracked 
|  98|0x0000000445800000, 0x0000000445800000, 0x0000000446000000|  0%| F|  |TAMS 0x0000000445800000| PB 0x0000000445800000| Untracked 
|  99|0x0000000446000000, 0x0000000446000000, 0x0000000446800000|  0%| F|  |TAMS 0x0000000446000000| PB 0x0000000446000000| Untracked 
| 100|0x0000000446800000, 0x0000000446800000, 0x0000000447000000|  0%| F|  |TAMS 0x0000000446800000| PB 0x0000000446800000| Untracked 
| 101|0x0000000447000000, 0x0000000447000000, 0x0000000447800000|  0%| F|  |TAMS 0x0000000447000000| PB 0x0000000447000000| Untracked 
| 102|0x0000000447800000, 0x0000000447800000, 0x0000000448000000|  0%| F|  |TAMS 0x0000000447800000| PB 0x0000000447800000| Untracked 
| 103|0x0000000448000000, 0x0000000448000000, 0x0000000448800000|  0%| F|  |TAMS 0x0000000448000000| PB 0x0000000448000000| Untracked 
| 104|0x0000000448800000, 0x0000000448800000, 0x0000000449000000|  0%| F|  |TAMS 0x0000000448800000| PB 0x0000000448800000| Untracked 
| 105|0x0000000449000000, 0x0000000449000000, 0x0000000449800000|  0%| F|  |TAMS 0x0000000449000000| PB 0x0000000449000000| Untracked 
| 106|0x0000000449800000, 0x0000000449800000, 0x000000044a000000|  0%| F|  |TAMS 0x0000000449800000| PB 0x0000000449800000| Untracked 
| 107|0x000000044a000000, 0x000000044a000000, 0x000000044a800000|  0%| F|  |TAMS 0x000000044a000000| PB 0x000000044a000000| Untracked 
| 108|0x000000044a800000, 0x000000044a800000, 0x000000044b000000|  0%| F|  |TAMS 0x000000044a800000| PB 0x000000044a800000| Untracked 
| 109|0x000000044b000000, 0x000000044b000000, 0x000000044b800000|  0%| F|  |TAMS 0x000000044b000000| PB 0x000000044b000000| Untracked 
| 110|0x000000044b800000, 0x000000044b800000, 0x000000044c000000|  0%| F|  |TAMS 0x000000044b800000| PB 0x000000044b800000| Untracked 
| 111|0x000000044c000000, 0x000000044c000000, 0x000000044c800000|  0%| F|  |TAMS 0x000000044c000000| PB 0x000000044c000000| Untracked 
| 112|0x000000044c800000, 0x000000044c800000, 0x000000044d000000|  0%| F|  |TAMS 0x000000044c800000| PB 0x000000044c800000| Untracked 
| 113|0x000000044d000000, 0x000000044d000000, 0x000000044d800000|  0%| F|  |TAMS 0x000000044d000000| PB 0x000000044d000000| Untracked 
| 114|0x000000044d800000, 0x000000044d800000, 0x000000044e000000|  0%| F|  |TAMS 0x000000044d800000| PB 0x000000044d800000| Untracked 
| 115|0x000000044e000000, 0x000000044e000000, 0x000000044e800000|  0%| F|  |TAMS 0x000000044e000000| PB 0x000000044e000000| Untracked 
| 116|0x000000044e800000, 0x000000044e800000, 0x000000044f000000|  0%| F|  |TAMS 0x000000044e800000| PB 0x000000044e800000| Untracked 
| 117|0x000000044f000000, 0x000000044f000000, 0x000000044f800000|  0%| F|  |TAMS 0x000000044f000000| PB 0x000000044f000000| Untracked 
| 118|0x000000044f800000, 0x000000044f800000, 0x0000000450000000|  0%| F|  |TAMS 0x000000044f800000| PB 0x000000044f800000| Untracked 
| 119|0x0000000450000000, 0x0000000450000000, 0x0000000450800000|  0%| F|  |TAMS 0x0000000450000000| PB 0x0000000450000000| Untracked 
| 120|0x0000000450800000, 0x0000000450800000, 0x0000000451000000|  0%| F|  |TAMS 0x0000000450800000| PB 0x0000000450800000| Untracked 
| 121|0x0000000451000000, 0x0000000451000000, 0x0000000451800000|  0%| F|  |TAMS 0x0000000451000000| PB 0x0000000451000000| Untracked 
| 122|0x0000000451800000, 0x0000000451800000, 0x0000000452000000|  0%| F|  |TAMS 0x0000000451800000| PB 0x0000000451800000| Untracked 
| 123|0x0000000452000000, 0x0000000452000000, 0x0000000452800000|  0%| F|  |TAMS 0x0000000452000000| PB 0x0000000452000000| Untracked 
| 124|0x0000000452800000, 0x0000000452e14a28, 0x0000000453000000| 76%| E|  |TAMS 0x0000000452800000| PB 0x0000000452800000| Complete 
| 125|0x0000000453000000, 0x0000000453800000, 0x0000000453800000|100%| E|CS|TAMS 0x0000000453000000| PB 0x0000000453000000| Complete 
|2006|0x00000007ff800000, 0x00000007ff907430, 0x0000000800000000| 12%| O|  |TAMS 0x00000007ff800000| PB 0x00000007ff800000| Untracked 

Card table byte_map: [0x00007f815cb48000,0x00007f815eaa4000] _byte_map_base: 0x00007f815aaa4000

Marking Bits: (CMBitMap*) 0x00007f8178059980
 Bits: [0x00007f814d068000, 0x00007f815cb48000)

Polling page: 0x00007f817facd000

Metaspace:

Usage:
  Non-class:      3.93 MB used.
      Class:    288.45 KB used.
       Both:      4.21 MB used.

Virtual space:
  Non-class space:       64.00 MB reserved,       4.06 MB (  6%) committed,  1 nodes.
      Class space:        1.00 GB reserved,     384.00 KB ( <1%) committed,  1 nodes.
             Both:        1.06 GB reserved,       4.44 MB ( <1%) committed. 

Chunk freelists:
   Non-Class:  10.16 MB
       Class:  15.60 MB
        Both:  25.75 MB

MaxMetaspaceSize: unlimited
CompressedClassSpaceSize: 1.00 GB
Initial GC threshold: 21.00 MB
Current GC threshold: 21.00 MB
CDS: on
 - commit_granule_bytes: 65536.
 - commit_granule_words: 8192.
 - virtual_space_node_default_size: 8388608.
 - enlarge_chunks_in_place: 1.
 - use_allocation_guard: 0.


Internal statistics:

num_allocs_failed_limit: 0.
num_arena_births: 104.
num_arena_deaths: 0.
num_vsnodes_births: 2.
num_vsnodes_deaths: 0.
num_space_committed: 69.
num_space_uncommitted: 0.
num_chunks_returned_to_freelist: 0.
num_chunks_taken_from_freelist: 190.
num_chunk_merges: 0.
num_chunk_splits: 132.
num_chunks_enlarged: 86.
num_inconsistent_stats: 0.

CodeHeap 'non-profiled nmethods': size=119168Kb used=287Kb max_used=287Kb free=118880Kb
 bounds [0x00007f81685a0000, 0x00007f8168810000, 0x00007f816fa00000]
CodeHeap 'profiled nmethods': size=119164Kb used=1675Kb max_used=1675Kb free=117488Kb
 bounds [0x00007f8160a00000, 0x00007f8160c70000, 0x00007f8167e5f000]
CodeHeap 'non-nmethods': size=7428Kb used=2593Kb max_used=3734Kb free=4834Kb
 bounds [0x00007f8167e5f000, 0x00007f816820f000, 0x00007f81685a0000]
 total_blobs=2083 nmethods=1037 adapters=951
 compilation: enabled
              stopped_count=0, restarted_count=0
 full_count=0

Compilation events (20 events):
Event: 1.346 Thread 0x00007f80c405e400 nmethod 1018 0x00007f8160b9b990 code [0x00007f8160b9bba0, 0x00007f8160b9c130]
Event: 1.346 Thread 0x00007f80bc085980 nmethod 1022 0x00007f8160b9c390 code [0x00007f8160b9c660, 0x00007f8160b9d448]
Event: 1.346 Thread 0x00007f80c405f7d0 nmethod 1004 0x00007f8160b9d790 code [0x00007f8160b9dbe0, 0x00007f8160b9f848]
Event: 1.347 Thread 0x00007f81781646a0 nmethod 1021 0x00007f81685e6710 code [0x00007f81685e6880, 0x00007f81685e6920]
Event: 1.347 Thread 0x00007f80c405e400 1028       3       java.lang.invoke.InvokerBytecodeGenerator::loadInsnOpcode (98 bytes)
Event: 1.347 Thread 0x00007f80bc085980 1029       3       java.lang.invoke.MemberName::getInvocationType (56 bytes)
Event: 1.347 Thread 0x00007f80c405e400 nmethod 1028 0x00007f8160ba0090 code [0x00007f8160ba0300, 0x00007f8160ba0c60]
Event: 1.347 Thread 0x00007f8178165d60 1032       3       jdk.internal.org.objectweb.asm.ByteVector::enlarge (73 bytes)
Event: 1.347 Thread 0x00007f80bc085980 nmethod 1029 0x00007f8160ba0f90 code [0x00007f8160ba11c0, 0x00007f8160ba1a50]
Event: 1.347 Thread 0x00007f80bc085980 1033       3       jdk.internal.org.objectweb.asm.Label::resolve (219 bytes)
Event: 1.347 Thread 0x00007f8178165d60 nmethod 1032 0x00007f8160ba1c90 code [0x00007f8160ba1e60, 0x00007f8160ba2238]
Event: 1.347 Thread 0x00007f80bc085980 nmethod 1033 0x00007f8160ba2390 code [0x00007f8160ba2560, 0x00007f8160ba2a98]
Event: 1.409 Thread 0x00007f81781646a0 1034       4       java.nio.Buffer::position (52 bytes)
Event: 1.409 Thread 0x00007f81781646a0 nmethod 1034 0x00007f81685e7010 code [0x00007f81685e71a0, 0x00007f81685e7298]
Event: 1.841 Thread 0x00007f81781646a0 1035       4       org.lwjgl.system.MemoryUtil::memGetAddress (31 bytes)
Event: 1.841 Thread 0x00007f81781646a0 nmethod 1035 0x00007f81685e7390 code [0x00007f81685e7500, 0x00007f81685e7570]
Event: 1.951 Thread 0x00007f81781646a0 1036       4       java.lang.StringLatin1::inflate (34 bytes)
Event: 1.954 Thread 0x00007f81781646a0 nmethod 1036 0x00007f81685e7690 code [0x00007f81685e7800, 0x00007f81685e7a20]
Event: 2.477 Thread 0x00007f81781646a0 1037       4       java.nio.CharBuffer::arrayOffset (35 bytes)
Event: 2.477 Thread 0x00007f81781646a0 nmethod 1037 0x00007f81685e7b10 code [0x00007f81685e7ca0, 0x00007f81685e7d68]

GC Heap History (0 events):
No events

Dll operation events (11 events):
Event: 0.001 Loaded shared library /home/mindspice/code/jdk/openjdk-21-rc/lib/libjava.so
Event: 0.012 Loaded shared library /home/mindspice/code/jdk/openjdk-21-rc/lib/libjsvml.so
Event: 0.030 Loaded shared library /home/mindspice/code/jdk/openjdk-21-rc/lib/libzip.so
Event: 0.031 Loaded shared library /home/mindspice/code/jdk/openjdk-21-rc/lib/libinstrument.so
Event: 0.032 Loaded shared library /home/mindspice/code/jdk/openjdk-21-rc/lib/libnio.so
Event: 0.033 Loaded shared library /home/mindspice/code/jdk/openjdk-21-rc/lib/libzip.so
Event: 0.047 Loaded shared library /home/mindspice/code/jdk/openjdk-21-rc/lib/libnet.so
Event: 0.049 Loaded shared library /home/mindspice/code/jdk/openjdk-21-rc/lib/libextnet.so
Event: 0.064 Loaded shared library /home/mindspice/code/jdk/openjdk-21-rc/lib/libjimage.so
Event: 0.070 Loaded shared library /tmp/lwjgl_mindspice/3.3.3+5/x64/liblwjgl.so
Event: 0.220 Loaded shared library /tmp/lwjgl_mindspice/3.3.3+5/x64/liblwjgl_opengl.so

Deoptimization events (20 events):
Event: 0.082 Thread 0x00007f817802b110 Uncommon trap: trap_request=0xffffff45 fr.pc=0x00007f81685afa64 relative=0x0000000000000aa4
Event: 0.082 Thread 0x00007f817802b110 Uncommon trap: reason=unstable_if action=reinterpret pc=0x00007f81685afa64 method=java.util.HashMap.putVal(ILjava/lang/Object;Ljava/lang/Object;ZZ)Ljava/lang/Object; @ 181 c2
Event: 0.082 Thread 0x00007f817802b110 DEOPT PACKING pc=0x00007f81685afa64 sp=0x00007f817e1fb990
Event: 0.082 Thread 0x00007f817802b110 DEOPT UNPACKING pc=0x00007f8167eb2f99 sp=0x00007f817e1fb950 mode 2
Event: 0.096 Thread 0x00007f817802b110 DEOPT PACKING pc=0x00007f8160a11e15 sp=0x00007f817e1fb500
Event: 0.096 Thread 0x00007f817802b110 DEOPT UNPACKING pc=0x00007f8167eb372f sp=0x00007f817e1fa940 mode 0
Event: 0.104 Thread 0x00007f817802b110 DEOPT PACKING pc=0x00007f8160a02a5e sp=0x00007f817e1f7bd0
Event: 0.104 Thread 0x00007f817802b110 DEOPT UNPACKING pc=0x00007f8167eb372f sp=0x00007f817e1f7058 mode 0
Event: 1.156 Thread 0x00007f80d4000ff0 Uncommon trap: trap_request=0xffffff45 fr.pc=0x00007f81685c68f4 relative=0x00000000000001b4
Event: 1.156 Thread 0x00007f80d4000ff0 Uncommon trap: reason=unstable_if action=reinterpret pc=0x00007f81685c68f4 method=java.lang.invoke.VarHandle.checkAccessModeThenIsDirect(Ljava/lang/invoke/VarHandle$AccessDescriptor;)Z @ 4 c2
Event: 1.156 Thread 0x00007f80d4000ff0 DEOPT PACKING pc=0x00007f81685c68f4 sp=0x00007f80e8cfd520
Event: 1.156 Thread 0x00007f80d4000ff0 DEOPT UNPACKING pc=0x00007f8167eb2f99 sp=0x00007f80e8cfd478 mode 2
Event: 1.174 Thread 0x00007f80d4000ff0 Uncommon trap: trap_request=0xffffff45 fr.pc=0x00007f81685df6e4 relative=0x00000000000002a4
Event: 1.174 Thread 0x00007f80d4000ff0 Uncommon trap: reason=unstable_if action=reinterpret pc=0x00007f81685df6e4 method=java.util.regex.Pattern$BmpCharPropertyGreedy.match(Ljava/util/regex/Matcher;ILjava/lang/CharSequence;)Z @ 12 c2
Event: 1.174 Thread 0x00007f80d4000ff0 DEOPT PACKING pc=0x00007f81685df6e4 sp=0x00007f80e8cfdab0
Event: 1.174 Thread 0x00007f80d4000ff0 DEOPT UNPACKING pc=0x00007f8167eb2f99 sp=0x00007f80e8cfda68 mode 2
Event: 2.835 Thread 0x00007f817802b110 Uncommon trap: trap_request=0xffffff45 fr.pc=0x00007f81685da8cc relative=0x00000000000000ac
Event: 2.835 Thread 0x00007f817802b110 Uncommon trap: reason=unstable_if action=reinterpret pc=0x00007f81685da8cc method=org.lwjgl.glfw.GLFW.glfwWindowShouldClose(J)Z @ 20 c2
Event: 2.835 Thread 0x00007f817802b110 DEOPT PACKING pc=0x00007f81685da8cc sp=0x00007f817e1fe7a0
Event: 2.835 Thread 0x00007f817802b110 DEOPT UNPACKING pc=0x00007f8167eb2f99 sp=0x00007f817e1fe6e8 mode 2

Classes loaded (20 events):
Event: 1.163 Loading class jdk/internal/module/ModulePatcher$PatchedModuleReader
Event: 1.163 Loading class jdk/internal/module/ModulePatcher$PatchedModuleReader done
Event: 1.163 Loading class sun/net/www/protocol/jrt/Handler
Event: 1.164 Loading class sun/net/www/protocol/jrt/Handler done
Event: 1.164 Loading class sun/util/cldr/CLDRTimeZoneNameProviderImpl
Event: 1.164 Loading class sun/util/locale/provider/TimeZoneNameProviderImpl
Event: 1.164 Loading class sun/util/locale/provider/TimeZoneNameProviderImpl done
Event: 1.165 Loading class sun/util/cldr/CLDRTimeZoneNameProviderImpl done
Event: 1.173 Loading class sun/util/locale/provider/BaseLocaleDataMetaInfo
Event: 1.173 Loading class sun/util/locale/provider/BaseLocaleDataMetaInfo done
Event: 1.175 Loading class sun/util/resources/cldr/TimeZoneNames
Event: 1.175 Loading class sun/util/resources/TimeZoneNamesBundle
Event: 1.175 Loading class sun/util/resources/OpenListResourceBundle
Event: 1.175 Loading class sun/util/resources/OpenListResourceBundle done
Event: 1.175 Loading class sun/util/resources/TimeZoneNamesBundle done
Event: 1.175 Loading class sun/util/resources/cldr/TimeZoneNames done
Event: 1.175 Loading class sun/util/resources/cldr/TimeZoneNames_en
Event: 1.176 Loading class sun/util/resources/cldr/TimeZoneNames_en done
Event: 1.176 Loading class sun/util/resources/cldr/TimeZoneNames_en_US
Event: 1.176 Loading class sun/util/resources/cldr/TimeZoneNames_en_US done

Classes unloaded (0 events):
No events

Classes redefined (0 events):
No events

Internal exceptions (20 events):
Event: 0.061 Thread 0x00007f817802b110 Exception <a 'java/lang/NoSuchMethodError'{0x00000004536f1ce0}: 'int java.lang.invoke.DirectMethodHandle$Holder.invokeSpecial(java.lang.Object, java.lang.Object, java.lang.Object)'> (0x00000004536f1ce0) 
thrown [open/src/hotspot/share/interpreter/linkResolver.cpp, line 772]
Event: 0.063 Thread 0x00007f817802b110 Exception <a 'java/lang/NoSuchMethodError'{0x000000045370ac20}: 'void java.lang.System.loadLibrary(java.lang.String, java.lang.Class)'> (0x000000045370ac20) 
thrown [open/src/hotspot/share/interpreter/linkResolver.cpp, line 772]
Event: 0.070 Thread 0x00007f817802b110 Exception <a 'sun/nio/fs/UnixException'{0x0000000453736278}> (0x0000000453736278) 
thrown [open/src/hotspot/share/prims/jni.cpp, line 520]
Event: 0.094 Thread 0x00007f817802b110 Exception <a 'java/lang/NoSuchMethodError'{0x0000000452816ef8}: 'int java.lang.invoke.DirectMethodHandle$Holder.invokeStaticInit(java.lang.Object, java.lang.Object, int, long)'> (0x0000000452816ef8) 
thrown [open/src/hotspot/share/interpreter/linkResolver.cpp, line 772]
Event: 0.095 Thread 0x00007f817802b110 Exception <a 'java/lang/NoSuchMethodError'{0x000000045281bf20}: 'java.lang.Object java.lang.invoke.DirectMethodHandle$Holder.newInvokeSpecial(java.lang.Object, java.lang.Object, int)'> (0x000000045281bf20) 
thrown [open/src/hotspot/share/interpreter/linkResolver.cpp, line 772]
Event: 0.096 Thread 0x00007f817802b110 Exception <a 'java/lang/NoSuchMethodError'{0x000000045282a190}: 'int java.lang.invoke.DirectMethodHandle$Holder.invokeStaticInit(java.lang.Object, java.lang.Object, long, long)'> (0x000000045282a190) 
thrown [open/src/hotspot/share/interpreter/linkResolver.cpp, line 772]
Event: 0.096 Thread 0x00007f817802b110 Exception <a 'java/lang/NoSuchMethodError'{0x000000045282f9f8}: 'java.lang.Object java.lang.invoke.DirectMethodHandle$Holder.newInvokeSpecial(java.lang.Object, java.lang.Object, long)'> (0x000000045282f9f8) 
thrown [open/src/hotspot/share/interpreter/linkResolver.cpp, line 772]
Event: 0.096 Thread 0x00007f817802b110 Exception <a 'java/lang/NoSuchMethodError'{0x00000004528337b0}: 'java.lang.Object java.lang.invoke.Invokers$Holder.linkToTargetMethod(java.lang.Object, long, java.lang.Object)'> (0x00000004528337b0) 
thrown [open/src/hotspot/share/interpreter/linkResolver.cpp, line 772]
Event: 0.097 Thread 0x00007f817802b110 Exception <a 'java/lang/NoSuchMethodError'{0x000000045283a838}: 'int java.lang.invoke.DirectMethodHandle$Holder.invokeStaticInit(java.lang.Object, java.lang.Object, java.lang.Object, long)'> (0x000000045283a838) 
thrown [open/src/hotspot/share/interpreter/linkResolver.cpp, line 772]
Event: 0.103 Thread 0x00007f817802b110 Exception <a 'sun/nio/fs/UnixException'{0x0000000452897050}> (0x0000000452897050) 
thrown [open/src/hotspot/share/prims/jni.cpp, line 520]
Event: 0.115 Thread 0x00007f817802b110 Exception <a 'sun/nio/fs/UnixException'{0x000000045291d690}> (0x000000045291d690) 
thrown [open/src/hotspot/share/prims/jni.cpp, line 520]
Event: 0.213 Thread 0x00007f817802b110 Exception <a 'java/lang/NoSuchMethodError'{0x00000004529389c0}: 'void java.lang.invoke.DirectMethodHandle$Holder.invokeStatic(java.lang.Object, int, long)'> (0x00000004529389c0) 
thrown [open/src/hotspot/share/interpreter/linkResolver.cpp, line 772]
Event: 0.218 Thread 0x00007f817802b110 Exception <a 'java/lang/NoSuchMethodError'{0x0000000452974910}: 'void java.lang.System.load(java.lang.String, java.lang.Class)'> (0x0000000452974910) 
thrown [open/src/hotspot/share/interpreter/linkResolver.cpp, line 772]
Event: 0.218 Thread 0x00007f817802b110 Exception <a 'java/lang/NoSuchMethodError'{0x00000004529772b0}: 'void java.lang.System.loadLibrary(java.lang.String, java.lang.Class)'> (0x00000004529772b0) 
thrown [open/src/hotspot/share/interpreter/linkResolver.cpp, line 772]
Event: 0.220 Thread 0x00007f817802b110 Exception <a 'sun/nio/fs/UnixException'{0x0000000452986ec8}> (0x0000000452986ec8) 
thrown [open/src/hotspot/share/prims/jni.cpp, line 520]
Event: 0.222 Thread 0x00007f817802b110 Exception <a 'sun/nio/fs/UnixException'{0x00000004529901c0}> (0x00000004529901c0) 
thrown [open/src/hotspot/share/prims/jni.cpp, line 520]
Event: 0.342 Thread 0x00007f817802b110 Exception <a 'java/lang/NoSuchMethodError'{0x0000000452ae1210}: 'void java.lang.invoke.DirectMethodHandle$Holder.invokeVirtual(java.lang.Object, java.lang.Object, int)'> (0x0000000452ae1210) 
thrown [open/src/hotspot/share/interpreter/linkResolver.cpp, line 772]
Event: 0.343 Thread 0x00007f817802b110 Exception <a 'java/lang/NoSuchMethodError'{0x0000000452ae7fb0}: 'void java.lang.invoke.DirectMethodHandle$Holder.invokeStatic(java.lang.Object, java.lang.Object, int)'> (0x0000000452ae7fb0) 
thrown [open/src/hotspot/share/interpreter/linkResolver.cpp, line 772]
Event: 0.344 Thread 0x00007f817802b110 Exception <a 'java/lang/NoSuchMethodError'{0x0000000452af3750}: 'void java.lang.invoke.DirectMethodHandle$Holder.invokeStatic(java.lang.Object, int, double)'> (0x0000000452af3750) 
thrown [open/src/hotspot/share/interpreter/linkResolver.cpp, line 772]
Event: 1.179 Thread 0x00007f80d4000ff0 Exception <a 'java/lang/NoSuchMethodError'{0x0000000452ca5f40}: 'java.lang.Object java.lang.invoke.Invokers$Holder.invokeExact_MT(java.lang.Object, java.lang.Object, java.lang.Object, java.lang.Object, java.lang.Object, java.lang.Object)'> (0x0000000452ca5f40) 
thrown [open/src/hotspot/share/interpreter/linkResolver.cpp, line 772]

ZGC Phase Switch (0 events):
No events

VM Operations (10 events):
Event: 0.024 Executing VM operation: HandshakeAllThreads (Deoptimize)
Event: 0.024 Executing VM operation: HandshakeAllThreads (Deoptimize) done
Event: 0.051 Executing VM operation: HandshakeAllThreads (Deoptimize)
Event: 0.051 Executing VM operation: HandshakeAllThreads (Deoptimize) done
Event: 1.052 Executing VM operation: Cleanup
Event: 1.052 Executing VM operation: Cleanup done
Event: 1.155 Executing VM operation: HandshakeAllThreads (Deoptimize)
Event: 1.155 Executing VM operation: HandshakeAllThreads (Deoptimize) done
Event: 2.155 Executing VM operation: Cleanup
Event: 2.155 Executing VM operation: Cleanup done

Events (20 events):
Event: 0.024 Thread 0x00007f80c405e400 Thread added: 0x00007f80c405e400
Event: 0.024 Protecting memory [0x00007f813c900000,0x00007f813c904000] with protection modes 0
Event: 0.025 Thread 0x00007f80c405f7d0 Thread added: 0x00007f80c405f7d0
Event: 0.025 Protecting memory [0x00007f813c800000,0x00007f813c804000] with protection modes 0
Event: 0.029 Thread 0x00007f80c0011d80 Thread added: 0x00007f80c0011d80
Event: 0.029 Protecting memory [0x00007f813c700000,0x00007f813c704000] with protection modes 0
Event: 0.046 Thread 0x00007f8178334ef0 Thread added: 0x00007f8178334ef0
Event: 0.046 Protecting memory [0x00007f813c600000,0x00007f813c604000] with protection modes 0
Event: 0.046 Thread 0x00007f81783367c0 Thread added: 0x00007f81783367c0
Event: 0.046 Protecting memory [0x00007f813c500000,0x00007f813c504000] with protection modes 0
Event: 0.217 Thread 0x00007f80c0011d80 Thread exited: 0x00007f80c0011d80
Event: 0.220 Thread 0x00007f80bc085980 Thread added: 0x00007f80bc085980
Event: 0.220 Protecting memory [0x00007f813c700000,0x00007f813c704000] with protection modes 0
Event: 0.225 Thread 0x00007f80c411dac0 Thread added: 0x00007f80c411dac0
Event: 0.225 Protecting memory [0x00007f80e8c00000,0x00007f80e8c04000] with protection modes 0
Event: 0.407 Thread 0x00007f80c411dac0 Thread exited: 0x00007f80c411dac0
Event: 1.059 Thread 0x00007f80d4000ff0 Thread added: 0x00007f80d4000ff0
Event: 1.060 Protecting memory [0x00007f80e8c00000,0x00007f80e8c04000] with protection modes 0
Event: 1.951 Thread 0x00007f80bc085980 Thread exited: 0x00007f80bc085980
Event: 2.477 Thread 0x00007f80c405f7d0 Thread exited: 0x00007f80c405f7d0


Dynamic libraries:
414800000-453800000 rw-p 00000000 00:00 0 
453800000-7ff800000 ---p 00000000 00:00 0 
7ff800000-7ff908000 rw-p 00ce4000 103:07 26949071                        /home/mindspice/code/jdk/openjdk-21-rc/lib/server/classes.jsa
7ff908000-800000000 rw-p 00000000 00:00 0 
55c02d495000-55c02d496000 r-xp 00000000 103:07 26943862                  /home/mindspice/code/jdk/openjdk-21-rc/bin/java
55c02d497000-55c02d498000 r--p 00001000 103:07 26943862                  /home/mindspice/code/jdk/openjdk-21-rc/bin/java
55c02d498000-55c02d499000 rw-p 00002000 103:07 26943862                  /home/mindspice/code/jdk/openjdk-21-rc/bin/java
55c02e8d2000-55c02e919000 rw-p 00000000 00:00 0                          [heap]
7f809c000000-7f809c021000 rw-p 00000000 00:00 0 
7f809c021000-7f80a0000000 ---p 00000000 00:00 0 
7f80a4000000-7f80a41d3000 rw-p 00000000 00:00 0 
7f80a41d3000-7f80a8000000 ---p 00000000 00:00 0 
7f80a9600000-7f80ab638000 r-xp 00000000 103:07 23333760                  /usr/lib/x86_64-linux-gnu/libnvidia-glvkspirv.so.535.104.05
7f80ab638000-7f80ab838000 ---p 02038000 103:07 23333760                  /usr/lib/x86_64-linux-gnu/libnvidia-glvkspirv.so.535.104.05
7f80ab838000-7f80abe54000 r--p 02038000 103:07 23333760                  /usr/lib/x86_64-linux-gnu/libnvidia-glvkspirv.so.535.104.05
7f80abe54000-7f80abee3000 rw-p 02654000 103:07 23333760                  /usr/lib/x86_64-linux-gnu/libnvidia-glvkspirv.so.535.104.05
7f80abee3000-7f80abf36000 rw-p 00000000 00:00 0 
7f80ac000000-7f80ac021000 rw-p 00000000 00:00 0 
7f80ac021000-7f80b0000000 ---p 00000000 00:00 0 
7f80b1200000-7f80b14d8000 r-xp 00000000 103:07 23333644                  /usr/lib/x86_64-linux-gnu/libnvidia-glcore.so.535.104.05
7f80b14d8000-7f80b14f9000 rwxp 002d8000 103:07 23333644                  /usr/lib/x86_64-linux-gnu/libnvidia-glcore.so.535.104.05
7f80b14f9000-7f80b3b96000 r-xp 002f9000 103:07 23333644                  /usr/lib/x86_64-linux-gnu/libnvidia-glcore.so.535.104.05
7f80b3b96000-7f80b3d69000 r--p 02995000 103:07 23333644                  /usr/lib/x86_64-linux-gnu/libnvidia-glcore.so.535.104.05
7f80b3d69000-7f80b3dd2000 rw-p 02b68000 103:07 23333644                  /usr/lib/x86_64-linux-gnu/libnvidia-glcore.so.535.104.05
7f80b3dd2000-7f80b3e0f000 rw-p 00000000 00:00 0 
7f80b4000000-7f80b40fe000 rw-p 00000000 00:00 0 
7f80b40fe000-7f80b8000000 ---p 00000000 00:00 0 
7f80b8000000-7f80b8021000 rw-p 00000000 00:00 0 
7f80b8021000-7f80bc000000 ---p 00000000 00:00 0 
7f80bc000000-7f80bc0ad000 rw-p 00000000 00:00 0 
7f80bc0ad000-7f80c0000000 ---p 00000000 00:00 0 
7f80c0000000-7f80c0073000 rw-p 00000000 00:00 0 
7f80c0073000-7f80c4000000 ---p 00000000 00:00 0 
7f80c4000000-7f80c4122000 rw-p 00000000 00:00 0 
7f80c4122000-7f80c8000000 ---p 00000000 00:00 0 
7f80c8000000-7f80c8021000 rw-p 00000000 00:00 0 
7f80c8021000-7f80cc000000 ---p 00000000 00:00 0 
7f80cc000000-7f80cc021000 rw-p 00000000 00:00 0 
7f80cc021000-7f80d0000000 ---p 00000000 00:00 0 
7f80d0000000-7f80d019a000 rw-p 00000000 00:00 0 
7f80d019a000-7f80d4000000 ---p 00000000 00:00 0 
7f80d4000000-7f80d4021000 rw-p 00000000 00:00 0 
7f80d4021000-7f80d8000000 ---p 00000000 00:00 0 
7f80d8000000-7f80d8021000 rw-p 00000000 00:00 0 
7f80d8021000-7f80dc000000 ---p 00000000 00:00 0 
7f80dc000000-7f80dc021000 rw-p 00000000 00:00 0 
7f80dc021000-7f80e0000000 ---p 00000000 00:00 0 
7f80e0000000-7f80e0021000 rw-p 00000000 00:00 0 
7f80e0021000-7f80e4000000 ---p 00000000 00:00 0 
7f80e4000000-7f80e4021000 rw-p 00000000 00:00 0 
7f80e4021000-7f80e8000000 ---p 00000000 00:00 0 
7f80e8848000-7f80e8b00000 rw-p 00000000 00:00 0 
7f80e8b00000-7f80e8b80000 rw-s 00000000 00:05 1028                       /dev/nvidiactl
7f80e8b80000-7f80e8c00000 rw-s 00000000 00:05 1028                       /dev/nvidiactl
7f80e8c00000-7f80e8c04000 ---p 00000000 00:00 0 
7f80e8c04000-7f80e8d00000 rw-p 00000000 00:00 0 
7f80e8d00000-7f80e8d33000 r--p 00000000 103:07 9175154                   /tmp/lwjgl_mindspice/3.3.3+5/x64/liblwjgl_opengl.so
7f80e8d33000-7f80e8d47000 r-xp 00033000 103:07 9175154                   /tmp/lwjgl_mindspice/3.3.3+5/x64/liblwjgl_opengl.so
7f80e8d47000-7f80e8d57000 r--p 00047000 103:07 9175154                   /tmp/lwjgl_mindspice/3.3.3+5/x64/liblwjgl_opengl.so
7f80e8d57000-7f80e8d58000 r--p 00056000 103:07 9175154                   /tmp/lwjgl_mindspice/3.3.3+5/x64/liblwjgl_opengl.so
7f80e8d58000-7f80e8d59000 rw-p 00057000 103:07 9175154                   /tmp/lwjgl_mindspice/3.3.3+5/x64/liblwjgl_opengl.so
7f80e8d59000-7f80e8e59000 rw-s 00000000 00:05 1028                       /dev/nvidiactl
7f80e8e59000-7f80e8ed9000 rw-s 00000000 00:05 1028                       /dev/nvidiactl
7f80e8ed9000-7f80e911e000 rw-s 00000000 00:01 15368                      /memfd:/.nvidia_drv.XXXXXX (deleted)
7f80e911e000-7f80e99ff000 rw-p 00000000 00:00 0 
7f80e99ff000-7f80e9a00000 ---p 00000000 00:00 0 
7f80e9a00000-7f80ea200000 rw-p 00000000 00:00 0 
7f80ea200000-7f80ea276000 r-xp 00000000 103:07 23333651                  /usr/lib/x86_64-linux-gnu/libnvidia-glsi.so.535.104.05
7f80ea276000-7f80ea475000 ---p 00076000 103:07 23333651                  /usr/lib/x86_64-linux-gnu/libnvidia-glsi.so.535.104.05
7f80ea475000-7f80ea49f000 r--p 00075000 103:07 23333651                  /usr/lib/x86_64-linux-gnu/libnvidia-glsi.so.535.104.05
7f80ea49f000-7f80ea4a0000 rw-p 0009f000 103:07 23333651                  /usr/lib/x86_64-linux-gnu/libnvidia-glsi.so.535.104.05
7f80ea4a0000-7f80ea4a8000 rw-p 00000000 00:00 0 
7f80ea4ae000-7f80ea4c1000 rw-s 00000000 00:05 1028                       /dev/nvidiactl
7f80ea4c1000-7f80ea501000 rw-s 00000000 00:05 1028                       /dev/nvidiactl
7f80ea501000-7f80ea521000 rw-s 00000000 00:05 1028                       /dev/nvidiactl
7f80ea521000-7f80ea561000 rw-s 00000000 00:05 1028                       /dev/nvidiactl
7f80ea561000-7f80ea581000 rw-s 00000000 00:05 1028                       /dev/nvidiactl
7f80ea581000-7f80ea601000 rw-s 00000000 00:05 1043                       /dev/nvidia0
7f80ea601000-7f80ea641000 rw-s 00000000 00:05 1028                       /dev/nvidiactl
7f80ea641000-7f80ea646000 r--p 00000000 103:07 23331149                  /usr/lib/x86_64-linux-gnu/libdrm.so.2.4.0
7f80ea646000-7f80ea651000 r-xp 00005000 103:07 23331149                  /usr/lib/x86_64-linux-gnu/libdrm.so.2.4.0
7f80ea651000-7f80ea655000 r--p 00010000 103:07 23331149                  /usr/lib/x86_64-linux-gnu/libdrm.so.2.4.0
7f80ea655000-7f80ea656000 r--p 00013000 103:07 23331149                  /usr/lib/x86_64-linux-gnu/libdrm.so.2.4.0
7f80ea656000-7f80ea657000 rw-p 00014000 103:07 23331149                  /usr/lib/x86_64-linux-gnu/libdrm.so.2.4.0
7f80ea657000-7f80ea6a8000 r--p 00000000 103:07 23331931                  /usr/lib/x86_64-linux-gnu/libGLX_nvidia.so.535.104.05
7f80ea6a8000-7f80ea702000 r-xp 00051000 103:07 23331931                  /usr/lib/x86_64-linux-gnu/libGLX_nvidia.so.535.104.05
7f80ea702000-7f80ea737000 rwxp 000ab000 103:07 23331931                  /usr/lib/x86_64-linux-gnu/libGLX_nvidia.so.535.104.05
7f80ea737000-7f80ea738000 r-xp 000e0000 103:07 23331931                  /usr/lib/x86_64-linux-gnu/libGLX_nvidia.so.535.104.05
7f80ea738000-7f80ea757000 r--p 000e1000 103:07 23331931                  /usr/lib/x86_64-linux-gnu/libGLX_nvidia.so.535.104.05
7f80ea757000-7f80ea777000 r--p 000ff000 103:07 23331931                  /usr/lib/x86_64-linux-gnu/libGLX_nvidia.so.535.104.05
7f80ea777000-7f80ea77c000 rw-p 0011f000 103:07 23331931                  /usr/lib/x86_64-linux-gnu/libGLX_nvidia.so.535.104.05
7f80ea77c000-7f80ea77e000 rw-p 00000000 00:00 0 
7f80ea77e000-7f80ea7be000 r--p 00000000 103:07 23333765                  /usr/lib/x86_64-linux-gnu/libGLdispatch.so.0.0.0
7f80ea7be000-7f80ea7c1000 r-xp 00040000 103:07 23333765                  /usr/lib/x86_64-linux-gnu/libGLdispatch.so.0.0.0
7f80ea7c1000-7f80ea7fc000 r-xp 00043000 103:07 23333765                  /usr/lib/x86_64-linux-gnu/libGLdispatch.so.0.0.0
7f80ea7fc000-7f80ea7fd000 r-xp 0007e000 103:07 23333765                  /usr/lib/x86_64-linux-gnu/libGLdispatch.so.0.0.0
7f80ea7fd000-7f80ea810000 r--p 0007f000 103:07 23333765                  /usr/lib/x86_64-linux-gnu/libGLdispatch.so.0.0.0
7f80ea810000-7f80ea811000 ---p 00092000 103:07 23333765                  /usr/lib/x86_64-linux-gnu/libGLdispatch.so.0.0.0
7f80ea811000-7f80ea82d000 r--p 00092000 103:07 23333765                  /usr/lib/x86_64-linux-gnu/libGLdispatch.so.0.0.0
7f80ea82d000-7f80ea82e000 rw-p 000ae000 103:07 23333765                  /usr/lib/x86_64-linux-gnu/libGLdispatch.so.0.0.0
7f80ea82e000-7f80ea836000 rw-p 00000000 00:00 0 
7f80ea836000-7f80ea84f000 r--p 00000000 103:07 23334788                  /usr/lib/x86_64-linux-gnu/libX11.so.6.4.0
7f80ea84f000-7f80ea8db000 r-xp 00019000 103:07 23334788                  /usr/lib/x86_64-linux-gnu/libX11.so.6.4.0
7f80ea8db000-7f80ea970000 r--p 000a5000 103:07 23334788                  /usr/lib/x86_64-linux-gnu/libX11.so.6.4.0
7f80ea970000-7f80ea971000 ---p 0013a000 103:07 23334788                  /usr/lib/x86_64-linux-gnu/libX11.so.6.4.0
7f80ea971000-7f80ea972000 r--p 0013a000 103:07 23334788                  /usr/lib/x86_64-linux-gnu/libX11.so.6.4.0
7f80ea972000-7f80ea976000 rw-p 0013b000 103:07 23334788                  /usr/lib/x86_64-linux-gnu/libX11.so.6.4.0
7f80ea976000-7f80ea984000 r--p 00000000 103:07 9175136                   /tmp/lwjgl_mindspice/3.3.3+5/x64/libglfw.so
7f80ea984000-7f80ea9a3000 r-xp 0000e000 103:07 9175136                   /tmp/lwjgl_mindspice/3.3.3+5/x64/libglfw.so
7f80ea9a3000-7f80ea9d6000 r--p 0002d000 103:07 9175136                   /tmp/lwjgl_mindspice/3.3.3+5/x64/libglfw.so
7f80ea9d6000-7f80ea9d7000 ---p 00060000 103:07 9175136                   /tmp/lwjgl_mindspice/3.3.3+5/x64/libglfw.so
7f80ea9d7000-7f80ea9da000 r--p 00060000 103:07 9175136                   /tmp/lwjgl_mindspice/3.3.3+5/x64/libglfw.so
7f80ea9da000-7f80ea9dd000 rw-p 00063000 103:07 9175136                   /tmp/lwjgl_mindspice/3.3.3+5/x64/libglfw.so
7f80ea9dd000-7f80eaa00000 rw-p 00000000 00:00 0 
7f80eaa00000-7f80eb000000 rw-p 00000000 00:00 0 
7f80eb000000-7f80eb230000 rw-p 00000000 00:00 0 
7f80eb230000-7f80eb400000 ---p 00000000 00:00 0 
7f80eb400000-7f80eb530000 rw-p 00000000 00:00 0 
7f80eb530000-7f80eb570000 rw-p 00000000 00:00 0 
7f80eb570000-7f80eb5e0000 rw-p 00000000 00:00 0 
7f80eb5e0000-7f80ef000000 ---p 00000000 00:00 0 
7f80ef000000-7f80efca5000 rw-p 00001000 103:07 26949071                  /home/mindspice/code/jdk/openjdk-21-rc/lib/server/classes.jsa
7f80efca5000-7f80f0000000 ---p 00000000 00:00 0 
7f80f0000000-7f80f0030000 rw-p 00000000 00:00 0 
7f80f0030000-7f80f0040000 ---p 00000000 00:00 0 
7f80f0040000-7f80f0070000 rw-p 00000000 00:00 0 
7f80f0070000-7f8130000000 ---p 00000000 00:00 0 
7f8130000000-7f8130021000 rw-p 00000000 00:00 0 
7f8130021000-7f8134000000 ---p 00000000 00:00 0 
7f8134000000-7f8134021000 rw-p 00000000 00:00 0 
7f8134021000-7f8138000000 ---p 00000000 00:00 0 
7f8138000000-7f8138021000 rw-p 00000000 00:00 0 
7f8138021000-7f813c000000 ---p 00000000 00:00 0 
7f813c000000-7f813c200000 rw-p 00000000 00:00 0 
7f813c200000-7f813c208000 r--p 00000000 103:07 9175118                   /tmp/lwjgl_mindspice/3.3.3+5/x64/libjemalloc.so
7f813c208000-7f813c25d000 r-xp 00008000 103:07 9175118                   /tmp/lwjgl_mindspice/3.3.3+5/x64/libjemalloc.so
7f813c25d000-7f813c26d000 r--p 0005d000 103:07 9175118                   /tmp/lwjgl_mindspice/3.3.3+5/x64/libjemalloc.so
7f813c26d000-7f813c26e000 ---p 0006d000 103:07 9175118                   /tmp/lwjgl_mindspice/3.3.3+5/x64/libjemalloc.so
7f813c26e000-7f813c274000 r--p 0006d000 103:07 9175118                   /tmp/lwjgl_mindspice/3.3.3+5/x64/libjemalloc.so
7f813c274000-7f813c275000 rw-p 00073000 103:07 9175118                   /tmp/lwjgl_mindspice/3.3.3+5/x64/libjemalloc.so
7f813c275000-7f813c47f000 rw-p 00000000 00:00 0 
7f813c4af000-7f813c4ba000 r--p 00000000 103:07 23335615                  /usr/lib/x86_64-linux-gnu/libxcb-glx.so.0.0.0
7f813c4ba000-7f813c4c3000 r-xp 0000b000 103:07 23335615                  /usr/lib/x86_64-linux-gnu/libxcb-glx.so.0.0.0
7f813c4c3000-7f813c4c8000 r--p 00014000 103:07 23335615                  /usr/lib/x86_64-linux-gnu/libxcb-glx.so.0.0.0
7f813c4c8000-7f813c4c9000 ---p 00019000 103:07 23335615                  /usr/lib/x86_64-linux-gnu/libxcb-glx.so.0.0.0
7f813c4c9000-7f813c4cb000 r--p 00019000 103:07 23335615                  /usr/lib/x86_64-linux-gnu/libxcb-glx.so.0.0.0
7f813c4cb000-7f813c4cc000 rw-p 0001b000 103:07 23335615                  /usr/lib/x86_64-linux-gnu/libxcb-glx.so.0.0.0
7f813c4cc000-7f813c4cf000 r--p 00000000 103:07 23333758                  /usr/lib/x86_64-linux-gnu/libGLX.so.0.0.0
7f813c4cf000-7f813c4ea000 r-xp 00003000 103:07 23333758                  /usr/lib/x86_64-linux-gnu/libGLX.so.0.0.0
7f813c4ea000-7f813c4ed000 r--p 0001e000 103:07 23333758                  /usr/lib/x86_64-linux-gnu/libGLX.so.0.0.0
7f813c4ed000-7f813c4ee000 ---p 00021000 103:07 23333758                  /usr/lib/x86_64-linux-gnu/libGLX.so.0.0.0
7f813c4ee000-7f813c4ef000 r--p 00021000 103:07 23333758                  /usr/lib/x86_64-linux-gnu/libGLX.so.0.0.0
7f813c4ef000-7f813c4f0000 rw-p 00022000 103:07 23333758                  /usr/lib/x86_64-linux-gnu/libGLX.so.0.0.0
7f813c4f0000-7f813c500000 rw-p 00000000 00:00 0 
7f813c500000-7f813c504000 ---p 00000000 00:00 0 
7f813c504000-7f813c600000 rw-p 00000000 00:00 0 
7f813c600000-7f813c604000 ---p 00000000 00:00 0 
7f813c604000-7f813c700000 rw-p 00000000 00:00 0 
7f813c700000-7f813c704000 ---p 00000000 00:00 0 
7f813c704000-7f813c800000 rw-p 00000000 00:00 0 
7f813c800000-7f813c804000 ---p 00000000 00:00 0 
7f813c804000-7f813c900000 rw-p 00000000 00:00 0 
7f813c900000-7f813c904000 ---p 00000000 00:00 0 
7f813c904000-7f813ca00000 rw-p 00000000 00:00 0 
7f813ca00000-7f813ca04000 ---p 00000000 00:00 0 
7f813ca04000-7f813cb00000 rw-p 00000000 00:00 0 
7f813cb00000-7f813cb04000 ---p 00000000 00:00 0 
7f813cb04000-7f813cc00000 rw-p 00000000 00:00 0 
7f813cc00000-7f813cc04000 ---p 00000000 00:00 0 
7f813cc04000-7f813cd00000 rw-p 00000000 00:00 0 
7f813cd00000-7f813cd04000 ---p 00000000 00:00 0 
7f813cd04000-7f813ce00000 rw-p 00000000 00:00 0 
7f813ce00000-7f813ce04000 ---p 00000000 00:00 0 
7f813ce04000-7f813cf00000 rw-p 00000000 00:00 0 
7f813cf00000-7f813cf04000 ---p 00000000 00:00 0 
7f813cf04000-7f813d000000 rw-p 00000000 00:00 0 
7f813d000000-7f813df06000 r--p 00000000 103:07 22806593                  /usr/lib/locale/locale-archive
7f813df13000-7f813df14000 r--p 00000000 103:07 23334069                  /usr/lib/x86_64-linux-gnu/libnvidia-tls.so.535.104.05
7f813df14000-7f813df16000 r-xp 00001000 103:07 23334069                  /usr/lib/x86_64-linux-gnu/libnvidia-tls.so.535.104.05
7f813df16000-7f813df17000 r--p 00003000 103:07 23334069                  /usr/lib/x86_64-linux-gnu/libnvidia-tls.so.535.104.05
7f813df17000-7f813df18000 r--p 00003000 103:07 23334069                  /usr/lib/x86_64-linux-gnu/libnvidia-tls.so.535.104.05
7f813df18000-7f813df19000 rw-p 00004000 103:07 23334069                  /usr/lib/x86_64-linux-gnu/libnvidia-tls.so.535.104.05
7f813df5d000-7f813df61000 r--p 00000000 103:07 23333806                  /usr/lib/x86_64-linux-gnu/libXext.so.6.4.0
7f813df61000-7f813df6c000 r-xp 00004000 103:07 23333806                  /usr/lib/x86_64-linux-gnu/libXext.so.6.4.0
7f813df6c000-7f813df70000 r--p 0000f000 103:07 23333806                  /usr/lib/x86_64-linux-gnu/libXext.so.6.4.0
7f813df70000-7f813df71000 r--p 00012000 103:07 23333806                  /usr/lib/x86_64-linux-gnu/libXext.so.6.4.0
7f813df71000-7f813df72000 rw-p 00013000 103:07 23333806                  /usr/lib/x86_64-linux-gnu/libXext.so.6.4.0
7f813df72000-7f813df76000 r--p 00000000 103:07 23334094                  /usr/lib/x86_64-linux-gnu/libbsd.so.0.11.5
7f813df76000-7f813df83000 r-xp 00004000 103:07 23334094                  /usr/lib/x86_64-linux-gnu/libbsd.so.0.11.5
7f813df83000-7f813df86000 r--p 00011000 103:07 23334094                  /usr/lib/x86_64-linux-gnu/libbsd.so.0.11.5
7f813df86000-7f813df87000 ---p 00014000 103:07 23334094                  /usr/lib/x86_64-linux-gnu/libbsd.so.0.11.5
7f813df87000-7f813df88000 r--p 00014000 103:07 23334094                  /usr/lib/x86_64-linux-gnu/libbsd.so.0.11.5
7f813df88000-7f813df89000 rw-p 00015000 103:07 23334094                  /usr/lib/x86_64-linux-gnu/libbsd.so.0.11.5
7f813df89000-7f813df8a000 rw-p 00000000 00:00 0 
7f813df8a000-7f813dfb3000 r--p 00000000 103:07 9175153                   /tmp/lwjgl_mindspice/3.3.3+5/x64/liblwjgl.so
7f813dfb3000-7f813dfe5000 r-xp 00029000 103:07 9175153                   /tmp/lwjgl_mindspice/3.3.3+5/x64/liblwjgl.so
7f813dfe5000-7f813dffe000 r--p 0005b000 103:07 9175153                   /tmp/lwjgl_mindspice/3.3.3+5/x64/liblwjgl.so
7f813dffe000-7f813dfff000 r--p 00073000 103:07 9175153                   /tmp/lwjgl_mindspice/3.3.3+5/x64/liblwjgl.so
7f813dfff000-7f813e000000 rw-p 00074000 103:07 9175153                   /tmp/lwjgl_mindspice/3.3.3+5/x64/liblwjgl.so
7f813e000000-7f8140000000 rw-p 00000000 00:00 0 
7f8140000000-7f8140021000 rw-p 00000000 00:00 0 
7f8140021000-7f8144000000 ---p 00000000 00:00 0 
7f8144000000-7f8144021000 rw-p 00000000 00:00 0 
7f8144021000-7f8148000000 ---p 00000000 00:00 0 
7f8148000000-7f8148021000 rw-p 00000000 00:00 0 
7f8148021000-7f814c000000 ---p 00000000 00:00 0 
7f814c00a000-7f814c0d8000 r-xp 00000000 103:07 26949047                  /home/mindspice/code/jdk/openjdk-21-rc/lib/libjsvml.so
7f814c0d8000-7f814c0d9000 r--p 000cd000 103:07 26949047                  /home/mindspice/code/jdk/openjdk-21-rc/lib/libjsvml.so
7f814c0d9000-7f814c0da000 rw-p 000ce000 103:07 26949047                  /home/mindspice/code/jdk/openjdk-21-rc/lib/libjsvml.so
7f814c0da000-7f814c0de000 ---p 00000000 00:00 0 
7f814c0de000-7f814c1da000 rw-p 00000000 00:00 0 
7f814c1da000-7f814c1de000 ---p 00000000 00:00 0 
7f814c1de000-7f814c2da000 rw-p 00000000 00:00 0 
7f814c2da000-7f814c2db000 ---p 00000000 00:00 0 
7f814c2db000-7f814c3db000 rw-p 00000000 00:00 0 
7f814c3db000-7f814c3dc000 ---p 00000000 00:00 0 
7f814c3dc000-7f814c55d000 rw-p 00000000 00:00 0 
7f814c55d000-7f814c55e000 ---p 00000000 00:00 0 
7f814c55e000-7f814c65e000 rw-p 00000000 00:00 0 
7f814c65e000-7f814c65f000 ---p 00000000 00:00 0 
7f814c65f000-7f814e028000 rw-p 00000000 00:00 0 
7f814e028000-7f815cb28000 ---p 00000000 00:00 0 
7f815cb28000-7f815cd40000 rw-p 00000000 00:00 0 
7f815cd40000-7f815eaa0000 ---p 00000000 00:00 0 
7f815eaa0000-7f815ec9c000 rw-p 00000000 00:00 0 
7f815ec9c000-7f81609fc000 ---p 00000000 00:00 0 
7f81609fc000-7f8160a00000 rw-p 00000000 00:00 0 
7f8160a00000-7f8160c70000 rwxp 00000000 00:00 0 
7f8160c70000-7f8167e5f000 ---p 00000000 00:00 0 
7f8167e5f000-7f816820f000 rwxp 00000000 00:00 0 
7f816820f000-7f81685a0000 ---p 00000000 00:00 0 
7f81685a0000-7f8168810000 rwxp 00000000 00:00 0 
7f8168810000-7f816fa00000 ---p 00000000 00:00 0 
7f816fa00000-7f8177ec1000 r--s 00000000 103:07 26949064                  /home/mindspice/code/jdk/openjdk-21-rc/lib/modules
7f8177ec1000-7f8177ec8000 r--s 00000000 103:07 23337321                  /usr/lib/x86_64-linux-gnu/gconv/gconv-modules.cache
7f8177ec8000-7f8177eca000 r--p 00000000 103:07 23334908                  /usr/lib/x86_64-linux-gnu/libmd.so.0.0.5
7f8177eca000-7f8177ed1000 r-xp 00002000 103:07 23334908                  /usr/lib/x86_64-linux-gnu/libmd.so.0.0.5
7f8177ed1000-7f8177ed3000 r--p 00009000 103:07 23334908                  /usr/lib/x86_64-linux-gnu/libmd.so.0.0.5
7f8177ed3000-7f8177ed4000 r--p 0000a000 103:07 23334908                  /usr/lib/x86_64-linux-gnu/libmd.so.0.0.5
7f8177ed4000-7f8177ed5000 rw-p 0000b000 103:07 23334908                  /usr/lib/x86_64-linux-gnu/libmd.so.0.0.5
7f8177ed5000-7f8177ee0000 r--p 00000000 103:07 23335647                  /usr/lib/x86_64-linux-gnu/libxcb.so.1.1.0
7f8177ee0000-7f8177ef4000 r-xp 0000b000 103:07 23335647                  /usr/lib/x86_64-linux-gnu/libxcb.so.1.1.0
7f8177ef4000-7f8177efd000 r--p 0001f000 103:07 23335647                  /usr/lib/x86_64-linux-gnu/libxcb.so.1.1.0
7f8177efd000-7f8177efe000 r--p 00027000 103:07 23335647                  /usr/lib/x86_64-linux-gnu/libxcb.so.1.1.0
7f8177efe000-7f8177eff000 rw-p 00028000 103:07 23335647                  /usr/lib/x86_64-linux-gnu/libxcb.so.1.1.0
7f8177eff000-7f8178000000 rw-p 00000000 00:00 0 
7f8178000000-7f8178924000 rw-p 00000000 00:00 0 
7f8178924000-7f817c000000 ---p 00000000 00:00 0 
7f817c000000-7f817c004000 rw-s 00000000 00:05 1028                       /dev/nvidiactl
7f817c004000-7f817c006000 r--p 00000000 103:07 23333804                  /usr/lib/x86_64-linux-gnu/libXdmcp.so.6.0.0
7f817c006000-7f817c008000 r-xp 00002000 103:07 23333804                  /usr/lib/x86_64-linux-gnu/libXdmcp.so.6.0.0
7f817c008000-7f817c00a000 r--p 00004000 103:07 23333804                  /usr/lib/x86_64-linux-gnu/libXdmcp.so.6.0.0
7f817c00a000-7f817c00b000 r--p 00005000 103:07 23333804                  /usr/lib/x86_64-linux-gnu/libXdmcp.so.6.0.0
7f817c00b000-7f817c00c000 rw-p 00006000 103:07 23333804                  /usr/lib/x86_64-linux-gnu/libXdmcp.so.6.0.0
7f817c00f000-7f817c010000 rw-s 00000000 00:05 1043                       /dev/nvidia0
7f817c010000-7f817c012000 rw-s 00000000 00:05 1028                       /dev/nvidiactl
7f817c012000-7f817c016000 rw-s 00000000 00:05 1028                       /dev/nvidiactl
7f817c016000-7f817c017000 rw-s 00000000 00:05 1028                       /dev/nvidiactl
7f817c017000-7f817c018000 rw-s 00000000 00:05 1028                       /dev/nvidiactl
7f817c018000-7f817c019000 rw-s 00000000 00:05 1028                       /dev/nvidiactl
7f817c019000-7f817c029000 rw-s 00000000 00:05 1043                       /dev/nvidia0
7f817c029000-7f817c035000 r-xp 00000000 103:07 26949054                  /home/mindspice/code/jdk/openjdk-21-rc/lib/libnet.so
7f817c035000-7f817c036000 r--p 0000b000 103:07 26949054                  /home/mindspice/code/jdk/openjdk-21-rc/lib/libnet.so
7f817c036000-7f817c037000 rw-p 0000c000 103:07 26949054                  /home/mindspice/code/jdk/openjdk-21-rc/lib/libnet.so
7f817c037000-7f817c8db000 rw-p 00000000 00:00 0 
7f817c8db000-7f817c8dc000 ---p 00000000 00:00 0 
7f817c8dc000-7f817c9dc000 rw-p 00000000 00:00 0 
7f817c9dc000-7f817c9dd000 ---p 00000000 00:00 0 
7f817c9dd000-7f817cadd000 rw-p 00000000 00:00 0 
7f817cadd000-7f817cade000 ---p 00000000 00:00 0 
7f817cade000-7f817df33000 rw-p 00000000 00:00 0 
7f817df33000-7f817e017000 ---p 00000000 00:00 0 
7f817e017000-7f817e01c000 rw-p 00000000 00:00 0 
7f817e01c000-7f817e100000 ---p 00000000 00:00 0 
7f817e100000-7f817e104000 ---p 00000000 00:00 0 
7f817e104000-7f817e200000 rw-p 00000000 00:00 0 
7f817e200000-7f817f50a000 r-xp 00000000 103:07 26949074                  /home/mindspice/code/jdk/openjdk-21-rc/lib/server/libjvm.so
7f817f50a000-7f817f5d7000 r--p 01309000 103:07 26949074                  /home/mindspice/code/jdk/openjdk-21-rc/lib/server/libjvm.so
7f817f5d7000-7f817f605000 rw-p 013d6000 103:07 26949074                  /home/mindspice/code/jdk/openjdk-21-rc/lib/server/libjvm.so
7f817f605000-7f817f66a000 rw-p 00000000 00:00 0 
7f817f66a000-7f817f66b000 rw-s 00044000 00:01 15368                      /memfd:/.nvidia_drv.XXXXXX (deleted)
7f817f66b000-7f817f66c000 r-xp 00000000 00:00 0 
7f817f66c000-7f817f67f000 r-xp 00000000 103:07 26949055                  /home/mindspice/code/jdk/openjdk-21-rc/lib/libnio.so
7f817f67f000-7f817f680000 ---p 00013000 103:07 26949055                  /home/mindspice/code/jdk/openjdk-21-rc/lib/libnio.so
7f817f680000-7f817f681000 r--p 00013000 103:07 26949055                  /home/mindspice/code/jdk/openjdk-21-rc/lib/libnio.so
7f817f681000-7f817f682000 rw-p 00014000 103:07 26949055                  /home/mindspice/code/jdk/openjdk-21-rc/lib/libnio.so
7f817f682000-7f817f689000 r-xp 00000000 103:07 26949063                  /home/mindspice/code/jdk/openjdk-21-rc/lib/libzip.so
7f817f689000-7f817f68a000 ---p 00007000 103:07 26949063                  /home/mindspice/code/jdk/openjdk-21-rc/lib/libzip.so
7f817f68a000-7f817f68b000 r--p 00007000 103:07 26949063                  /home/mindspice/code/jdk/openjdk-21-rc/lib/libzip.so
7f817f68b000-7f817f68c000 rw-p 00008000 103:07 26949063                  /home/mindspice/code/jdk/openjdk-21-rc/lib/libzip.so
7f817f68c000-7f817f712000 rw-p 00000000 00:00 0 
7f817f712000-7f817f719000 ---p 00000000 00:00 0 
7f817f719000-7f817f727000 r--p 00000000 103:07 23333324                  /usr/lib/x86_64-linux-gnu/libm.so.6
7f817f727000-7f817f7a3000 r-xp 0000e000 103:07 23333324                  /usr/lib/x86_64-linux-gnu/libm.so.6
7f817f7a3000-7f817f7fe000 r--p 0008a000 103:07 23333324                  /usr/lib/x86_64-linux-gnu/libm.so.6
7f817f7fe000-7f817f7ff000 r--p 000e4000 103:07 23333324                  /usr/lib/x86_64-linux-gnu/libm.so.6
7f817f7ff000-7f817f800000 rw-p 000e5000 103:07 23333324                  /usr/lib/x86_64-linux-gnu/libm.so.6
7f817f800000-7f817f828000 r--p 00000000 103:07 23332177                  /usr/lib/x86_64-linux-gnu/libc.so.6
7f817f828000-7f817f9bd000 r-xp 00028000 103:07 23332177                  /usr/lib/x86_64-linux-gnu/libc.so.6
7f817f9bd000-7f817fa15000 r--p 001bd000 103:07 23332177                  /usr/lib/x86_64-linux-gnu/libc.so.6
7f817fa15000-7f817fa19000 r--p 00214000 103:07 23332177                  /usr/lib/x86_64-linux-gnu/libc.so.6
7f817fa19000-7f817fa1b000 rw-p 00218000 103:07 23332177                  /usr/lib/x86_64-linux-gnu/libc.so.6
7f817fa1b000-7f817fa28000 rw-p 00000000 00:00 0 
7f817fa28000-7f817fa29000 r--p 00000000 103:07 23333793                  /usr/lib/x86_64-linux-gnu/libXau.so.6.0.0
7f817fa29000-7f817fa2b000 r-xp 00001000 103:07 23333793                  /usr/lib/x86_64-linux-gnu/libXau.so.6.0.0
7f817fa2b000-7f817fa2c000 r--p 00003000 103:07 23333793                  /usr/lib/x86_64-linux-gnu/libXau.so.6.0.0
7f817fa2c000-7f817fa2d000 r--p 00003000 103:07 23333793                  /usr/lib/x86_64-linux-gnu/libXau.so.6.0.0
7f817fa2d000-7f817fa2e000 rw-p 00004000 103:07 23333793                  /usr/lib/x86_64-linux-gnu/libXau.so.6.0.0
7f817fa2e000-7f817fa2f000 rw-p 00000000 00:00 0 
7f817fa2f000-7f817fa4f000 r-xp 00000000 103:07 26949039                  /home/mindspice/code/jdk/openjdk-21-rc/lib/libjava.so
7f817fa4f000-7f817fa50000 ---p 00020000 103:07 26949039                  /home/mindspice/code/jdk/openjdk-21-rc/lib/libjava.so
7f817fa50000-7f817fa51000 r--p 00020000 103:07 26949039                  /home/mindspice/code/jdk/openjdk-21-rc/lib/libjava.so
7f817fa51000-7f817fa52000 rw-p 00021000 103:07 26949039                  /home/mindspice/code/jdk/openjdk-21-rc/lib/libjava.so
7f817fa52000-7f817fa53000 rw-p 00000000 00:00 0 
7f817fa53000-7f817fa6e000 r-xp 00000000 103:07 26949043                  /home/mindspice/code/jdk/openjdk-21-rc/lib/libjimage.so
7f817fa6e000-7f817fa6f000 ---p 0001b000 103:07 26949043                  /home/mindspice/code/jdk/openjdk-21-rc/lib/libjimage.so
7f817fa6f000-7f817fa71000 r--p 0001b000 103:07 26949043                  /home/mindspice/code/jdk/openjdk-21-rc/lib/libjimage.so
7f817fa71000-7f817fa72000 rw-p 0001d000 103:07 26949043                  /home/mindspice/code/jdk/openjdk-21-rc/lib/libjimage.so
7f817fa72000-7f817fa73000 r--p 00000000 103:07 23334891                  /usr/lib/x86_64-linux-gnu/librt.so.1
7f817fa73000-7f817fa74000 r-xp 00001000 103:07 23334891                  /usr/lib/x86_64-linux-gnu/librt.so.1
7f817fa74000-7f817fa75000 r--p 00002000 103:07 23334891                  /usr/lib/x86_64-linux-gnu/librt.so.1
7f817fa75000-7f817fa76000 r--p 00002000 103:07 23334891                  /usr/lib/x86_64-linux-gnu/librt.so.1
7f817fa76000-7f817fa77000 rw-p 00003000 103:07 23334891                  /usr/lib/x86_64-linux-gnu/librt.so.1
7f817fa77000-7f817fa7b000 rw-p 00000000 00:00 0 
7f817fa7b000-7f817fa7c000 r--p 00000000 103:07 23333056                  /usr/lib/x86_64-linux-gnu/libdl.so.2
7f817fa7c000-7f817fa7d000 r-xp 00001000 103:07 23333056                  /usr/lib/x86_64-linux-gnu/libdl.so.2
7f817fa7d000-7f817fa7e000 r--p 00002000 103:07 23333056                  /usr/lib/x86_64-linux-gnu/libdl.so.2
7f817fa7e000-7f817fa7f000 r--p 00002000 103:07 23333056                  /usr/lib/x86_64-linux-gnu/libdl.so.2
7f817fa7f000-7f817fa80000 rw-p 00003000 103:07 23333056                  /usr/lib/x86_64-linux-gnu/libdl.so.2
7f817fa80000-7f817fa81000 r--p 00000000 103:07 23334258                  /usr/lib/x86_64-linux-gnu/libpthread.so.0
7f817fa81000-7f817fa82000 r-xp 00001000 103:07 23334258                  /usr/lib/x86_64-linux-gnu/libpthread.so.0
7f817fa82000-7f817fa83000 r--p 00002000 103:07 23334258                  /usr/lib/x86_64-linux-gnu/libpthread.so.0
7f817fa83000-7f817fa84000 r--p 00002000 103:07 23334258                  /usr/lib/x86_64-linux-gnu/libpthread.so.0
7f817fa84000-7f817fa85000 rw-p 00003000 103:07 23334258                  /usr/lib/x86_64-linux-gnu/libpthread.so.0
7f817fa85000-7f817fa93000 r-xp 00000000 103:07 26949044                  /home/mindspice/code/jdk/openjdk-21-rc/lib/libjli.so
7f817fa93000-7f817fa94000 ---p 0000e000 103:07 26949044                  /home/mindspice/code/jdk/openjdk-21-rc/lib/libjli.so
7f817fa94000-7f817fa95000 r--p 0000e000 103:07 26949044                  /home/mindspice/code/jdk/openjdk-21-rc/lib/libjli.so
7f817fa95000-7f817fa96000 rw-p 0000f000 103:07 26949044                  /home/mindspice/code/jdk/openjdk-21-rc/lib/libjli.so
7f817fa96000-7f817fa98000 r--p 00000000 103:07 23331309                  /usr/lib/x86_64-linux-gnu/libz.so.1.2.11
7f817fa98000-7f817faa9000 r-xp 00002000 103:07 23331309                  /usr/lib/x86_64-linux-gnu/libz.so.1.2.11
7f817faa9000-7f817faaf000 r--p 00013000 103:07 23331309                  /usr/lib/x86_64-linux-gnu/libz.so.1.2.11
7f817faaf000-7f817fab0000 ---p 00019000 103:07 23331309                  /usr/lib/x86_64-linux-gnu/libz.so.1.2.11
7f817fab0000-7f817fab1000 r--p 00019000 103:07 23331309                  /usr/lib/x86_64-linux-gnu/libz.so.1.2.11
7f817fab1000-7f817fab2000 rw-p 0001a000 103:07 23331309                  /usr/lib/x86_64-linux-gnu/libz.so.1.2.11
7f817fab2000-7f817fab3000 r-xp 00059000 103:07 9175153                   /tmp/lwjgl_mindspice/3.3.3+5/x64/liblwjgl.so
7f817fab3000-7f817fab4000 rw-p 00000000 00:00 0 
7f817fab4000-7f817fab6000 r-xp 00000000 103:07 26949032                  /home/mindspice/code/jdk/openjdk-21-rc/lib/libextnet.so
7f817fab6000-7f817fab7000 r--p 00001000 103:07 26949032                  /home/mindspice/code/jdk/openjdk-21-rc/lib/libextnet.so
7f817fab7000-7f817fab8000 rw-p 00002000 103:07 26949032                  /home/mindspice/code/jdk/openjdk-21-rc/lib/libextnet.so
7f817fab8000-7f817fac0000 rw-s 00000000 103:07 9175155                   /tmp/hsperfdata_mindspice/82326
7f817fac0000-7f817faca000 r-xp 00000000 103:07 26949034                  /home/mindspice/code/jdk/openjdk-21-rc/lib/libinstrument.so
7f817faca000-7f817facb000 ---p 0000a000 103:07 26949034                  /home/mindspice/code/jdk/openjdk-21-rc/lib/libinstrument.so
7f817facb000-7f817facc000 r--p 0000a000 103:07 26949034                  /home/mindspice/code/jdk/openjdk-21-rc/lib/libinstrument.so
7f817facc000-7f817facd000 rw-p 0000b000 103:07 26949034                  /home/mindspice/code/jdk/openjdk-21-rc/lib/libinstrument.so
7f817facd000-7f817face000 ---p 00000000 00:00 0 
7f817face000-7f817facf000 r--p 00000000 00:00 0 
7f817facf000-7f817fad1000 rw-p 00000000 00:00 0 
7f817fad1000-7f817fad3000 r--p 00000000 103:07 23332035                  /usr/lib/x86_64-linux-gnu/ld-linux-x86-64.so.2
7f817fad3000-7f817fafd000 r-xp 00002000 103:07 23332035                  /usr/lib/x86_64-linux-gnu/ld-linux-x86-64.so.2
7f817fafd000-7f817fb08000 r--p 0002c000 103:07 23332035                  /usr/lib/x86_64-linux-gnu/ld-linux-x86-64.so.2
7f817fb08000-7f817fb09000 ---p 00000000 00:00 0 
7f817fb09000-7f817fb0b000 r--p 00037000 103:07 23332035                  /usr/lib/x86_64-linux-gnu/ld-linux-x86-64.so.2
7f817fb0b000-7f817fb0d000 rw-p 00039000 103:07 23332035                  /usr/lib/x86_64-linux-gnu/ld-linux-x86-64.so.2
7ffcafd9a000-7ffcafdbc000 rw-p 00000000 00:00 0                          [stack]
7ffcafde3000-7ffcafde7000 r--p 00000000 00:00 0                          [vvar]
7ffcafde7000-7ffcafde9000 r-xp 00000000 00:00 0                          [vdso]
ffffffffff600000-ffffffffff601000 --xp 00000000 00:00 0                  [vsyscall]
Total number of mappings: 367


VM Arguments:
jvm_args: -javaagent:/home/mindspice/.local/share/JetBrains/Toolbox/apps/IDEA-U/ch-0/222.4345.14/lib/idea_rt.jar=43183:/home/mindspice/.local/share/JetBrains/Toolbox/apps/IDEA-U/ch-0/222.4345.14/bin -Dfile.encoding=UTF-8 -Dsun.stdout.encoding=UTF-8 -Dsun.stderr.encoding=UTF-8 
java_command: io.mindspice.mspice.game.Main
java_class_path (initial): /home/mindspice/code/Java/game/mspice-engine/target/classes:/home/mindspice/.m2/repository/org/lwjgl/lwjgl/3.3.3/lwjgl-3.3.3.jar:/home/mindspice/.m2/repository/org/lwjgl/lwjgl-assimp/3.3.3/lwjgl-assimp-3.3.3.jar:/home/mindspice/.m2/repository/org/lwjgl/lwjgl-glfw/3.3.3/lwjgl-glfw-3.3.3.jar:/home/mindspice/.m2/repository/org/lwjgl/lwjgl-harfbuzz/3.3.3/lwjgl-harfbuzz-3.3.3.jar:/home/mindspice/.m2/repository/org/lwjgl/lwjgl-hwloc/3.3.3/lwjgl-hwloc-3.3.3.jar:/home/mindspice/.m2/repository/org/lwjgl/lwjgl-jemalloc/3.3.3/lwjgl-jemalloc-3.3.3.jar:/home/mindspice/.m2/repository/org/lwjgl/lwjgl-ktx/3.3.3/lwjgl-ktx-3.3.3.jar:/home/mindspice/.m2/repository/org/lwjgl/lwjgl-libdivide/3.3.3/lwjgl-libdivide-3.3.3.jar:/home/mindspice/.m2/repository/org/lwjgl/lwjgl-lz4/3.3.3/lwjgl-lz4-3.3.3.jar:/home/mindspice/.m2/repository/org/lwjgl/lwjgl-meshoptimizer/3.3.3/lwjgl-meshoptimizer-3.3.3.jar:/home/mindspice/.m2/repository/org/lwjgl/lwjgl-openal/3.3.3/lwjgl-openal-3.3.3.jar:/home/mindspice/.m2/repository/org/lwjgl/lwjgl-opengl/3.3.3/lwjgl-opengl-3.3.3.jar:/home/mindspice/.m2/repository/org/lwjgl/lwjgl-remotery/3.3.3/lwjgl-remotery-3.3.3.jar:/home/mindspice/.m2/repository/org/lwjgl/lwjgl-rpmalloc/3.3.3/lwjgl-rpmalloc-3.3.3.jar:/home/mindspice/.m2/repository/org/lwjgl/lwjgl-sse/3.3.3/lwjgl-sse-3.3.3.jar:/home/mindspice/.m2/repository/org/lwjgl/lwjgl-stb/3.3.3/lwjgl-stb-3.3.3.jar:/home/mindspice/.m2/repository/org/lwjgl/lwjgl-vma/3.3.3/lwjgl-vma-3.3.3.jar:/home/mindspice/.m2/repository/org/lwjgl/lwjgl-vulkan/3.3.3/lwjgl-vulkan-3.3.3.jar:/home/mindspice/.m2/repository/org/lwjgl/lwjgl/3.3.3/lwjgl-3.3.3-natives-linux.jar:/home/mindspice/.m2/repository/org/lwjgl/lwjgl-assimp/3.3.3/lwjgl-assimp-3.3.3-natives-linux.jar:/home/mindspice/.m2/repository/org/lwjgl/lwjgl-glfw/3.3.3/lwjgl-glfw-3.3.3-natives-linux.jar:/home/mindspice/.m2/repository/org/lwjgl/lwjgl-harfbuzz/3.3.3/lwjgl-harfbuzz-3.3.3-natives-linux.jar:/home/mindspice/.m2/repository/org/lwjgl/lwjgl-hwloc/3.3.3/lwjgl-hwloc-3.3.3-natives-linux.jar:/home/mindspice/.m2/repository/org/lwjgl/lwjgl-jemalloc/3.3.3/lwjgl-jemalloc-3.3.3-natives-linux.jar:/home/mindspice/.m2/repository/org/lwjgl/lwjgl-ktx/3.3.3/lwjgl-ktx-3.3.3-natives-linux.jar:/home/mindspice/.m2/repository/org/lwjgl/lwjgl-libdivide/3.3.3/lwjgl-libdivide-3.3.3-natives-linux.jar:/home/mindspice/.m2/repository/org/lwjgl/lwjgl-lz4/3.3.3/lwjgl-lz4-3.3.3-natives-linux.jar:/home/mindspice/.m2/repository/org/lwjgl/lwjgl-meshoptimizer/3.3.3/lwjgl-meshoptimizer-3.3.3-natives-linux.jar:/home/mindspice/.m2/repository/org/lwjgl/lwjgl-openal/3.3.3/lwjgl-openal-3.3.3-natives-linux.jar:/home/mindspice/.m2/repository/org/lwjgl/lwjgl-opengl/3.3.3/lwjgl-opengl-3.3.3-natives-linux.jar:/home/mindspice/.m2/repository/org/lwjgl/lwjgl-remotery/3.3.3/lwjgl-remotery-3.3.3-natives-linux.jar:/home/mindspice/.m2/repository/org/lwjgl/lwjgl-rpmalloc/3.3.3/lwjgl-rpmalloc-3.3.3-natives-linux.jar:/home/mindspice/.m2/repository/org/lwjgl/lwjgl-sse/3.3.3/lwjgl-sse-3.3.3-natives-linux.jar:/home/mindspice/.m2/repository/org/lwjgl/lwjgl-stb/3.3.3/lwjgl-stb-3.3.3-natives-linux.jar:/home/mindspice/.m2/repository/org/lwjgl/lwjgl-vma/3.3.3/lwjgl-vma-3.3.3-natives-linux.jar:/home/mindspice/.m2/repository/org/joml/joml/1.10.5/joml-1.10.5.jar
Launcher Type: SUN_STANDARD

[Global flags]
     intx CICompilerCount                          = 12                                        {product} {ergonomic}
     uint ConcGCThreads                            = 5                                         {product} {ergonomic}
     uint G1ConcRefinementThreads                  = 18                                        {product} {ergonomic}
   size_t G1HeapRegionSize                         = 8388608                                   {product} {ergonomic}
    uintx GCDrainStackTargetSize                   = 64                                        {product} {ergonomic}
   size_t InitialHeapSize                          = 1056964608                                {product} {ergonomic}
   size_t MarkStackSize                            = 4194304                                   {product} {ergonomic}
   size_t MaxHeapSize                              = 16835936256                               {product} {ergonomic}
   size_t MaxNewSize                               = 10099884032                               {product} {ergonomic}
   size_t MinHeapDeltaBytes                        = 8388608                                   {product} {ergonomic}
   size_t MinHeapSize                              = 8388608                                   {product} {ergonomic}
    uintx NonNMethodCodeHeapSize                   = 7602480                                {pd product} {ergonomic}
    uintx NonProfiledCodeHeapSize                  = 122027880                              {pd product} {ergonomic}
    uintx ProfiledCodeHeapSize                     = 122027880                              {pd product} {ergonomic}
    uintx ReservedCodeCacheSize                    = 251658240                              {pd product} {ergonomic}
     bool SegmentedCodeCache                       = true                                      {product} {ergonomic}
   size_t SoftMaxHeapSize                          = 16835936256                            {manageable} {ergonomic}
     bool UseCompressedOops                        = true                           {product lp64_product} {ergonomic}
     bool UseG1GC                                  = true                                      {product} {ergonomic}

Logging:
Log output configuration:
 #0: stdout all=warning uptime,level,tags foldmultilines=false
 #1: stderr all=off uptime,level,tags foldmultilines=false

Environment Variables:
PATH=/home/mindspice/.local/bin:/usr/local/sbin:/usr/local/bin:/usr/sbin:/usr/bin:/sbin:/bin:/usr/games:/usr/local/games:/snap/bin:/home/mindspice/.local/share/JetBrains/Toolbox/scripts
USERNAME=mindspice
SHELL=/bin/bash
DISPLAY=:1
LANG=en_US.UTF-8

Active Locale:
LC_ALL=en_US.UTF-8
LC_COLLATE=en_US.UTF-8
LC_CTYPE=en_US.UTF-8
LC_MESSAGES=en_US.UTF-8
LC_MONETARY=en_US.UTF-8
LC_NUMERIC=en_US.UTF-8
LC_TIME=en_US.UTF-8

Signal Handlers:
   SIGSEGV: crash_handler in libjvm.so, mask=11100100010111111101111111111110, flags=SA_RESTART|SA_SIGINFO, unblocked
    SIGBUS: crash_handler in libjvm.so, mask=11100100010111111101111111111110, flags=SA_RESTART|SA_SIGINFO, unblocked
    SIGFPE: crash_handler in libjvm.so, mask=11100100010111111101111111111110, flags=SA_RESTART|SA_SIGINFO, unblocked
   SIGPIPE: javaSignalHandler in libjvm.so, mask=11100100010111111101111111111110, flags=SA_RESTART|SA_SIGINFO, blocked
   SIGXFSZ: javaSignalHandler in libjvm.so, mask=11100100010111111101111111111110, flags=SA_RESTART|SA_SIGINFO, blocked
    SIGILL: crash_handler in libjvm.so, mask=11100100010111111101111111111110, flags=SA_RESTART|SA_SIGINFO, unblocked
   SIGUSR2: SR_handler in libjvm.so, mask=00100000000000000000000000000000, flags=SA_RESTART|SA_SIGINFO, blocked
    SIGHUP: SIG_IGN, mask=00000000000000000000000000000000, flags=none, blocked
    SIGINT: UserHandler in libjvm.so, mask=11100100010111111101111111111110, flags=SA_RESTART|SA_SIGINFO, blocked
   SIGTERM: UserHandler in libjvm.so, mask=11100100010111111101111111111110, flags=SA_RESTART|SA_SIGINFO, blocked
   SIGQUIT: UserHandler in libjvm.so, mask=11100100010111111101111111111110, flags=SA_RESTART|SA_SIGINFO, blocked
   SIGTRAP: crash_handler in libjvm.so, mask=11100100010111111101111111111110, flags=SA_RESTART|SA_SIGINFO, unblocked


---------------  S Y S T E M  ---------------

OS:
DISTRIB_ID=Pop
DISTRIB_RELEASE=22.04
DISTRIB_CODENAME=jammy
DISTRIB_DESCRIPTION="Pop!_OS 22.04 LTS"
uname: Linux 6.4.6-76060406-generic #202307241739~1694621917~22.04~ac5e1a8 SMP PREEMPT_DYNAMIC Wed S x86_64
OS uptime: 0 days 11:47 hours
libc: glibc 2.35 NPTL 2.35 
rlimit (soft/hard): STACK 8192k/infinity , CORE 0k/infinity , NPROC 256363/256363 , NOFILE 1048576/1048576 , AS infinity/infinity , CPU infinity/infinity , DATA infinity/infinity , FSIZE infinity/infinity , MEMLOCK 8219220k/8219220k
load average: 0.58 0.85 0.96

/proc/meminfo:
MemTotal:       65753772 kB
MemFree:         6010160 kB
MemAvailable:   26000680 kB
Buffers:          654884 kB
Cached:         22784552 kB
SwapCached:            0 kB
Active:         28851392 kB
Inactive:       27070224 kB
Active(anon):   25343008 kB
Inactive(anon):  7482700 kB
Active(file):    3508384 kB
Inactive(file): 19587524 kB
Unevictable:         216 kB
Mlocked:             216 kB
SwapTotal:      16777212 kB
SwapFree:       16776700 kB
Zswap:                 0 kB
Zswapped:              0 kB
Dirty:              2812 kB
Writeback:             0 kB
AnonPages:      32476364 kB
Mapped:          2565312 kB
Shmem:            343528 kB
KReclaimable:    1870592 kB
Slab:            2445704 kB
SReclaimable:    1870592 kB
SUnreclaim:       575112 kB
KernelStack:       54736 kB
PageTables:       167440 kB
SecPageTables:      9636 kB
NFS_Unstable:          0 kB
Bounce:                0 kB
WritebackTmp:          0 kB
CommitLimit:    49654096 kB
Committed_AS:   64579616 kB
VmallocTotal:   34359738367 kB
VmallocUsed:      306332 kB
VmallocChunk:          0 kB
Percpu:            46464 kB
HardwareCorrupted:     0 kB
AnonHugePages:   6080512 kB
ShmemHugePages:        0 kB
ShmemPmdMapped:        0 kB
FileHugePages:         0 kB
FilePmdMapped:         0 kB
HugePages_Total:       0
HugePages_Free:        0
HugePages_Rsvd:        0
HugePages_Surp:        0
Hugepagesize:       2048 kB
Hugetlb:               0 kB
DirectMap4k:     2026820 kB
DirectMap2M:    46129152 kB
DirectMap1G:    18874368 kB

/sys/kernel/mm/transparent_hugepage/enabled: always [madvise] never
/sys/kernel/mm/transparent_hugepage/defrag (defrag/compaction efforts parameter): always defer defer+madvise [madvise] never

Process Memory:
Virtual Size: 20053920K (peak: 20116808K)
Resident Set Size: 113844K (peak: 113844K) (anon: 64200K, file: 49644K, shmem: 0K)
Swapped out: 0K
C-Heap outstanding allocations: 65057K, retained: 4314K
glibc malloc tunables: (default)

/proc/sys/kernel/threads-max (system-wide limit on the number of threads): 512726
/proc/sys/vm/max_map_count (maximum number of memory map areas a process may have): 2147483642
/proc/sys/kernel/pid_max (system-wide limit on number of process identifiers): 4194304

container (cgroup) information:
container_type: cgroupv2
cpu_cpuset_cpus: not supported
cpu_memory_nodes: not supported
active_processor_count: 24
cpu_quota: not supported
cpu_period: not supported
cpu_shares: not supported
memory_limit_in_bytes: unlimited
memory_and_swap_limit_in_bytes: unlimited
memory_soft_limit_in_bytes: unlimited
memory_usage_in_bytes: 11400980 k
memory_max_usage_in_bytes: not supported
memory_swap_current_in_bytes: unlimited
memory_swap_max_limit_in_bytes: unlimited
maximum number of tasks: 76908
current number of tasks: 809

Steal ticks since vm start: 0
Steal ticks percentage since vm start:  0.000

CPU: total 24 (initial active 24) (24 cores per cpu, 2 threads per core) family 25 model 33 stepping 0 microcode 0xa201016, cx8, cmov, fxsr, ht, mmx, 3dnowpref, sse, sse2, sse3, ssse3, sse4a, sse4.1, sse4.2, popcnt, lzcnt, tsc, tscinvbit, avx, avx2, aes, erms, clmul, bmi1, bmi2, adx, sha, fma, vzeroupper, clflush, clflushopt, rdtscp, rdpid, fsrm, f16c, pku, ospke, cet_ss
CPU Model and flags from /proc/cpuinfo:
model name	: AMD Ryzen 9 5900X 12-Core Processor
flags		: fpu vme de pse tsc msr pae mce cx8 apic sep mtrr pge mca cmov pat pse36 clflush mmx fxsr sse sse2 ht syscall nx mmxext fxsr_opt pdpe1gb rdtscp lm constant_tsc rep_good nopl nonstop_tsc cpuid extd_apicid aperfmperf rapl pni pclmulqdq monitor ssse3 fma cx16 sse4_1 sse4_2 x2apic movbe popcnt aes xsave avx f16c rdrand lahf_lm cmp_legacy svm extapic cr8_legacy abm sse4a misalignsse 3dnowprefetch osvw ibs skinit wdt tce topoext perfctr_core perfctr_nb bpext perfctr_llc mwaitx cpb cat_l3 cdp_l3 hw_pstate ssbd mba ibrs ibpb stibp vmmcall fsgsbase bmi1 avx2 smep bmi2 erms invpcid cqm rdt_a rdseed adx smap clflushopt clwb sha_ni xsaveopt xsavec xgetbv1 xsaves cqm_llc cqm_occup_llc cqm_mbm_total cqm_mbm_local clzero irperf xsaveerptr rdpru wbnoinvd arat npt lbrv svm_lock nrip_save tsc_scale vmcb_clean flushbyasid decodeassists pausefilter pfthreshold avic v_vmsave_vmload vgif v_spec_ctrl umip pku ospke vaes vpclmulqdq rdpid overflow_recov succor smca fsrm

Online cpus: 0-23
Offline cpus: 24-31
BIOS frequency limitation: 3700000
Frequency switch latency (ns): 0
Available cpu frequencies: 3700000 2800000 2200000 
Current governor: schedutil
Core performance/turbo boost: 1

Memory: 4k page, physical 65753772k(26000680k free), swap 16777212k(16776700k free)
Page Sizes: 4k

vm_info: OpenJDK 64-Bit Server VM (21+35-2513) for linux-amd64 JRE (21+35-2513), built on 2023-08-09T20:25:10Z by "mach5one" with gcc 11.2.0

END.
