#
# A fatal error has been detected by the Java Runtime Environment:
#
#  SIGSEGV (0xb) at pc=0x00007f1f7138c473, pid=81177, tid=81181
#
# JRE version: OpenJDK Runtime Environment (21.0+35) (build 21+35-2513)
# Java VM: OpenJDK 64-Bit Server VM (21+35-2513, mixed mode, sharing, tiered, compressed oops, compressed class ptrs, g1 gc, linux-amd64)
# Problematic frame:
# V  [libjvm.so+0x58c473]  AccessInternal::PostRuntimeDispatch<G1BarrierSet::AccessBarrier<548964ul, G1BarrierSet>, (AccessInternal::BarrierType)0, 548964ul>::oop_access_barrier(void*, oopDesc*)+0x53
#
# Core dump will be written. Default location: Core dumps may be processed with "/usr/share/apport/apport -p%p -s%s -c%c -d%d -P%P -u%u -g%g -- %E" (or dumping to /home/mindspice/code/Java/game/mspice-engine/core.81177)
#
# If you would like to submit a bug report, please visit:
#   https://bugreport.java.com/bugreport/crash.jsp
#

---------------  S U M M A R Y ------------

Command Line: -javaagent:/home/mindspice/.local/share/JetBrains/Toolbox/apps/IDEA-U/ch-0/222.4345.14/lib/idea_rt.jar=33115:/home/mindspice/.local/share/JetBrains/Toolbox/apps/IDEA-U/ch-0/222.4345.14/bin -Dfile.encoding=UTF-8 -Dsun.stdout.encoding=UTF-8 -Dsun.stderr.encoding=UTF-8 io.mindspice.mspice.game.Main

Host: AMD Ryzen 9 5900X 12-Core Processor, 24 cores, 62G, Pop!_OS 22.04 LTS
Time: Sun Sep 24 19:26:39 2023 EDT elapsed time: 3.159509 seconds (0d 0h 0m 3s)

---------------  T H R E A D  ---------------

Current thread (0x00007f1f6c02b110):  JavaThread "main"             [_thread_in_vm, id=81181, stack(0x00007f1f70d00000,0x00007f1f70e00000) (1024K)]

Stack: [0x00007f1f70d00000,0x00007f1f70e00000],  sp=0x00007f1f70dfe4e0,  free space=1017k
Native frames: (J=compiled Java code, j=interpreted, Vv=VM code, C=native code)
V  [libjvm.so+0x58c473]  AccessInternal::PostRuntimeDispatch<G1BarrierSet::AccessBarrier<548964ul, G1BarrierSet>, (AccessInternal::BarrierType)0, 548964ul>::oop_access_barrier(void*, oopDesc*)+0x53
V  [libjvm.so+0x9a9cfe]  JNIHandles::destroy_global(_jobject*)+0x1e
V  [libjvm.so+0x9725cf]  jni_DeleteGlobalRef+0x6f
j  org.lwjgl.system.jni.JNINativeInterface.nDeleteGlobalRef(J)V+0
j  org.lwjgl.system.jni.JNINativeInterface.DeleteGlobalRef(J)V+12
j  org.lwjgl.system.Callback.free(J)V+25
j  org.lwjgl.system.Callback.free()V+4
j  io.mindspice.mspice.core.GameInput.cleanup()V+4
j  io.mindspice.mspice.core.GameEngine.cleanup()V+11
j  io.mindspice.mspice.core.GameEngine.run()V+272
j  io.mindspice.mspice.game.Main.main([Ljava/lang/String;)V+82
v  ~StubRoutines::call_stub 0x00007f1f5be5fcc6
V  [libjvm.so+0x8dd585]  JavaCalls::call_helper(JavaValue*, methodHandle const&, JavaCallArguments*, JavaThread*)+0x2e5
V  [libjvm.so+0x983b40]  jni_invoke_static(JNIEnv_*, JavaValue*, _jobject*, JNICallType, _jmethodID*, JNI_ArgumentPusher*, JavaThread*) [clone .constprop.1]+0x390
V  [libjvm.so+0x98643b]  jni_CallStaticVoidMethod+0x12b
C  [libjli.so+0x5294]  JavaMain+0x1054
C  [libjli.so+0x7e49]  ThreadJavaMain+0x9
Java frames: (J=compiled Java code, j=interpreted, Vv=VM code)
j  org.lwjgl.system.jni.JNINativeInterface.nDeleteGlobalRef(J)V+0
j  org.lwjgl.system.jni.JNINativeInterface.DeleteGlobalRef(J)V+12
j  org.lwjgl.system.Callback.free(J)V+25
j  org.lwjgl.system.Callback.free()V+4
j  io.mindspice.mspice.core.GameInput.cleanup()V+4
j  io.mindspice.mspice.core.GameEngine.cleanup()V+11
j  io.mindspice.mspice.core.GameEngine.run()V+272
j  io.mindspice.mspice.game.Main.main([Ljava/lang/String;)V+82
v  ~StubRoutines::call_stub 0x00007f1f5be5fcc6

siginfo: si_signo: 11 (SIGSEGV), si_code: 1 (SEGV_MAPERR), si_addr: 0x000000000000003e

Registers:
RAX=0x00007f1f7220b450, RBX=0x000000000000003e, RCX=0x0000000000000010, RDX=0x0000000000000040
RSP=0x00007f1f70dfe4e0, RBP=0x00007f1f70dfe500, RSI=0x0000000000000000, RDI=0x000000000000003e
R8 =0x00007f1edf40ee18, R9 =0x0000000000000002, R10=0x00007f1f5be6b951, R11=0x0000000452803f58
R12=0x0000000000000000, R13=0x00007f1f6c049ce0, R14=0x00007f1f70dfe5d8, R15=0x00007f1f6c02b110
RIP=0x00007f1f7138c473, EFLAGS=0x0000000000010246, CSGSFS=0x002b000000000033, ERR=0x0000000000000006
  TRAPNO=0x000000000000000e


Register to memory mapping:

RAX=0x00007f1f7220b450: <offset 0x000000000140b450> in /home/mindspice/code/jdk/openjdk-21-rc/lib/server/libjvm.so at 0x00007f1f70e00000
RBX=0x000000000000003e is an unknown value
RCX=0x0000000000000010 is an unknown value
RDX=0x0000000000000040 is an unknown value
RSP=0x00007f1f70dfe4e0 is pointing into the stack for thread: 0x00007f1f6c02b110
RBP=0x00007f1f70dfe500 is pointing into the stack for thread: 0x00007f1f6c02b110
RSI=0x0 is null
RDI=0x000000000000003e is an unknown value
R8 ={method} {0x00007f1edf40ee18} 'free' '()V' in 'org/lwjgl/system/Callback'
R9 =0x0000000000000002 is an unknown value
R10=0x00007f1f5be6b951 is at code_begin+1009 in an Interpreter codelet
native method entry point (kind = native)  [0x00007f1f5be6b560, 0x00007f1f5be6bfd0]  2672 bytes
R11=0x0000000452803f58 is an oop: java.lang.Class 
{0x0000000452803f58} - klass: 'java/lang/Class'
 - ---- fields (total size 27 words):
 - private volatile transient 'classRedefinedCount' 'I' @12  0 (0x00000000)
 - injected 'klass' 'J' @16  139770651022416 (0x00007f1ee4011450)
 - injected 'array_klass' 'J' @24  0 (0x0000000000000000)
 - injected 'oop_size' 'I' @32  27 (0x0000001b)
 - injected 'static_oop_field_count' 'I' @36  0 (0x00000000)
 - private volatile transient 'cachedConstructor' 'Ljava/lang/reflect/Constructor;' @40  null (0x00000000)
 - private transient 'name' 'Ljava/lang/String;' @44  "org.lwjgl.system.jni.JNINativeInterface"{0x0000000452804030} (0x8a500806)
 - private transient 'module' 'Ljava/lang/Module;' @48  a 'java/lang/Module'{0x0000000453015290} (0x8a602a52)
 - private final 'classLoader' 'Ljava/lang/ClassLoader;' @52  a 'jdk/internal/loader/ClassLoaders$AppClassLoader'{0x0000000453015100} (0x8a602a20)
 - private transient 'classData' 'Ljava/lang/Object;' @56  null (0x00000000)
 - private transient 'packageName' 'Ljava/lang/String;' @60  "org.lwjgl.system.jni"{0x00000004537a4bb8} (0x8a6f4977)
 - private final 'componentType' 'Ljava/lang/Class;' @64  null (0x00000000)
 - private volatile transient 'reflectionData' 'Ljava/lang/ref/SoftReference;' @68  null (0x00000000)
 - private volatile transient 'genericInfo' 'Lsun/reflect/generics/repository/ClassRepository;' @72  null (0x00000000)
 - private volatile transient 'enumConstants' '[Ljava/lang/Object;' @76  null (0x00000000)
 - private volatile transient 'enumConstantDirectory' 'Ljava/util/Map;' @80  null (0x00000000)
 - private volatile transient 'annotationData' 'Ljava/lang/Class$AnnotationData;' @84  null (0x00000000)
 - private volatile transient 'annotationType' 'Lsun/reflect/annotation/AnnotationType;' @88  null (0x00000000)
 - transient 'classValueMap' 'Ljava/lang/ClassValue$ClassValueMap;' @92  null (0x00000000)
 - injected 'protection_domain' 'Ljava/lang/Object;' @96  a 'java/security/ProtectionDomain'{0x0000000453527db0} (0x8a6a4fb6)
 - injected 'signers_name' 'Ljava/lang/Object;' @100  null (0x00000000)
 - injected 'source_file' 'Ljava/lang/Object;' @104  null (0x00000000)
 - signature: Lorg/lwjgl/system/jni/JNINativeInterface;
 - ---- static fields (0):
 - public static final 'JNI_VERSION_1_1' 'I' @112  65537 (0x00010001)
 - public static final 'JNI_VERSION_1_2' 'I' @116  65538 (0x00010002)
 - public static final 'JNI_VERSION_1_4' 'I' @120  65540 (0x00010004)
 - public static final 'JNI_VERSION_1_6' 'I' @124  65542 (0x00010006)
 - public static final 'JNI_VERSION_1_8' 'I' @128  65544 (0x00010008)
 - public static final 'JNI_VERSION_9' 'I' @132  589824 (0x00090000)
 - public static final 'JNI_VERSION_10' 'I' @136  655360 (0x000a0000)
 - public static final 'JNI_VERSION_19' 'I' @140  1245184 (0x00130000)
 - public static final 'JNI_VERSION_20' 'I' @144  1310720 (0x00140000)
 - public static final 'JNI_VERSION_21' 'I' @148  1376256 (0x00150000)
 - public static final 'JNIInvalidRefType' 'I' @152  0 (0x00000000)
 - public static final 'JNILocalRefType' 'I' @156  1 (0x00000001)
 - public static final 'JNIGlobalRefType' 'I' @160  2 (0x00000002)
 - public static final 'JNIWeakGlobalRefType' 'I' @164  3 (0x00000003)
 - public static final 'JNI_FALSE' 'I' @168  0 (0x00000000)
 - public static final 'JNI_TRUE' 'I' @172  1 (0x00000001)
 - public static final 'JNI_OK' 'I' @176  0 (0x00000000)
 - public static final 'JNI_ERR' 'I' @180  -1 (0xffffffff)
 - public static final 'JNI_EDETACHED' 'I' @184  -2 (0xfffffffe)
 - public static final 'JNI_EVERSION' 'I' @188  -3 (0xfffffffd)
 - public static final 'JNI_ENOMEM' 'I' @192  -4 (0xfffffffc)
 - public static final 'JNI_EEXIST' 'I' @196  -5 (0xfffffffb)
 - public static final 'JNI_EINVAL' 'I' @200  -6 (0xfffffffa)
 - public static final 'JNI_COMMIT' 'I' @204  1 (0x00000001)
 - public static final 'JNI_ABORT' 'I' @208  2 (0x00000002)
R12=0x0 is null
R13=0x00007f1f6c049ce0 points into unknown readable memory: 0x00007f1f721caa68 | 68 aa 1c 72 1f 7f 00 00
R14=0x00007f1f70dfe5d8 is pointing into the stack for thread: 0x00007f1f6c02b110
R15=0x00007f1f6c02b110 is a thread

Top of Stack: (sp=0x00007f1f70dfe4e0)
0x00007f1f70dfe4e0:   00007f1f6c02b110 000000000000003e
0x00007f1f70dfe4f0:   00007f1edf467d70 00007f1f70dfe5d8
0x00007f1f70dfe500:   00007f1f70dfe520 00007f1f717a9cfe
0x00007f1f70dfe510:   0000000000000000 0000000000000040
0x00007f1f70dfe520:   00007f1f70dfe540 00007f1f717725cf
0x00007f1f70dfe530:   00007f1edf467d70 0000000000000000
0x00007f1f70dfe540:   00007f1f70dfe5b0 00007f1f5be6b980
0x00007f1f70dfe550:   0000000452e1c0f0 0000000452e1c0f0
0x00007f1f70dfe560:   00007f1f70dfe5c8 00007f1f70dfe568
0x00007f1f70dfe570:   0000000000000000 0000000000000005
0x00007f1f70dfe580:   00007f1edf473d48 0000000000000000
0x00007f1f70dfe590:   0000000452803f58 00007f1edf467d70
0x00007f1f70dfe5a0:   0000000000000000 00007f1f70dfe5d0
0x00007f1f70dfe5b0:   00007f1f70dfe628 00007f1f5be67166
0x00007f1f70dfe5c0:   0000000452803f58 00007f1f5be68f97
0x00007f1f70dfe5d0:   0000000000000040 0000000000000000
0x00007f1f70dfe5e0:   00007f1f70dfe5e0 00007f1edf467e1c
0x00007f1f70dfe5f0:   0000000000000003 00007f1edf473d48
0x00007f1f70dfe600:   0000000000000000 0000000452803f58
0x00007f1f70dfe610:   00007f1edf467e40 00007f1f70dfe5d0
0x00007f1f70dfe620:   00007f1f70dfe638 00007f1f70dfe690
0x00007f1f70dfe630:   00007f1f5be67166 0000000000000040
0x00007f1f70dfe640:   0000000000000000 00007f1f70dfe648
0x00007f1f70dfe650:   00007f1edf40f3b1 0000000000000004
0x00007f1f70dfe660:   00007f1edf418158 0000000000000000
0x00007f1f70dfe670:   000000045352fb48 00007f1edf40f3e0
0x00007f1f70dfe680:   00007f1f70dfe638 00007f1f70dfe6a8
0x00007f1f70dfe690:   00007f1f70dfe700 00007f1f5be67166
0x00007f1f70dfe6a0:   00000004528cda70 00007f1f72697fe0
0x00007f1f70dfe6b0:   0000000000000000 00007f1f70dfe6b8
0x00007f1f70dfe6c0:   00007f1edf40edfc 0000000000000002
0x00007f1f70dfe6d0:   00007f1edf418158 0000000000000000 

Instructions: (pc=0x00007f1f7138c473)
0x00007f1f7138c373:   80 00 00 00 00 48 8d 05 41 00 00 00 e9 53 ff ff
0x00007f1f7138c383:   ff 0f 1f 40 00 48 8d 05 d1 fe ff ff e9 43 ff ff
0x00007f1f7138c393:   ff 48 8d 05 95 fc e4 00 48 8d 0d c6 c2 ad 00 ba
0x00007f1f7138c3a3:   e2 00 00 00 48 8d 35 f2 c2 ad 00 bf 00 00 00 e0
0x00007f1f7138c3b3:   48 8b 00 c6 00 58 31 c0 e8 30 14 10 00 55 48 8d
0x00007f1f7138c3c3:   05 88 f0 e7 00 48 89 e5 41 56 41 55 41 54 49 89
0x00007f1f7138c3d3:   f4 53 4c 8b 28 48 89 fb 41 80 bd 18 06 00 00 00
0x00007f1f7138c3e3:   74 2e 4c 8b 37 4d 85 f6 74 26 66 48 8d 3d db 9f
0x00007f1f7138c3f3:   e4 00 66 66 48 e8 a3 00 d0 ff 49 8d bd f0 04 00
0x00007f1f7138c403:   00 4c 89 f2 48 8b 30 48 83 c6 28 e8 fd 39 7e 00
0x00007f1f7138c413:   4c 89 23 5b 41 5c 41 5d 41 5e 5d c3 90 55 48 8d
0x00007f1f7138c423:   05 28 f0 e7 00 48 89 e5 41 56 41 55 41 54 49 89
0x00007f1f7138c433:   f4 53 4c 8b 28 48 89 fb 41 80 bd 18 06 00 00 00
0x00007f1f7138c443:   74 2e 4c 8b 37 4d 85 f6 74 26 66 48 8d 3d 7b 9f
0x00007f1f7138c453:   e4 00 66 66 48 e8 43 00 d0 ff 49 8d bd f0 04 00
0x00007f1f7138c463:   00 4c 89 f2 48 8b 30 48 83 c6 28 e8 9d 39 7e 00
0x00007f1f7138c473:   4c 89 23 5b 41 5c 41 5d 41 5e 5d c3 90 55 48 89
0x00007f1f7138c483:   e5 41 55 4c 8d 2d 93 21 b5 00 41 54 49 89 fc 53
0x00007f1f7138c493:   48 89 f3 48 83 ec 08 48 8b 07 48 8d 15 1c a6 ed
0x00007f1f7138c4a3:   00 48 89 c1 48 23 0a 75 34 48 8d 05 15 a6 ed 00
0x00007f1f7138c4b3:   48 8b 10 48 89 d0 48 c1 e8 0c 83 e0 0f 41 8b 4c
0x00007f1f7138c4c3:   85 00 48 d3 e3 48 09 d3 49 89 1c 24 48 83 c4 08
0x00007f1f7138c4d3:   5b 41 5c 41 5d 5d c3 66 0f 1f 44 00 00 48 89 c7
0x00007f1f7138c4e3:   48 81 e7 0f 00 ff ff 74 24 48 89 c2 48 89 c7 48
0x00007f1f7138c4f3:   89 c6 48 c1 ea 0c 83 e2 0f 41 8b 4c 95 00 48 8d
0x00007f1f7138c503:   15 d8 a5 ed 00 48 d3 ef 48 23 32 75 10 e8 1b 81
0x00007f1f7138c513:   a1 00 eb 95 66 0f 1f 84 00 00 00 00 00 48 8d 0d
0x00007f1f7138c523:   e9 a5 ed 00 48 89 c2 81 e2 00 f0 00 00 48 89 d6
0x00007f1f7138c533:   48 23 31 75 58 48 8d 0d d9 a5 ed 00 48 23 11 75
0x00007f1f7138c543:   5c 83 e0 30 48 83 f8 30 74 53 48 8d 05 d4 a7 ed
0x00007f1f7138c553:   00 48 8b 30 48 8d 05 d2 a5 ed 00 48 8b 08 48 8b
0x00007f1f7138c563:   56 28 48 21 f9 48 89 c8 48 c1 e8 15 48 8d 04 c2 


Stack slot to memory mapping:

stack at sp + 0 slots: 0x00007f1f6c02b110 is a thread
stack at sp + 1 slots: 0x000000000000003e is an unknown value
stack at sp + 2 slots: {method} {0x00007f1edf467d70} 'nDeleteGlobalRef' '(J)V' in 'org/lwjgl/system/jni/JNINativeInterface'
stack at sp + 3 slots: 0x00007f1f70dfe5d8 is pointing into the stack for thread: 0x00007f1f6c02b110
stack at sp + 4 slots: 0x00007f1f70dfe520 is pointing into the stack for thread: 0x00007f1f6c02b110
stack at sp + 5 slots: 0x00007f1f717a9cfe: <offset 0x00000000009a9cfe> in /home/mindspice/code/jdk/openjdk-21-rc/lib/server/libjvm.so at 0x00007f1f70e00000
stack at sp + 6 slots: 0x0 is null
stack at sp + 7 slots: 0x0000000000000040 is an unknown value


---------------  P R O C E S S  ---------------

Threads class SMR info:
_java_thread_list=0x00007f1ec8002150, length=15, elements={
0x00007f1f6c02b110, 0x00007f1f6c15cdd0, 0x00007f1f6c15e420, 0x00007f1f6c15ff00,
0x00007f1f6c161540, 0x00007f1f6c162ae0, 0x00007f1f6c1646a0, 0x00007f1f6c165d60,
0x00007f1f6c17f910, 0x00007f1eb80564e0, 0x00007f1eb805fa00, 0x00007f1f6c3360c0,
0x00007f1f6c3369a0, 0x00007f1eb4056830, 0x00007f1ec8000ff0
}

Java Threads: ( => current thread )
=>0x00007f1f6c02b110 JavaThread "main"                              [_thread_in_vm, id=81181, stack(0x00007f1f70d00000,0x00007f1f70e00000) (1024K)]
  0x00007f1f6c15cdd0 JavaThread "Reference Handler"          daemon [_thread_blocked, id=81191, stack(0x00007f1f30dd3000,0x00007f1f30ed3000) (1024K)]
  0x00007f1f6c15e420 JavaThread "Finalizer"                  daemon [_thread_blocked, id=81192, stack(0x00007f1f30cd3000,0x00007f1f30dd3000) (1024K)]
  0x00007f1f6c15ff00 JavaThread "Signal Dispatcher"          daemon [_thread_blocked, id=81193, stack(0x00007f1f30bd3000,0x00007f1f30cd3000) (1024K)]
  0x00007f1f6c161540 JavaThread "Service Thread"             daemon [_thread_blocked, id=81194, stack(0x00007f1f30ad3000,0x00007f1f30bd3000) (1024K)]
  0x00007f1f6c162ae0 JavaThread "Monitor Deflation Thread"   daemon [_thread_blocked, id=81195, stack(0x00007f1f309d3000,0x00007f1f30ad3000) (1024K)]
  0x00007f1f6c1646a0 JavaThread "C2 CompilerThread0"         daemon [_thread_blocked, id=81196, stack(0x00007f1f308d3000,0x00007f1f309d3000) (1024K)]
  0x00007f1f6c165d60 JavaThread "C1 CompilerThread0"         daemon [_thread_blocked, id=81197, stack(0x00007f1f307d3000,0x00007f1f308d3000) (1024K)]
  0x00007f1f6c17f910 JavaThread "Common-Cleaner"             daemon [_thread_blocked, id=81201, stack(0x00007f1f30603000,0x00007f1f30703000) (1024K)]
  0x00007f1eb80564e0 JavaThread "C1 CompilerThread1"         daemon [_thread_blocked, id=81202, stack(0x00007f1f30503000,0x00007f1f30603000) (1024K)]
  0x00007f1eb805fa00 JavaThread "C1 CompilerThread2"         daemon [_thread_blocked, id=81203, stack(0x00007f1f30403000,0x00007f1f30503000) (1024K)]
  0x00007f1f6c3360c0 JavaThread "Monitor Ctrl-Break"         daemon [_thread_in_native, id=81212, stack(0x00007f1f30203000,0x00007f1f30303000) (1024K)]
  0x00007f1f6c3369a0 JavaThread "Notification Thread"        daemon [_thread_blocked, id=81213, stack(0x00007f1f30103000,0x00007f1f30203000) (1024K)]
  0x00007f1eb4056830 JavaThread "C1 CompilerThread3"         daemon [_thread_blocked, id=81222, stack(0x00007f1f30303000,0x00007f1f30403000) (1024K)]
  0x00007f1ec8000ff0 JavaThread "Attach Listener"            daemon [_thread_blocked, id=81249, stack(0x00007f1ea7f00000,0x00007f1ea8000000) (1024K)]
Total: 15

Other Threads:
  0x00007f1f6c14f730 VMThread "VM Thread"                           [id=81190, stack(0x00007f1f30ed4000,0x00007f1f30fd4000) (1024K)]
  0x00007f1f6c134b90 WatcherThread "VM Periodic Task Thread"        [id=81189, stack(0x00007f1f30fd5000,0x00007f1f310d5000) (1024K)]
  0x00007f1f6c058f50 WorkerThread "GC Thread#0"                     [id=81182, stack(0x00007f1f40824000,0x00007f1f40924000) (1024K)]
  0x00007f1f6c069f90 ConcurrentGCThread "G1 Main Marker"            [id=81183, stack(0x00007f1f40723000,0x00007f1f40823000) (1024K)]
  0x00007f1f6c06ae70 WorkerThread "G1 Conc#0"                       [id=81184, stack(0x00007f1f40622000,0x00007f1f40722000) (1024K)]
  0x00007f1f6c122560 ConcurrentGCThread "G1 Refine#0"               [id=81187, stack(0x00007f1f312f4000,0x00007f1f313f4000) (1024K)]
  0x00007f1f6c123510 ConcurrentGCThread "G1 Service"                [id=81188, stack(0x00007f1f311f3000,0x00007f1f312f3000) (1024K)]
Total: 7

Threads with active compile tasks:
Total: 0

VM state: not at safepoint (normal execution)

VM Mutex/Monitor currently owned by a thread: None

Heap address: 0x0000000414800000, size: 16056 MB, Compressed Oops mode: Zero based, Oop shift amount: 3

CDS archive(s) mapped at: [0x00007f1ee3000000-0x00007f1ee3ca5000-0x00007f1ee3ca5000), size 13258752, SharedBaseAddress: 0x00007f1ee3000000, ArchiveRelocationMode: 1.
Compressed class space mapped at: 0x00007f1ee4000000-0x00007f1f24000000, reserved size: 1073741824
Narrow klass base: 0x00007f1ee3000000, Narrow klass shift: 0, Narrow klass range: 0x100000000

GC Precious Log:
 CardTable entry size: 512
 Card Set container configuration: InlinePtr #cards 4 size 8 Array Of Cards #cards 64 size 144 Howl #buckets 8 coarsen threshold 14745 Howl Bitmap #cards 2048 size 272 coarsen threshold 1843 Card regions per heap region 1 cards per card region 16384
 CPUs: 24 total, 24 available
 Memory: 64212M
 Large Page Support: Disabled
 NUMA Support: Disabled
 Compressed Oops: Enabled (Zero based)
 Heap Region Size: 8M
 Heap Min Capacity: 8M
 Heap Initial Capacity: 1008M
 Heap Max Capacity: 16056M
 Pre-touch: Disabled
 Parallel Workers: 18
 Concurrent Workers: 5
 Concurrent Refinement Workers: 18
 Periodic GC: Disabled

Heap:
 garbage-first heap   total 1040384K, used 9245K [0x0000000414800000, 0x0000000800000000)
  region size 8192K, 2 young (16384K), 0 survivors (0K)
 Metaspace       used 4314K, committed 4544K, reserved 1114112K
  class space    used 289K, committed 384K, reserved 1048576K

Heap Regions: E=young(eden), S=young(survivor), O=old, HS=humongous(starts), HC=humongous(continues), CS=collection set, F=free, TAMS=top-at-mark-start, PB=parsable bottom
|   0|0x0000000414800000, 0x0000000414800000, 0x0000000415000000|  0%| F|  |TAMS 0x0000000414800000| PB 0x0000000414800000| Untracked 
|   1|0x0000000415000000, 0x0000000415000000, 0x0000000415800000|  0%| F|  |TAMS 0x0000000415000000| PB 0x0000000415000000| Untracked 
|   2|0x0000000415800000, 0x0000000415800000, 0x0000000416000000|  0%| F|  |TAMS 0x0000000415800000| PB 0x0000000415800000| Untracked 
|   3|0x0000000416000000, 0x0000000416000000, 0x0000000416800000|  0%| F|  |TAMS 0x0000000416000000| PB 0x0000000416000000| Untracked 
|   4|0x0000000416800000, 0x0000000416800000, 0x0000000417000000|  0%| F|  |TAMS 0x0000000416800000| PB 0x0000000416800000| Untracked 
|   5|0x0000000417000000, 0x0000000417000000, 0x0000000417800000|  0%| F|  |TAMS 0x0000000417000000| PB 0x0000000417000000| Untracked 
|   6|0x0000000417800000, 0x0000000417800000, 0x0000000418000000|  0%| F|  |TAMS 0x0000000417800000| PB 0x0000000417800000| Untracked 
|   7|0x0000000418000000, 0x0000000418000000, 0x0000000418800000|  0%| F|  |TAMS 0x0000000418000000| PB 0x0000000418000000| Untracked 
|   8|0x0000000418800000, 0x0000000418800000, 0x0000000419000000|  0%| F|  |TAMS 0x0000000418800000| PB 0x0000000418800000| Untracked 
|   9|0x0000000419000000, 0x0000000419000000, 0x0000000419800000|  0%| F|  |TAMS 0x0000000419000000| PB 0x0000000419000000| Untracked 
|  10|0x0000000419800000, 0x0000000419800000, 0x000000041a000000|  0%| F|  |TAMS 0x0000000419800000| PB 0x0000000419800000| Untracked 
|  11|0x000000041a000000, 0x000000041a000000, 0x000000041a800000|  0%| F|  |TAMS 0x000000041a000000| PB 0x000000041a000000| Untracked 
|  12|0x000000041a800000, 0x000000041a800000, 0x000000041b000000|  0%| F|  |TAMS 0x000000041a800000| PB 0x000000041a800000| Untracked 
|  13|0x000000041b000000, 0x000000041b000000, 0x000000041b800000|  0%| F|  |TAMS 0x000000041b000000| PB 0x000000041b000000| Untracked 
|  14|0x000000041b800000, 0x000000041b800000, 0x000000041c000000|  0%| F|  |TAMS 0x000000041b800000| PB 0x000000041b800000| Untracked 
|  15|0x000000041c000000, 0x000000041c000000, 0x000000041c800000|  0%| F|  |TAMS 0x000000041c000000| PB 0x000000041c000000| Untracked 
|  16|0x000000041c800000, 0x000000041c800000, 0x000000041d000000|  0%| F|  |TAMS 0x000000041c800000| PB 0x000000041c800000| Untracked 
|  17|0x000000041d000000, 0x000000041d000000, 0x000000041d800000|  0%| F|  |TAMS 0x000000041d000000| PB 0x000000041d000000| Untracked 
|  18|0x000000041d800000, 0x000000041d800000, 0x000000041e000000|  0%| F|  |TAMS 0x000000041d800000| PB 0x000000041d800000| Untracked 
|  19|0x000000041e000000, 0x000000041e000000, 0x000000041e800000|  0%| F|  |TAMS 0x000000041e000000| PB 0x000000041e000000| Untracked 
|  20|0x000000041e800000, 0x000000041e800000, 0x000000041f000000|  0%| F|  |TAMS 0x000000041e800000| PB 0x000000041e800000| Untracked 
|  21|0x000000041f000000, 0x000000041f000000, 0x000000041f800000|  0%| F|  |TAMS 0x000000041f000000| PB 0x000000041f000000| Untracked 
|  22|0x000000041f800000, 0x000000041f800000, 0x0000000420000000|  0%| F|  |TAMS 0x000000041f800000| PB 0x000000041f800000| Untracked 
|  23|0x0000000420000000, 0x0000000420000000, 0x0000000420800000|  0%| F|  |TAMS 0x0000000420000000| PB 0x0000000420000000| Untracked 
|  24|0x0000000420800000, 0x0000000420800000, 0x0000000421000000|  0%| F|  |TAMS 0x0000000420800000| PB 0x0000000420800000| Untracked 
|  25|0x0000000421000000, 0x0000000421000000, 0x0000000421800000|  0%| F|  |TAMS 0x0000000421000000| PB 0x0000000421000000| Untracked 
|  26|0x0000000421800000, 0x0000000421800000, 0x0000000422000000|  0%| F|  |TAMS 0x0000000421800000| PB 0x0000000421800000| Untracked 
|  27|0x0000000422000000, 0x0000000422000000, 0x0000000422800000|  0%| F|  |TAMS 0x0000000422000000| PB 0x0000000422000000| Untracked 
|  28|0x0000000422800000, 0x0000000422800000, 0x0000000423000000|  0%| F|  |TAMS 0x0000000422800000| PB 0x0000000422800000| Untracked 
|  29|0x0000000423000000, 0x0000000423000000, 0x0000000423800000|  0%| F|  |TAMS 0x0000000423000000| PB 0x0000000423000000| Untracked 
|  30|0x0000000423800000, 0x0000000423800000, 0x0000000424000000|  0%| F|  |TAMS 0x0000000423800000| PB 0x0000000423800000| Untracked 
|  31|0x0000000424000000, 0x0000000424000000, 0x0000000424800000|  0%| F|  |TAMS 0x0000000424000000| PB 0x0000000424000000| Untracked 
|  32|0x0000000424800000, 0x0000000424800000, 0x0000000425000000|  0%| F|  |TAMS 0x0000000424800000| PB 0x0000000424800000| Untracked 
|  33|0x0000000425000000, 0x0000000425000000, 0x0000000425800000|  0%| F|  |TAMS 0x0000000425000000| PB 0x0000000425000000| Untracked 
|  34|0x0000000425800000, 0x0000000425800000, 0x0000000426000000|  0%| F|  |TAMS 0x0000000425800000| PB 0x0000000425800000| Untracked 
|  35|0x0000000426000000, 0x0000000426000000, 0x0000000426800000|  0%| F|  |TAMS 0x0000000426000000| PB 0x0000000426000000| Untracked 
|  36|0x0000000426800000, 0x0000000426800000, 0x0000000427000000|  0%| F|  |TAMS 0x0000000426800000| PB 0x0000000426800000| Untracked 
|  37|0x0000000427000000, 0x0000000427000000, 0x0000000427800000|  0%| F|  |TAMS 0x0000000427000000| PB 0x0000000427000000| Untracked 
|  38|0x0000000427800000, 0x0000000427800000, 0x0000000428000000|  0%| F|  |TAMS 0x0000000427800000| PB 0x0000000427800000| Untracked 
|  39|0x0000000428000000, 0x0000000428000000, 0x0000000428800000|  0%| F|  |TAMS 0x0000000428000000| PB 0x0000000428000000| Untracked 
|  40|0x0000000428800000, 0x0000000428800000, 0x0000000429000000|  0%| F|  |TAMS 0x0000000428800000| PB 0x0000000428800000| Untracked 
|  41|0x0000000429000000, 0x0000000429000000, 0x0000000429800000|  0%| F|  |TAMS 0x0000000429000000| PB 0x0000000429000000| Untracked 
|  42|0x0000000429800000, 0x0000000429800000, 0x000000042a000000|  0%| F|  |TAMS 0x0000000429800000| PB 0x0000000429800000| Untracked 
|  43|0x000000042a000000, 0x000000042a000000, 0x000000042a800000|  0%| F|  |TAMS 0x000000042a000000| PB 0x000000042a000000| Untracked 
|  44|0x000000042a800000, 0x000000042a800000, 0x000000042b000000|  0%| F|  |TAMS 0x000000042a800000| PB 0x000000042a800000| Untracked 
|  45|0x000000042b000000, 0x000000042b000000, 0x000000042b800000|  0%| F|  |TAMS 0x000000042b000000| PB 0x000000042b000000| Untracked 
|  46|0x000000042b800000, 0x000000042b800000, 0x000000042c000000|  0%| F|  |TAMS 0x000000042b800000| PB 0x000000042b800000| Untracked 
|  47|0x000000042c000000, 0x000000042c000000, 0x000000042c800000|  0%| F|  |TAMS 0x000000042c000000| PB 0x000000042c000000| Untracked 
|  48|0x000000042c800000, 0x000000042c800000, 0x000000042d000000|  0%| F|  |TAMS 0x000000042c800000| PB 0x000000042c800000| Untracked 
|  49|0x000000042d000000, 0x000000042d000000, 0x000000042d800000|  0%| F|  |TAMS 0x000000042d000000| PB 0x000000042d000000| Untracked 
|  50|0x000000042d800000, 0x000000042d800000, 0x000000042e000000|  0%| F|  |TAMS 0x000000042d800000| PB 0x000000042d800000| Untracked 
|  51|0x000000042e000000, 0x000000042e000000, 0x000000042e800000|  0%| F|  |TAMS 0x000000042e000000| PB 0x000000042e000000| Untracked 
|  52|0x000000042e800000, 0x000000042e800000, 0x000000042f000000|  0%| F|  |TAMS 0x000000042e800000| PB 0x000000042e800000| Untracked 
|  53|0x000000042f000000, 0x000000042f000000, 0x000000042f800000|  0%| F|  |TAMS 0x000000042f000000| PB 0x000000042f000000| Untracked 
|  54|0x000000042f800000, 0x000000042f800000, 0x0000000430000000|  0%| F|  |TAMS 0x000000042f800000| PB 0x000000042f800000| Untracked 
|  55|0x0000000430000000, 0x0000000430000000, 0x0000000430800000|  0%| F|  |TAMS 0x0000000430000000| PB 0x0000000430000000| Untracked 
|  56|0x0000000430800000, 0x0000000430800000, 0x0000000431000000|  0%| F|  |TAMS 0x0000000430800000| PB 0x0000000430800000| Untracked 
|  57|0x0000000431000000, 0x0000000431000000, 0x0000000431800000|  0%| F|  |TAMS 0x0000000431000000| PB 0x0000000431000000| Untracked 
|  58|0x0000000431800000, 0x0000000431800000, 0x0000000432000000|  0%| F|  |TAMS 0x0000000431800000| PB 0x0000000431800000| Untracked 
|  59|0x0000000432000000, 0x0000000432000000, 0x0000000432800000|  0%| F|  |TAMS 0x0000000432000000| PB 0x0000000432000000| Untracked 
|  60|0x0000000432800000, 0x0000000432800000, 0x0000000433000000|  0%| F|  |TAMS 0x0000000432800000| PB 0x0000000432800000| Untracked 
|  61|0x0000000433000000, 0x0000000433000000, 0x0000000433800000|  0%| F|  |TAMS 0x0000000433000000| PB 0x0000000433000000| Untracked 
|  62|0x0000000433800000, 0x0000000433800000, 0x0000000434000000|  0%| F|  |TAMS 0x0000000433800000| PB 0x0000000433800000| Untracked 
|  63|0x0000000434000000, 0x0000000434000000, 0x0000000434800000|  0%| F|  |TAMS 0x0000000434000000| PB 0x0000000434000000| Untracked 
|  64|0x0000000434800000, 0x0000000434800000, 0x0000000435000000|  0%| F|  |TAMS 0x0000000434800000| PB 0x0000000434800000| Untracked 
|  65|0x0000000435000000, 0x0000000435000000, 0x0000000435800000|  0%| F|  |TAMS 0x0000000435000000| PB 0x0000000435000000| Untracked 
|  66|0x0000000435800000, 0x0000000435800000, 0x0000000436000000|  0%| F|  |TAMS 0x0000000435800000| PB 0x0000000435800000| Untracked 
|  67|0x0000000436000000, 0x0000000436000000, 0x0000000436800000|  0%| F|  |TAMS 0x0000000436000000| PB 0x0000000436000000| Untracked 
|  68|0x0000000436800000, 0x0000000436800000, 0x0000000437000000|  0%| F|  |TAMS 0x0000000436800000| PB 0x0000000436800000| Untracked 
|  69|0x0000000437000000, 0x0000000437000000, 0x0000000437800000|  0%| F|  |TAMS 0x0000000437000000| PB 0x0000000437000000| Untracked 
|  70|0x0000000437800000, 0x0000000437800000, 0x0000000438000000|  0%| F|  |TAMS 0x0000000437800000| PB 0x0000000437800000| Untracked 
|  71|0x0000000438000000, 0x0000000438000000, 0x0000000438800000|  0%| F|  |TAMS 0x0000000438000000| PB 0x0000000438000000| Untracked 
|  72|0x0000000438800000, 0x0000000438800000, 0x0000000439000000|  0%| F|  |TAMS 0x0000000438800000| PB 0x0000000438800000| Untracked 
|  73|0x0000000439000000, 0x0000000439000000, 0x0000000439800000|  0%| F|  |TAMS 0x0000000439000000| PB 0x0000000439000000| Untracked 
|  74|0x0000000439800000, 0x0000000439800000, 0x000000043a000000|  0%| F|  |TAMS 0x0000000439800000| PB 0x0000000439800000| Untracked 
|  75|0x000000043a000000, 0x000000043a000000, 0x000000043a800000|  0%| F|  |TAMS 0x000000043a000000| PB 0x000000043a000000| Untracked 
|  76|0x000000043a800000, 0x000000043a800000, 0x000000043b000000|  0%| F|  |TAMS 0x000000043a800000| PB 0x000000043a800000| Untracked 
|  77|0x000000043b000000, 0x000000043b000000, 0x000000043b800000|  0%| F|  |TAMS 0x000000043b000000| PB 0x000000043b000000| Untracked 
|  78|0x000000043b800000, 0x000000043b800000, 0x000000043c000000|  0%| F|  |TAMS 0x000000043b800000| PB 0x000000043b800000| Untracked 
|  79|0x000000043c000000, 0x000000043c000000, 0x000000043c800000|  0%| F|  |TAMS 0x000000043c000000| PB 0x000000043c000000| Untracked 
|  80|0x000000043c800000, 0x000000043c800000, 0x000000043d000000|  0%| F|  |TAMS 0x000000043c800000| PB 0x000000043c800000| Untracked 
|  81|0x000000043d000000, 0x000000043d000000, 0x000000043d800000|  0%| F|  |TAMS 0x000000043d000000| PB 0x000000043d000000| Untracked 
|  82|0x000000043d800000, 0x000000043d800000, 0x000000043e000000|  0%| F|  |TAMS 0x000000043d800000| PB 0x000000043d800000| Untracked 
|  83|0x000000043e000000, 0x000000043e000000, 0x000000043e800000|  0%| F|  |TAMS 0x000000043e000000| PB 0x000000043e000000| Untracked 
|  84|0x000000043e800000, 0x000000043e800000, 0x000000043f000000|  0%| F|  |TAMS 0x000000043e800000| PB 0x000000043e800000| Untracked 
|  85|0x000000043f000000, 0x000000043f000000, 0x000000043f800000|  0%| F|  |TAMS 0x000000043f000000| PB 0x000000043f000000| Untracked 
|  86|0x000000043f800000, 0x000000043f800000, 0x0000000440000000|  0%| F|  |TAMS 0x000000043f800000| PB 0x000000043f800000| Untracked 
|  87|0x0000000440000000, 0x0000000440000000, 0x0000000440800000|  0%| F|  |TAMS 0x0000000440000000| PB 0x0000000440000000| Untracked 
|  88|0x0000000440800000, 0x0000000440800000, 0x0000000441000000|  0%| F|  |TAMS 0x0000000440800000| PB 0x0000000440800000| Untracked 
|  89|0x0000000441000000, 0x0000000441000000, 0x0000000441800000|  0%| F|  |TAMS 0x0000000441000000| PB 0x0000000441000000| Untracked 
|  90|0x0000000441800000, 0x0000000441800000, 0x0000000442000000|  0%| F|  |TAMS 0x0000000441800000| PB 0x0000000441800000| Untracked 
|  91|0x0000000442000000, 0x0000000442000000, 0x0000000442800000|  0%| F|  |TAMS 0x0000000442000000| PB 0x0000000442000000| Untracked 
|  92|0x0000000442800000, 0x0000000442800000, 0x0000000443000000|  0%| F|  |TAMS 0x0000000442800000| PB 0x0000000442800000| Untracked 
|  93|0x0000000443000000, 0x0000000443000000, 0x0000000443800000|  0%| F|  |TAMS 0x0000000443000000| PB 0x0000000443000000| Untracked 
|  94|0x0000000443800000, 0x0000000443800000, 0x0000000444000000|  0%| F|  |TAMS 0x0000000443800000| PB 0x0000000443800000| Untracked 
|  95|0x0000000444000000, 0x0000000444000000, 0x0000000444800000|  0%| F|  |TAMS 0x0000000444000000| PB 0x0000000444000000| Untracked 
|  96|0x0000000444800000, 0x0000000444800000, 0x0000000445000000|  0%| F|  |TAMS 0x0000000444800000| PB 0x0000000444800000| Untracked 
|  97|0x0000000445000000, 0x0000000445000000, 0x0000000445800000|  0%| F|  |TAMS 0x0000000445000000| PB 0x0000000445000000| Untracked 
|  98|0x0000000445800000, 0x0000000445800000, 0x0000000446000000|  0%| F|  |TAMS 0x0000000445800000| PB 0x0000000445800000| Untracked 
|  99|0x0000000446000000, 0x0000000446000000, 0x0000000446800000|  0%| F|  |TAMS 0x0000000446000000| PB 0x0000000446000000| Untracked 
| 100|0x0000000446800000, 0x0000000446800000, 0x0000000447000000|  0%| F|  |TAMS 0x0000000446800000| PB 0x0000000446800000| Untracked 
| 101|0x0000000447000000, 0x0000000447000000, 0x0000000447800000|  0%| F|  |TAMS 0x0000000447000000| PB 0x0000000447000000| Untracked 
| 102|0x0000000447800000, 0x0000000447800000, 0x0000000448000000|  0%| F|  |TAMS 0x0000000447800000| PB 0x0000000447800000| Untracked 
| 103|0x0000000448000000, 0x0000000448000000, 0x0000000448800000|  0%| F|  |TAMS 0x0000000448000000| PB 0x0000000448000000| Untracked 
| 104|0x0000000448800000, 0x0000000448800000, 0x0000000449000000|  0%| F|  |TAMS 0x0000000448800000| PB 0x0000000448800000| Untracked 
| 105|0x0000000449000000, 0x0000000449000000, 0x0000000449800000|  0%| F|  |TAMS 0x0000000449000000| PB 0x0000000449000000| Untracked 
| 106|0x0000000449800000, 0x0000000449800000, 0x000000044a000000|  0%| F|  |TAMS 0x0000000449800000| PB 0x0000000449800000| Untracked 
| 107|0x000000044a000000, 0x000000044a000000, 0x000000044a800000|  0%| F|  |TAMS 0x000000044a000000| PB 0x000000044a000000| Untracked 
| 108|0x000000044a800000, 0x000000044a800000, 0x000000044b000000|  0%| F|  |TAMS 0x000000044a800000| PB 0x000000044a800000| Untracked 
| 109|0x000000044b000000, 0x000000044b000000, 0x000000044b800000|  0%| F|  |TAMS 0x000000044b000000| PB 0x000000044b000000| Untracked 
| 110|0x000000044b800000, 0x000000044b800000, 0x000000044c000000|  0%| F|  |TAMS 0x000000044b800000| PB 0x000000044b800000| Untracked 
| 111|0x000000044c000000, 0x000000044c000000, 0x000000044c800000|  0%| F|  |TAMS 0x000000044c000000| PB 0x000000044c000000| Untracked 
| 112|0x000000044c800000, 0x000000044c800000, 0x000000044d000000|  0%| F|  |TAMS 0x000000044c800000| PB 0x000000044c800000| Untracked 
| 113|0x000000044d000000, 0x000000044d000000, 0x000000044d800000|  0%| F|  |TAMS 0x000000044d000000| PB 0x000000044d000000| Untracked 
| 114|0x000000044d800000, 0x000000044d800000, 0x000000044e000000|  0%| F|  |TAMS 0x000000044d800000| PB 0x000000044d800000| Untracked 
| 115|0x000000044e000000, 0x000000044e000000, 0x000000044e800000|  0%| F|  |TAMS 0x000000044e000000| PB 0x000000044e000000| Untracked 
| 116|0x000000044e800000, 0x000000044e800000, 0x000000044f000000|  0%| F|  |TAMS 0x000000044e800000| PB 0x000000044e800000| Untracked 
| 117|0x000000044f000000, 0x000000044f000000, 0x000000044f800000|  0%| F|  |TAMS 0x000000044f000000| PB 0x000000044f000000| Untracked 
| 118|0x000000044f800000, 0x000000044f800000, 0x0000000450000000|  0%| F|  |TAMS 0x000000044f800000| PB 0x000000044f800000| Untracked 
| 119|0x0000000450000000, 0x0000000450000000, 0x0000000450800000|  0%| F|  |TAMS 0x0000000450000000| PB 0x0000000450000000| Untracked 
| 120|0x0000000450800000, 0x0000000450800000, 0x0000000451000000|  0%| F|  |TAMS 0x0000000450800000| PB 0x0000000450800000| Untracked 
| 121|0x0000000451000000, 0x0000000451000000, 0x0000000451800000|  0%| F|  |TAMS 0x0000000451000000| PB 0x0000000451000000| Untracked 
| 122|0x0000000451800000, 0x0000000451800000, 0x0000000452000000|  0%| F|  |TAMS 0x0000000451800000| PB 0x0000000451800000| Untracked 
| 123|0x0000000452000000, 0x0000000452000000, 0x0000000452800000|  0%| F|  |TAMS 0x0000000452000000| PB 0x0000000452000000| Untracked 
| 124|0x0000000452800000, 0x0000000452f09c80, 0x0000000453000000| 87%| E|  |TAMS 0x0000000452800000| PB 0x0000000452800000| Complete 
| 125|0x0000000453000000, 0x0000000453800000, 0x0000000453800000|100%| E|CS|TAMS 0x0000000453000000| PB 0x0000000453000000| Complete 
|2006|0x00000007ff800000, 0x00000007ff907430, 0x0000000800000000| 12%| O|  |TAMS 0x00000007ff800000| PB 0x00000007ff800000| Untracked 

Card table byte_map: [0x00007f1f50542000,0x00007f1f5249e000] _byte_map_base: 0x00007f1f4e49e000

Marking Bits: (CMBitMap*) 0x00007f1f6c059980
 Bits: [0x00007f1f40a62000, 0x00007f1f50542000)

Polling page: 0x00007f1f726b2000

Metaspace:

Usage:
  Non-class:      3.93 MB used.
      Class:    289.56 KB used.
       Both:      4.21 MB used.

Virtual space:
  Non-class space:       64.00 MB reserved,       4.06 MB (  6%) committed,  1 nodes.
      Class space:        1.00 GB reserved,     384.00 KB ( <1%) committed,  1 nodes.
             Both:        1.06 GB reserved,       4.44 MB ( <1%) committed. 

Chunk freelists:
   Non-Class:  10.16 MB
       Class:  15.60 MB
        Both:  25.75 MB

MaxMetaspaceSize: unlimited
CompressedClassSpaceSize: 1.00 GB
Initial GC threshold: 21.00 MB
Current GC threshold: 21.00 MB
CDS: on
 - commit_granule_bytes: 65536.
 - commit_granule_words: 8192.
 - virtual_space_node_default_size: 8388608.
 - enlarge_chunks_in_place: 1.
 - use_allocation_guard: 0.


Internal statistics:

num_allocs_failed_limit: 0.
num_arena_births: 104.
num_arena_deaths: 0.
num_vsnodes_births: 2.
num_vsnodes_deaths: 0.
num_space_committed: 69.
num_space_uncommitted: 0.
num_chunks_returned_to_freelist: 0.
num_chunks_taken_from_freelist: 194.
num_chunk_merges: 0.
num_chunk_splits: 133.
num_chunks_enlarged: 85.
num_inconsistent_stats: 0.

CodeHeap 'non-profiled nmethods': size=119168Kb used=281Kb max_used=281Kb free=118886Kb
 bounds [0x00007f1f5c5a0000, 0x00007f1f5c810000, 0x00007f1f63a00000]
CodeHeap 'profiled nmethods': size=119164Kb used=1667Kb max_used=1667Kb free=117496Kb
 bounds [0x00007f1f54a00000, 0x00007f1f54c70000, 0x00007f1f5be5f000]
CodeHeap 'non-nmethods': size=7428Kb used=3719Kb max_used=3732Kb free=3709Kb
 bounds [0x00007f1f5be5f000, 0x00007f1f5c20f000, 0x00007f1f5c5a0000]
 total_blobs=2075 nmethods=1027 adapters=951
 compilation: enabled
              stopped_count=0, restarted_count=0
 full_count=0

Compilation events (20 events):
Event: 1.378 Thread 0x00007f1eb80564e0 1017       3       org.lwjgl.glfw.GLFW::glfwSwapBuffers (21 bytes)
Event: 1.379 Thread 0x00007f1eb80564e0 nmethod 1017 0x00007f1f54b9e290 code [0x00007f1f54b9e460, 0x00007f1f54b9e6f8]
Event: 1.760 Thread 0x00007f1f6c1646a0 1018       4       java.io.OutputStream::flush (1 bytes)
Event: 1.760 Thread 0x00007f1f6c1646a0 nmethod 1018 0x00007f1f5c5e5890 code [0x00007f1f5c5e5a00, 0x00007f1f5c5e5a88]
Event: 1.765 Thread 0x00007f1f6c165d60 1019       3       org.lwjgl.system.MemoryUtil::memGetDouble (9 bytes)
Event: 1.765 Thread 0x00007f1eb805fa00 1020       3       sun.misc.Unsafe::getDouble (9 bytes)
Event: 1.765 Thread 0x00007f1eb80564e0 1022       1       io.mindspice.mspice.input.MousePosListener::isListening (5 bytes)
Event: 1.765 Thread 0x00007f1eb805fa00 nmethod 1020 0x00007f1f54b9e890 code [0x00007f1f54b9ea20, 0x00007f1f54b9eb28]
Event: 1.765 Thread 0x00007f1f6c165d60 nmethod 1019 0x00007f1f54b9eb90 code [0x00007f1f54b9ed40, 0x00007f1f54b9ef08]
Event: 1.765 Thread 0x00007f1eb80564e0 nmethod 1022 0x00007f1f5c5e5f90 code [0x00007f1f5c5e6120, 0x00007f1f5c5e61e8]
Event: 2.138 Thread 0x00007f1eb4056830 1023       3       org.lwjgl.glfw.GLFWCursorPosCallbackI::callback (40 bytes)
Event: 2.138 Thread 0x00007f1eb805fa00 1024       3       io.mindspice.mspice.core.GameInput$3::invoke (14 bytes)
Event: 2.138 Thread 0x00007f1eb80564e0 1025       3       io.mindspice.mspice.input.MousePosEventManager::broadcast (43 bytes)
Event: 2.138 Thread 0x00007f1f6c165d60 1026       3       io.mindspice.mspice.input.MousePosListener::offerInput (15 bytes)
Event: 2.138 Thread 0x00007f1f6c165d60 nmethod 1026 0x00007f1f54b9f010 code [0x00007f1f54b9f1a0, 0x00007f1f54b9f2f8]
Event: 2.138 Thread 0x00007f1eb805fa00 nmethod 1024 0x00007f1f54b9f410 code [0x00007f1f54b9f5c0, 0x00007f1f54b9f728]
Event: 2.138 Thread 0x00007f1eb80564e0 nmethod 1025 0x00007f1f54b9f810 code [0x00007f1f54b9f9c0, 0x00007f1f54b9fcd8]
Event: 2.138 Thread 0x00007f1eb4056830 nmethod 1023 0x00007f1f54b9ff10 code [0x00007f1f54ba0160, 0x00007f1f54ba0ae0]
Event: 2.486 Thread 0x00007f1f6c1646a0 1027       4       java.nio.Buffer::position (52 bytes)
Event: 2.487 Thread 0x00007f1f6c1646a0 nmethod 1027 0x00007f1f5c5e6290 code [0x00007f1f5c5e6420, 0x00007f1f5c5e6518]

GC Heap History (0 events):
No events

Dll operation events (11 events):
Event: 0.001 Loaded shared library /home/mindspice/code/jdk/openjdk-21-rc/lib/libjava.so
Event: 0.012 Loaded shared library /home/mindspice/code/jdk/openjdk-21-rc/lib/libjsvml.so
Event: 0.030 Loaded shared library /home/mindspice/code/jdk/openjdk-21-rc/lib/libzip.so
Event: 0.031 Loaded shared library /home/mindspice/code/jdk/openjdk-21-rc/lib/libinstrument.so
Event: 0.032 Loaded shared library /home/mindspice/code/jdk/openjdk-21-rc/lib/libnio.so
Event: 0.034 Loaded shared library /home/mindspice/code/jdk/openjdk-21-rc/lib/libzip.so
Event: 0.047 Loaded shared library /home/mindspice/code/jdk/openjdk-21-rc/lib/libnet.so
Event: 0.048 Loaded shared library /home/mindspice/code/jdk/openjdk-21-rc/lib/libextnet.so
Event: 0.063 Loaded shared library /home/mindspice/code/jdk/openjdk-21-rc/lib/libjimage.so
Event: 0.069 Loaded shared library /tmp/lwjgl_mindspice/3.3.3+5/x64/liblwjgl.so
Event: 0.231 Loaded shared library /tmp/lwjgl_mindspice/3.3.3+5/x64/liblwjgl_opengl.so

Deoptimization events (20 events):
Event: 0.082 Thread 0x00007f1f6c02b110 DEOPT PACKING pc=0x00007f1f5c5af160 sp=0x00007f1f70dfb9a0
Event: 0.082 Thread 0x00007f1f6c02b110 DEOPT UNPACKING pc=0x00007f1f5beb2f99 sp=0x00007f1f70dfb950 mode 2
Event: 0.091 Thread 0x00007f1f6c02b110 DEOPT PACKING pc=0x00007f1f54ab2ac7 sp=0x00007f1f70dfbae0
Event: 0.091 Thread 0x00007f1f6c02b110 DEOPT UNPACKING pc=0x00007f1f5beb372f sp=0x00007f1f70dfaf98 mode 0
Event: 0.095 Thread 0x00007f1f6c02b110 DEOPT PACKING pc=0x00007f1f54a12395 sp=0x00007f1f70dfb500
Event: 0.095 Thread 0x00007f1f6c02b110 DEOPT UNPACKING pc=0x00007f1f5beb372f sp=0x00007f1f70dfa940 mode 0
Event: 0.104 Thread 0x00007f1f6c02b110 DEOPT PACKING pc=0x00007f1f54a02a5e sp=0x00007f1f70df7bd0
Event: 0.104 Thread 0x00007f1f6c02b110 DEOPT UNPACKING pc=0x00007f1f5beb372f sp=0x00007f1f70df7058 mode 0
Event: 1.176 Thread 0x00007f1ec8000ff0 Uncommon trap: trap_request=0xffffff45 fr.pc=0x00007f1f5c5c6774 relative=0x00000000000001b4
Event: 1.176 Thread 0x00007f1ec8000ff0 Uncommon trap: reason=unstable_if action=reinterpret pc=0x00007f1f5c5c6774 method=java.lang.invoke.VarHandle.checkAccessModeThenIsDirect(Ljava/lang/invoke/VarHandle$AccessDescriptor;)Z @ 4 c2
Event: 1.176 Thread 0x00007f1ec8000ff0 DEOPT PACKING pc=0x00007f1f5c5c6774 sp=0x00007f1ea7ffd500
Event: 1.176 Thread 0x00007f1ec8000ff0 DEOPT UNPACKING pc=0x00007f1f5beb2f99 sp=0x00007f1ea7ffd458 mode 2
Event: 1.192 Thread 0x00007f1ec8000ff0 Uncommon trap: trap_request=0xffffff45 fr.pc=0x00007f1f5c5ddae4 relative=0x00000000000002a4
Event: 1.192 Thread 0x00007f1ec8000ff0 Uncommon trap: reason=unstable_if action=reinterpret pc=0x00007f1f5c5ddae4 method=java.util.regex.Pattern$BmpCharPropertyGreedy.match(Ljava/util/regex/Matcher;ILjava/lang/CharSequence;)Z @ 12 c2
Event: 1.192 Thread 0x00007f1ec8000ff0 DEOPT PACKING pc=0x00007f1f5c5ddae4 sp=0x00007f1ea7ffda90
Event: 1.192 Thread 0x00007f1ec8000ff0 DEOPT UNPACKING pc=0x00007f1f5beb2f99 sp=0x00007f1ea7ffda48 mode 2
Event: 3.155 Thread 0x00007f1f6c02b110 Uncommon trap: trap_request=0xffffff45 fr.pc=0x00007f1f5c5daf4c relative=0x00000000000000ac
Event: 3.155 Thread 0x00007f1f6c02b110 Uncommon trap: reason=unstable_if action=reinterpret pc=0x00007f1f5c5daf4c method=org.lwjgl.glfw.GLFW.glfwWindowShouldClose(J)Z @ 20 c2
Event: 3.155 Thread 0x00007f1f6c02b110 DEOPT PACKING pc=0x00007f1f5c5daf4c sp=0x00007f1f70dfe7a0
Event: 3.155 Thread 0x00007f1f6c02b110 DEOPT UNPACKING pc=0x00007f1f5beb2f99 sp=0x00007f1f70dfe6e8 mode 2

Classes loaded (20 events):
Event: 1.184 Loading class jdk/internal/module/ModulePatcher$PatchedModuleReader
Event: 1.184 Loading class jdk/internal/module/ModulePatcher$PatchedModuleReader done
Event: 1.185 Loading class sun/net/www/protocol/jrt/Handler
Event: 1.185 Loading class sun/net/www/protocol/jrt/Handler done
Event: 1.186 Loading class sun/util/cldr/CLDRTimeZoneNameProviderImpl
Event: 1.186 Loading class sun/util/locale/provider/TimeZoneNameProviderImpl
Event: 1.186 Loading class sun/util/locale/provider/TimeZoneNameProviderImpl done
Event: 1.186 Loading class sun/util/cldr/CLDRTimeZoneNameProviderImpl done
Event: 1.192 Loading class sun/util/locale/provider/BaseLocaleDataMetaInfo
Event: 1.192 Loading class sun/util/locale/provider/BaseLocaleDataMetaInfo done
Event: 1.194 Loading class sun/util/resources/cldr/TimeZoneNames
Event: 1.194 Loading class sun/util/resources/TimeZoneNamesBundle
Event: 1.194 Loading class sun/util/resources/OpenListResourceBundle
Event: 1.194 Loading class sun/util/resources/OpenListResourceBundle done
Event: 1.194 Loading class sun/util/resources/TimeZoneNamesBundle done
Event: 1.194 Loading class sun/util/resources/cldr/TimeZoneNames done
Event: 1.194 Loading class sun/util/resources/cldr/TimeZoneNames_en
Event: 1.195 Loading class sun/util/resources/cldr/TimeZoneNames_en done
Event: 1.195 Loading class sun/util/resources/cldr/TimeZoneNames_en_US
Event: 1.195 Loading class sun/util/resources/cldr/TimeZoneNames_en_US done

Classes unloaded (0 events):
No events

Classes redefined (0 events):
No events

Internal exceptions (20 events):
Event: 0.060 Thread 0x00007f1f6c02b110 Exception <a 'java/lang/NoSuchMethodError'{0x00000004536f1ce0}: 'int java.lang.invoke.DirectMethodHandle$Holder.invokeSpecial(java.lang.Object, java.lang.Object, java.lang.Object)'> (0x00000004536f1ce0) 
thrown [open/src/hotspot/share/interpreter/linkResolver.cpp, line 772]
Event: 0.062 Thread 0x00007f1f6c02b110 Exception <a 'java/lang/NoSuchMethodError'{0x000000045370ac20}: 'void java.lang.System.loadLibrary(java.lang.String, java.lang.Class)'> (0x000000045370ac20) 
thrown [open/src/hotspot/share/interpreter/linkResolver.cpp, line 772]
Event: 0.069 Thread 0x00007f1f6c02b110 Exception <a 'sun/nio/fs/UnixException'{0x0000000453736278}> (0x0000000453736278) 
thrown [open/src/hotspot/share/prims/jni.cpp, line 520]
Event: 0.094 Thread 0x00007f1f6c02b110 Exception <a 'java/lang/NoSuchMethodError'{0x00000004528166f8}: 'int java.lang.invoke.DirectMethodHandle$Holder.invokeStaticInit(java.lang.Object, java.lang.Object, int, long)'> (0x00000004528166f8) 
thrown [open/src/hotspot/share/interpreter/linkResolver.cpp, line 772]
Event: 0.094 Thread 0x00007f1f6c02b110 Exception <a 'java/lang/NoSuchMethodError'{0x000000045281b720}: 'java.lang.Object java.lang.invoke.DirectMethodHandle$Holder.newInvokeSpecial(java.lang.Object, java.lang.Object, int)'> (0x000000045281b720) 
thrown [open/src/hotspot/share/interpreter/linkResolver.cpp, line 772]
Event: 0.095 Thread 0x00007f1f6c02b110 Exception <a 'java/lang/NoSuchMethodError'{0x0000000452829990}: 'int java.lang.invoke.DirectMethodHandle$Holder.invokeStaticInit(java.lang.Object, java.lang.Object, long, long)'> (0x0000000452829990) 
thrown [open/src/hotspot/share/interpreter/linkResolver.cpp, line 772]
Event: 0.096 Thread 0x00007f1f6c02b110 Exception <a 'java/lang/NoSuchMethodError'{0x000000045282f1f8}: 'java.lang.Object java.lang.invoke.DirectMethodHandle$Holder.newInvokeSpecial(java.lang.Object, java.lang.Object, long)'> (0x000000045282f1f8) 
thrown [open/src/hotspot/share/interpreter/linkResolver.cpp, line 772]
Event: 0.096 Thread 0x00007f1f6c02b110 Exception <a 'java/lang/NoSuchMethodError'{0x0000000452832fb0}: 'java.lang.Object java.lang.invoke.Invokers$Holder.linkToTargetMethod(java.lang.Object, long, java.lang.Object)'> (0x0000000452832fb0) 
thrown [open/src/hotspot/share/interpreter/linkResolver.cpp, line 772]
Event: 0.096 Thread 0x00007f1f6c02b110 Exception <a 'java/lang/NoSuchMethodError'{0x000000045283a038}: 'int java.lang.invoke.DirectMethodHandle$Holder.invokeStaticInit(java.lang.Object, java.lang.Object, java.lang.Object, long)'> (0x000000045283a038) 
thrown [open/src/hotspot/share/interpreter/linkResolver.cpp, line 772]
Event: 0.104 Thread 0x00007f1f6c02b110 Exception <a 'sun/nio/fs/UnixException'{0x0000000452896850}> (0x0000000452896850) 
thrown [open/src/hotspot/share/prims/jni.cpp, line 520]
Event: 0.118 Thread 0x00007f1f6c02b110 Exception <a 'sun/nio/fs/UnixException'{0x000000045291cea0}> (0x000000045291cea0) 
thrown [open/src/hotspot/share/prims/jni.cpp, line 520]
Event: 0.225 Thread 0x00007f1f6c02b110 Exception <a 'java/lang/NoSuchMethodError'{0x00000004529381d0}: 'void java.lang.invoke.DirectMethodHandle$Holder.invokeStatic(java.lang.Object, int, long)'> (0x00000004529381d0) 
thrown [open/src/hotspot/share/interpreter/linkResolver.cpp, line 772]
Event: 0.229 Thread 0x00007f1f6c02b110 Exception <a 'java/lang/NoSuchMethodError'{0x0000000452974120}: 'void java.lang.System.load(java.lang.String, java.lang.Class)'> (0x0000000452974120) 
thrown [open/src/hotspot/share/interpreter/linkResolver.cpp, line 772]
Event: 0.229 Thread 0x00007f1f6c02b110 Exception <a 'java/lang/NoSuchMethodError'{0x0000000452976ac0}: 'void java.lang.System.loadLibrary(java.lang.String, java.lang.Class)'> (0x0000000452976ac0) 
thrown [open/src/hotspot/share/interpreter/linkResolver.cpp, line 772]
Event: 0.231 Thread 0x00007f1f6c02b110 Exception <a 'sun/nio/fs/UnixException'{0x00000004529866d8}> (0x00000004529866d8) 
thrown [open/src/hotspot/share/prims/jni.cpp, line 520]
Event: 0.232 Thread 0x00007f1f6c02b110 Exception <a 'sun/nio/fs/UnixException'{0x000000045298f9d0}> (0x000000045298f9d0) 
thrown [open/src/hotspot/share/prims/jni.cpp, line 520]
Event: 0.354 Thread 0x00007f1f6c02b110 Exception <a 'java/lang/NoSuchMethodError'{0x0000000452bd6660}: 'void java.lang.invoke.DirectMethodHandle$Holder.invokeVirtual(java.lang.Object, java.lang.Object, int)'> (0x0000000452bd6660) 
thrown [open/src/hotspot/share/interpreter/linkResolver.cpp, line 772]
Event: 0.355 Thread 0x00007f1f6c02b110 Exception <a 'java/lang/NoSuchMethodError'{0x0000000452bdd400}: 'void java.lang.invoke.DirectMethodHandle$Holder.invokeStatic(java.lang.Object, java.lang.Object, int)'> (0x0000000452bdd400) 
thrown [open/src/hotspot/share/interpreter/linkResolver.cpp, line 772]
Event: 0.356 Thread 0x00007f1f6c02b110 Exception <a 'java/lang/NoSuchMethodError'{0x0000000452be8ba0}: 'void java.lang.invoke.DirectMethodHandle$Holder.invokeStatic(java.lang.Object, int, double)'> (0x0000000452be8ba0) 
thrown [open/src/hotspot/share/interpreter/linkResolver.cpp, line 772]
Event: 1.201 Thread 0x00007f1ec8000ff0 Exception <a 'java/lang/NoSuchMethodError'{0x0000000452d9b390}: 'java.lang.Object java.lang.invoke.Invokers$Holder.invokeExact_MT(java.lang.Object, java.lang.Object, java.lang.Object, java.lang.Object, java.lang.Object, java.lang.Object)'> (0x0000000452d9b390) 
thrown [open/src/hotspot/share/interpreter/linkResolver.cpp, line 772]

ZGC Phase Switch (0 events):
No events

VM Operations (10 events):
Event: 0.023 Executing VM operation: HandshakeAllThreads (Deoptimize)
Event: 0.023 Executing VM operation: HandshakeAllThreads (Deoptimize) done
Event: 0.050 Executing VM operation: HandshakeAllThreads (Deoptimize)
Event: 0.051 Executing VM operation: HandshakeAllThreads (Deoptimize) done
Event: 1.051 Executing VM operation: Cleanup
Event: 1.051 Executing VM operation: Cleanup done
Event: 1.175 Executing VM operation: HandshakeAllThreads (Deoptimize)
Event: 1.175 Executing VM operation: HandshakeAllThreads (Deoptimize) done
Event: 2.175 Executing VM operation: Cleanup
Event: 2.175 Executing VM operation: Cleanup done

Events (20 events):
Event: 0.011 Protecting memory [0x00007f1f308d3000,0x00007f1f308d7000] with protection modes 0
Event: 0.011 Thread 0x00007f1f6c165d60 Thread added: 0x00007f1f6c165d60
Event: 0.011 Protecting memory [0x00007f1f307d3000,0x00007f1f307d7000] with protection modes 0
Event: 0.020 Thread 0x00007f1f6c17f910 Thread added: 0x00007f1f6c17f910
Event: 0.020 Protecting memory [0x00007f1f30603000,0x00007f1f30607000] with protection modes 0
Event: 0.024 Thread 0x00007f1eb80564e0 Thread added: 0x00007f1eb80564e0
Event: 0.024 Protecting memory [0x00007f1f30503000,0x00007f1f30507000] with protection modes 0
Event: 0.024 Thread 0x00007f1eb805fa00 Thread added: 0x00007f1eb805fa00
Event: 0.024 Protecting memory [0x00007f1f30403000,0x00007f1f30407000] with protection modes 0
Event: 0.035 Thread 0x00007f1eb80c2970 Thread added: 0x00007f1eb80c2970
Event: 0.035 Protecting memory [0x00007f1f30303000,0x00007f1f30307000] with protection modes 0
Event: 0.046 Thread 0x00007f1f6c3360c0 Thread added: 0x00007f1f6c3360c0
Event: 0.046 Protecting memory [0x00007f1f30203000,0x00007f1f30207000] with protection modes 0
Event: 0.046 Thread 0x00007f1f6c3369a0 Thread added: 0x00007f1f6c3369a0
Event: 0.046 Protecting memory [0x00007f1f30103000,0x00007f1f30107000] with protection modes 0
Event: 0.224 Thread 0x00007f1eb80c2970 Thread exited: 0x00007f1eb80c2970
Event: 0.231 Thread 0x00007f1eb4056830 Thread added: 0x00007f1eb4056830
Event: 0.231 Protecting memory [0x00007f1f30303000,0x00007f1f30307000] with protection modes 0
Event: 1.071 Thread 0x00007f1ec8000ff0 Thread added: 0x00007f1ec8000ff0
Event: 1.071 Protecting memory [0x00007f1ea7f00000,0x00007f1ea7f04000] with protection modes 0


Dynamic libraries:
414800000-453800000 rw-p 00000000 00:00 0 
453800000-7ff800000 ---p 00000000 00:00 0 
7ff800000-7ff908000 rw-p 00ce4000 103:07 26949071                        /home/mindspice/code/jdk/openjdk-21-rc/lib/server/classes.jsa
7ff908000-800000000 rw-p 00000000 00:00 0 
558b11f05000-558b11f06000 r-xp 00000000 103:07 26943862                  /home/mindspice/code/jdk/openjdk-21-rc/bin/java
558b11f07000-558b11f08000 r--p 00001000 103:07 26943862                  /home/mindspice/code/jdk/openjdk-21-rc/bin/java
558b11f08000-558b11f09000 rw-p 00002000 103:07 26943862                  /home/mindspice/code/jdk/openjdk-21-rc/bin/java
558b12e1f000-558b12e66000 rw-p 00000000 00:00 0                          [heap]
7f1e90000000-7f1e90021000 rw-p 00000000 00:00 0 
7f1e90021000-7f1e94000000 ---p 00000000 00:00 0 
7f1e98000000-7f1e981d3000 rw-p 00000000 00:00 0 
7f1e981d3000-7f1e9c000000 ---p 00000000 00:00 0 
7f1e9d600000-7f1e9f638000 r-xp 00000000 103:07 23333760                  /usr/lib/x86_64-linux-gnu/libnvidia-glvkspirv.so.535.104.05
7f1e9f638000-7f1e9f838000 ---p 02038000 103:07 23333760                  /usr/lib/x86_64-linux-gnu/libnvidia-glvkspirv.so.535.104.05
7f1e9f838000-7f1e9fe54000 r--p 02038000 103:07 23333760                  /usr/lib/x86_64-linux-gnu/libnvidia-glvkspirv.so.535.104.05
7f1e9fe54000-7f1e9fee3000 rw-p 02654000 103:07 23333760                  /usr/lib/x86_64-linux-gnu/libnvidia-glvkspirv.so.535.104.05
7f1e9fee3000-7f1e9ff36000 rw-p 00000000 00:00 0 
7f1ea0000000-7f1ea0021000 rw-p 00000000 00:00 0 
7f1ea0021000-7f1ea4000000 ---p 00000000 00:00 0 
7f1ea4667000-7f1ea5200000 rw-p 00000000 00:00 0 
7f1ea5200000-7f1ea54d8000 r-xp 00000000 103:07 23333644                  /usr/lib/x86_64-linux-gnu/libnvidia-glcore.so.535.104.05
7f1ea54d8000-7f1ea54f9000 rwxp 002d8000 103:07 23333644                  /usr/lib/x86_64-linux-gnu/libnvidia-glcore.so.535.104.05
7f1ea54f9000-7f1ea7b96000 r-xp 002f9000 103:07 23333644                  /usr/lib/x86_64-linux-gnu/libnvidia-glcore.so.535.104.05
7f1ea7b96000-7f1ea7d69000 r--p 02995000 103:07 23333644                  /usr/lib/x86_64-linux-gnu/libnvidia-glcore.so.535.104.05
7f1ea7d69000-7f1ea7dd2000 rw-p 02b68000 103:07 23333644                  /usr/lib/x86_64-linux-gnu/libnvidia-glcore.so.535.104.05
7f1ea7dd2000-7f1ea7e0f000 rw-p 00000000 00:00 0 
7f1ea7f00000-7f1ea7f04000 ---p 00000000 00:00 0 
7f1ea7f04000-7f1ea8000000 rw-p 00000000 00:00 0 
7f1ea8000000-7f1ea810b000 rw-p 00000000 00:00 0 
7f1ea810b000-7f1eac000000 ---p 00000000 00:00 0 
7f1eac000000-7f1eac021000 rw-p 00000000 00:00 0 
7f1eac021000-7f1eb0000000 ---p 00000000 00:00 0 
7f1eb0000000-7f1eb00b9000 rw-p 00000000 00:00 0 
7f1eb00b9000-7f1eb4000000 ---p 00000000 00:00 0 
7f1eb4000000-7f1eb4076000 rw-p 00000000 00:00 0 
7f1eb4076000-7f1eb8000000 ---p 00000000 00:00 0 
7f1eb8000000-7f1eb80ec000 rw-p 00000000 00:00 0 
7f1eb80ec000-7f1ebc000000 ---p 00000000 00:00 0 
7f1ebc000000-7f1ebc021000 rw-p 00000000 00:00 0 
7f1ebc021000-7f1ec0000000 ---p 00000000 00:00 0 
7f1ec0000000-7f1ec0021000 rw-p 00000000 00:00 0 
7f1ec0021000-7f1ec4000000 ---p 00000000 00:00 0 
7f1ec4000000-7f1ec41c8000 rw-p 00000000 00:00 0 
7f1ec41c8000-7f1ec8000000 ---p 00000000 00:00 0 
7f1ec8000000-7f1ec8021000 rw-p 00000000 00:00 0 
7f1ec8021000-7f1ecc000000 ---p 00000000 00:00 0 
7f1ecc000000-7f1ecc021000 rw-p 00000000 00:00 0 
7f1ecc021000-7f1ed0000000 ---p 00000000 00:00 0 
7f1ed0000000-7f1ed0021000 rw-p 00000000 00:00 0 
7f1ed0021000-7f1ed4000000 ---p 00000000 00:00 0 
7f1ed4000000-7f1ed4021000 rw-p 00000000 00:00 0 
7f1ed4021000-7f1ed8000000 ---p 00000000 00:00 0 
7f1ed8000000-7f1ed8021000 rw-p 00000000 00:00 0 
7f1ed8021000-7f1edc000000 ---p 00000000 00:00 0 
7f1edc0a1000-7f1edc121000 rw-s 00000000 00:05 1028                       /dev/nvidiactl
7f1edc121000-7f1edc1a1000 rw-s 00000000 00:05 1028                       /dev/nvidiactl
7f1edc1a1000-7f1edc1d4000 r--p 00000000 103:07 9175154                   /tmp/lwjgl_mindspice/3.3.3+5/x64/liblwjgl_opengl.so
7f1edc1d4000-7f1edc1e8000 r-xp 00033000 103:07 9175154                   /tmp/lwjgl_mindspice/3.3.3+5/x64/liblwjgl_opengl.so
7f1edc1e8000-7f1edc1f8000 r--p 00047000 103:07 9175154                   /tmp/lwjgl_mindspice/3.3.3+5/x64/liblwjgl_opengl.so
7f1edc1f8000-7f1edc1f9000 r--p 00056000 103:07 9175154                   /tmp/lwjgl_mindspice/3.3.3+5/x64/liblwjgl_opengl.so
7f1edc1f9000-7f1edc1fa000 rw-p 00057000 103:07 9175154                   /tmp/lwjgl_mindspice/3.3.3+5/x64/liblwjgl_opengl.so
7f1edc1fa000-7f1edc2fa000 rw-s 00000000 00:05 1028                       /dev/nvidiactl
7f1edc2fa000-7f1edc37a000 rw-s 00000000 00:05 1028                       /dev/nvidiactl
7f1edc37a000-7f1edc3ba000 rw-s 00000000 00:05 1028                       /dev/nvidiactl
7f1edc3ba000-7f1edc5ff000 rw-s 00000000 00:01 15368                      /memfd:/.nvidia_drv.XXXXXX (deleted)
7f1edc5ff000-7f1edc600000 ---p 00000000 00:00 0 
7f1edc600000-7f1edce00000 rw-p 00000000 00:00 0 
7f1edce00000-7f1edce76000 r-xp 00000000 103:07 23333651                  /usr/lib/x86_64-linux-gnu/libnvidia-glsi.so.535.104.05
7f1edce76000-7f1edd075000 ---p 00076000 103:07 23333651                  /usr/lib/x86_64-linux-gnu/libnvidia-glsi.so.535.104.05
7f1edd075000-7f1edd09f000 r--p 00075000 103:07 23333651                  /usr/lib/x86_64-linux-gnu/libnvidia-glsi.so.535.104.05
7f1edd09f000-7f1edd0a0000 rw-p 0009f000 103:07 23333651                  /usr/lib/x86_64-linux-gnu/libnvidia-glsi.so.535.104.05
7f1edd0a0000-7f1edd0a8000 rw-p 00000000 00:00 0 
7f1edd0c1000-7f1edd0e1000 rw-s 00000000 00:05 1028                       /dev/nvidiactl
7f1edd0e1000-7f1edd121000 rw-s 00000000 00:05 1028                       /dev/nvidiactl
7f1edd121000-7f1edd141000 rw-s 00000000 00:05 1028                       /dev/nvidiactl
7f1edd141000-7f1edd1c1000 rw-s 00000000 00:05 1043                       /dev/nvidia0
7f1edd1c1000-7f1edd201000 rw-s 00000000 00:05 1028                       /dev/nvidiactl
7f1edd221000-7f1edd272000 r--p 00000000 103:07 23331931                  /usr/lib/x86_64-linux-gnu/libGLX_nvidia.so.535.104.05
7f1edd272000-7f1edd2cc000 r-xp 00051000 103:07 23331931                  /usr/lib/x86_64-linux-gnu/libGLX_nvidia.so.535.104.05
7f1edd2cc000-7f1edd301000 rwxp 000ab000 103:07 23331931                  /usr/lib/x86_64-linux-gnu/libGLX_nvidia.so.535.104.05
7f1edd301000-7f1edd302000 r-xp 000e0000 103:07 23331931                  /usr/lib/x86_64-linux-gnu/libGLX_nvidia.so.535.104.05
7f1edd302000-7f1edd321000 r--p 000e1000 103:07 23331931                  /usr/lib/x86_64-linux-gnu/libGLX_nvidia.so.535.104.05
7f1edd321000-7f1edd341000 r--p 000ff000 103:07 23331931                  /usr/lib/x86_64-linux-gnu/libGLX_nvidia.so.535.104.05
7f1edd341000-7f1edd346000 rw-p 0011f000 103:07 23331931                  /usr/lib/x86_64-linux-gnu/libGLX_nvidia.so.535.104.05
7f1edd346000-7f1edd348000 rw-p 00000000 00:00 0 
7f1edd348000-7f1edd388000 r--p 00000000 103:07 23333765                  /usr/lib/x86_64-linux-gnu/libGLdispatch.so.0.0.0
7f1edd388000-7f1edd38b000 r-xp 00040000 103:07 23333765                  /usr/lib/x86_64-linux-gnu/libGLdispatch.so.0.0.0
7f1edd38b000-7f1edd3c6000 r-xp 00043000 103:07 23333765                  /usr/lib/x86_64-linux-gnu/libGLdispatch.so.0.0.0
7f1edd3c6000-7f1edd3c7000 r-xp 0007e000 103:07 23333765                  /usr/lib/x86_64-linux-gnu/libGLdispatch.so.0.0.0
7f1edd3c7000-7f1edd3da000 r--p 0007f000 103:07 23333765                  /usr/lib/x86_64-linux-gnu/libGLdispatch.so.0.0.0
7f1edd3da000-7f1edd3db000 ---p 00092000 103:07 23333765                  /usr/lib/x86_64-linux-gnu/libGLdispatch.so.0.0.0
7f1edd3db000-7f1edd3f7000 r--p 00092000 103:07 23333765                  /usr/lib/x86_64-linux-gnu/libGLdispatch.so.0.0.0
7f1edd3f7000-7f1edd3f8000 rw-p 000ae000 103:07 23333765                  /usr/lib/x86_64-linux-gnu/libGLdispatch.so.0.0.0
7f1edd3f8000-7f1edd400000 rw-p 00000000 00:00 0 
7f1edd400000-7f1eddc00000 rw-p 00000000 00:00 0 
7f1eddc00000-7f1eddc08000 r--p 00000000 103:07 9175118                   /tmp/lwjgl_mindspice/3.3.3+5/x64/libjemalloc.so
7f1eddc08000-7f1eddc5d000 r-xp 00008000 103:07 9175118                   /tmp/lwjgl_mindspice/3.3.3+5/x64/libjemalloc.so
7f1eddc5d000-7f1eddc6d000 r--p 0005d000 103:07 9175118                   /tmp/lwjgl_mindspice/3.3.3+5/x64/libjemalloc.so
7f1eddc6d000-7f1eddc6e000 ---p 0006d000 103:07 9175118                   /tmp/lwjgl_mindspice/3.3.3+5/x64/libjemalloc.so
7f1eddc6e000-7f1eddc74000 r--p 0006d000 103:07 9175118                   /tmp/lwjgl_mindspice/3.3.3+5/x64/libjemalloc.so
7f1eddc74000-7f1eddc75000 rw-p 00073000 103:07 9175118                   /tmp/lwjgl_mindspice/3.3.3+5/x64/libjemalloc.so
7f1eddc75000-7f1edde7f000 rw-p 00000000 00:00 0 
7f1edde8d000-7f1edde92000 r--p 00000000 103:07 23331149                  /usr/lib/x86_64-linux-gnu/libdrm.so.2.4.0
7f1edde92000-7f1edde9d000 r-xp 00005000 103:07 23331149                  /usr/lib/x86_64-linux-gnu/libdrm.so.2.4.0
7f1edde9d000-7f1eddea1000 r--p 00010000 103:07 23331149                  /usr/lib/x86_64-linux-gnu/libdrm.so.2.4.0
7f1eddea1000-7f1eddea2000 r--p 00013000 103:07 23331149                  /usr/lib/x86_64-linux-gnu/libdrm.so.2.4.0
7f1eddea2000-7f1eddea3000 rw-p 00014000 103:07 23331149                  /usr/lib/x86_64-linux-gnu/libdrm.so.2.4.0
7f1eddec0000-7f1edded9000 r--p 00000000 103:07 23334788                  /usr/lib/x86_64-linux-gnu/libX11.so.6.4.0
7f1edded9000-7f1eddf65000 r-xp 00019000 103:07 23334788                  /usr/lib/x86_64-linux-gnu/libX11.so.6.4.0
7f1eddf65000-7f1eddffa000 r--p 000a5000 103:07 23334788                  /usr/lib/x86_64-linux-gnu/libX11.so.6.4.0
7f1eddffa000-7f1eddffb000 ---p 0013a000 103:07 23334788                  /usr/lib/x86_64-linux-gnu/libX11.so.6.4.0
7f1eddffb000-7f1eddffc000 r--p 0013a000 103:07 23334788                  /usr/lib/x86_64-linux-gnu/libX11.so.6.4.0
7f1eddffc000-7f1ede000000 rw-p 0013b000 103:07 23334788                  /usr/lib/x86_64-linux-gnu/libX11.so.6.4.0
7f1ede000000-7f1edef06000 r--p 00000000 103:07 22806593                  /usr/lib/locale/locale-archive
7f1edef06000-7f1edef19000 rw-s 00000000 00:05 1028                       /dev/nvidiactl
7f1edef19000-7f1edef24000 r--p 00000000 103:07 23335615                  /usr/lib/x86_64-linux-gnu/libxcb-glx.so.0.0.0
7f1edef24000-7f1edef2d000 r-xp 0000b000 103:07 23335615                  /usr/lib/x86_64-linux-gnu/libxcb-glx.so.0.0.0
7f1edef2d000-7f1edef32000 r--p 00014000 103:07 23335615                  /usr/lib/x86_64-linux-gnu/libxcb-glx.so.0.0.0
7f1edef32000-7f1edef33000 ---p 00019000 103:07 23335615                  /usr/lib/x86_64-linux-gnu/libxcb-glx.so.0.0.0
7f1edef33000-7f1edef35000 r--p 00019000 103:07 23335615                  /usr/lib/x86_64-linux-gnu/libxcb-glx.so.0.0.0
7f1edef35000-7f1edef36000 rw-p 0001b000 103:07 23335615                  /usr/lib/x86_64-linux-gnu/libxcb-glx.so.0.0.0
7f1edef36000-7f1edef37000 r--p 00000000 103:07 23334069                  /usr/lib/x86_64-linux-gnu/libnvidia-tls.so.535.104.05
7f1edef37000-7f1edef39000 r-xp 00001000 103:07 23334069                  /usr/lib/x86_64-linux-gnu/libnvidia-tls.so.535.104.05
7f1edef39000-7f1edef3a000 r--p 00003000 103:07 23334069                  /usr/lib/x86_64-linux-gnu/libnvidia-tls.so.535.104.05
7f1edef3a000-7f1edef3b000 r--p 00003000 103:07 23334069                  /usr/lib/x86_64-linux-gnu/libnvidia-tls.so.535.104.05
7f1edef3b000-7f1edef3c000 rw-p 00004000 103:07 23334069                  /usr/lib/x86_64-linux-gnu/libnvidia-tls.so.535.104.05
7f1edef3c000-7f1edef3f000 r--p 00000000 103:07 23333758                  /usr/lib/x86_64-linux-gnu/libGLX.so.0.0.0
7f1edef3f000-7f1edef5a000 r-xp 00003000 103:07 23333758                  /usr/lib/x86_64-linux-gnu/libGLX.so.0.0.0
7f1edef5a000-7f1edef5d000 r--p 0001e000 103:07 23333758                  /usr/lib/x86_64-linux-gnu/libGLX.so.0.0.0
7f1edef5d000-7f1edef5e000 ---p 00021000 103:07 23333758                  /usr/lib/x86_64-linux-gnu/libGLX.so.0.0.0
7f1edef5e000-7f1edef5f000 r--p 00021000 103:07 23333758                  /usr/lib/x86_64-linux-gnu/libGLX.so.0.0.0
7f1edef5f000-7f1edef60000 rw-p 00022000 103:07 23333758                  /usr/lib/x86_64-linux-gnu/libGLX.so.0.0.0
7f1edef60000-7f1edef70000 rw-p 00000000 00:00 0 
7f1edefb4000-7f1edefb8000 r--p 00000000 103:07 23333806                  /usr/lib/x86_64-linux-gnu/libXext.so.6.4.0
7f1edefb8000-7f1edefc3000 r-xp 00004000 103:07 23333806                  /usr/lib/x86_64-linux-gnu/libXext.so.6.4.0
7f1edefc3000-7f1edefc7000 r--p 0000f000 103:07 23333806                  /usr/lib/x86_64-linux-gnu/libXext.so.6.4.0
7f1edefc7000-7f1edefc8000 r--p 00012000 103:07 23333806                  /usr/lib/x86_64-linux-gnu/libXext.so.6.4.0
7f1edefc8000-7f1edefc9000 rw-p 00013000 103:07 23333806                  /usr/lib/x86_64-linux-gnu/libXext.so.6.4.0
7f1edefc9000-7f1edefcb000 r--p 00000000 103:07 23334908                  /usr/lib/x86_64-linux-gnu/libmd.so.0.0.5
7f1edefcb000-7f1edefd2000 r-xp 00002000 103:07 23334908                  /usr/lib/x86_64-linux-gnu/libmd.so.0.0.5
7f1edefd2000-7f1edefd4000 r--p 00009000 103:07 23334908                  /usr/lib/x86_64-linux-gnu/libmd.so.0.0.5
7f1edefd4000-7f1edefd5000 r--p 0000a000 103:07 23334908                  /usr/lib/x86_64-linux-gnu/libmd.so.0.0.5
7f1edefd5000-7f1edefd6000 rw-p 0000b000 103:07 23334908                  /usr/lib/x86_64-linux-gnu/libmd.so.0.0.5
7f1edefd6000-7f1edefe1000 r--p 00000000 103:07 23335647                  /usr/lib/x86_64-linux-gnu/libxcb.so.1.1.0
7f1edefe1000-7f1edeff5000 r-xp 0000b000 103:07 23335647                  /usr/lib/x86_64-linux-gnu/libxcb.so.1.1.0
7f1edeff5000-7f1edeffe000 r--p 0001f000 103:07 23335647                  /usr/lib/x86_64-linux-gnu/libxcb.so.1.1.0
7f1edeffe000-7f1edefff000 r--p 00027000 103:07 23335647                  /usr/lib/x86_64-linux-gnu/libxcb.so.1.1.0
7f1edefff000-7f1edf000000 rw-p 00028000 103:07 23335647                  /usr/lib/x86_64-linux-gnu/libxcb.so.1.1.0
7f1edf000000-7f1edf230000 rw-p 00000000 00:00 0 
7f1edf230000-7f1edf400000 ---p 00000000 00:00 0 
7f1edf400000-7f1edf530000 rw-p 00000000 00:00 0 
7f1edf530000-7f1edf570000 rw-p 00000000 00:00 0 
7f1edf570000-7f1edf5e0000 rw-p 00000000 00:00 0 
7f1edf5e0000-7f1ee3000000 ---p 00000000 00:00 0 
7f1ee3000000-7f1ee3ca5000 rw-p 00001000 103:07 26949071                  /home/mindspice/code/jdk/openjdk-21-rc/lib/server/classes.jsa
7f1ee3ca5000-7f1ee4000000 ---p 00000000 00:00 0 
7f1ee4000000-7f1ee4030000 rw-p 00000000 00:00 0 
7f1ee4030000-7f1ee4040000 ---p 00000000 00:00 0 
7f1ee4040000-7f1ee4070000 rw-p 00000000 00:00 0 
7f1ee4070000-7f1f24000000 ---p 00000000 00:00 0 
7f1f24000000-7f1f24021000 rw-p 00000000 00:00 0 
7f1f24021000-7f1f28000000 ---p 00000000 00:00 0 
7f1f28000000-7f1f28021000 rw-p 00000000 00:00 0 
7f1f28021000-7f1f2c000000 ---p 00000000 00:00 0 
7f1f2c000000-7f1f2c021000 rw-p 00000000 00:00 0 
7f1f2c021000-7f1f30000000 ---p 00000000 00:00 0 
7f1f30003000-7f1f30011000 r--p 00000000 103:07 9175136                   /tmp/lwjgl_mindspice/3.3.3+5/x64/libglfw.so
7f1f30011000-7f1f30030000 r-xp 0000e000 103:07 9175136                   /tmp/lwjgl_mindspice/3.3.3+5/x64/libglfw.so
7f1f30030000-7f1f30063000 r--p 0002d000 103:07 9175136                   /tmp/lwjgl_mindspice/3.3.3+5/x64/libglfw.so
7f1f30063000-7f1f30064000 ---p 00060000 103:07 9175136                   /tmp/lwjgl_mindspice/3.3.3+5/x64/libglfw.so
7f1f30064000-7f1f30067000 r--p 00060000 103:07 9175136                   /tmp/lwjgl_mindspice/3.3.3+5/x64/libglfw.so
7f1f30067000-7f1f3006a000 rw-p 00063000 103:07 9175136                   /tmp/lwjgl_mindspice/3.3.3+5/x64/libglfw.so
7f1f3006a000-7f1f3008d000 rw-p 00000000 00:00 0 
7f1f3008d000-7f1f300b6000 r--p 00000000 103:07 9175153                   /tmp/lwjgl_mindspice/3.3.3+5/x64/liblwjgl.so
7f1f300b6000-7f1f300e8000 r-xp 00029000 103:07 9175153                   /tmp/lwjgl_mindspice/3.3.3+5/x64/liblwjgl.so
7f1f300e8000-7f1f30101000 r--p 0005b000 103:07 9175153                   /tmp/lwjgl_mindspice/3.3.3+5/x64/liblwjgl.so
7f1f30101000-7f1f30102000 r--p 00073000 103:07 9175153                   /tmp/lwjgl_mindspice/3.3.3+5/x64/liblwjgl.so
7f1f30102000-7f1f30103000 rw-p 00074000 103:07 9175153                   /tmp/lwjgl_mindspice/3.3.3+5/x64/liblwjgl.so
7f1f30103000-7f1f30107000 ---p 00000000 00:00 0 
7f1f30107000-7f1f30203000 rw-p 00000000 00:00 0 
7f1f30203000-7f1f30207000 ---p 00000000 00:00 0 
7f1f30207000-7f1f30303000 rw-p 00000000 00:00 0 
7f1f30303000-7f1f30307000 ---p 00000000 00:00 0 
7f1f30307000-7f1f30403000 rw-p 00000000 00:00 0 
7f1f30403000-7f1f30407000 ---p 00000000 00:00 0 
7f1f30407000-7f1f30503000 rw-p 00000000 00:00 0 
7f1f30503000-7f1f30507000 ---p 00000000 00:00 0 
7f1f30507000-7f1f30603000 rw-p 00000000 00:00 0 
7f1f30603000-7f1f30607000 ---p 00000000 00:00 0 
7f1f30607000-7f1f30703000 rw-p 00000000 00:00 0 
7f1f30703000-7f1f307d1000 r-xp 00000000 103:07 26949047                  /home/mindspice/code/jdk/openjdk-21-rc/lib/libjsvml.so
7f1f307d1000-7f1f307d2000 r--p 000cd000 103:07 26949047                  /home/mindspice/code/jdk/openjdk-21-rc/lib/libjsvml.so
7f1f307d2000-7f1f307d3000 rw-p 000ce000 103:07 26949047                  /home/mindspice/code/jdk/openjdk-21-rc/lib/libjsvml.so
7f1f307d3000-7f1f307d7000 ---p 00000000 00:00 0 
7f1f307d7000-7f1f308d3000 rw-p 00000000 00:00 0 
7f1f308d3000-7f1f308d7000 ---p 00000000 00:00 0 
7f1f308d7000-7f1f309d3000 rw-p 00000000 00:00 0 
7f1f309d3000-7f1f309d7000 ---p 00000000 00:00 0 
7f1f309d7000-7f1f30ad3000 rw-p 00000000 00:00 0 
7f1f30ad3000-7f1f30ad7000 ---p 00000000 00:00 0 
7f1f30ad7000-7f1f30bd3000 rw-p 00000000 00:00 0 
7f1f30bd3000-7f1f30bd7000 ---p 00000000 00:00 0 
7f1f30bd7000-7f1f30cd3000 rw-p 00000000 00:00 0 
7f1f30cd3000-7f1f30cd7000 ---p 00000000 00:00 0 
7f1f30cd7000-7f1f30dd3000 rw-p 00000000 00:00 0 
7f1f30dd3000-7f1f30dd7000 ---p 00000000 00:00 0 
7f1f30dd7000-7f1f30ed3000 rw-p 00000000 00:00 0 
7f1f30ed3000-7f1f30ed4000 ---p 00000000 00:00 0 
7f1f30ed4000-7f1f30fd4000 rw-p 00000000 00:00 0 
7f1f30fd4000-7f1f30fd5000 ---p 00000000 00:00 0 
7f1f30fd5000-7f1f311f2000 rw-p 00000000 00:00 0 
7f1f311f2000-7f1f311f3000 ---p 00000000 00:00 0 
7f1f311f3000-7f1f312f3000 rw-p 00000000 00:00 0 
7f1f312f3000-7f1f312f4000 ---p 00000000 00:00 0 
7f1f312f4000-7f1f34000000 rw-p 00000000 00:00 0 
7f1f34000000-7f1f34021000 rw-p 00000000 00:00 0 
7f1f34021000-7f1f38000000 ---p 00000000 00:00 0 
7f1f38000000-7f1f38021000 rw-p 00000000 00:00 0 
7f1f38021000-7f1f3c000000 ---p 00000000 00:00 0 
7f1f3c000000-7f1f3c021000 rw-p 00000000 00:00 0 
7f1f3c021000-7f1f40000000 ---p 00000000 00:00 0 
7f1f40003000-7f1f40007000 r--p 00000000 103:07 23334094                  /usr/lib/x86_64-linux-gnu/libbsd.so.0.11.5
7f1f40007000-7f1f40014000 r-xp 00004000 103:07 23334094                  /usr/lib/x86_64-linux-gnu/libbsd.so.0.11.5
7f1f40014000-7f1f40017000 r--p 00011000 103:07 23334094                  /usr/lib/x86_64-linux-gnu/libbsd.so.0.11.5
7f1f40017000-7f1f40018000 ---p 00014000 103:07 23334094                  /usr/lib/x86_64-linux-gnu/libbsd.so.0.11.5
7f1f40018000-7f1f40019000 r--p 00014000 103:07 23334094                  /usr/lib/x86_64-linux-gnu/libbsd.so.0.11.5
7f1f40019000-7f1f4001a000 rw-p 00015000 103:07 23334094                  /usr/lib/x86_64-linux-gnu/libbsd.so.0.11.5
7f1f4001a000-7f1f40621000 rw-p 00000000 00:00 0 
7f1f40621000-7f1f40622000 ---p 00000000 00:00 0 
7f1f40622000-7f1f40722000 rw-p 00000000 00:00 0 
7f1f40722000-7f1f40723000 ---p 00000000 00:00 0 
7f1f40723000-7f1f40823000 rw-p 00000000 00:00 0 
7f1f40823000-7f1f40824000 ---p 00000000 00:00 0 
7f1f40824000-7f1f41a22000 rw-p 00000000 00:00 0 
7f1f41a22000-7f1f50522000 ---p 00000000 00:00 0 
7f1f50522000-7f1f5073a000 rw-p 00000000 00:00 0 
7f1f5073a000-7f1f5249a000 ---p 00000000 00:00 0 
7f1f5249a000-7f1f52696000 rw-p 00000000 00:00 0 
7f1f52696000-7f1f543f6000 ---p 00000000 00:00 0 
7f1f543f6000-7f1f54a00000 rw-p 00000000 00:00 0 
7f1f54a00000-7f1f54c70000 rwxp 00000000 00:00 0 
7f1f54c70000-7f1f5be5f000 ---p 00000000 00:00 0 
7f1f5be5f000-7f1f5c20f000 rwxp 00000000 00:00 0 
7f1f5c20f000-7f1f5c5a0000 ---p 00000000 00:00 0 
7f1f5c5a0000-7f1f5c810000 rwxp 00000000 00:00 0 
7f1f5c810000-7f1f63a00000 ---p 00000000 00:00 0 
7f1f63a00000-7f1f6bec1000 r--s 00000000 103:07 26949064                  /home/mindspice/code/jdk/openjdk-21-rc/lib/modules
7f1f6becc000-7f1f6bece000 r--p 00000000 103:07 23333804                  /usr/lib/x86_64-linux-gnu/libXdmcp.so.6.0.0
7f1f6bece000-7f1f6bed0000 r-xp 00002000 103:07 23333804                  /usr/lib/x86_64-linux-gnu/libXdmcp.so.6.0.0
7f1f6bed0000-7f1f6bed2000 r--p 00004000 103:07 23333804                  /usr/lib/x86_64-linux-gnu/libXdmcp.so.6.0.0
7f1f6bed2000-7f1f6bed3000 r--p 00005000 103:07 23333804                  /usr/lib/x86_64-linux-gnu/libXdmcp.so.6.0.0
7f1f6bed3000-7f1f6bed4000 rw-p 00006000 103:07 23333804                  /usr/lib/x86_64-linux-gnu/libXdmcp.so.6.0.0
7f1f6bed4000-7f1f6bed8000 rw-s 00000000 00:05 1028                       /dev/nvidiactl
7f1f6bed8000-7f1f6bed9000 rw-s 00000000 00:05 1043                       /dev/nvidia0
7f1f6bed9000-7f1f6bedb000 rw-s 00000000 00:05 1028                       /dev/nvidiactl
7f1f6bedb000-7f1f6bedf000 rw-s 00000000 00:05 1028                       /dev/nvidiactl
7f1f6bedf000-7f1f6bee0000 rw-s 00000000 00:05 1028                       /dev/nvidiactl
7f1f6bee0000-7f1f6bee1000 rw-s 00000000 00:05 1028                       /dev/nvidiactl
7f1f6bee1000-7f1f6bef1000 rw-s 00000000 00:05 1043                       /dev/nvidia0
7f1f6bef1000-7f1f6befd000 r-xp 00000000 103:07 26949054                  /home/mindspice/code/jdk/openjdk-21-rc/lib/libnet.so
7f1f6befd000-7f1f6befe000 r--p 0000b000 103:07 26949054                  /home/mindspice/code/jdk/openjdk-21-rc/lib/libnet.so
7f1f6befe000-7f1f6beff000 rw-p 0000c000 103:07 26949054                  /home/mindspice/code/jdk/openjdk-21-rc/lib/libnet.so
7f1f6beff000-7f1f6c000000 rw-p 00000000 00:00 0 
7f1f6c000000-7f1f6c920000 rw-p 00000000 00:00 0 
7f1f6c920000-7f1f70000000 ---p 00000000 00:00 0 
7f1f70000000-7f1f70007000 r--s 00000000 103:07 23337321                  /usr/lib/x86_64-linux-gnu/gconv/gconv-modules.cache
7f1f70007000-7f1f70008000 r--p 00000000 103:07 23333793                  /usr/lib/x86_64-linux-gnu/libXau.so.6.0.0
7f1f70008000-7f1f7000a000 r-xp 00001000 103:07 23333793                  /usr/lib/x86_64-linux-gnu/libXau.so.6.0.0
7f1f7000a000-7f1f7000b000 r--p 00003000 103:07 23333793                  /usr/lib/x86_64-linux-gnu/libXau.so.6.0.0
7f1f7000b000-7f1f7000c000 r--p 00003000 103:07 23333793                  /usr/lib/x86_64-linux-gnu/libXau.so.6.0.0
7f1f7000c000-7f1f7000d000 rw-p 00004000 103:07 23333793                  /usr/lib/x86_64-linux-gnu/libXau.so.6.0.0
7f1f7000d000-7f1f70020000 r-xp 00000000 103:07 26949055                  /home/mindspice/code/jdk/openjdk-21-rc/lib/libnio.so
7f1f70020000-7f1f70021000 ---p 00013000 103:07 26949055                  /home/mindspice/code/jdk/openjdk-21-rc/lib/libnio.so
7f1f70021000-7f1f70022000 r--p 00013000 103:07 26949055                  /home/mindspice/code/jdk/openjdk-21-rc/lib/libnio.so
7f1f70022000-7f1f70023000 rw-p 00014000 103:07 26949055                  /home/mindspice/code/jdk/openjdk-21-rc/lib/libnio.so
7f1f70023000-7f1f70b33000 rw-p 00000000 00:00 0 
7f1f70b33000-7f1f70c17000 ---p 00000000 00:00 0 
7f1f70c17000-7f1f70c1c000 rw-p 00000000 00:00 0 
7f1f70c1c000-7f1f70d00000 ---p 00000000 00:00 0 
7f1f70d00000-7f1f70d04000 ---p 00000000 00:00 0 
7f1f70d04000-7f1f70e00000 rw-p 00000000 00:00 0 
7f1f70e00000-7f1f7210a000 r-xp 00000000 103:07 26949074                  /home/mindspice/code/jdk/openjdk-21-rc/lib/server/libjvm.so
7f1f7210a000-7f1f721d7000 r--p 01309000 103:07 26949074                  /home/mindspice/code/jdk/openjdk-21-rc/lib/server/libjvm.so
7f1f721d7000-7f1f72205000 rw-p 013d6000 103:07 26949074                  /home/mindspice/code/jdk/openjdk-21-rc/lib/server/libjvm.so
7f1f72205000-7f1f7226a000 rw-p 00000000 00:00 0 
7f1f7226a000-7f1f7226b000 rw-s 00000000 00:05 1028                       /dev/nvidiactl
7f1f7226b000-7f1f7226c000 rw-s 00044000 00:01 15368                      /memfd:/.nvidia_drv.XXXXXX (deleted)
7f1f7226c000-7f1f7226d000 r-xp 00000000 00:00 0 
7f1f7226d000-7f1f72274000 r-xp 00000000 103:07 26949063                  /home/mindspice/code/jdk/openjdk-21-rc/lib/libzip.so
7f1f72274000-7f1f72275000 ---p 00007000 103:07 26949063                  /home/mindspice/code/jdk/openjdk-21-rc/lib/libzip.so
7f1f72275000-7f1f72276000 r--p 00007000 103:07 26949063                  /home/mindspice/code/jdk/openjdk-21-rc/lib/libzip.so
7f1f72276000-7f1f72277000 rw-p 00008000 103:07 26949063                  /home/mindspice/code/jdk/openjdk-21-rc/lib/libzip.so
7f1f72277000-7f1f722f5000 rw-p 00000000 00:00 0 
7f1f722f5000-7f1f72315000 r-xp 00000000 103:07 26949039                  /home/mindspice/code/jdk/openjdk-21-rc/lib/libjava.so
7f1f72315000-7f1f72316000 ---p 00020000 103:07 26949039                  /home/mindspice/code/jdk/openjdk-21-rc/lib/libjava.so
7f1f72316000-7f1f72317000 r--p 00020000 103:07 26949039                  /home/mindspice/code/jdk/openjdk-21-rc/lib/libjava.so
7f1f72317000-7f1f72318000 rw-p 00021000 103:07 26949039                  /home/mindspice/code/jdk/openjdk-21-rc/lib/libjava.so
7f1f72318000-7f1f72319000 rw-p 00000000 00:00 0 
7f1f72319000-7f1f72327000 r--p 00000000 103:07 23333324                  /usr/lib/x86_64-linux-gnu/libm.so.6
7f1f72327000-7f1f723a3000 r-xp 0000e000 103:07 23333324                  /usr/lib/x86_64-linux-gnu/libm.so.6
7f1f723a3000-7f1f723fe000 r--p 0008a000 103:07 23333324                  /usr/lib/x86_64-linux-gnu/libm.so.6
7f1f723fe000-7f1f723ff000 r--p 000e4000 103:07 23333324                  /usr/lib/x86_64-linux-gnu/libm.so.6
7f1f723ff000-7f1f72400000 rw-p 000e5000 103:07 23333324                  /usr/lib/x86_64-linux-gnu/libm.so.6
7f1f72400000-7f1f72428000 r--p 00000000 103:07 23332177                  /usr/lib/x86_64-linux-gnu/libc.so.6
7f1f72428000-7f1f725bd000 r-xp 00028000 103:07 23332177                  /usr/lib/x86_64-linux-gnu/libc.so.6
7f1f725bd000-7f1f72615000 r--p 001bd000 103:07 23332177                  /usr/lib/x86_64-linux-gnu/libc.so.6
7f1f72615000-7f1f72619000 r--p 00214000 103:07 23332177                  /usr/lib/x86_64-linux-gnu/libc.so.6
7f1f72619000-7f1f7261b000 rw-p 00218000 103:07 23332177                  /usr/lib/x86_64-linux-gnu/libc.so.6
7f1f7261b000-7f1f72628000 rw-p 00000000 00:00 0 
7f1f72628000-7f1f72631000 rw-p 00000000 00:00 0 
7f1f72631000-7f1f72638000 ---p 00000000 00:00 0 
7f1f72638000-7f1f72653000 r-xp 00000000 103:07 26949043                  /home/mindspice/code/jdk/openjdk-21-rc/lib/libjimage.so
7f1f72653000-7f1f72654000 ---p 0001b000 103:07 26949043                  /home/mindspice/code/jdk/openjdk-21-rc/lib/libjimage.so
7f1f72654000-7f1f72656000 r--p 0001b000 103:07 26949043                  /home/mindspice/code/jdk/openjdk-21-rc/lib/libjimage.so
7f1f72656000-7f1f72657000 rw-p 0001d000 103:07 26949043                  /home/mindspice/code/jdk/openjdk-21-rc/lib/libjimage.so
7f1f72657000-7f1f72658000 r--p 00000000 103:07 23334891                  /usr/lib/x86_64-linux-gnu/librt.so.1
7f1f72658000-7f1f72659000 r-xp 00001000 103:07 23334891                  /usr/lib/x86_64-linux-gnu/librt.so.1
7f1f72659000-7f1f7265a000 r--p 00002000 103:07 23334891                  /usr/lib/x86_64-linux-gnu/librt.so.1
7f1f7265a000-7f1f7265b000 r--p 00002000 103:07 23334891                  /usr/lib/x86_64-linux-gnu/librt.so.1
7f1f7265b000-7f1f7265c000 rw-p 00003000 103:07 23334891                  /usr/lib/x86_64-linux-gnu/librt.so.1
7f1f7265c000-7f1f72660000 rw-p 00000000 00:00 0 
7f1f72660000-7f1f72661000 r--p 00000000 103:07 23333056                  /usr/lib/x86_64-linux-gnu/libdl.so.2
7f1f72661000-7f1f72662000 r-xp 00001000 103:07 23333056                  /usr/lib/x86_64-linux-gnu/libdl.so.2
7f1f72662000-7f1f72663000 r--p 00002000 103:07 23333056                  /usr/lib/x86_64-linux-gnu/libdl.so.2
7f1f72663000-7f1f72664000 r--p 00002000 103:07 23333056                  /usr/lib/x86_64-linux-gnu/libdl.so.2
7f1f72664000-7f1f72665000 rw-p 00003000 103:07 23333056                  /usr/lib/x86_64-linux-gnu/libdl.so.2
7f1f72665000-7f1f72666000 r--p 00000000 103:07 23334258                  /usr/lib/x86_64-linux-gnu/libpthread.so.0
7f1f72666000-7f1f72667000 r-xp 00001000 103:07 23334258                  /usr/lib/x86_64-linux-gnu/libpthread.so.0
7f1f72667000-7f1f72668000 r--p 00002000 103:07 23334258                  /usr/lib/x86_64-linux-gnu/libpthread.so.0
7f1f72668000-7f1f72669000 r--p 00002000 103:07 23334258                  /usr/lib/x86_64-linux-gnu/libpthread.so.0
7f1f72669000-7f1f7266a000 rw-p 00003000 103:07 23334258                  /usr/lib/x86_64-linux-gnu/libpthread.so.0
7f1f7266a000-7f1f72678000 r-xp 00000000 103:07 26949044                  /home/mindspice/code/jdk/openjdk-21-rc/lib/libjli.so
7f1f72678000-7f1f72679000 ---p 0000e000 103:07 26949044                  /home/mindspice/code/jdk/openjdk-21-rc/lib/libjli.so
7f1f72679000-7f1f7267a000 r--p 0000e000 103:07 26949044                  /home/mindspice/code/jdk/openjdk-21-rc/lib/libjli.so
7f1f7267a000-7f1f7267b000 rw-p 0000f000 103:07 26949044                  /home/mindspice/code/jdk/openjdk-21-rc/lib/libjli.so
7f1f7267b000-7f1f7267d000 r--p 00000000 103:07 23331309                  /usr/lib/x86_64-linux-gnu/libz.so.1.2.11
7f1f7267d000-7f1f7268e000 r-xp 00002000 103:07 23331309                  /usr/lib/x86_64-linux-gnu/libz.so.1.2.11
7f1f7268e000-7f1f72694000 r--p 00013000 103:07 23331309                  /usr/lib/x86_64-linux-gnu/libz.so.1.2.11
7f1f72694000-7f1f72695000 ---p 00019000 103:07 23331309                  /usr/lib/x86_64-linux-gnu/libz.so.1.2.11
7f1f72695000-7f1f72696000 r--p 00019000 103:07 23331309                  /usr/lib/x86_64-linux-gnu/libz.so.1.2.11
7f1f72696000-7f1f72697000 rw-p 0001a000 103:07 23331309                  /usr/lib/x86_64-linux-gnu/libz.so.1.2.11
7f1f72697000-7f1f72698000 r-xp 00059000 103:07 9175153                   /tmp/lwjgl_mindspice/3.3.3+5/x64/liblwjgl.so
7f1f72698000-7f1f72699000 rw-p 00000000 00:00 0 
7f1f72699000-7f1f7269b000 r-xp 00000000 103:07 26949032                  /home/mindspice/code/jdk/openjdk-21-rc/lib/libextnet.so
7f1f7269b000-7f1f7269c000 r--p 00001000 103:07 26949032                  /home/mindspice/code/jdk/openjdk-21-rc/lib/libextnet.so
7f1f7269c000-7f1f7269d000 rw-p 00002000 103:07 26949032                  /home/mindspice/code/jdk/openjdk-21-rc/lib/libextnet.so
7f1f7269d000-7f1f726a5000 rw-s 00000000 103:07 9175155                   /tmp/hsperfdata_mindspice/81177
7f1f726a5000-7f1f726af000 r-xp 00000000 103:07 26949034                  /home/mindspice/code/jdk/openjdk-21-rc/lib/libinstrument.so
7f1f726af000-7f1f726b0000 ---p 0000a000 103:07 26949034                  /home/mindspice/code/jdk/openjdk-21-rc/lib/libinstrument.so
7f1f726b0000-7f1f726b1000 r--p 0000a000 103:07 26949034                  /home/mindspice/code/jdk/openjdk-21-rc/lib/libinstrument.so
7f1f726b1000-7f1f726b2000 rw-p 0000b000 103:07 26949034                  /home/mindspice/code/jdk/openjdk-21-rc/lib/libinstrument.so
7f1f726b2000-7f1f726b3000 ---p 00000000 00:00 0 
7f1f726b3000-7f1f726b4000 r--p 00000000 00:00 0 
7f1f726b4000-7f1f726b6000 rw-p 00000000 00:00 0 
7f1f726b6000-7f1f726b8000 r--p 00000000 103:07 23332035                  /usr/lib/x86_64-linux-gnu/ld-linux-x86-64.so.2
7f1f726b8000-7f1f726e2000 r-xp 00002000 103:07 23332035                  /usr/lib/x86_64-linux-gnu/ld-linux-x86-64.so.2
7f1f726e2000-7f1f726ed000 r--p 0002c000 103:07 23332035                  /usr/lib/x86_64-linux-gnu/ld-linux-x86-64.so.2
7f1f726ed000-7f1f726ee000 ---p 00000000 00:00 0 
7f1f726ee000-7f1f726f0000 r--p 00037000 103:07 23332035                  /usr/lib/x86_64-linux-gnu/ld-linux-x86-64.so.2
7f1f726f0000-7f1f726f2000 rw-p 00039000 103:07 23332035                  /usr/lib/x86_64-linux-gnu/ld-linux-x86-64.so.2
7ffced462000-7ffced484000 rw-p 00000000 00:00 0                          [stack]
7ffced549000-7ffced54d000 r--p 00000000 00:00 0                          [vvar]
7ffced54d000-7ffced54f000 r-xp 00000000 00:00 0                          [vdso]
ffffffffff600000-ffffffffff601000 --xp 00000000 00:00 0                  [vsyscall]
Total number of mappings: 364


VM Arguments:
jvm_args: -javaagent:/home/mindspice/.local/share/JetBrains/Toolbox/apps/IDEA-U/ch-0/222.4345.14/lib/idea_rt.jar=33115:/home/mindspice/.local/share/JetBrains/Toolbox/apps/IDEA-U/ch-0/222.4345.14/bin -Dfile.encoding=UTF-8 -Dsun.stdout.encoding=UTF-8 -Dsun.stderr.encoding=UTF-8 
java_command: io.mindspice.mspice.game.Main
java_class_path (initial): /home/mindspice/code/Java/game/mspice-engine/target/classes:/home/mindspice/.m2/repository/org/lwjgl/lwjgl/3.3.3/lwjgl-3.3.3.jar:/home/mindspice/.m2/repository/org/lwjgl/lwjgl-assimp/3.3.3/lwjgl-assimp-3.3.3.jar:/home/mindspice/.m2/repository/org/lwjgl/lwjgl-glfw/3.3.3/lwjgl-glfw-3.3.3.jar:/home/mindspice/.m2/repository/org/lwjgl/lwjgl-harfbuzz/3.3.3/lwjgl-harfbuzz-3.3.3.jar:/home/mindspice/.m2/repository/org/lwjgl/lwjgl-hwloc/3.3.3/lwjgl-hwloc-3.3.3.jar:/home/mindspice/.m2/repository/org/lwjgl/lwjgl-jemalloc/3.3.3/lwjgl-jemalloc-3.3.3.jar:/home/mindspice/.m2/repository/org/lwjgl/lwjgl-ktx/3.3.3/lwjgl-ktx-3.3.3.jar:/home/mindspice/.m2/repository/org/lwjgl/lwjgl-libdivide/3.3.3/lwjgl-libdivide-3.3.3.jar:/home/mindspice/.m2/repository/org/lwjgl/lwjgl-lz4/3.3.3/lwjgl-lz4-3.3.3.jar:/home/mindspice/.m2/repository/org/lwjgl/lwjgl-meshoptimizer/3.3.3/lwjgl-meshoptimizer-3.3.3.jar:/home/mindspice/.m2/repository/org/lwjgl/lwjgl-openal/3.3.3/lwjgl-openal-3.3.3.jar:/home/mindspice/.m2/repository/org/lwjgl/lwjgl-opengl/3.3.3/lwjgl-opengl-3.3.3.jar:/home/mindspice/.m2/repository/org/lwjgl/lwjgl-remotery/3.3.3/lwjgl-remotery-3.3.3.jar:/home/mindspice/.m2/repository/org/lwjgl/lwjgl-rpmalloc/3.3.3/lwjgl-rpmalloc-3.3.3.jar:/home/mindspice/.m2/repository/org/lwjgl/lwjgl-sse/3.3.3/lwjgl-sse-3.3.3.jar:/home/mindspice/.m2/repository/org/lwjgl/lwjgl-stb/3.3.3/lwjgl-stb-3.3.3.jar:/home/mindspice/.m2/repository/org/lwjgl/lwjgl-vma/3.3.3/lwjgl-vma-3.3.3.jar:/home/mindspice/.m2/repository/org/lwjgl/lwjgl-vulkan/3.3.3/lwjgl-vulkan-3.3.3.jar:/home/mindspice/.m2/repository/org/lwjgl/lwjgl/3.3.3/lwjgl-3.3.3-natives-linux.jar:/home/mindspice/.m2/repository/org/lwjgl/lwjgl-assimp/3.3.3/lwjgl-assimp-3.3.3-natives-linux.jar:/home/mindspice/.m2/repository/org/lwjgl/lwjgl-glfw/3.3.3/lwjgl-glfw-3.3.3-natives-linux.jar:/home/mindspice/.m2/repository/org/lwjgl/lwjgl-harfbuzz/3.3.3/lwjgl-harfbuzz-3.3.3-natives-linux.jar:/home/mindspice/.m2/repository/org/lwjgl/lwjgl-hwloc/3.3.3/lwjgl-hwloc-3.3.3-natives-linux.jar:/home/mindspice/.m2/repository/org/lwjgl/lwjgl-jemalloc/3.3.3/lwjgl-jemalloc-3.3.3-natives-linux.jar:/home/mindspice/.m2/repository/org/lwjgl/lwjgl-ktx/3.3.3/lwjgl-ktx-3.3.3-natives-linux.jar:/home/mindspice/.m2/repository/org/lwjgl/lwjgl-libdivide/3.3.3/lwjgl-libdivide-3.3.3-natives-linux.jar:/home/mindspice/.m2/repository/org/lwjgl/lwjgl-lz4/3.3.3/lwjgl-lz4-3.3.3-natives-linux.jar:/home/mindspice/.m2/repository/org/lwjgl/lwjgl-meshoptimizer/3.3.3/lwjgl-meshoptimizer-3.3.3-natives-linux.jar:/home/mindspice/.m2/repository/org/lwjgl/lwjgl-openal/3.3.3/lwjgl-openal-3.3.3-natives-linux.jar:/home/mindspice/.m2/repository/org/lwjgl/lwjgl-opengl/3.3.3/lwjgl-opengl-3.3.3-natives-linux.jar:/home/mindspice/.m2/repository/org/lwjgl/lwjgl-remotery/3.3.3/lwjgl-remotery-3.3.3-natives-linux.jar:/home/mindspice/.m2/repository/org/lwjgl/lwjgl-rpmalloc/3.3.3/lwjgl-rpmalloc-3.3.3-natives-linux.jar:/home/mindspice/.m2/repository/org/lwjgl/lwjgl-sse/3.3.3/lwjgl-sse-3.3.3-natives-linux.jar:/home/mindspice/.m2/repository/org/lwjgl/lwjgl-stb/3.3.3/lwjgl-stb-3.3.3-natives-linux.jar:/home/mindspice/.m2/repository/org/lwjgl/lwjgl-vma/3.3.3/lwjgl-vma-3.3.3-natives-linux.jar:/home/mindspice/.m2/repository/org/joml/joml/1.10.5/joml-1.10.5.jar
Launcher Type: SUN_STANDARD

[Global flags]
     intx CICompilerCount                          = 12                                        {product} {ergonomic}
     uint ConcGCThreads                            = 5                                         {product} {ergonomic}
     uint G1ConcRefinementThreads                  = 18                                        {product} {ergonomic}
   size_t G1HeapRegionSize                         = 8388608                                   {product} {ergonomic}
    uintx GCDrainStackTargetSize                   = 64                                        {product} {ergonomic}
   size_t InitialHeapSize                          = 1056964608                                {product} {ergonomic}
   size_t MarkStackSize                            = 4194304                                   {product} {ergonomic}
   size_t MaxHeapSize                              = 16835936256                               {product} {ergonomic}
   size_t MaxNewSize                               = 10099884032                               {product} {ergonomic}
   size_t MinHeapDeltaBytes                        = 8388608                                   {product} {ergonomic}
   size_t MinHeapSize                              = 8388608                                   {product} {ergonomic}
    uintx NonNMethodCodeHeapSize                   = 7602480                                {pd product} {ergonomic}
    uintx NonProfiledCodeHeapSize                  = 122027880                              {pd product} {ergonomic}
    uintx ProfiledCodeHeapSize                     = 122027880                              {pd product} {ergonomic}
    uintx ReservedCodeCacheSize                    = 251658240                              {pd product} {ergonomic}
     bool SegmentedCodeCache                       = true                                      {product} {ergonomic}
   size_t SoftMaxHeapSize                          = 16835936256                            {manageable} {ergonomic}
     bool UseCompressedOops                        = true                           {product lp64_product} {ergonomic}
     bool UseG1GC                                  = true                                      {product} {ergonomic}

Logging:
Log output configuration:
 #0: stdout all=warning uptime,level,tags foldmultilines=false
 #1: stderr all=off uptime,level,tags foldmultilines=false

Environment Variables:
PATH=/home/mindspice/.local/bin:/usr/local/sbin:/usr/local/bin:/usr/sbin:/usr/bin:/sbin:/bin:/usr/games:/usr/local/games:/snap/bin:/home/mindspice/.local/share/JetBrains/Toolbox/scripts
USERNAME=mindspice
SHELL=/bin/bash
DISPLAY=:1
LANG=en_US.UTF-8

Active Locale:
LC_ALL=en_US.UTF-8
LC_COLLATE=en_US.UTF-8
LC_CTYPE=en_US.UTF-8
LC_MESSAGES=en_US.UTF-8
LC_MONETARY=en_US.UTF-8
LC_NUMERIC=en_US.UTF-8
LC_TIME=en_US.UTF-8

Signal Handlers:
   SIGSEGV: crash_handler in libjvm.so, mask=11100100010111111101111111111110, flags=SA_RESTART|SA_SIGINFO, unblocked
    SIGBUS: crash_handler in libjvm.so, mask=11100100010111111101111111111110, flags=SA_RESTART|SA_SIGINFO, unblocked
    SIGFPE: crash_handler in libjvm.so, mask=11100100010111111101111111111110, flags=SA_RESTART|SA_SIGINFO, unblocked
   SIGPIPE: javaSignalHandler in libjvm.so, mask=11100100010111111101111111111110, flags=SA_RESTART|SA_SIGINFO, blocked
   SIGXFSZ: javaSignalHandler in libjvm.so, mask=11100100010111111101111111111110, flags=SA_RESTART|SA_SIGINFO, blocked
    SIGILL: crash_handler in libjvm.so, mask=11100100010111111101111111111110, flags=SA_RESTART|SA_SIGINFO, unblocked
   SIGUSR2: SR_handler in libjvm.so, mask=00100000000000000000000000000000, flags=SA_RESTART|SA_SIGINFO, blocked
    SIGHUP: SIG_IGN, mask=00000000000000000000000000000000, flags=none, blocked
    SIGINT: UserHandler in libjvm.so, mask=11100100010111111101111111111110, flags=SA_RESTART|SA_SIGINFO, blocked
   SIGTERM: UserHandler in libjvm.so, mask=11100100010111111101111111111110, flags=SA_RESTART|SA_SIGINFO, blocked
   SIGQUIT: UserHandler in libjvm.so, mask=11100100010111111101111111111110, flags=SA_RESTART|SA_SIGINFO, blocked
   SIGTRAP: crash_handler in libjvm.so, mask=11100100010111111101111111111110, flags=SA_RESTART|SA_SIGINFO, unblocked


---------------  S Y S T E M  ---------------

OS:
DISTRIB_ID=Pop
DISTRIB_RELEASE=22.04
DISTRIB_CODENAME=jammy
DISTRIB_DESCRIPTION="Pop!_OS 22.04 LTS"
uname: Linux 6.4.6-76060406-generic #202307241739~1694621917~22.04~ac5e1a8 SMP PREEMPT_DYNAMIC Wed S x86_64
OS uptime: 0 days 11:33 hours
libc: glibc 2.35 NPTL 2.35 
rlimit (soft/hard): STACK 8192k/infinity , CORE 0k/infinity , NPROC 256363/256363 , NOFILE 1048576/1048576 , AS infinity/infinity , CPU infinity/infinity , DATA infinity/infinity , FSIZE infinity/infinity , MEMLOCK 8219220k/8219220k
load average: 1.52 1.47 1.12

/proc/meminfo:
MemTotal:       65753772 kB
MemFree:         6339572 kB
MemAvailable:   26281588 kB
Buffers:          652376 kB
Cached:         22773660 kB
SwapCached:            0 kB
Active:         28551084 kB
Inactive:       27070212 kB
Active(anon):   25044676 kB
Inactive(anon):  7529288 kB
Active(file):    3506408 kB
Inactive(file): 19540924 kB
Unevictable:         216 kB
Mlocked:             216 kB
SwapTotal:      16777212 kB
SwapFree:       16776700 kB
Zswap:                 0 kB
Zswapped:              0 kB
Dirty:               576 kB
Writeback:             0 kB
AnonPages:      32189456 kB
Mapped:          2565800 kB
Shmem:            378704 kB
KReclaimable:    1870736 kB
Slab:            2445412 kB
SReclaimable:    1870736 kB
SUnreclaim:       574676 kB
KernelStack:       54912 kB
PageTables:       167576 kB
SecPageTables:      7904 kB
NFS_Unstable:          0 kB
Bounce:                0 kB
WritebackTmp:          0 kB
CommitLimit:    49654096 kB
Committed_AS:   64695880 kB
VmallocTotal:   34359738367 kB
VmallocUsed:      306564 kB
VmallocChunk:          0 kB
Percpu:            46464 kB
HardwareCorrupted:     0 kB
AnonHugePages:   6959104 kB
ShmemHugePages:        0 kB
ShmemPmdMapped:        0 kB
FileHugePages:         0 kB
FilePmdMapped:         0 kB
HugePages_Total:       0
HugePages_Free:        0
HugePages_Rsvd:        0
HugePages_Surp:        0
Hugepagesize:       2048 kB
Hugetlb:               0 kB
DirectMap4k:     2026820 kB
DirectMap2M:    46129152 kB
DirectMap1G:    18874368 kB

/sys/kernel/mm/transparent_hugepage/enabled: always [madvise] never
/sys/kernel/mm/transparent_hugepage/defrag (defrag/compaction efforts parameter): always defer defer+madvise [madvise] never

Process Memory:
Virtual Size: 20053920K (peak: 20117704K)
Resident Set Size: 113204K (peak: 113204K) (anon: 63448K, file: 49756K, shmem: 0K)
Swapped out: 0K
C-Heap outstanding allocations: 64878K, retained: 3921K
glibc malloc tunables: (default)

/proc/sys/kernel/threads-max (system-wide limit on the number of threads): 512726
/proc/sys/vm/max_map_count (maximum number of memory map areas a process may have): 2147483642
/proc/sys/kernel/pid_max (system-wide limit on number of process identifiers): 4194304

container (cgroup) information:
container_type: cgroupv2
cpu_cpuset_cpus: not supported
cpu_memory_nodes: not supported
active_processor_count: 24
cpu_quota: not supported
cpu_period: not supported
cpu_shares: not supported
memory_limit_in_bytes: unlimited
memory_and_swap_limit_in_bytes: unlimited
memory_soft_limit_in_bytes: unlimited
memory_usage_in_bytes: 10960472 k
memory_max_usage_in_bytes: not supported
memory_swap_current_in_bytes: unlimited
memory_swap_max_limit_in_bytes: unlimited
maximum number of tasks: 76908
current number of tasks: 798

Steal ticks since vm start: 0
Steal ticks percentage since vm start:  0.000

CPU: total 24 (initial active 24) (24 cores per cpu, 2 threads per core) family 25 model 33 stepping 0 microcode 0xa201016, cx8, cmov, fxsr, ht, mmx, 3dnowpref, sse, sse2, sse3, ssse3, sse4a, sse4.1, sse4.2, popcnt, lzcnt, tsc, tscinvbit, avx, avx2, aes, erms, clmul, bmi1, bmi2, adx, sha, fma, vzeroupper, clflush, clflushopt, rdtscp, rdpid, fsrm, f16c, pku, ospke, cet_ss
CPU Model and flags from /proc/cpuinfo:
model name	: AMD Ryzen 9 5900X 12-Core Processor
flags		: fpu vme de pse tsc msr pae mce cx8 apic sep mtrr pge mca cmov pat pse36 clflush mmx fxsr sse sse2 ht syscall nx mmxext fxsr_opt pdpe1gb rdtscp lm constant_tsc rep_good nopl nonstop_tsc cpuid extd_apicid aperfmperf rapl pni pclmulqdq monitor ssse3 fma cx16 sse4_1 sse4_2 x2apic movbe popcnt aes xsave avx f16c rdrand lahf_lm cmp_legacy svm extapic cr8_legacy abm sse4a misalignsse 3dnowprefetch osvw ibs skinit wdt tce topoext perfctr_core perfctr_nb bpext perfctr_llc mwaitx cpb cat_l3 cdp_l3 hw_pstate ssbd mba ibrs ibpb stibp vmmcall fsgsbase bmi1 avx2 smep bmi2 erms invpcid cqm rdt_a rdseed adx smap clflushopt clwb sha_ni xsaveopt xsavec xgetbv1 xsaves cqm_llc cqm_occup_llc cqm_mbm_total cqm_mbm_local clzero irperf xsaveerptr rdpru wbnoinvd arat npt lbrv svm_lock nrip_save tsc_scale vmcb_clean flushbyasid decodeassists pausefilter pfthreshold avic v_vmsave_vmload vgif v_spec_ctrl umip pku ospke vaes vpclmulqdq rdpid overflow_recov succor smca fsrm

Online cpus: 0-23
Offline cpus: 24-31
BIOS frequency limitation: 3700000
Frequency switch latency (ns): 0
Available cpu frequencies: 3700000 2800000 2200000 
Current governor: schedutil
Core performance/turbo boost: 1

Memory: 4k page, physical 65753772k(26281588k free), swap 16777212k(16776700k free)
Page Sizes: 4k

vm_info: OpenJDK 64-Bit Server VM (21+35-2513) for linux-amd64 JRE (21+35-2513), built on 2023-08-09T20:25:10Z by "mach5one" with gcc 11.2.0

END.
